----------------------------------------------------------------------------------------------------
Execution: 0
Generation 1 | Average Generation Fitness: 0.004200912670000905 | Best Fitness: 0.007318628430588535 | Population Length: 20| Best DNA: 'αγαθηι αλεξανδρος ουδις αγαθηι'
Generation 2 | Average Generation Fitness: 0.0037378082258881034 | Best Fitness: 0.006520947448145601 | Population Length: 20| Best DNA: 'φοιβος αλεξανδρος ουδις φοιβος'
Generation 3 | Average Generation Fitness: 0.0033355944236303655 | Best Fitness: 0.00466534458735964 | Population Length: 20| Best DNA: 'αποφερων αλεξανδρος ουδις αποφερων'
Generation 4 | Average Generation Fitness: 0.0032143136254902246 | Best Fitness: 0.004957990113018261 | Population Length: 20| Best DNA: 'ματασυ αλεξανδρος ουδις ματασυ'
Generation 5 | Average Generation Fitness: 0.003118527306124401 | Best Fitness: 0.0033351331243596572 | Population Length: 20| Best DNA: 'μεδιμνον αλεξανδρος ουδις μεδιμνον'
Generation 6 | Average Generation Fitness: 0.003078104104627675 | Best Fitness: 0.003261915774695184 | Population Length: 20| Best DNA: 'λογους αλεξανδρος ουδις λογους'
Generation 7 | Average Generation Fitness: 0.002857530100546662 | Best Fitness: 0.003261915774695184 | Population Length: 20| Best DNA: 'αποφερων αλεξανδρος ουδις αποφερων'
Generation 8 | Average Generation Fitness: 0.003078104104627675 | Best Fitness: 0.003261915774695184 | Population Length: 20| Best DNA: 'γενομενος αλεξανδρος ουδις γενομενος'
Generation 9 | Average Generation Fitness: 0.0030413417706141727 | Best Fitness: 0.003261915774695184 | Population Length: 20| Best DNA: 'γενομενος αλεξανδρος ουδις γενομενος'
Generation 10 | Average Generation Fitness: 0.0030045794366006704 | Best Fitness: 0.003261915774695184 | Population Length: 20| Best DNA: 'μεδιμνον αλεξανδρος ουδις μεδιμνον'
Generation 11 | Average Generation Fitness: 0.003078104104627675 | Best Fitness: 0.003261915774695184 | Population Length: 20| Best DNA: 'υπεμεινε αλεξανδρος ουδις υπεμεινε'
Generation 12 | Average Generation Fitness: 0.003078104104627675 | Best Fitness: 0.003261915774695184 | Population Length: 20| Best DNA: 'αποφερων αλεξανδρος ουδις αποφερων'
Generation 13 | Average Generation Fitness: 0.002857530100546662 | Best Fitness: 0.003261915774695184 | Population Length: 20| Best DNA: 'αποφερων αλεξανδρος ουδις αποφερων'
Generation 14 | Average Generation Fitness: 0.0029845512848696585 | Best Fitness: 0.007272832821695195 | Population Length: 20| Best DNA: 'αυτον αλεξανδρος ουδις αυτον'
Generation 15 | Average Generation Fitness: 0.0025266690944251427 | Best Fitness: 0.0025266690944251422 | Population Length: 20| Best DNA: 'αποφερων αλεξανδρος ουδις αποφερων'
Generation 16 | Average Generation Fitness: 0.002563431428438645 | Best Fitness: 0.003261915774695184 | Population Length: 20| Best DNA: 'θεντων αλεξανδρος ουδις θεντων'
Generation 17 | Average Generation Fitness: 0.0025670922959218686 | Best Fitness: 0.0033351331243596572 | Population Length: 20| Best DNA: 'πολεμους αλεξανδρος ουδις πολεμους'
Generation 18 | Average Generation Fitness: 0.0025266690944251427 | Best Fitness: 0.0025266690944251422 | Population Length: 20| Best DNA: 'αποφερων αλεξανδρος ουδις αποφερων'
Generation 19 | Average Generation Fitness: 0.0025266690944251427 | Best Fitness: 0.0025266690944251422 | Population Length: 20| Best DNA: 'αποφερων αλεξανδρος ουδις αποφερων'
Generation 20 | Average Generation Fitness: 0.0025266690944251427 | Best Fitness: 0.0025266690944251422 | Population Length: 20| Best DNA: 'αποφερων αλεξανδρος ουδις αποφερων'
Generation 21 | Average Generation Fitness: 0.0025266690944251427 | Best Fitness: 0.0025266690944251422 | Population Length: 20| Best DNA: 'αποφερων αλεξανδρος ουδις αποφερων'
Generation 22 | Average Generation Fitness: 0.0025266690944251427 | Best Fitness: 0.0025266690944251422 | Population Length: 20| Best DNA: 'αποφερων αλεξανδρος ουδις αποφερων'
Generation 23 | Average Generation Fitness: 0.0025266690944251427 | Best Fitness: 0.0025266690944251422 | Population Length: 20| Best DNA: 'αποφερων αλεξανδρος ουδις αποφερων'
Generation 24 | Average Generation Fitness: 0.0025266690944251427 | Best Fitness: 0.0025266690944251422 | Population Length: 20| Best DNA: 'αποφερων αλεξανδρος ουδις αποφερων'
Generation 25 | Average Generation Fitness: 0.0025266690944251427 | Best Fitness: 0.0025266690944251422 | Population Length: 20| Best DNA: 'αποφερων αλεξανδρος ουδις αποφερων'
Generation 26 | Average Generation Fitness: 0.0025266690944251427 | Best Fitness: 0.0025266690944251422 | Population Length: 20| Best DNA: 'αποφερων αλεξανδρος ουδις αποφερων'
Generation 27 | Average Generation Fitness: 0.0025266690944251427 | Best Fitness: 0.0025266690944251422 | Population Length: 20| Best DNA: 'αποφερων αλεξανδρος ουδις αποφερων'
Generation 28 | Average Generation Fitness: 0.0025266690944251427 | Best Fitness: 0.0025266690944251422 | Population Length: 20| Best DNA: 'αποφερων αλεξανδρος ουδις αποφερων'
Generation 29 | Average Generation Fitness: 0.0025266690944251427 | Best Fitness: 0.0025266690944251422 | Population Length: 20| Best DNA: 'αποφερων αλεξανδρος ουδις αποφερων'
Generation 30 | Average Generation Fitness: 0.002647807040069784 | Best Fitness: 0.004949428007317968 | Population Length: 20| Best DNA: 'παρεσκεασμενων αλεξανδρος ουδις παρεσκεασμενων'
Generation 31 | Average Generation Fitness: 0.0026083242549866954 | Best Fitness: 0.00415977230565619 | Population Length: 20| Best DNA: 'δαπανην αλεξανδρος ουδις δαπανην'
Generation 32 | Average Generation Fitness: 0.0025266690944251427 | Best Fitness: 0.0025266690944251422 | Population Length: 20| Best DNA: 'αποφερων αλεξανδρος ουδις αποφερων'
Generation 33 | Average Generation Fitness: 0.0025266690944251427 | Best Fitness: 0.0025266690944251422 | Population Length: 20| Best DNA: 'αποφερων αλεξανδρος ουδις αποφερων'
Generation 34 | Average Generation Fitness: 0.0025266690944251427 | Best Fitness: 0.0025266690944251422 | Population Length: 20| Best DNA: 'αποφερων αλεξανδρος ουδις αποφερων'
Generation 35 | Average Generation Fitness: 0.0025266690944251427 | Best Fitness: 0.0025266690944251422 | Population Length: 20| Best DNA: 'αποφερων αλεξανδρος ουδις αποφερων'
Generation 36 | Average Generation Fitness: 0.0025266690944251427 | Best Fitness: 0.0025266690944251422 | Population Length: 20| Best DNA: 'αποφερων αλεξανδρος ουδις αποφερων'
Generation 37 | Average Generation Fitness: 0.0025266690944251427 | Best Fitness: 0.0025266690944251422 | Population Length: 20| Best DNA: 'αποφερων αλεξανδρος ουδις αποφερων'
Generation 38 | Average Generation Fitness: 0.0025266690944251427 | Best Fitness: 0.0025266690944251422 | Population Length: 20| Best DNA: 'αποφερων αλεξανδρος ουδις αποφερων'
Generation 39 | Average Generation Fitness: 0.0025266690944251427 | Best Fitness: 0.0025266690944251422 | Population Length: 20| Best DNA: 'αποφερων αλεξανδρος ουδις αποφερων'
Generation 40 | Average Generation Fitness: 0.0025266690944251427 | Best Fitness: 0.0025266690944251422 | Population Length: 20| Best DNA: 'αποφερων αλεξανδρος ουδις αποφερων'
Generation 41 | Average Generation Fitness: 0.0028973145574543065 | Best Fitness: 0.009939578355008414 | Population Length: 20| Best DNA: 'ηρακλει αλεξανδρος ουδις ηρακλει'
Generation 42 | Average Generation Fitness: 0.0025266690944251427 | Best Fitness: 0.0025266690944251422 | Population Length: 20| Best DNA: 'αποφερων αλεξανδρος ουδις αποφερων'
Generation 43 | Average Generation Fitness: 0.0025266690944251427 | Best Fitness: 0.0025266690944251422 | Population Length: 20| Best DNA: 'αποφερων αλεξανδρος ουδις αποφερων'
Generation 44 | Average Generation Fitness: 0.0025266690944251427 | Best Fitness: 0.0025266690944251422 | Population Length: 20| Best DNA: 'αποφερων αλεξανδρος ουδις αποφερων'
Generation 45 | Average Generation Fitness: 0.0025266690944251427 | Best Fitness: 0.0025266690944251422 | Population Length: 20| Best DNA: 'αποφερων αλεξανδρος ουδις αποφερων'
Generation 46 | Average Generation Fitness: 0.0025266690944251427 | Best Fitness: 0.0025266690944251422 | Population Length: 20| Best DNA: 'αποφερων αλεξανδρος ουδις αποφερων'
Generation 47 | Average Generation Fitness: 0.0025266690944251427 | Best Fitness: 0.0025266690944251422 | Population Length: 20| Best DNA: 'αποφερων αλεξανδρος ουδις αποφερων'
Generation 48 | Average Generation Fitness: 0.0025266690944251427 | Best Fitness: 0.0025266690944251422 | Population Length: 20| Best DNA: 'αποφερων αλεξανδρος ουδις αποφερων'
Generation 49 | Average Generation Fitness: 0.0026182571200351495 | Best Fitness: 0.004358429606625277 | Population Length: 20| Best DNA: 'περαν αλεξανδρος ουδις περαν'
Generation 50 | Average Generation Fitness: 0.0025266690944251427 | Best Fitness: 0.0025266690944251422 | Population Length: 20| Best DNA: 'αποφερων αλεξανδρος ουδις αποφερων'
------------------------------------------------
Total Generations: 50
Total Population: 20   ---   Mutation Rate: 0.01  ---  Crossover Probability: 0.6
Average Fitness: 0.0025266690944251427  ---  Best Overall Fitness: 0.009939578355008414
----------------------------------------------------------------------------------------------------------------------------------------------------
Execution: 1
Generation 1 | Average Generation Fitness: 0.004311181305635989 | Best Fitness: 0.008730922648442562 | Population Length: 20| Best DNA: 'φλαουιου αλεξανδρος ουδις φλαουιου'
Generation 2 | Average Generation Fitness: 0.003324653129435644 | Best Fitness: 0.004037740146848083 | Population Length: 20| Best DNA: 'θεραπειαν αλεξανδρος ουδις θεραπειαν'
Generation 3 | Average Generation Fitness: 0.0032386791031852173 | Best Fitness: 0.0037593462348696886 | Population Length: 20| Best DNA: 'φιλιππος αλεξανδρος ουδις φιλιππος'
Generation 4 | Average Generation Fitness: 0.0031521737231542646 | Best Fitness: 0.003510631004782436 | Population Length: 20| Best DNA: 'ηροιδας αλεξανδρος ουδις ηροιδας'
Generation 5 | Average Generation Fitness: 0.003004579436600671 | Best Fitness: 0.003261915774695184 | Population Length: 20| Best DNA: 'αυτα αλεξανδρος ουδις αυτα'
Generation 6 | Average Generation Fitness: 0.0033655542254754298 | Best Fitness: 0.010481411552190375 | Population Length: 20| Best DNA: 'τας αλεξανδρος ουδις τας'
Generation 7 | Average Generation Fitness: 0.002857530100546662 | Best Fitness: 0.003261915774695184 | Population Length: 20| Best DNA: 'αυτα αλεξανδρος ουδις αυτα'
Generation 8 | Average Generation Fitness: 0.0026737184304791513 | Best Fitness: 0.003261915774695184 | Population Length: 20| Best DNA: 'σχοινιαιας αλεξανδρος ουδις σχοινιαιας'
Generation 9 | Average Generation Fitness: 0.0026737184304791517 | Best Fitness: 0.003261915774695184 | Population Length: 20| Best DNA: 'αυτα αλεξανδρος ουδις αυτα'
Generation 10 | Average Generation Fitness: 0.0025266690944251427 | Best Fitness: 0.0025266690944251422 | Population Length: 20| Best DNA: 'αυτα αλεξανδρος ουδις αυτα'
Generation 11 | Average Generation Fitness: 0.0025266690944251427 | Best Fitness: 0.0025266690944251422 | Population Length: 20| Best DNA: 'αυτα αλεξανδρος ουδις αυτα'
Generation 12 | Average Generation Fitness: 0.0025266690944251427 | Best Fitness: 0.0025266690944251422 | Population Length: 20| Best DNA: 'αυτα αλεξανδρος ουδις αυτα'
Generation 13 | Average Generation Fitness: 0.0025266690944251427 | Best Fitness: 0.0025266690944251422 | Population Length: 20| Best DNA: 'αυτα αλεξανδρος ουδις αυτα'
Generation 14 | Average Generation Fitness: 0.0025266690944251427 | Best Fitness: 0.0025266690944251422 | Population Length: 20| Best DNA: 'αυτα αλεξανδρος ουδις αυτα'
Generation 15 | Average Generation Fitness: 0.0025266690944251427 | Best Fitness: 0.0025266690944251422 | Population Length: 20| Best DNA: 'αυτα αλεξανδρος ουδις αυτα'
Generation 16 | Average Generation Fitness: 0.0025266690944251427 | Best Fitness: 0.0025266690944251422 | Population Length: 20| Best DNA: 'αυτα αλεξανδρος ουδις αυτα'
Generation 17 | Average Generation Fitness: 0.0025266690944251427 | Best Fitness: 0.0025266690944251422 | Population Length: 20| Best DNA: 'αυτα αλεξανδρος ουδις αυτα'
Generation 18 | Average Generation Fitness: 0.0025266690944251427 | Best Fitness: 0.0025266690944251422 | Population Length: 20| Best DNA: 'αυτα αλεξανδρος ουδις αυτα'
Generation 19 | Average Generation Fitness: 0.0025266690944251427 | Best Fitness: 0.0025266690944251422 | Population Length: 20| Best DNA: 'αυτα αλεξανδρος ουδις αυτα'
Generation 20 | Average Generation Fitness: 0.0025266690944251427 | Best Fitness: 0.0025266690944251422 | Population Length: 20| Best DNA: 'αυτα αλεξανδρος ουδις αυτα'
Generation 21 | Average Generation Fitness: 0.0025266690944251427 | Best Fitness: 0.0025266690944251422 | Population Length: 20| Best DNA: 'αυτα αλεξανδρος ουδις αυτα'
Generation 22 | Average Generation Fitness: 0.0025266690944251427 | Best Fitness: 0.0025266690944251422 | Population Length: 20| Best DNA: 'αυτα αλεξανδρος ουδις αυτα'
Generation 23 | Average Generation Fitness: 0.0025266690944251427 | Best Fitness: 0.0025266690944251422 | Population Length: 20| Best DNA: 'αυτα αλεξανδρος ουδις αυτα'
Generation 24 | Average Generation Fitness: 0.0025266690944251427 | Best Fitness: 0.0025266690944251422 | Population Length: 20| Best DNA: 'αυτα αλεξανδρος ουδις αυτα'
Generation 25 | Average Generation Fitness: 0.0025266690944251427 | Best Fitness: 0.0025266690944251422 | Population Length: 20| Best DNA: 'αυτα αλεξανδρος ουδις αυτα'
Generation 26 | Average Generation Fitness: 0.0025266690944251427 | Best Fitness: 0.0025266690944251422 | Population Length: 20| Best DNA: 'αυτα αλεξανδρος ουδις αυτα'
Generation 27 | Average Generation Fitness: 0.0025266690944251427 | Best Fitness: 0.0025266690944251422 | Population Length: 20| Best DNA: 'αυτα αλεξανδρος ουδις αυτα'
Generation 28 | Average Generation Fitness: 0.0025266690944251427 | Best Fitness: 0.0025266690944251422 | Population Length: 20| Best DNA: 'αυτα αλεξανδρος ουδις αυτα'
Generation 29 | Average Generation Fitness: 0.0025266690944251427 | Best Fitness: 0.0025266690944251422 | Population Length: 20| Best DNA: 'αυτα αλεξανδρος ουδις αυτα'
Generation 30 | Average Generation Fitness: 0.0025266690944251427 | Best Fitness: 0.0025266690944251422 | Population Length: 20| Best DNA: 'αυτα αλεξανδρος ουδις αυτα'
Generation 31 | Average Generation Fitness: 0.002567092295921869 | Best Fitness: 0.0033351331243596572 | Population Length: 20| Best DNA: 'παραγενομενου αλεξανδρος ουδις παραγενομενου'
Generation 32 | Average Generation Fitness: 0.0025266690944251427 | Best Fitness: 0.0025266690944251422 | Population Length: 20| Best DNA: 'αυτα αλεξανδρος ουδις αυτα'
Generation 33 | Average Generation Fitness: 0.0025266690944251427 | Best Fitness: 0.0025266690944251422 | Population Length: 20| Best DNA: 'αυτα αλεξανδρος ουδις αυτα'
Generation 34 | Average Generation Fitness: 0.0025266690944251427 | Best Fitness: 0.0025266690944251422 | Population Length: 20| Best DNA: 'αυτα αλεξανδρος ουδις αυτα'
Generation 35 | Average Generation Fitness: 0.002563431428438645 | Best Fitness: 0.003261915774695184 | Population Length: 20| Best DNA: 'τουτωι αλεξανδρος ουδις τουτωι'
Generation 36 | Average Generation Fitness: 0.002563431428438645 | Best Fitness: 0.003261915774695184 | Population Length: 20| Best DNA: 'προδηλου αλεξανδρος ουδις προδηλου'
Generation 37 | Average Generation Fitness: 0.0025266690944251427 | Best Fitness: 0.0025266690944251422 | Population Length: 20| Best DNA: 'αυτα αλεξανδρος ουδις αυτα'
Generation 38 | Average Generation Fitness: 0.0025266690944251427 | Best Fitness: 0.0025266690944251422 | Population Length: 20| Best DNA: 'αυτα αλεξανδρος ουδις αυτα'
Generation 39 | Average Generation Fitness: 0.0025266690944251427 | Best Fitness: 0.0025266690944251422 | Population Length: 20| Best DNA: 'αυτα αλεξανδρος ουδις αυτα'
Generation 40 | Average Generation Fitness: 0.0025266690944251427 | Best Fitness: 0.0025266690944251422 | Population Length: 20| Best DNA: 'αυτα αλεξανδρος ουδις αυτα'
Generation 41 | Average Generation Fitness: 0.0025266690944251427 | Best Fitness: 0.0025266690944251422 | Population Length: 20| Best DNA: 'αυτα αλεξανδρος ουδις αυτα'
Generation 42 | Average Generation Fitness: 0.0025266690944251427 | Best Fitness: 0.0025266690944251422 | Population Length: 20| Best DNA: 'αυτα αλεξανδρος ουδις αυτα'
Generation 43 | Average Generation Fitness: 0.0025266690944251427 | Best Fitness: 0.0025266690944251422 | Population Length: 20| Best DNA: 'αυτα αλεξανδρος ουδις αυτα'
Generation 44 | Average Generation Fitness: 0.0025266690944251427 | Best Fitness: 0.0025266690944251422 | Population Length: 20| Best DNA: 'αυτα αλεξανδρος ουδις αυτα'
Generation 45 | Average Generation Fitness: 0.002629942001588644 | Best Fitness: 0.004592127237695166 | Population Length: 20| Best DNA: 'μευακου αλεξανδρος ουδις μευακου'
Generation 46 | Average Generation Fitness: 0.0025266690944251427 | Best Fitness: 0.0025266690944251422 | Population Length: 20| Best DNA: 'αυτα αλεξανδρος ουδις αυτα'
Generation 47 | Average Generation Fitness: 0.0025266690944251427 | Best Fitness: 0.0025266690944251422 | Population Length: 20| Best DNA: 'αυτα αλεξανδρος ουδις αυτα'
Generation 48 | Average Generation Fitness: 0.0025266690944251427 | Best Fitness: 0.0025266690944251422 | Population Length: 20| Best DNA: 'αυτα αλεξανδρος ουδις αυτα'
Generation 49 | Average Generation Fitness: 0.0025266690944251427 | Best Fitness: 0.0025266690944251422 | Population Length: 20| Best DNA: 'αυτα αλεξανδρος ουδις αυτα'
Generation 50 | Average Generation Fitness: 0.0029432697423277944 | Best Fitness: 0.010858682052478176 | Population Length: 20| Best DNA: 'τυχη αλεξανδρος ουδις τυχη'
------------------------------------------------
Total Generations: 50
Total Population: 20   ---   Mutation Rate: 0.01  ---  Crossover Probability: 0.6
Average Fitness: 0.0029432697423277944  ---  Best Overall Fitness: 0.010858682052478176
----------------------------------------------------------------------------------------------------------------------------------------------------
Execution: 2
Generation 1 | Average Generation Fitness: 0.00538395956195799 | Best Fitness: 0.00862141527049889 | Population Length: 20| Best DNA: 'υιω αλεξανδρος ουδις υιω'
Generation 2 | Average Generation Fitness: 0.004217921495720874 | Best Fitness: 0.006239531084438836 | Population Length: 20| Best DNA: 'χοφραζμος αλεξανδρος ουδις χοφραζμος'
Generation 3 | Average Generation Fitness: 0.003809432287886599 | Best Fitness: 0.005104248518199824 | Population Length: 20| Best DNA: 'αρτεμιδωρο αλεξανδρος ουδις αρτεμιδωρο'
Generation 4 | Average Generation Fitness: 0.0034829867114362437 | Best Fitness: 0.004675082375707506 | Population Length: 20| Best DNA: 'θυγατεραν αλεξανδρος ουδις θυγατεραν'
Generation 5 | Average Generation Fitness: 0.0037290961089704163 | Best Fitness: 0.009091301847675134 | Population Length: 20| Best DNA: 'ιερησαμεν αλεξανδρος ουδις ιερησαμεν'
Generation 6 | Average Generation Fitness: 0.0033834531634235948 | Best Fitness: 0.004585577486028779 | Population Length: 20| Best DNA: 'αρτεμιδωρο αλεξανδρος ουδις αρτεμιδωρο'
Generation 7 | Average Generation Fitness: 0.003004579436600671 | Best Fitness: 0.003261915774695184 | Population Length: 20| Best DNA: 'μεγαλην αλεξανδρος ουδις μεγαλην'
Generation 8 | Average Generation Fitness: 0.0030010723891621682 | Best Fitness: 0.003927021506195175 | Population Length: 20| Best DNA: 'εμποροις αλεξανδρος ουδις εμποροις'
Generation 9 | Average Generation Fitness: 0.003004579436600671 | Best Fitness: 0.003261915774695184 | Population Length: 20| Best DNA: 'παραγενομενων αλεξανδρος ουδις παραγενομενων'
Generation 10 | Average Generation Fitness: 0.0030045794366006704 | Best Fitness: 0.003261915774695184 | Population Length: 20| Best DNA: 'καιπερ αλεξανδρος ουδις καιπερ'
Generation 11 | Average Generation Fitness: 0.003092890200955327 | Best Fitness: 0.0042928843815182695 | Population Length: 20| Best DNA: 'αγορασαντας αλεξανδρος ουδις αγορασαντας'
Generation 12 | Average Generation Fitness: 0.002967817102587168 | Best Fitness: 0.003261915774695184 | Population Length: 20| Best DNA: 'μεγαλην αλεξανδρος ουδις μεγαλην'
Generation 13 | Average Generation Fitness: 0.0030045794366006704 | Best Fitness: 0.003261915774695184 | Population Length: 20| Best DNA: 'μεγαλην αλεξανδρος ουδις μεγαλην'
Generation 14 | Average Generation Fitness: 0.0028942924345601645 | Best Fitness: 0.003261915774695184 | Population Length: 20| Best DNA: 'καιπερ αλεξανδρος ουδις καιπερ'
Generation 15 | Average Generation Fitness: 0.0030045794366006704 | Best Fitness: 0.003261915774695184 | Population Length: 20| Best DNA: 'μεγαλην αλεξανδρος ουδις μεγαλην'
Generation 16 | Average Generation Fitness: 0.002894292434560164 | Best Fitness: 0.003261915774695184 | Population Length: 20| Best DNA: 'καιπερ αλεξανδρος ουδις καιπερ'
Generation 17 | Average Generation Fitness: 0.0032767360107475276 | Best Fitness: 0.010175540618172404 | Population Length: 20| Best DNA: 'προικα αλεξανδρος ουδις προικα'
Generation 18 | Average Generation Fitness: 0.003089762464697852 | Best Fitness: 0.00937705641825907 | Population Length: 20| Best DNA: 'μεγαλην αλεξανδρος ουδις μεγαλην'
Generation 19 | Average Generation Fitness: 0.003057505177296851 | Best Fitness: 0.008731910670239054 | Population Length: 20| Best DNA: 'αγυαιου αλεξανδρος ουδις αγυαιου'
Generation 20 | Average Generation Fitness: 0.002636956096465649 | Best Fitness: 0.003261915774695184 | Population Length: 20| Best DNA: 'μεγαλην αλεξανδρος ουδις μεγαλην'
Generation 21 | Average Generation Fitness: 0.002600193762452147 | Best Fitness: 0.003261915774695184 | Population Length: 20| Best DNA: 'μεγαλην αλεξανδρος ουδις μεγαλην'
Generation 22 | Average Generation Fitness: 0.002563431428438645 | Best Fitness: 0.003261915774695184 | Population Length: 20| Best DNA: 'καιπερ αλεξανδρος ουδις καιπερ'
Generation 23 | Average Generation Fitness: 0.0026195139467853168 | Best Fitness: 0.0043835661416286205 | Population Length: 20| Best DNA: 'μελλοντα αλεξανδρος ουδις μελλοντα'
Generation 24 | Average Generation Fitness: 0.0025266690944251427 | Best Fitness: 0.0025266690944251422 | Population Length: 20| Best DNA: 'μεγαλην αλεξανδρος ουδις μεγαλην'
Generation 25 | Average Generation Fitness: 0.0025266690944251427 | Best Fitness: 0.0025266690944251422 | Population Length: 20| Best DNA: 'μεγαλην αλεξανδρος ουδις μεγαλην'
Generation 26 | Average Generation Fitness: 0.0025266690944251427 | Best Fitness: 0.0025266690944251422 | Population Length: 20| Best DNA: 'μεγαλην αλεξανδρος ουδις μεγαλην'
Generation 27 | Average Generation Fitness: 0.0025266690944251427 | Best Fitness: 0.0025266690944251422 | Population Length: 20| Best DNA: 'μεγαλην αλεξανδρος ουδις μεγαλην'
Generation 28 | Average Generation Fitness: 0.0025266690944251427 | Best Fitness: 0.0025266690944251422 | Population Length: 20| Best DNA: 'μεγαλην αλεξανδρος ουδις μεγαλην'
Generation 29 | Average Generation Fitness: 0.0025266690944251427 | Best Fitness: 0.0025266690944251422 | Population Length: 20| Best DNA: 'μεγαλην αλεξανδρος ουδις μεγαλην'
Generation 30 | Average Generation Fitness: 0.0025266690944251427 | Best Fitness: 0.0025266690944251422 | Population Length: 20| Best DNA: 'μεγαλην αλεξανδρος ουδις μεγαλην'
Generation 31 | Average Generation Fitness: 0.0025266690944251427 | Best Fitness: 0.0025266690944251422 | Population Length: 20| Best DNA: 'μεγαλην αλεξανδρος ουδις μεγαλην'
Generation 32 | Average Generation Fitness: 0.0025266690944251427 | Best Fitness: 0.0025266690944251422 | Population Length: 20| Best DNA: 'μεγαλην αλεξανδρος ουδις μεγαλην'
Generation 33 | Average Generation Fitness: 0.002651467907553008 | Best Fitness: 0.005022645356982442 | Population Length: 20| Best DNA: 'εκατερων αλεξανδρος ουδις εκατερων'
Generation 34 | Average Generation Fitness: 0.0025266690944251427 | Best Fitness: 0.0025266690944251422 | Population Length: 20| Best DNA: 'μεγαλην αλεξανδρος ουδις μεγαλην'
Generation 35 | Average Generation Fitness: 0.0025266690944251427 | Best Fitness: 0.0025266690944251422 | Population Length: 20| Best DNA: 'μεγαλην αλεξανδρος ουδις μεγαλην'
Generation 36 | Average Generation Fitness: 0.0025266690944251427 | Best Fitness: 0.0025266690944251422 | Population Length: 20| Best DNA: 'μεγαλην αλεξανδρος ουδις μεγαλην'
Generation 37 | Average Generation Fitness: 0.002563431428438645 | Best Fitness: 0.003261915774695184 | Population Length: 20| Best DNA: 'εργωνων αλεξανδρος ουδις εργωνων'
Generation 38 | Average Generation Fitness: 0.0025266690944251427 | Best Fitness: 0.0025266690944251422 | Population Length: 20| Best DNA: 'μεγαλην αλεξανδρος ουδις μεγαλην'
Generation 39 | Average Generation Fitness: 0.0025266690944251427 | Best Fitness: 0.0025266690944251422 | Population Length: 20| Best DNA: 'μεγαλην αλεξανδρος ουδις μεγαλην'
Generation 40 | Average Generation Fitness: 0.0026160592071945775 | Best Fitness: 0.0043144713498138336 | Population Length: 20| Best DNA: 'εξαγωγην αλεξανδρος ουδις εξαγωγην'
Generation 41 | Average Generation Fitness: 0.0025266690944251427 | Best Fitness: 0.0025266690944251422 | Population Length: 20| Best DNA: 'μεγαλην αλεξανδρος ουδις μεγαλην'
Generation 42 | Average Generation Fitness: 0.0025266690944251427 | Best Fitness: 0.0025266690944251422 | Population Length: 20| Best DNA: 'μεγαλην αλεξανδρος ουδις μεγαλην'
Generation 43 | Average Generation Fitness: 0.0025266690944251427 | Best Fitness: 0.0025266690944251422 | Population Length: 20| Best DNA: 'μεγαλην αλεξανδρος ουδις μεγαλην'
Generation 44 | Average Generation Fitness: 0.0025266690944251427 | Best Fitness: 0.0025266690944251422 | Population Length: 20| Best DNA: 'μεγαλην αλεξανδρος ουδις μεγαλην'
Generation 45 | Average Generation Fitness: 0.0025266690944251427 | Best Fitness: 0.0025266690944251422 | Population Length: 20| Best DNA: 'μεγαλην αλεξανδρος ουδις μεγαλην'
Generation 46 | Average Generation Fitness: 0.0025266690944251427 | Best Fitness: 0.0025266690944251422 | Population Length: 20| Best DNA: 'μεγαλην αλεξανδρος ουδις μεγαλην'
Generation 47 | Average Generation Fitness: 0.0025266690944251427 | Best Fitness: 0.0025266690944251422 | Population Length: 20| Best DNA: 'μεγαλην αλεξανδρος ουδις μεγαλην'
Generation 48 | Average Generation Fitness: 0.0029598360232072443 | Best Fitness: 0.007230760706851137 | Population Length: 20| Best DNA: 'ωνην αλεξανδρος ουδις ωνην'
Generation 49 | Average Generation Fitness: 0.002603854629935371 | Best Fitness: 0.0033351331243596572 | Population Length: 20| Best DNA: 'αμα αλεξανδρος ουδις αμα'
Generation 50 | Average Generation Fitness: 0.002629942001588644 | Best Fitness: 0.004592127237695166 | Population Length: 20| Best DNA: 'αντωνεινου αλεξανδρος ουδις αντωνεινου'
------------------------------------------------
Total Generations: 50
Total Population: 20   ---   Mutation Rate: 0.01  ---  Crossover Probability: 0.6
Average Fitness: 0.002629942001588644  ---  Best Overall Fitness: 0.010175540618172404
----------------------------------------------------------------------------------------------------------------------------------------------------
Execution: 3
Generation 1 | Average Generation Fitness: 0.004579870973970866 | Best Fitness: 0.006922350087997351 | Population Length: 20| Best DNA: 'αοτου αλεξανδρος ουδις αοτου'
Generation 2 | Average Generation Fitness: 0.003780111704669404 | Best Fitness: 0.005553664494775429 | Population Length: 20| Best DNA: 'ξανθιππως αλεξανδρος ουδις ξανθιππως'
Generation 3 | Average Generation Fitness: 0.0033482376116554698 | Best Fitness: 0.006489028458034011 | Population Length: 20| Best DNA: 'κεφαλος αλεξανδρος ουδις κεφαλος'
Generation 4 | Average Generation Fitness: 0.0031842483484653588 | Best Fitness: 0.0039034082809170623 | Population Length: 20| Best DNA: 'συν αλεξανδρος ουδις συν'
Generation 5 | Average Generation Fitness: 0.0034824123722178705 | Best Fitness: 0.010457873390189963 | Population Length: 20| Best DNA: 'κα αλεξανδρος ουδις κα'
Generation 6 | Average Generation Fitness: 0.003197744343024278 | Best Fitness: 0.006389967222897287 | Population Length: 20| Best DNA: 'ζηθου αλεξανδρος ουδις ζηθου'
Generation 7 | Average Generation Fitness: 0.003004579436600671 | Best Fitness: 0.003261915774695184 | Population Length: 20| Best DNA: 'βασιλεια αλεξανδρος ουδις βασιλεια'
Generation 8 | Average Generation Fitness: 0.003078104104627675 | Best Fitness: 0.003261915774695184 | Population Length: 20| Best DNA: 'τιμουστερου αλεξανδρος ουδις τιμουστερου'
Generation 9 | Average Generation Fitness: 0.003114866438641177 | Best Fitness: 0.003261915774695184 | Population Length: 20| Best DNA: 'αρχης αλεξανδρος ουδις αρχης'
Generation 10 | Average Generation Fitness: 0.0029310547685736663 | Best Fitness: 0.003261915774695184 | Population Length: 20| Best DNA: 'τιμουστερου αλεξανδρος ουδις τιμουστερου'
Generation 11 | Average Generation Fitness: 0.002857530100546662 | Best Fitness: 0.003261915774695184 | Population Length: 20| Best DNA: 'εικαδι αλεξανδρος ουδις εικαδι'
Generation 12 | Average Generation Fitness: 0.002600193762452147 | Best Fitness: 0.003261915774695184 | Population Length: 20| Best DNA: 'αρχης αλεξανδρος ουδις αρχης'
Generation 13 | Average Generation Fitness: 0.0027907880827299737 | Best Fitness: 0.006104920568983688 | Population Length: 20| Best DNA: 'ολιγος αλεξανδρος ουδις ολιγος'
Generation 14 | Average Generation Fitness: 0.0025266690944251427 | Best Fitness: 0.0025266690944251422 | Population Length: 20| Best DNA: 'αρχης αλεξανδρος ουδις αρχης'
Generation 15 | Average Generation Fitness: 0.0025266690944251427 | Best Fitness: 0.0025266690944251422 | Population Length: 20| Best DNA: 'αρχης αλεξανδρος ουδις αρχης'
Generation 16 | Average Generation Fitness: 0.0025266690944251427 | Best Fitness: 0.0025266690944251422 | Population Length: 20| Best DNA: 'αρχης αλεξανδρος ουδις αρχης'
Generation 17 | Average Generation Fitness: 0.0025266690944251427 | Best Fitness: 0.0025266690944251422 | Population Length: 20| Best DNA: 'αρχης αλεξανδρος ουδις αρχης'
Generation 18 | Average Generation Fitness: 0.0025266690944251427 | Best Fitness: 0.0025266690944251422 | Population Length: 20| Best DNA: 'αρχης αλεξανδρος ουδις αρχης'
Generation 19 | Average Generation Fitness: 0.0025266690944251427 | Best Fitness: 0.0025266690944251422 | Population Length: 20| Best DNA: 'αρχης αλεξανδρος ουδις αρχης'
Generation 20 | Average Generation Fitness: 0.0025266690944251427 | Best Fitness: 0.0025266690944251422 | Population Length: 20| Best DNA: 'αρχης αλεξανδρος ουδις αρχης'
Generation 21 | Average Generation Fitness: 0.0025266690944251427 | Best Fitness: 0.0025266690944251422 | Population Length: 20| Best DNA: 'αρχης αλεξανδρος ουδις αρχης'
Generation 22 | Average Generation Fitness: 0.0025266690944251427 | Best Fitness: 0.0025266690944251422 | Population Length: 20| Best DNA: 'αρχης αλεξανδρος ουδις αρχης'
Generation 23 | Average Generation Fitness: 0.0025266690944251427 | Best Fitness: 0.0025266690944251422 | Population Length: 20| Best DNA: 'αρχης αλεξανδρος ουδις αρχης'
Generation 24 | Average Generation Fitness: 0.0025266690944251427 | Best Fitness: 0.0025266690944251422 | Population Length: 20| Best DNA: 'αρχης αλεξανδρος ουδις αρχης'
Generation 25 | Average Generation Fitness: 0.0025266690944251427 | Best Fitness: 0.0025266690944251422 | Population Length: 20| Best DNA: 'αρχης αλεξανδρος ουδις αρχης'
Generation 26 | Average Generation Fitness: 0.0025266690944251427 | Best Fitness: 0.0025266690944251422 | Population Length: 20| Best DNA: 'αρχης αλεξανδρος ουδις αρχης'
Generation 27 | Average Generation Fitness: 0.002563431428438645 | Best Fitness: 0.003261915774695184 | Population Length: 20| Best DNA: 'λοιπης αλεξανδρος ουδις λοιπης'
Generation 28 | Average Generation Fitness: 0.0026642895185472366 | Best Fitness: 0.00527907757686702 | Population Length: 20| Best DNA: 'ν αλεξανδρος ουδις ν'
Generation 29 | Average Generation Fitness: 0.0025266690944251427 | Best Fitness: 0.0025266690944251422 | Population Length: 20| Best DNA: 'αρχης αλεξανδρος ουδις αρχης'
Generation 30 | Average Generation Fitness: 0.0025266690944251427 | Best Fitness: 0.0025266690944251422 | Population Length: 20| Best DNA: 'αρχης αλεξανδρος ουδις αρχης'
Generation 31 | Average Generation Fitness: 0.0025266690944251427 | Best Fitness: 0.0025266690944251422 | Population Length: 20| Best DNA: 'αρχης αλεξανδρος ουδις αρχης'
Generation 32 | Average Generation Fitness: 0.0025266690944251427 | Best Fitness: 0.0025266690944251422 | Population Length: 20| Best DNA: 'αρχης αλεξανδρος ουδις αρχης'
Generation 33 | Average Generation Fitness: 0.0025266690944251427 | Best Fitness: 0.0025266690944251422 | Population Length: 20| Best DNA: 'αρχης αλεξανδρος ουδις αρχης'
Generation 34 | Average Generation Fitness: 0.0025266690944251427 | Best Fitness: 0.0025266690944251422 | Population Length: 20| Best DNA: 'αρχης αλεξανδρος ουδις αρχης'
Generation 35 | Average Generation Fitness: 0.0026839870810132045 | Best Fitness: 0.005673028826186377 | Population Length: 20| Best DNA: 'πιπτοντα αλεξανδρος ουδις πιπτοντα'
Generation 36 | Average Generation Fitness: 0.0025266690944251427 | Best Fitness: 0.0025266690944251422 | Population Length: 20| Best DNA: 'αρχης αλεξανδρος ουδις αρχης'
Generation 37 | Average Generation Fitness: 0.0025266690944251427 | Best Fitness: 0.0025266690944251422 | Population Length: 20| Best DNA: 'αρχης αλεξανδρος ουδις αρχης'
Generation 38 | Average Generation Fitness: 0.0025266690944251427 | Best Fitness: 0.0025266690944251422 | Population Length: 20| Best DNA: 'αρχης αλεξανδρος ουδις αρχης'
Generation 39 | Average Generation Fitness: 0.0028013986970733826 | Best Fitness: 0.008021261147389935 | Population Length: 20| Best DNA: 'αντισθενου αλεξανδρος ουδις αντισθενου'
Generation 40 | Average Generation Fitness: 0.0025266690944251427 | Best Fitness: 0.0025266690944251422 | Population Length: 20| Best DNA: 'αρχης αλεξανδρος ουδις αρχης'
Generation 41 | Average Generation Fitness: 0.002608114474659715 | Best Fitness: 0.0041555766991165834 | Population Length: 20| Best DNA: 'θεμεν αλεξανδρος ουδις θεμεν'
Generation 42 | Average Generation Fitness: 0.0025266690944251427 | Best Fitness: 0.0025266690944251422 | Population Length: 20| Best DNA: 'αρχης αλεξανδρος ουδις αρχης'
Generation 43 | Average Generation Fitness: 0.0025266690944251427 | Best Fitness: 0.0025266690944251422 | Population Length: 20| Best DNA: 'αρχης αλεξανδρος ουδις αρχης'
Generation 44 | Average Generation Fitness: 0.0025266690944251427 | Best Fitness: 0.0025266690944251422 | Population Length: 20| Best DNA: 'αρχης αλεξανδρος ουδις αρχης'
Generation 45 | Average Generation Fitness: 0.0025266690944251427 | Best Fitness: 0.0025266690944251422 | Population Length: 20| Best DNA: 'αρχης αλεξανδρος ουδις αρχης'
Generation 46 | Average Generation Fitness: 0.0025266690944251427 | Best Fitness: 0.0025266690944251422 | Population Length: 20| Best DNA: 'αρχης αλεξανδρος ουδις αρχης'
Generation 47 | Average Generation Fitness: 0.0025266690944251427 | Best Fitness: 0.0025266690944251422 | Population Length: 20| Best DNA: 'αρχης αλεξανδρος ουδις αρχης'
Generation 48 | Average Generation Fitness: 0.0025266690944251427 | Best Fitness: 0.0025266690944251422 | Population Length: 20| Best DNA: 'αρχης αλεξανδρος ουδις αρχης'
Generation 49 | Average Generation Fitness: 0.002563431428438645 | Best Fitness: 0.003261915774695184 | Population Length: 20| Best DNA: 'ηβουλοντο αλεξανδρος ουδις ηβουλοντο'
Generation 50 | Average Generation Fitness: 0.0025266690944251427 | Best Fitness: 0.0025266690944251422 | Population Length: 20| Best DNA: 'αρχης αλεξανδρος ουδις αρχης'
------------------------------------------------
Total Generations: 50
Total Population: 20   ---   Mutation Rate: 0.01  ---  Crossover Probability: 0.6
Average Fitness: 0.0025266690944251427  ---  Best Overall Fitness: 0.010457873390189963
----------------------------------------------------------------------------------------------------------------------------------------------------
Execution: 4
Generation 1 | Average Generation Fitness: 0.005032210081866684 | Best Fitness: 0.007094389928459646 | Population Length: 20| Best DNA: 'σωσιβιου αλεξανδρος ουδις σωσιβιου'
Generation 2 | Average Generation Fitness: 0.004791501570761711 | Best Fitness: 0.006787189625892844 | Population Length: 20| Best DNA: 'σωσιβιου αλεξανδρος ουδις σωσιβιου'
Generation 3 | Average Generation Fitness: 0.004204002472538016 | Best Fitness: 0.0055204577242094705 | Population Length: 20| Best DNA: 'ου αλεξανδρος ουδις ου'
Generation 4 | Average Generation Fitness: 0.003744131459671722 | Best Fitness: 0.005427701496243337 | Population Length: 20| Best DNA: 'ατελεην αλεξανδρος ουδις ατελεην'
Generation 5 | Average Generation Fitness: 0.0035622477675733718 | Best Fitness: 0.004117542812567416 | Population Length: 20| Best DNA: 'δημηγορησαντα αλεξανδρος ουδις δημηγορησαντα'
Generation 6 | Average Generation Fitness: 0.003182251319540559 | Best Fitness: 0.004044325462902942 | Population Length: 20| Best DNA: 'δημηγορησαντα αλεξανδρος ουδις δημηγορησαντα'
Generation 7 | Average Generation Fitness: 0.003142697002239362 | Best Fitness: 0.004044325462902942 | Population Length: 20| Best DNA: 'κινδυνον αλεξανδρος ουδις κινδυνον'
Generation 8 | Average Generation Fitness: 0.00289283605829256 | Best Fitness: 0.004044325462902942 | Population Length: 20| Best DNA: 'κινδυνον αλεξανδρος ουδις κινδυνον'
Generation 9 | Average Generation Fitness: 0.0028010070528494383 | Best Fitness: 0.003971108113238468 | Population Length: 20| Best DNA: 'ποιησαμενου αλεξανδρος ουδις ποιησαμενου'
Generation 10 | Average Generation Fitness: 0.0026075154974185945 | Best Fitness: 0.0033351331243596572 | Population Length: 20| Best DNA: 'κινδυνον αλεξανδρος ουδις κινδυνον'
Generation 11 | Average Generation Fitness: 0.0025266690944251427 | Best Fitness: 0.0025266690944251422 | Population Length: 20| Best DNA: 'ποιησαμενου αλεξανδρος ουδις ποιησαμενου'
Generation 12 | Average Generation Fitness: 0.0025266690944251427 | Best Fitness: 0.0025266690944251422 | Population Length: 20| Best DNA: 'ποιησαμενου αλεξανδρος ουδις ποιησαμενου'
Generation 13 | Average Generation Fitness: 0.0025266690944251427 | Best Fitness: 0.0025266690944251422 | Population Length: 20| Best DNA: 'ποιησαμενου αλεξανδρος ουδις ποιησαμενου'
Generation 14 | Average Generation Fitness: 0.0025266690944251427 | Best Fitness: 0.0025266690944251422 | Population Length: 20| Best DNA: 'ποιησαμενου αλεξανδρος ουδις ποιησαμενου'
Generation 15 | Average Generation Fitness: 0.0025266690944251427 | Best Fitness: 0.0025266690944251422 | Population Length: 20| Best DNA: 'ποιησαμενου αλεξανδρος ουδις ποιησαμενου'
Generation 16 | Average Generation Fitness: 0.0025266690944251427 | Best Fitness: 0.0025266690944251422 | Population Length: 20| Best DNA: 'ποιησαμενου αλεξανδρος ουδις ποιησαμενου'
Generation 17 | Average Generation Fitness: 0.0025266690944251427 | Best Fitness: 0.0025266690944251422 | Population Length: 20| Best DNA: 'ποιησαμενου αλεξανδρος ουδις ποιησαμενου'
Generation 18 | Average Generation Fitness: 0.0025266690944251427 | Best Fitness: 0.0025266690944251422 | Population Length: 20| Best DNA: 'ποιησαμενου αλεξανδρος ουδις ποιησαμενου'
Generation 19 | Average Generation Fitness: 0.0025266690944251427 | Best Fitness: 0.0025266690944251422 | Population Length: 20| Best DNA: 'ποιησαμενου αλεξανδρος ουδις ποιησαμενου'
Generation 20 | Average Generation Fitness: 0.0025266690944251427 | Best Fitness: 0.0025266690944251422 | Population Length: 20| Best DNA: 'ποιησαμενου αλεξανδρος ουδις ποιησαμενου'
Generation 21 | Average Generation Fitness: 0.0025266690944251427 | Best Fitness: 0.0025266690944251422 | Population Length: 20| Best DNA: 'ποιησαμενου αλεξανδρος ουδις ποιησαμενου'
Generation 22 | Average Generation Fitness: 0.0025266690944251427 | Best Fitness: 0.0025266690944251422 | Population Length: 20| Best DNA: 'ποιησαμενου αλεξανδρος ουδις ποιησαμενου'
Generation 23 | Average Generation Fitness: 0.0025266690944251427 | Best Fitness: 0.0025266690944251422 | Population Length: 20| Best DNA: 'ποιησαμενου αλεξανδρος ουδις ποιησαμενου'
Generation 24 | Average Generation Fitness: 0.0025266690944251427 | Best Fitness: 0.0025266690944251422 | Population Length: 20| Best DNA: 'ποιησαμενου αλεξανδρος ουδις ποιησαμενου'
Generation 25 | Average Generation Fitness: 0.0025266690944251427 | Best Fitness: 0.0025266690944251422 | Population Length: 20| Best DNA: 'ποιησαμενου αλεξανδρος ουδις ποιησαμενου'
Generation 26 | Average Generation Fitness: 0.0025266690944251427 | Best Fitness: 0.0025266690944251422 | Population Length: 20| Best DNA: 'ποιησαμενου αλεξανδρος ουδις ποιησαμενου'
Generation 27 | Average Generation Fitness: 0.0025266690944251427 | Best Fitness: 0.0025266690944251422 | Population Length: 20| Best DNA: 'ποιησαμενου αλεξανδρος ουδις ποιησαμενου'
Generation 28 | Average Generation Fitness: 0.0026251674009361787 | Best Fitness: 0.00449663522464586 | Population Length: 20| Best DNA: 'παντας αλεξανδρος ουδις παντας'
Generation 29 | Average Generation Fitness: 0.002621406366593847 | Best Fitness: 0.004421414537799224 | Population Length: 20| Best DNA: 'ποιησαμενου αλεξανδρος ουδις ποιησαμενου'
Generation 30 | Average Generation Fitness: 0.0025266690944251427 | Best Fitness: 0.0025266690944251422 | Population Length: 20| Best DNA: 'ποιησαμενου αλεξανδρος ουδις ποιησαμενου'
Generation 31 | Average Generation Fitness: 0.0025266690944251427 | Best Fitness: 0.0025266690944251422 | Population Length: 20| Best DNA: 'ποιησαμενου αλεξανδρος ουδις ποιησαμενου'
Generation 32 | Average Generation Fitness: 0.0025266690944251427 | Best Fitness: 0.0025266690944251422 | Population Length: 20| Best DNA: 'ποιησαμενου αλεξανδρος ουδις ποιησαμενου'
Generation 33 | Average Generation Fitness: 0.0025266690944251427 | Best Fitness: 0.0025266690944251422 | Population Length: 20| Best DNA: 'ποιησαμενου αλεξανδρος ουδις ποιησαμενου'
Generation 34 | Average Generation Fitness: 0.0025266690944251427 | Best Fitness: 0.0025266690944251422 | Population Length: 20| Best DNA: 'ποιησαμενου αλεξανδρος ουδις ποιησαμενου'
Generation 35 | Average Generation Fitness: 0.0025266690944251427 | Best Fitness: 0.0025266690944251422 | Population Length: 20| Best DNA: 'ποιησαμενου αλεξανδρος ουδις ποιησαμενου'
Generation 36 | Average Generation Fitness: 0.0025266690944251427 | Best Fitness: 0.0025266690944251422 | Population Length: 20| Best DNA: 'ποιησαμενου αλεξανδρος ουδις ποιησαμενου'
Generation 37 | Average Generation Fitness: 0.0025266690944251427 | Best Fitness: 0.0025266690944251422 | Population Length: 20| Best DNA: 'ποιησαμενου αλεξανδρος ουδις ποιησαμενου'
Generation 38 | Average Generation Fitness: 0.0026182571200351495 | Best Fitness: 0.004358429606625277 | Population Length: 20| Best DNA: 'βασιλεων αλεξανδρος ουδις βασιλεων'
Generation 39 | Average Generation Fitness: 0.002563431428438645 | Best Fitness: 0.003261915774695184 | Population Length: 20| Best DNA: 'ποιησαμενου αλεξανδρος ουδις ποιησαμενου'
Generation 40 | Average Generation Fitness: 0.0027696335838392374 | Best Fitness: 0.007385958882707035 | Population Length: 20| Best DNA: 'φωκαρια αλεξανδρος ουδις φωκαρια'
Generation 41 | Average Generation Fitness: 0.0025266690944251427 | Best Fitness: 0.0025266690944251422 | Population Length: 20| Best DNA: 'ποιησαμενου αλεξανδρος ουδις ποιησαμενου'
Generation 42 | Average Generation Fitness: 0.0025266690944251427 | Best Fitness: 0.0025266690944251422 | Population Length: 20| Best DNA: 'ποιησαμενου αλεξανδρος ουδις ποιησαμενου'
Generation 43 | Average Generation Fitness: 0.0025266690944251427 | Best Fitness: 0.0025266690944251422 | Population Length: 20| Best DNA: 'ποιησαμενου αλεξανδρος ουδις ποιησαμενου'
Generation 44 | Average Generation Fitness: 0.0025266690944251427 | Best Fitness: 0.0025266690944251422 | Population Length: 20| Best DNA: 'ποιησαμενου αλεξανδρος ουδις ποιησαμενου'
Generation 45 | Average Generation Fitness: 0.0025266690944251427 | Best Fitness: 0.0025266690944251422 | Population Length: 20| Best DNA: 'ποιησαμενου αλεξανδρος ουδις ποιησαμενου'
Generation 46 | Average Generation Fitness: 0.0025266690944251427 | Best Fitness: 0.0025266690944251422 | Population Length: 20| Best DNA: 'ποιησαμενου αλεξανδρος ουδις ποιησαμενου'
Generation 47 | Average Generation Fitness: 0.0025266690944251427 | Best Fitness: 0.0025266690944251422 | Population Length: 20| Best DNA: 'ποιησαμενου αλεξανδρος ουδις ποιησαμενου'
Generation 48 | Average Generation Fitness: 0.002663946770052508 | Best Fitness: 0.005272222606972446 | Population Length: 20| Best DNA: 'πολεμω αλεξανδρος ουδις πολεμω'
Generation 49 | Average Generation Fitness: 0.0025266690944251427 | Best Fitness: 0.0025266690944251422 | Population Length: 20| Best DNA: 'ποιησαμενου αλεξανδρος ουδις ποιησαμενου'
Generation 50 | Average Generation Fitness: 0.0025266690944251427 | Best Fitness: 0.0025266690944251422 | Population Length: 20| Best DNA: 'ποιησαμενου αλεξανδρος ουδις ποιησαμενου'
------------------------------------------------
Total Generations: 50
Total Population: 20   ---   Mutation Rate: 0.01  ---  Crossover Probability: 0.6
Average Fitness: 0.0025266690944251427  ---  Best Overall Fitness: 0.007385958882707035
----------------------------------------------------------------------------------------------------------------------------------------------------
Execution: 5
Generation 1 | Average Generation Fitness: 0.004302415941319015 | Best Fitness: 0.007857731750792778 | Population Length: 20| Best DNA: 'καθοσ αλεξανδρος ουδις καθοσ'
Generation 2 | Average Generation Fitness: 0.0037499286192128585 | Best Fitness: 0.005379561416368925 | Population Length: 20| Best DNA: 'απολλωνος αλεξανδρος ουδις απολλωνος'
Generation 3 | Average Generation Fitness: 0.0036248168532634307 | Best Fitness: 0.005130846186281672 | Population Length: 20| Best DNA: 'χρησασθαι αλεξανδρος ουδις χρησασθαι'
Generation 4 | Average Generation Fitness: 0.0032831371271209316 | Best Fitness: 0.005130846186281672 | Population Length: 20| Best DNA: 'αποφερων αλεξανδρος ουδις αποφερων'
Generation 5 | Average Generation Fitness: 0.0030155620390503414 | Best Fitness: 0.0033351331243596572 | Population Length: 20| Best DNA: 'αποφερων αλεξανδρος ουδις αποφερων'
Generation 6 | Average Generation Fitness: 0.0031258088469640526 | Best Fitness: 0.0049512573016927824 | Population Length: 20| Best DNA: 'νευπολις αλεξανδρος ουδις νευπολις'
Generation 7 | Average Generation Fitness: 0.002938975480781234 | Best Fitness: 0.0041555766991165834 | Population Length: 20| Best DNA: 'θεμεν αλεξανδρος ουδις θεμεν'
Generation 8 | Average Generation Fitness: 0.002857530100546662 | Best Fitness: 0.003261915774695184 | Population Length: 20| Best DNA: 'τριτεις αλεξανδρος ουδις τριτεις'
Generation 9 | Average Generation Fitness: 0.0027104807644926536 | Best Fitness: 0.003261915774695184 | Population Length: 20| Best DNA: 'αποφερων αλεξανδρος ουδις αποφερων'
Generation 10 | Average Generation Fitness: 0.0027329550989777804 | Best Fitness: 0.005181895824937806 | Population Length: 20| Best DNA: 'λογου αλεξανδρος ουδις λογου'
Generation 11 | Average Generation Fitness: 0.002563431428438645 | Best Fitness: 0.003261915774695184 | Population Length: 20| Best DNA: 'χρησασθαι αλεξανδρος ουδις χρησασθαι'
Generation 12 | Average Generation Fitness: 0.0025266690944251427 | Best Fitness: 0.0025266690944251422 | Population Length: 20| Best DNA: 'χρησασθαι αλεξανδρος ουδις χρησασθαι'
Generation 13 | Average Generation Fitness: 0.0025266690944251427 | Best Fitness: 0.0025266690944251422 | Population Length: 20| Best DNA: 'χρησασθαι αλεξανδρος ουδις χρησασθαι'
Generation 14 | Average Generation Fitness: 0.0025266690944251427 | Best Fitness: 0.0025266690944251422 | Population Length: 20| Best DNA: 'χρησασθαι αλεξανδρος ουδις χρησασθαι'
Generation 15 | Average Generation Fitness: 0.0025266690944251427 | Best Fitness: 0.0025266690944251422 | Population Length: 20| Best DNA: 'χρησασθαι αλεξανδρος ουδις χρησασθαι'
Generation 16 | Average Generation Fitness: 0.0025266690944251427 | Best Fitness: 0.0025266690944251422 | Population Length: 20| Best DNA: 'χρησασθαι αλεξανδρος ουδις χρησασθαι'
Generation 17 | Average Generation Fitness: 0.0025266690944251427 | Best Fitness: 0.0025266690944251422 | Population Length: 20| Best DNA: 'χρησασθαι αλεξανδρος ουδις χρησασθαι'
Generation 18 | Average Generation Fitness: 0.002658289932824311 | Best Fitness: 0.005159085862408508 | Population Length: 20| Best DNA: 'αρχοντων αλεξανδρος ουδις αρχοντων'
Generation 19 | Average Generation Fitness: 0.0025266690944251427 | Best Fitness: 0.0025266690944251422 | Population Length: 20| Best DNA: 'χρησασθαι αλεξανδρος ουδις χρησασθαι'
Generation 20 | Average Generation Fitness: 0.0025266690944251427 | Best Fitness: 0.0025266690944251422 | Population Length: 20| Best DNA: 'χρησασθαι αλεξανδρος ουδις χρησασθαι'
Generation 21 | Average Generation Fitness: 0.0025266690944251427 | Best Fitness: 0.0025266690944251422 | Population Length: 20| Best DNA: 'χρησασθαι αλεξανδρος ουδις χρησασθαι'
Generation 22 | Average Generation Fitness: 0.0025266690944251427 | Best Fitness: 0.0025266690944251422 | Population Length: 20| Best DNA: 'χρησασθαι αλεξανδρος ουδις χρησασθαι'
Generation 23 | Average Generation Fitness: 0.0025266690944251427 | Best Fitness: 0.0025266690944251422 | Population Length: 20| Best DNA: 'χρησασθαι αλεξανδρος ουδις χρησασθαι'
Generation 24 | Average Generation Fitness: 0.0025266690944251427 | Best Fitness: 0.0025266690944251422 | Population Length: 20| Best DNA: 'χρησασθαι αλεξανδρος ουδις χρησασθαι'
Generation 25 | Average Generation Fitness: 0.0025266690944251427 | Best Fitness: 0.0025266690944251422 | Population Length: 20| Best DNA: 'χρησασθαι αλεξανδρος ουδις χρησασθαι'
Generation 26 | Average Generation Fitness: 0.0025266690944251427 | Best Fitness: 0.0025266690944251422 | Population Length: 20| Best DNA: 'χρησασθαι αλεξανδρος ουδις χρησασθαι'
Generation 27 | Average Generation Fitness: 0.002761873675046443 | Best Fitness: 0.007230760706851137 | Population Length: 20| Best DNA: 'πατροκλειος αλεξανδρος ουδις πατροκλειος'
Generation 28 | Average Generation Fitness: 0.0025266690944251427 | Best Fitness: 0.0025266690944251422 | Population Length: 20| Best DNA: 'χρησασθαι αλεξανδρος ουδις χρησασθαι'
Generation 29 | Average Generation Fitness: 0.0025266690944251427 | Best Fitness: 0.0025266690944251422 | Population Length: 20| Best DNA: 'χρησασθαι αλεξανδρος ουδις χρησασθαι'
Generation 30 | Average Generation Fitness: 0.0025266690944251427 | Best Fitness: 0.0025266690944251422 | Population Length: 20| Best DNA: 'χρησασθαι αλεξανδρος ουδις χρησασθαι'
Generation 31 | Average Generation Fitness: 0.0025266690944251427 | Best Fitness: 0.0025266690944251422 | Population Length: 20| Best DNA: 'χρησασθαι αλεξανδρος ουδις χρησασθαι'
Generation 32 | Average Generation Fitness: 0.0025266690944251427 | Best Fitness: 0.0025266690944251422 | Population Length: 20| Best DNA: 'χρησασθαι αλεξανδρος ουδις χρησασθαι'
Generation 33 | Average Generation Fitness: 0.0025266690944251427 | Best Fitness: 0.0025266690944251422 | Population Length: 20| Best DNA: 'χρησασθαι αλεξανδρος ουδις χρησασθαι'
Generation 34 | Average Generation Fitness: 0.002563431428438645 | Best Fitness: 0.003261915774695184 | Population Length: 20| Best DNA: 'τρια αλεξανδρος ουδις τρια'
Generation 35 | Average Generation Fitness: 0.0025266690944251427 | Best Fitness: 0.0025266690944251422 | Population Length: 20| Best DNA: 'χρησασθαι αλεξανδρος ουδις χρησασθαι'
Generation 36 | Average Generation Fitness: 0.0025266690944251427 | Best Fitness: 0.0025266690944251422 | Population Length: 20| Best DNA: 'χρησασθαι αλεξανδρος ουδις χρησασθαι'
Generation 37 | Average Generation Fitness: 0.0025266690944251427 | Best Fitness: 0.0025266690944251422 | Population Length: 20| Best DNA: 'χρησασθαι αλεξανδρος ουδις χρησασθαι'
Generation 38 | Average Generation Fitness: 0.0025266690944251427 | Best Fitness: 0.0025266690944251422 | Population Length: 20| Best DNA: 'χρησασθαι αλεξανδρος ουδις χρησασθαι'
Generation 39 | Average Generation Fitness: 0.0025266690944251427 | Best Fitness: 0.0025266690944251422 | Population Length: 20| Best DNA: 'χρησασθαι αλεξανδρος ουδις χρησασθαι'
Generation 40 | Average Generation Fitness: 0.0025266690944251427 | Best Fitness: 0.0025266690944251422 | Population Length: 20| Best DNA: 'χρησασθαι αλεξανδρος ουδις χρησασθαι'
Generation 41 | Average Generation Fitness: 0.0025266690944251427 | Best Fitness: 0.0025266690944251422 | Population Length: 20| Best DNA: 'χρησασθαι αλεξανδρος ουδις χρησασθαι'
Generation 42 | Average Generation Fitness: 0.0025266690944251427 | Best Fitness: 0.0025266690944251422 | Population Length: 20| Best DNA: 'χρησασθαι αλεξανδρος ουδις χρησασθαι'
Generation 43 | Average Generation Fitness: 0.002636003407133111 | Best Fitness: 0.004713355348584506 | Population Length: 20| Best DNA: 'μεν αλεξανδρος ουδις μεν'
Generation 44 | Average Generation Fitness: 0.0025266690944251427 | Best Fitness: 0.0025266690944251422 | Population Length: 20| Best DNA: 'χρησασθαι αλεξανδρος ουδις χρησασθαι'
Generation 45 | Average Generation Fitness: 0.0025266690944251427 | Best Fitness: 0.0025266690944251422 | Population Length: 20| Best DNA: 'χρησασθαι αλεξανδρος ουδις χρησασθαι'
Generation 46 | Average Generation Fitness: 0.0025266690944251427 | Best Fitness: 0.0025266690944251422 | Population Length: 20| Best DNA: 'χρησασθαι αλεξανδρος ουδις χρησασθαι'
Generation 47 | Average Generation Fitness: 0.0025266690944251427 | Best Fitness: 0.0025266690944251422 | Population Length: 20| Best DNA: 'χρησασθαι αλεξανδρος ουδις χρησασθαι'
Generation 48 | Average Generation Fitness: 0.0025266690944251427 | Best Fitness: 0.0025266690944251422 | Population Length: 20| Best DNA: 'χρησασθαι αλεξανδρος ουδις χρησασθαι'
Generation 49 | Average Generation Fitness: 0.0025266690944251427 | Best Fitness: 0.0025266690944251422 | Population Length: 20| Best DNA: 'χρησασθαι αλεξανδρος ουδις χρησασθαι'
Generation 50 | Average Generation Fitness: 0.0025266690944251427 | Best Fitness: 0.0025266690944251422 | Population Length: 20| Best DNA: 'χρησασθαι αλεξανδρος ουδις χρησασθαι'
------------------------------------------------
Total Generations: 50
Total Population: 20   ---   Mutation Rate: 0.01  ---  Crossover Probability: 0.6
Average Fitness: 0.0025266690944251427  ---  Best Overall Fitness: 0.007857731750792778
----------------------------------------------------------------------------------------------------------------------------------------------------
Execution: 6
Generation 1 | Average Generation Fitness: 0.004282670626403876 | Best Fitness: 0.009042036606055797 | Population Length: 20| Best DNA: 'τους αλεξανδρος ουδις τους'
Generation 2 | Average Generation Fitness: 0.003441632927184475 | Best Fitness: 0.0043835661416286205 | Population Length: 20| Best DNA: 'ιερου αλεξανδρος ουδις ιερου'
Generation 3 | Average Generation Fitness: 0.003166346981802208 | Best Fitness: 0.0042704179717048575 | Population Length: 20| Best DNA: 'ξενου αλεξανδρος ουδις ξενου'
Generation 4 | Average Generation Fitness: 0.0028942924345601645 | Best Fitness: 0.003261915774695184 | Population Length: 20| Best DNA: 'σωσιας αλεξανδρος ουδις σωσιας'
Generation 5 | Average Generation Fitness: 0.002784005432519658 | Best Fitness: 0.003261915774695184 | Population Length: 20| Best DNA: 'αναξιως αλεξανδρος ουδις αναξιως'
Generation 6 | Average Generation Fitness: 0.0027104807644926536 | Best Fitness: 0.003261915774695184 | Population Length: 20| Best DNA: 'σωσιας αλεξανδρος ουδις σωσιας'
Generation 7 | Average Generation Fitness: 0.002600193762452147 | Best Fitness: 0.003261915774695184 | Population Length: 20| Best DNA: 'σωσιας αλεξανδρος ουδις σωσιας'
Generation 8 | Average Generation Fitness: 0.0025266690944251427 | Best Fitness: 0.0025266690944251422 | Population Length: 20| Best DNA: 'σωσιας αλεξανδρος ουδις σωσιας'
Generation 9 | Average Generation Fitness: 0.002688536973891144 | Best Fitness: 0.005764026683745171 | Population Length: 20| Best DNA: 'λοιποι αλεξανδρος ουδις λοιποι'
Generation 10 | Average Generation Fitness: 0.0027430755442745826 | Best Fitness: 0.006046334061479422 | Population Length: 20| Best DNA: 'ες αλεξανδρος ουδις ες'
Generation 11 | Average Generation Fitness: 0.0025266690944251427 | Best Fitness: 0.0025266690944251422 | Population Length: 20| Best DNA: 'σωσιας αλεξανδρος ουδις σωσιας'
Generation 12 | Average Generation Fitness: 0.0025266690944251427 | Best Fitness: 0.0025266690944251422 | Population Length: 20| Best DNA: 'σωσιας αλεξανδρος ουδις σωσιας'
Generation 13 | Average Generation Fitness: 0.0025266690944251427 | Best Fitness: 0.0025266690944251422 | Population Length: 20| Best DNA: 'σωσιας αλεξανδρος ουδις σωσιας'
Generation 14 | Average Generation Fitness: 0.0025266690944251427 | Best Fitness: 0.0025266690944251422 | Population Length: 20| Best DNA: 'σωσιας αλεξανδρος ουδις σωσιας'
Generation 15 | Average Generation Fitness: 0.0025266690944251427 | Best Fitness: 0.0025266690944251422 | Population Length: 20| Best DNA: 'σωσιας αλεξανδρος ουδις σωσιας'
Generation 16 | Average Generation Fitness: 0.0025266690944251427 | Best Fitness: 0.0025266690944251422 | Population Length: 20| Best DNA: 'σωσιας αλεξανδρος ουδις σωσιας'
Generation 17 | Average Generation Fitness: 0.0025266690944251427 | Best Fitness: 0.0025266690944251422 | Population Length: 20| Best DNA: 'σωσιας αλεξανδρος ουδις σωσιας'
Generation 18 | Average Generation Fitness: 0.0025266690944251427 | Best Fitness: 0.0025266690944251422 | Population Length: 20| Best DNA: 'σωσιας αλεξανδρος ουδις σωσιας'
Generation 19 | Average Generation Fitness: 0.0025266690944251427 | Best Fitness: 0.0025266690944251422 | Population Length: 20| Best DNA: 'σωσιας αλεξανδρος ουδις σωσιας'
Generation 20 | Average Generation Fitness: 0.0025266690944251427 | Best Fitness: 0.0025266690944251422 | Population Length: 20| Best DNA: 'σωσιας αλεξανδρος ουδις σωσιας'
Generation 21 | Average Generation Fitness: 0.0025266690944251427 | Best Fitness: 0.0025266690944251422 | Population Length: 20| Best DNA: 'σωσιας αλεξανδρος ουδις σωσιας'
Generation 22 | Average Generation Fitness: 0.0025266690944251427 | Best Fitness: 0.0025266690944251422 | Population Length: 20| Best DNA: 'σωσιας αλεξανδρος ουδις σωσιας'
Generation 23 | Average Generation Fitness: 0.0027568616879166804 | Best Fitness: 0.00713052096425589 | Population Length: 20| Best DNA: 'υψιστω αλεξανδρος ουδις υψιστω'
Generation 24 | Average Generation Fitness: 0.0025266690944251427 | Best Fitness: 0.0025266690944251422 | Population Length: 20| Best DNA: 'σωσιας αλεξανδρος ουδις σωσιας'
Generation 25 | Average Generation Fitness: 0.0025266690944251427 | Best Fitness: 0.0025266690944251422 | Population Length: 20| Best DNA: 'σωσιας αλεξανδρος ουδις σωσιας'
Generation 26 | Average Generation Fitness: 0.0025266690944251427 | Best Fitness: 0.0025266690944251422 | Population Length: 20| Best DNA: 'σωσιας αλεξανδρος ουδις σωσιας'
Generation 27 | Average Generation Fitness: 0.0025266690944251427 | Best Fitness: 0.0025266690944251422 | Population Length: 20| Best DNA: 'σωσιας αλεξανδρος ουδις σωσιας'
Generation 28 | Average Generation Fitness: 0.0025266690944251427 | Best Fitness: 0.0025266690944251422 | Population Length: 20| Best DNA: 'σωσιας αλεξανδρος ουδις σωσιας'
Generation 29 | Average Generation Fitness: 0.0025266690944251427 | Best Fitness: 0.0025266690944251422 | Population Length: 20| Best DNA: 'σωσιας αλεξανδρος ουδις σωσιας'
Generation 30 | Average Generation Fitness: 0.0025266690944251427 | Best Fitness: 0.0025266690944251422 | Population Length: 20| Best DNA: 'σωσιας αλεξανδρος ουδις σωσιας'
Generation 31 | Average Generation Fitness: 0.0025266690944251427 | Best Fitness: 0.0025266690944251422 | Population Length: 20| Best DNA: 'σωσιας αλεξανδρος ουδις σωσιας'
Generation 32 | Average Generation Fitness: 0.0025266690944251427 | Best Fitness: 0.0025266690944251422 | Population Length: 20| Best DNA: 'σωσιας αλεξανδρος ουδις σωσιας'
Generation 33 | Average Generation Fitness: 0.0025266690944251427 | Best Fitness: 0.0025266690944251422 | Population Length: 20| Best DNA: 'σωσιας αλεξανδρος ουδις σωσιας'
Generation 34 | Average Generation Fitness: 0.0025266690944251427 | Best Fitness: 0.0025266690944251422 | Population Length: 20| Best DNA: 'σωσιας αλεξανδρος ουδις σωσιας'
Generation 35 | Average Generation Fitness: 0.0025266690944251427 | Best Fitness: 0.0025266690944251422 | Population Length: 20| Best DNA: 'σωσιας αλεξανδρος ουδις σωσιας'
Generation 36 | Average Generation Fitness: 0.002567092295921869 | Best Fitness: 0.0033351331243596572 | Population Length: 20| Best DNA: 'ενεγκας αλεξανδρος ουδις ενεγκας'
Generation 37 | Average Generation Fitness: 0.0025266690944251427 | Best Fitness: 0.0025266690944251422 | Population Length: 20| Best DNA: 'σωσιας αλεξανδρος ουδις σωσιας'
Generation 38 | Average Generation Fitness: 0.0025266690944251427 | Best Fitness: 0.0025266690944251422 | Population Length: 20| Best DNA: 'σωσιας αλεξανδρος ουδις σωσιας'
Generation 39 | Average Generation Fitness: 0.0025266690944251427 | Best Fitness: 0.0025266690944251422 | Population Length: 20| Best DNA: 'σωσιας αλεξανδρος ουδις σωσιας'
Generation 40 | Average Generation Fitness: 0.0025266690944251427 | Best Fitness: 0.0025266690944251422 | Population Length: 20| Best DNA: 'σωσιας αλεξανδρος ουδις σωσιας'
Generation 41 | Average Generation Fitness: 0.0025266690944251427 | Best Fitness: 0.0025266690944251422 | Population Length: 20| Best DNA: 'σωσιας αλεξανδρος ουδις σωσιας'
Generation 42 | Average Generation Fitness: 0.0025266690944251427 | Best Fitness: 0.0025266690944251422 | Population Length: 20| Best DNA: 'σωσιας αλεξανδρος ουδις σωσιας'
Generation 43 | Average Generation Fitness: 0.0026003475824968683 | Best Fitness: 0.004000238855859649 | Population Length: 20| Best DNA: 'καιροις αλεξανδρος ουδις καιροις'
Generation 44 | Average Generation Fitness: 0.0025266690944251427 | Best Fitness: 0.0025266690944251422 | Population Length: 20| Best DNA: 'σωσιας αλεξανδρος ουδις σωσιας'
Generation 45 | Average Generation Fitness: 0.0025266690944251427 | Best Fitness: 0.0025266690944251422 | Population Length: 20| Best DNA: 'σωσιας αλεξανδρος ουδις σωσιας'
Generation 46 | Average Generation Fitness: 0.0025266690944251427 | Best Fitness: 0.0025266690944251422 | Population Length: 20| Best DNA: 'σωσιας αλεξανδρος ουδις σωσιας'
Generation 47 | Average Generation Fitness: 0.0025266690944251427 | Best Fitness: 0.0025266690944251422 | Population Length: 20| Best DNA: 'σωσιας αλεξανδρος ουδις σωσιας'
Generation 48 | Average Generation Fitness: 0.0025266690944251427 | Best Fitness: 0.0025266690944251422 | Population Length: 20| Best DNA: 'σωσιας αλεξανδρος ουδις σωσιας'
Generation 49 | Average Generation Fitness: 0.0026348859746789946 | Best Fitness: 0.004691006699502183 | Population Length: 20| Best DNA: 'ν αλεξανδρος ουδις ν'
Generation 50 | Average Generation Fitness: 0.0025266690944251427 | Best Fitness: 0.0025266690944251422 | Population Length: 20| Best DNA: 'σωσιας αλεξανδρος ουδις σωσιας'
------------------------------------------------
Total Generations: 50
Total Population: 20   ---   Mutation Rate: 0.01  ---  Crossover Probability: 0.6
Average Fitness: 0.0025266690944251427  ---  Best Overall Fitness: 0.009042036606055797
----------------------------------------------------------------------------------------------------------------------------------------------------
Execution: 7
Generation 1 | Average Generation Fitness: 0.004406558184488206 | Best Fitness: 0.007639063153200701 | Population Length: 20| Best DNA: 'αρβινατηισιν αλεξανδρος ουδις αρβινατηισιν'
Generation 2 | Average Generation Fitness: 0.0037767182887950253 | Best Fitness: 0.005745123075992702 | Population Length: 20| Best DNA: 'διαπτωμα αλεξανδρος ουδις διαπτωμα'
Generation 3 | Average Generation Fitness: 0.003194477760450609 | Best Fitness: 0.004037740146848083 | Population Length: 20| Best DNA: 'αρμενων αλεξανδρος ουδις αρμενων'
Generation 4 | Average Generation Fitness: 0.0030045794366006704 | Best Fitness: 0.003261915774695184 | Population Length: 20| Best DNA: 'διαπτωμα αλεξανδρος ουδις διαπτωμα'
Generation 5 | Average Generation Fitness: 0.003004579436600671 | Best Fitness: 0.003261915774695184 | Population Length: 20| Best DNA: 'ωσαυτως αλεξανδρος ουδις ωσαυτως'
Generation 6 | Average Generation Fitness: 0.003151628772654679 | Best Fitness: 0.003261915774695184 | Population Length: 20| Best DNA: 'επιφερομενον αλεξανδρος ουδις επιφερομενον'
Generation 7 | Average Generation Fitness: 0.003041341770614173 | Best Fitness: 0.003261915774695184 | Population Length: 20| Best DNA: 'ωσαυτως αλεξανδρος ουδις ωσαυτως'
Generation 8 | Average Generation Fitness: 0.0029678171025871686 | Best Fitness: 0.003261915774695184 | Population Length: 20| Best DNA: 'αρμενων αλεξανδρος ουδις αρμενων'
Generation 9 | Average Generation Fitness: 0.0030045794366006704 | Best Fitness: 0.003261915774695184 | Population Length: 20| Best DNA: 'επιφερομενον αλεξανδρος ουδις επιφερομενον'
Generation 10 | Average Generation Fitness: 0.0031101847991099377 | Best Fitness: 0.0053740230248805225 | Population Length: 20| Best DNA: 'γοργιας αλεξανδρος ουδις γοργιας'
Generation 11 | Average Generation Fitness: 0.003208412813254205 | Best Fitness: 0.00712156443568318 | Population Length: 20| Best DNA: 'ιν αλεξανδρος ουδις ιν'
Generation 12 | Average Generation Fitness: 0.0027472430985061554 | Best Fitness: 0.003261915774695184 | Population Length: 20| Best DNA: 'διαπτωμα αλεξανδρος ουδις διαπτωμα'
Generation 13 | Average Generation Fitness: 0.0026369560964656495 | Best Fitness: 0.003261915774695184 | Population Length: 20| Best DNA: 'ωσαυτως αλεξανδρος ουδις ωσαυτως'
Generation 14 | Average Generation Fitness: 0.0025266690944251427 | Best Fitness: 0.0025266690944251422 | Population Length: 20| Best DNA: 'αρμενων αλεξανδρος ουδις αρμενων'
Generation 15 | Average Generation Fitness: 0.0027813323141894367 | Best Fitness: 0.005414193448900881 | Population Length: 20| Best DNA: 'προγονων αλεξανδρος ουδις προγονων'
Generation 16 | Average Generation Fitness: 0.0028190883659518365 | Best Fitness: 0.006904561164418934 | Population Length: 20| Best DNA: 'ανοπτηνιος αλεξανδρος ουδις ανοπτηνιος'
Generation 17 | Average Generation Fitness: 0.0025266690944251427 | Best Fitness: 0.0025266690944251422 | Population Length: 20| Best DNA: 'αρμενων αλεξανδρος ουδις αρμενων'
Generation 18 | Average Generation Fitness: 0.0025266690944251427 | Best Fitness: 0.0025266690944251422 | Population Length: 20| Best DNA: 'αρμενων αλεξανδρος ουδις αρμενων'
Generation 19 | Average Generation Fitness: 0.0025266690944251427 | Best Fitness: 0.0025266690944251422 | Population Length: 20| Best DNA: 'αρμενων αλεξανδρος ουδις αρμενων'
Generation 20 | Average Generation Fitness: 0.0025266690944251427 | Best Fitness: 0.0025266690944251422 | Population Length: 20| Best DNA: 'αρμενων αλεξανδρος ουδις αρμενων'
Generation 21 | Average Generation Fitness: 0.0025266690944251427 | Best Fitness: 0.0025266690944251422 | Population Length: 20| Best DNA: 'αρμενων αλεξανδρος ουδις αρμενων'
Generation 22 | Average Generation Fitness: 0.0027735031873446425 | Best Fitness: 0.007463350952815136 | Population Length: 20| Best DNA: 'διονυσιος αλεξανδρος ουδις διονυσιος'
Generation 23 | Average Generation Fitness: 0.0025266690944251427 | Best Fitness: 0.0025266690944251422 | Population Length: 20| Best DNA: 'αρμενων αλεξανδρος ουδις αρμενων'
Generation 24 | Average Generation Fitness: 0.0025266690944251427 | Best Fitness: 0.0025266690944251422 | Population Length: 20| Best DNA: 'αρμενων αλεξανδρος ουδις αρμενων'
Generation 25 | Average Generation Fitness: 0.0026182571200351495 | Best Fitness: 0.004358429606625277 | Population Length: 20| Best DNA: 'προγονων αλεξανδρος ουδις προγονων'
Generation 26 | Average Generation Fitness: 0.0027284479300888104 | Best Fitness: 0.006562245807698485 | Population Length: 20| Best DNA: 'οιομενου αλεξανδρος ουδις οιομενου'
Generation 27 | Average Generation Fitness: 0.0025266690944251427 | Best Fitness: 0.0025266690944251422 | Population Length: 20| Best DNA: 'αρμενων αλεξανδρος ουδις αρμενων'
Generation 28 | Average Generation Fitness: 0.0025266690944251427 | Best Fitness: 0.0025266690944251422 | Population Length: 20| Best DNA: 'αρμενων αλεξανδρος ουδις αρμενων'
Generation 29 | Average Generation Fitness: 0.0025266690944251427 | Best Fitness: 0.0025266690944251422 | Population Length: 20| Best DNA: 'αρμενων αλεξανδρος ουδις αρμενων'
Generation 30 | Average Generation Fitness: 0.0025266690944251427 | Best Fitness: 0.0025266690944251422 | Population Length: 20| Best DNA: 'αρμενων αλεξανδρος ουδις αρμενων'
Generation 31 | Average Generation Fitness: 0.0025266690944251427 | Best Fitness: 0.0025266690944251422 | Population Length: 20| Best DNA: 'αρμενων αλεξανδρος ουδις αρμενων'
Generation 32 | Average Generation Fitness: 0.0025266690944251427 | Best Fitness: 0.0025266690944251422 | Population Length: 20| Best DNA: 'αρμενων αλεξανδρος ουδις αρμενων'
Generation 33 | Average Generation Fitness: 0.0025266690944251427 | Best Fitness: 0.0025266690944251422 | Population Length: 20| Best DNA: 'αρμενων αλεξανδρος ουδις αρμενων'
Generation 34 | Average Generation Fitness: 0.0025266690944251427 | Best Fitness: 0.0025266690944251422 | Population Length: 20| Best DNA: 'αρμενων αλεξανδρος ουδις αρμενων'
Generation 35 | Average Generation Fitness: 0.0025266690944251427 | Best Fitness: 0.0025266690944251422 | Population Length: 20| Best DNA: 'αρμενων αλεξανδρος ουδις αρμενων'
Generation 36 | Average Generation Fitness: 0.0025266690944251427 | Best Fitness: 0.0025266690944251422 | Population Length: 20| Best DNA: 'αρμενων αλεξανδρος ουδις αρμενων'
Generation 37 | Average Generation Fitness: 0.0025266690944251427 | Best Fitness: 0.0025266690944251422 | Population Length: 20| Best DNA: 'αρμενων αλεξανδρος ουδις αρμενων'
Generation 38 | Average Generation Fitness: 0.0025266690944251427 | Best Fitness: 0.0025266690944251422 | Population Length: 20| Best DNA: 'αρμενων αλεξανδρος ουδις αρμενων'
Generation 39 | Average Generation Fitness: 0.0025266690944251427 | Best Fitness: 0.0025266690944251422 | Population Length: 20| Best DNA: 'αρμενων αλεξανδρος ουδις αρμενων'
Generation 40 | Average Generation Fitness: 0.0025266690944251427 | Best Fitness: 0.0025266690944251422 | Population Length: 20| Best DNA: 'αρμενων αλεξανδρος ουδις αρμενων'
Generation 41 | Average Generation Fitness: 0.0025266690944251427 | Best Fitness: 0.0025266690944251422 | Population Length: 20| Best DNA: 'αρμενων αλεξανδρος ουδις αρμενων'
Generation 42 | Average Generation Fitness: 0.0025266690944251427 | Best Fitness: 0.0025266690944251422 | Population Length: 20| Best DNA: 'αρμενων αλεξανδρος ουδις αρμενων'
Generation 43 | Average Generation Fitness: 0.0025266690944251427 | Best Fitness: 0.0025266690944251422 | Population Length: 20| Best DNA: 'αρμενων αλεξανδρος ουδις αρμενων'
Generation 44 | Average Generation Fitness: 0.0029258907967595294 | Best Fitness: 0.01051110314111286 | Population Length: 20| Best DNA: 'τον αλεξανδρος ουδις τον'
Generation 45 | Average Generation Fitness: 0.0028482126746095576 | Best Fitness: 0.008222294017843395 | Population Length: 20| Best DNA: 'τον αλεξανδρος ουδις τον'
Generation 46 | Average Generation Fitness: 0.0025266690944251427 | Best Fitness: 0.0025266690944251422 | Population Length: 20| Best DNA: 'αρμενων αλεξανδρος ουδις αρμενων'
Generation 47 | Average Generation Fitness: 0.0025266690944251427 | Best Fitness: 0.0025266690944251422 | Population Length: 20| Best DNA: 'αρμενων αλεξανδρος ουδις αρμενων'
Generation 48 | Average Generation Fitness: 0.0025266690944251427 | Best Fitness: 0.0025266690944251422 | Population Length: 20| Best DNA: 'αρμενων αλεξανδρος ουδις αρμενων'
Generation 49 | Average Generation Fitness: 0.0025266690944251427 | Best Fitness: 0.0025266690944251422 | Population Length: 20| Best DNA: 'αρμενων αλεξανδρος ουδις αρμενων'
Generation 50 | Average Generation Fitness: 0.002655574715276563 | Best Fitness: 0.005104781511453542 | Population Length: 20| Best DNA: 'ασπονδει αλεξανδρος ουδις ασπονδει'
------------------------------------------------
Total Generations: 50
Total Population: 20   ---   Mutation Rate: 0.01  ---  Crossover Probability: 0.6
Average Fitness: 0.002655574715276563  ---  Best Overall Fitness: 0.01051110314111286
----------------------------------------------------------------------------------------------------------------------------------------------------
Execution: 8
Generation 01 | Average Generation Fitness: 0.0041102708630438665, | Best Fitness: 0.006812459701014134 | Population Length: 20| Best DNA: 'λοιποι αλεξανδρος ουδις λοιποι'
Generation 02 | Average Generation Fitness: 0.0035670651054349515, | Best Fitness: 0.0043835661416286205 | Population Length: 20| Best DNA: 'αρχοντευων αλεξανδρος ουδις αρχοντευων'
Generation 03 | Average Generation Fitness: 0.00326499461435831, | Best Fitness: 0.0042412540001493595 | Population Length: 20| Best DNA: 'προεθηκε αλεξανδρος ουδις προεθηκε'
Generation 04 | Average Generation Fitness: 0.0030633069755135146, | Best Fitness: 0.0033351331243596572 | Population Length: 20| Best DNA: 'προεθηκε αλεξανδρος ουδις προεθηκε'
Generation 05 | Average Generation Fitness: 0.0031221881736076245, | Best Fitness: 0.0033351331243596572 | Population Length: 20| Best DNA: 'προεθηκε αλεξανδρος ουδις προεθηκε'
Generation 06 | Average Generation Fitness: 0.0030045794366006704, | Best Fitness: 0.003261915774695184 | Population Length: 20| Best DNA: 'προεθηκε αλεξανδρος ουδις προεθηκε'
Generation 07 | Average Generation Fitness: 0.0030272230551204133, | Best Fitness: 0.0073910215464402535 | Population Length: 20| Best DNA: 'τηι αλεξανδρος ουδις τηι'
Generation 08 | Average Generation Fitness: 0.00282076776653316, | Best Fitness: 0.003261915774695184 | Population Length: 20| Best DNA: 'περιφοβος αλεξανδρος ουδις περιφοβος'
Generation 09 | Average Generation Fitness: 0.0030772176473968715, | Best Fitness: 0.009861406752509497 | Population Length: 20| Best DNA: 'νικιου αλεξανδρος ουδις νικιου'
Generation 10 | Average Generation Fitness: 0.0028215607098836795, | Best Fitness: 0.006218761362785747 | Population Length: 20| Best DNA: 'προεθηκε αλεξανδρος ουδις προεθηκε'
Generation 11 | Average Generation Fitness: 0.002736623898090438, | Best Fitness: 0.006725765167731042 | Population Length: 20| Best DNA: 'δυο αλεξανδρος ουδις δυο'
Generation 12 | Average Generation Fitness: 0.0026358215557319834, | Best Fitness: 0.004709718320561955 | Population Length: 20| Best DNA: 'αθαναιος αλεξανδρος ουδις αθαναιος'
Generation 13 | Average Generation Fitness: 0.0026603036895323745, | Best Fitness: 0.004317679616970787 | Population Length: 20| Best DNA: 'θεοδωρου αλεξανδρος ουδις θεοδωρου'
Generation 14 | Average Generation Fitness: 0.0025266690944251427, | Best Fitness: 0.0025266690944251422 | Population Length: 20| Best DNA: 'προεθηκε αλεξανδρος ουδις προεθηκε'
Generation 15 | Average Generation Fitness: 0.0025266690944251427, | Best Fitness: 0.0025266690944251422 | Population Length: 20| Best DNA: 'προεθηκε αλεξανδρος ουδις προεθηκε'
Generation 16 | Average Generation Fitness: 0.0025266690944251427, | Best Fitness: 0.0025266690944251422 | Population Length: 20| Best DNA: 'προεθηκε αλεξανδρος ουδις προεθηκε'
Generation 17 | Average Generation Fitness: 0.0025266690944251427, | Best Fitness: 0.0025266690944251422 | Population Length: 20| Best DNA: 'προεθηκε αλεξανδρος ουδις προεθηκε'
Generation 18 | Average Generation Fitness: 0.0025266690944251427, | Best Fitness: 0.0025266690944251422 | Population Length: 20| Best DNA: 'προεθηκε αλεξανδρος ουδις προεθηκε'
Generation 19 | Average Generation Fitness: 0.0026022226470462898, | Best Fitness: 0.004037740146848083 | Population Length: 20| Best DNA: 'γαλατων αλεξανδρος ουδις γαλατων'
Generation 20 | Average Generation Fitness: 0.0025266690944251427, | Best Fitness: 0.0025266690944251422 | Population Length: 20| Best DNA: 'προεθηκε αλεξανδρος ουδις προεθηκε'
Generation 21 | Average Generation Fitness: 0.0025266690944251427, | Best Fitness: 0.0025266690944251422 | Population Length: 20| Best DNA: 'προεθηκε αλεξανδρος ουδις προεθηκε'
Generation 22 | Average Generation Fitness: 0.0025266690944251427, | Best Fitness: 0.0025266690944251422 | Population Length: 20| Best DNA: 'προεθηκε αλεξανδρος ουδις προεθηκε'
Generation 23 | Average Generation Fitness: 0.0025266690944251427, | Best Fitness: 0.0025266690944251422 | Population Length: 20| Best DNA: 'προεθηκε αλεξανδρος ουδις προεθηκε'
Generation 24 | Average Generation Fitness: 0.0025266690944251427, | Best Fitness: 0.0025266690944251422 | Population Length: 20| Best DNA: 'προεθηκε αλεξανδρος ουδις προεθηκε'
Generation 25 | Average Generation Fitness: 0.0025266690944251427, | Best Fitness: 0.0025266690944251422 | Population Length: 20| Best DNA: 'προεθηκε αλεξανδρος ουδις προεθηκε'
Generation 26 | Average Generation Fitness: 0.0025266690944251427, | Best Fitness: 0.0025266690944251422 | Population Length: 20| Best DNA: 'προεθηκε αλεξανδρος ουδις προεθηκε'
Generation 27 | Average Generation Fitness: 0.0025266690944251427, | Best Fitness: 0.0025266690944251422 | Population Length: 20| Best DNA: 'προεθηκε αλεξανδρος ουδις προεθηκε'
Generation 28 | Average Generation Fitness: 0.0025266690944251427, | Best Fitness: 0.0025266690944251422 | Population Length: 20| Best DNA: 'προεθηκε αλεξανδρος ουδις προεθηκε'
Generation 29 | Average Generation Fitness: 0.0025266690944251427, | Best Fitness: 0.0025266690944251422 | Population Length: 20| Best DNA: 'προεθηκε αλεξανδρος ουδις προεθηκε'
Generation 30 | Average Generation Fitness: 0.002813422105387597, | Best Fitness: 0.008261729313674223 | Population Length: 20| Best DNA: 'ιθυωρα αλεξανδρος ουδις ιθυωρα'
Generation 31 | Average Generation Fitness: 0.0025266690944251427, | Best Fitness: 0.0025266690944251422 | Population Length: 20| Best DNA: 'προεθηκε αλεξανδρος ουδις προεθηκε'
Generation 32 | Average Generation Fitness: 0.0025266690944251427, | Best Fitness: 0.0025266690944251422 | Population Length: 20| Best DNA: 'προεθηκε αλεξανδρος ουδις προεθηκε'
Generation 33 | Average Generation Fitness: 0.0026703652030853698, | Best Fitness: 0.004592127237695166 | Population Length: 20| Best DNA: 'νεοπολου αλεξανδρος ουδις νεοπολου'
Generation 34 | Average Generation Fitness: 0.0025266690944251427, | Best Fitness: 0.0025266690944251422 | Population Length: 20| Best DNA: 'προεθηκε αλεξανδρος ουδις προεθηκε'
Generation 35 | Average Generation Fitness: 0.0025266690944251427, | Best Fitness: 0.0025266690944251422 | Population Length: 20| Best DNA: 'προεθηκε αλεξανδρος ουδις προεθηκε'
Generation 36 | Average Generation Fitness: 0.002563431428438645, | Best Fitness: 0.003261915774695184 | Population Length: 20| Best DNA: 'πολεμους αλεξανδρος ουδις πολεμους'
Generation 37 | Average Generation Fitness: 0.002563431428438645, | Best Fitness: 0.003261915774695184 | Population Length: 20| Best DNA: 'προεθηκε αλεξανδρος ουδις προεθηκε'
Generation 38 | Average Generation Fitness: 0.0025266690944251427, | Best Fitness: 0.0025266690944251422 | Population Length: 20| Best DNA: 'προεθηκε αλεξανδρος ουδις προεθηκε'
Generation 39 | Average Generation Fitness: 0.0030863311495079038, | Best Fitness: 0.012341237248034698 | Population Length: 20| Best DNA: 'αντιλοχος αλεξανδρος ουδις αντιλοχος'
Generation 40 | Average Generation Fitness: 0.002844210324906319, | Best Fitness: 0.008877493704048665 | Population Length: 20| Best DNA: 'προεθηκε αλεξανδρος ουδις προεθηκε'
Generation 41 | Average Generation Fitness: 0.0025266690944251427, | Best Fitness: 0.0025266690944251422 | Population Length: 20| Best DNA: 'προεθηκε αλεξανδρος ουδις προεθηκε'
Generation 42 | Average Generation Fitness: 0.0025266690944251427, | Best Fitness: 0.0025266690944251422 | Population Length: 20| Best DNA: 'προεθηκε αλεξανδρος ουδις προεθηκε'
Generation 43 | Average Generation Fitness: 0.0025266690944251427, | Best Fitness: 0.0025266690944251422 | Population Length: 20| Best DNA: 'προεθηκε αλεξανδρος ουδις προεθηκε'
Generation 44 | Average Generation Fitness: 0.0025266690944251427, | Best Fitness: 0.0025266690944251422 | Population Length: 20| Best DNA: 'προεθηκε αλεξανδρος ουδις προεθηκε'
Generation 45 | Average Generation Fitness: 0.0025266690944251427, | Best Fitness: 0.0025266690944251422 | Population Length: 20| Best DNA: 'προεθηκε αλεξανδρος ουδις προεθηκε'
Generation 46 | Average Generation Fitness: 0.0025266690944251427, | Best Fitness: 0.0025266690944251422 | Population Length: 20| Best DNA: 'προεθηκε αλεξανδρος ουδις προεθηκε'
Generation 47 | Average Generation Fitness: 0.0025266690944251427, | Best Fitness: 0.0025266690944251422 | Population Length: 20| Best DNA: 'προεθηκε αλεξανδρος ουδις προεθηκε'
Generation 48 | Average Generation Fitness: 0.0025266690944251427, | Best Fitness: 0.0025266690944251422 | Population Length: 20| Best DNA: 'προεθηκε αλεξανδρος ουδις προεθηκε'
Generation 49 | Average Generation Fitness: 0.0025266690944251427, | Best Fitness: 0.0025266690944251422 | Population Length: 20| Best DNA: 'προεθηκε αλεξανδρος ουδις προεθηκε'
Generation 50 | Average Generation Fitness: 0.0025266690944251427, | Best Fitness: 0.0025266690944251422 | Population Length: 20| Best DNA: 'προεθηκε αλεξανδρος ουδις προεθηκε'
------------------------------------------------
Total Generations: 50
Total Population: 20   ---   Mutation Rate: 0.01  ---  Crossover Probability: 0.6
Average Fitness: 0.0025266690944251427  ---  Best Overall Fitness: 0.012341237248034698
----------------------------------------------------------------------------------------------------------------------------------------------------
Execution: 9
Generation 1 | Average Generation Fitness: 0.003931347432249085 | Best Fitness: 0.0058827246140829206 | Population Length: 20| Best DNA: 'εδοξε αλεξανδρος ουδις εδοξε'
Generation 2 | Average Generation Fitness: 0.003525881243756321 | Best Fitness: 0.0048568134476462705 | Population Length: 20| Best DNA: 'εαυτωι αλεξανδρος ουδις εαυτωι'
Generation 3 | Average Generation Fitness: 0.0033161692257978846 | Best Fitness: 0.0042412540001493595 | Population Length: 20| Best DNA: 'πατρι αλεξανδρος ουδις πατρι'
Generation 4 | Average Generation Fitness: 0.0029678171025871686 | Best Fitness: 0.003261915774695184 | Population Length: 20| Best DNA: 'εαυτωι αλεξανδρος ουδις εαυτωι'
Generation 5 | Average Generation Fitness: 0.002967817102587168 | Best Fitness: 0.003261915774695184 | Population Length: 20| Best DNA: 'πατρι αλεξανδρος ουδις πατρι'
Generation 6 | Average Generation Fitness: 0.0028942924345601645 | Best Fitness: 0.003261915774695184 | Population Length: 20| Best DNA: 'πορισθεντων αλεξανδρος ουδις πορισθεντων'
Generation 7 | Average Generation Fitness: 0.0027104807644926536 | Best Fitness: 0.003261915774695184 | Population Length: 20| Best DNA: 'πατρι αλεξανδρος ουδις πατρι'
Generation 8 | Average Generation Fitness: 0.002563431428438645 | Best Fitness: 0.003261915774695184 | Population Length: 20| Best DNA: 'παντος αλεξανδρος ουδις παντος'
Generation 9 | Average Generation Fitness: 0.0025266690944251427 | Best Fitness: 0.0025266690944251422 | Population Length: 20| Best DNA: 'παντος αλεξανδρος ουδις παντος'
Generation 10 | Average Generation Fitness: 0.0025266690944251427 | Best Fitness: 0.0025266690944251422 | Population Length: 20| Best DNA: 'παντος αλεξανδρος ουδις παντος'
Generation 11 | Average Generation Fitness: 0.0025266690944251427 | Best Fitness: 0.0025266690944251422 | Population Length: 20| Best DNA: 'παντος αλεξανδρος ουδις παντος'
Generation 12 | Average Generation Fitness: 0.0025266690944251427 | Best Fitness: 0.0025266690944251422 | Population Length: 20| Best DNA: 'παντος αλεξανδρος ουδις παντος'
Generation 13 | Average Generation Fitness: 0.0026615964352292186 | Best Fitness: 0.004489969230236612 | Population Length: 20| Best DNA: 'πυρραλιωνος αλεξανδρος ουδις πυρραλιωνος'
Generation 14 | Average Generation Fitness: 0.0025266690944251427 | Best Fitness: 0.0025266690944251422 | Population Length: 20| Best DNA: 'παντος αλεξανδρος ουδις παντος'
Generation 15 | Average Generation Fitness: 0.0025266690944251427 | Best Fitness: 0.0025266690944251422 | Population Length: 20| Best DNA: 'παντος αλεξανδρος ουδις παντος'
Generation 16 | Average Generation Fitness: 0.0025266690944251427 | Best Fitness: 0.0025266690944251422 | Population Length: 20| Best DNA: 'παντος αλεξανδρος ουδις παντος'
Generation 17 | Average Generation Fitness: 0.0025266690944251427 | Best Fitness: 0.0025266690944251422 | Population Length: 20| Best DNA: 'παντος αλεξανδρος ουδις παντος'
Generation 18 | Average Generation Fitness: 0.0025266690944251427 | Best Fitness: 0.0025266690944251422 | Population Length: 20| Best DNA: 'παντος αλεξανδρος ουδις παντος'
Generation 19 | Average Generation Fitness: 0.0025266690944251427 | Best Fitness: 0.0025266690944251422 | Population Length: 20| Best DNA: 'παντος αλεξανδρος ουδις παντος'
Generation 20 | Average Generation Fitness: 0.0027325074195863807 | Best Fitness: 0.006643435597649898 | Population Length: 20| Best DNA: 'μοιροδωρος αλεξανδρος ουδις μοιροδωρος'
Generation 21 | Average Generation Fitness: 0.0025266690944251427 | Best Fitness: 0.0025266690944251422 | Population Length: 20| Best DNA: 'παντος αλεξανδρος ουδις παντος'
Generation 22 | Average Generation Fitness: 0.0026537443574753974 | Best Fitness: 0.0050681743554302355 | Population Length: 20| Best DNA: 'ν αλεξανδρος ουδις ν'
Generation 23 | Average Generation Fitness: 0.0025266690944251427 | Best Fitness: 0.0025266690944251422 | Population Length: 20| Best DNA: 'παντος αλεξανδρος ουδις παντος'
Generation 24 | Average Generation Fitness: 0.0025266690944251427 | Best Fitness: 0.0025266690944251422 | Population Length: 20| Best DNA: 'παντος αλεξανδρος ουδις παντος'
Generation 25 | Average Generation Fitness: 0.0025266690944251427 | Best Fitness: 0.0025266690944251422 | Population Length: 20| Best DNA: 'παντος αλεξανδρος ουδις παντος'
Generation 26 | Average Generation Fitness: 0.0025266690944251427 | Best Fitness: 0.0025266690944251422 | Population Length: 20| Best DNA: 'παντος αλεξανδρος ουδις παντος'
Generation 27 | Average Generation Fitness: 0.0025266690944251427 | Best Fitness: 0.0025266690944251422 | Population Length: 20| Best DNA: 'παντος αλεξανδρος ουδις παντος'
Generation 28 | Average Generation Fitness: 0.0025266690944251427 | Best Fitness: 0.0025266690944251422 | Population Length: 20| Best DNA: 'παντος αλεξανδρος ουδις παντος'
Generation 29 | Average Generation Fitness: 0.0025266690944251427 | Best Fitness: 0.0025266690944251422 | Population Length: 20| Best DNA: 'παντος αλεξανδρος ουδις παντος'
Generation 30 | Average Generation Fitness: 0.0025266690944251427 | Best Fitness: 0.0025266690944251422 | Population Length: 20| Best DNA: 'παντος αλεξανδρος ουδις παντος'
Generation 31 | Average Generation Fitness: 0.0025266690944251427 | Best Fitness: 0.0025266690944251422 | Population Length: 20| Best DNA: 'παντος αλεξανδρος ουδις παντος'
Generation 32 | Average Generation Fitness: 0.0025266690944251427 | Best Fitness: 0.0025266690944251422 | Population Length: 20| Best DNA: 'παντος αλεξανδρος ουδις παντος'
Generation 33 | Average Generation Fitness: 0.0025266690944251427 | Best Fitness: 0.0025266690944251422 | Population Length: 20| Best DNA: 'παντος αλεξανδρος ουδις παντος'
Generation 34 | Average Generation Fitness: 0.0025966867150136446 | Best Fitness: 0.003927021506195175 | Population Length: 20| Best DNA: 'απαιτουντος αλεξανδρος ουδις απαιτουντος'
Generation 35 | Average Generation Fitness: 0.0025266690944251427 | Best Fitness: 0.0025266690944251422 | Population Length: 20| Best DNA: 'παντος αλεξανδρος ουδις παντος'
Generation 36 | Average Generation Fitness: 0.002745563697924833 | Best Fitness: 0.006904561164418934 | Population Length: 20| Best DNA: 'γλαυκου αλεξανδρος ουδις γλαυκου'
Generation 37 | Average Generation Fitness: 0.002765534542529666 | Best Fitness: 0.00730397805651561 | Population Length: 20| Best DNA: 'οιομενου αλεξανδρος ουδις οιομενου'
Generation 38 | Average Generation Fitness: 0.0025266690944251427 | Best Fitness: 0.0025266690944251422 | Population Length: 20| Best DNA: 'παντος αλεξανδρος ουδις παντος'
Generation 39 | Average Generation Fitness: 0.0025266690944251427 | Best Fitness: 0.0025266690944251422 | Population Length: 20| Best DNA: 'παντος αλεξανδρος ουδις παντος'
Generation 40 | Average Generation Fitness: 0.0025266690944251427 | Best Fitness: 0.0025266690944251422 | Population Length: 20| Best DNA: 'παντος αλεξανδρος ουδις παντος'
Generation 41 | Average Generation Fitness: 0.0025266690944251427 | Best Fitness: 0.0025266690944251422 | Population Length: 20| Best DNA: 'παντος αλεξανδρος ουδις παντος'
Generation 42 | Average Generation Fitness: 0.0025266690944251427 | Best Fitness: 0.0025266690944251422 | Population Length: 20| Best DNA: 'παντος αλεξανδρος ουδις παντος'
Generation 43 | Average Generation Fitness: 0.0025266690944251427 | Best Fitness: 0.0025266690944251422 | Population Length: 20| Best DNA: 'παντος αλεξανδρος ουδις παντος'
Generation 44 | Average Generation Fitness: 0.0025266690944251427 | Best Fitness: 0.0025266690944251422 | Population Length: 20| Best DNA: 'παντος αλεξανδρος ουδις παντος'
Generation 45 | Average Generation Fitness: 0.0025266690944251427 | Best Fitness: 0.0025266690944251422 | Population Length: 20| Best DNA: 'παντος αλεξανδρος ουδις παντος'
Generation 46 | Average Generation Fitness: 0.0025266690944251427 | Best Fitness: 0.0025266690944251422 | Population Length: 20| Best DNA: 'παντος αλεξανδρος ουδις παντος'
Generation 47 | Average Generation Fitness: 0.002750496419375451 | Best Fitness: 0.007003215593431306 | Population Length: 20| Best DNA: 'βαβος αλεξανδρος ουδις βαβος'
Generation 48 | Average Generation Fitness: 0.0025266690944251427 | Best Fitness: 0.0025266690944251422 | Population Length: 20| Best DNA: 'παντος αλεξανδρος ουδις παντος'
Generation 49 | Average Generation Fitness: 0.0025266690944251427 | Best Fitness: 0.0025266690944251422 | Population Length: 20| Best DNA: 'παντος αλεξανδρος ουδις παντος'
Generation 50 | Average Generation Fitness: 0.0026989915725708674 | Best Fitness: 0.005973118657339627 | Population Length: 20| Best DNA: 'νευπολις αλεξανδρος ουδις νευπολις'
------------------------------------------------
Total Generations: 50
Total Population: 20   ---   Mutation Rate: 0.01  ---  Crossover Probability: 0.6
Average Fitness: 0.0026989915725708674  ---  Best Overall Fitness: 0.00730397805651561
------------------------------------------------