----------------------------------------------------------------------------------------------------
Execution: 0
Generation 1 | Average Generation Fitness: 0.005474737354413768 | Best Fitness: 0.010981533273204787 | Population Length: 20| Best DNA: 'ερμεω αλεξανδρος ουδις ερμεω'
Generation 2 | Average Generation Fitness: 0.005018394036741156 | Best Fitness: 0.007883899389873111 | Population Length: 20| Best DNA: 'πινυτος αλεξανδρος ουδις πινυτος'
Generation 3 | Average Generation Fitness: 0.0042521783763172834 | Best Fitness: 0.007230760706851136 | Population Length: 20| Best DNA: 'θρασυλοχου αλεξανδρος ουδις θρασυλοχου'
Generation 4 | Average Generation Fitness: 0.003496081953199752 | Best Fitness: 0.006489028458034012 | Population Length: 20| Best DNA: 'τοι αλεξανδρος ουδις τοι'
Generation 5 | Average Generation Fitness: 0.0032884040348135366 | Best Fitness: 0.0043835661416286205 | Population Length: 20| Best DNA: 'πλεισταρχου αλεξανδρος ουδις πλεισταρχου'
Generation 6 | Average Generation Fitness: 0.003142587414250844 | Best Fitness: 0.005729205929040768 | Population Length: 20| Best DNA: 'βουλη αλεξανδρος ουδις βουλη'
Generation 7 | Average Generation Fitness: 0.002861190968029886 | Best Fitness: 0.0033351331243596572 | Population Length: 20| Best DNA: 'ευνοιαν αλεξανδρος ουδις ευνοιαν'
Generation 8 | Average Generation Fitness: 0.002747243098506156 | Best Fitness: 0.003261915774695184 | Population Length: 20| Best DNA: 'πλεισταρχου αλεξανδρος ουδις πλεισταρχου'
Generation 9 | Average Generation Fitness: 0.00270558166815307 | Best Fitness: 0.006104920568983688 | Population Length: 20| Best DNA: 'αυτους αλεξανδρος ουδις αυτους'
Generation 10 | Average Generation Fitness: 0.0026270418096442484 | Best Fitness: 0.004534123398807255 | Population Length: 20| Best DNA: 'πυρραλιωνος αλεξανδρος ουδις πυρραλιωνος'
Generation 11 | Average Generation Fitness: 0.0025266690944251427 | Best Fitness: 0.0025266690944251422 | Population Length: 20| Best DNA: 'τελουσης αλεξανδρος ουδις τελουσης'
Generation 12 | Average Generation Fitness: 0.0025266690944251427 | Best Fitness: 0.0025266690944251422 | Population Length: 20| Best DNA: 'τελουσης αλεξανδρος ουδις τελουσης'
Generation 13 | Average Generation Fitness: 0.0025266690944251427 | Best Fitness: 0.0025266690944251422 | Population Length: 20| Best DNA: 'τελουσης αλεξανδρος ουδις τελουσης'
Generation 14 | Average Generation Fitness: 0.0025266690944251427 | Best Fitness: 0.0025266690944251422 | Population Length: 20| Best DNA: 'τελουσης αλεξανδρος ουδις τελουσης'
Generation 15 | Average Generation Fitness: 0.002698842783171888 | Best Fitness: 0.005970142869360045 | Population Length: 20| Best DNA: 'ετι αλεξανδρος ουδις ετι'
Generation 16 | Average Generation Fitness: 0.002574414030888316 | Best Fitness: 0.003481567823688605 | Population Length: 20| Best DNA: 'τελουσης αλεξανδρος ουδις τελουσης'
Generation 17 | Average Generation Fitness: 0.0025266690944251427 | Best Fitness: 0.0025266690944251422 | Population Length: 20| Best DNA: 'τελουσης αλεξανδρος ουδις τελουσης'
Generation 18 | Average Generation Fitness: 0.0025266690944251427 | Best Fitness: 0.0025266690944251422 | Population Length: 20| Best DNA: 'τελουσης αλεξανδρος ουδις τελουσης'
Generation 19 | Average Generation Fitness: 0.0025266690944251427 | Best Fitness: 0.0025266690944251422 | Population Length: 20| Best DNA: 'τελουσης αλεξανδρος ουδις τελουσης'
Generation 20 | Average Generation Fitness: 0.0025266690944251427 | Best Fitness: 0.0025266690944251422 | Population Length: 20| Best DNA: 'τελουσης αλεξανδρος ουδις τελουσης'
Generation 21 | Average Generation Fitness: 0.0025266690944251427 | Best Fitness: 0.0025266690944251422 | Population Length: 20| Best DNA: 'τελουσης αλεξανδρος ουδις τελουσης'
Generation 22 | Average Generation Fitness: 0.0025266690944251427 | Best Fitness: 0.0025266690944251422 | Population Length: 20| Best DNA: 'τελουσης αλεξανδρος ουδις τελουσης'
Generation 23 | Average Generation Fitness: 0.0025266690944251427 | Best Fitness: 0.0025266690944251422 | Population Length: 20| Best DNA: 'τελουσης αλεξανδρος ουδις τελουσης'
Generation 24 | Average Generation Fitness: 0.0025266690944251427 | Best Fitness: 0.0025266690944251422 | Population Length: 20| Best DNA: 'τελουσης αλεξανδρος ουδις τελουσης'
Generation 25 | Average Generation Fitness: 0.0025266690944251427 | Best Fitness: 0.0025266690944251422 | Population Length: 20| Best DNA: 'τελουσης αλεξανδρος ουδις τελουσης'
Generation 26 | Average Generation Fitness: 0.0025266690944251427 | Best Fitness: 0.0025266690944251422 | Population Length: 20| Best DNA: 'τελουσης αλεξανδρος ουδις τελουσης'
Generation 27 | Average Generation Fitness: 0.0025266690944251427 | Best Fitness: 0.0025266690944251422 | Population Length: 20| Best DNA: 'τελουσης αλεξανδρος ουδις τελουσης'
Generation 28 | Average Generation Fitness: 0.0031155086938839346 | Best Fitness: 0.008562963605882481 | Population Length: 20| Best DNA: 'μνημης αλεξανδρος ουδις μνημης'
Generation 29 | Average Generation Fitness: 0.0025266690944251427 | Best Fitness: 0.0025266690944251422 | Population Length: 20| Best DNA: 'τελουσης αλεξανδρος ουδις τελουσης'
Generation 30 | Average Generation Fitness: 0.0025266690944251427 | Best Fitness: 0.0025266690944251422 | Population Length: 20| Best DNA: 'τελουσης αλεξανδρος ουδις τελουσης'
Generation 31 | Average Generation Fitness: 0.0025266690944251427 | Best Fitness: 0.0025266690944251422 | Population Length: 20| Best DNA: 'τελουσης αλεξανδρος ουδις τελουσης'
Generation 32 | Average Generation Fitness: 0.0025266690944251427 | Best Fitness: 0.0025266690944251422 | Population Length: 20| Best DNA: 'τελουσης αλεξανδρος ουδις τελουσης'
Generation 33 | Average Generation Fitness: 0.0025266690944251427 | Best Fitness: 0.0025266690944251422 | Population Length: 20| Best DNA: 'τελουσης αλεξανδρος ουδις τελουσης'
Generation 34 | Average Generation Fitness: 0.0025266690944251427 | Best Fitness: 0.0025266690944251422 | Population Length: 20| Best DNA: 'τελουσης αλεξανδρος ουδις τελουσης'
Generation 35 | Average Generation Fitness: 0.0025266690944251427 | Best Fitness: 0.0025266690944251422 | Population Length: 20| Best DNA: 'τελουσης αλεξανδρος ουδις τελουσης'
Generation 36 | Average Generation Fitness: 0.002940943530434374 | Best Fitness: 0.01081215781460976 | Population Length: 20| Best DNA: 'μηθεν αλεξανδρος ουδις μηθεν'
Generation 37 | Average Generation Fitness: 0.0025266690944251427 | Best Fitness: 0.0025266690944251422 | Population Length: 20| Best DNA: 'τελουσης αλεξανδρος ουδις τελουσης'
Generation 38 | Average Generation Fitness: 0.002761873675046443 | Best Fitness: 0.007230760706851136 | Population Length: 20| Best DNA: 'δαπανην αλεξανδρος ουδις δαπανην'
Generation 39 | Average Generation Fitness: 0.0025266690944251427 | Best Fitness: 0.0025266690944251422 | Population Length: 20| Best DNA: 'τελουσης αλεξανδρος ουδις τελουσης'
Generation 40 | Average Generation Fitness: 0.0025266690944251427 | Best Fitness: 0.0025266690944251422 | Population Length: 20| Best DNA: 'τελουσης αλεξανδρος ουδις τελουσης'
Generation 41 | Average Generation Fitness: 0.0025266690944251427 | Best Fitness: 0.0025266690944251422 | Population Length: 20| Best DNA: 'τελουσης αλεξανδρος ουδις τελουσης'
Generation 42 | Average Generation Fitness: 0.0025266690944251427 | Best Fitness: 0.0025266690944251422 | Population Length: 20| Best DNA: 'τελουσης αλεξανδρος ουδις τελουσης'
Generation 43 | Average Generation Fitness: 0.0025266690944251427 | Best Fitness: 0.0025266690944251422 | Population Length: 20| Best DNA: 'τελουσης αλεξανδρος ουδις τελουσης'
Generation 44 | Average Generation Fitness: 0.002724787062605586 | Best Fitness: 0.006489028458034011 | Population Length: 20| Best DNA: 'λοιπης αλεξανδρος ουδις λοιπης'
Generation 45 | Average Generation Fitness: 0.00270558166815307 | Best Fitness: 0.006104920568983688 | Population Length: 20| Best DNA: 'συνιδων αλεξανδρος ουδις συνιδων'
Generation 46 | Average Generation Fitness: 0.0028568389486074526 | Best Fitness: 0.006104920568983688 | Population Length: 20| Best DNA: 'ενσ αλεξανδρος ουδις ενσ'
Generation 47 | Average Generation Fitness: 0.0027636556201657363 | Best Fitness: 0.0055518147035127936 | Population Length: 20| Best DNA: 'υγιαινοντος αλεξανδρος ουδις υγιαινοντος'
Generation 48 | Average Generation Fitness: 0.002949095272079426 | Best Fitness: 0.007546022836062371 | Population Length: 20| Best DNA: 'χοφαρνου αλεξανδρος ουδις χοφαρνου'
Generation 49 | Average Generation Fitness: 0.002612398339711354 | Best Fitness: 0.0042412540001493595 | Population Length: 20| Best DNA: 'πολεμω αλεξανδρος ουδις πολεμω'
Generation 50 | Average Generation Fitness: 0.0025266690944251427 | Best Fitness: 0.0025266690944251422 | Population Length: 20| Best DNA: 'τελουσης αλεξανδρος ουδις τελουσης'
Generation 51 | Average Generation Fitness: 0.0025266690944251427 | Best Fitness: 0.0025266690944251422 | Population Length: 20| Best DNA: 'τελουσης αλεξανδρος ουδις τελουσης'
------------------------------------------------
Total Generations: 51
Total Population: 20   ---   Mutation Rate: 0.01  ---  Crossover Probability: 0.1
Average Fitness: 0.0025266690944251427  ---  Best Overall Fitness: 0.010981533273204787
----------------------------------------------------------------------------------------------------------------------------------------------------
Execution: 1
Generation 1 | Average Generation Fitness: 0.004126198557508682 | Best Fitness: 0.0065224095690767725 | Population Length: 20| Best DNA: 'καραστου αλεξανδρος ουδις καραστου'
Generation 2 | Average Generation Fitness: 0.003393612871509302 | Best Fitness: 0.006086439242699173 | Population Length: 20| Best DNA: 'κατεσκευασε αλεξανδρος ουδις κατεσκευασε'
Generation 3 | Average Generation Fitness: 0.00322433312086772 | Best Fitness: 0.0039034082809170623 | Population Length: 20| Best DNA: 'οργην αλεξανδρος ουδις οργην'
Generation 4 | Average Generation Fitness: 0.0035772291384441276 | Best Fitness: 0.006983826441562711 | Population Length: 20| Best DNA: 'οσον αλεξανδρος ουδις οσον'
Generation 5 | Average Generation Fitness: 0.0031589505076211263 | Best Fitness: 0.0034083504740241312 | Population Length: 20| Best DNA: 'εκομισατο αλεξανδρος ουδις εκομισατο'
Generation 6 | Average Generation Fitness: 0.003151628772654679 | Best Fitness: 0.003261915774695184 | Population Length: 20| Best DNA: 'τουτου αλεξανδρος ουδις τουτου'
Generation 7 | Average Generation Fitness: 0.0030413417706141727 | Best Fitness: 0.003261915774695184 | Population Length: 20| Best DNA: 'οργην αλεξανδρος ουδις οργην'
Generation 8 | Average Generation Fitness: 0.0029678171025871686 | Best Fitness: 0.003261915774695184 | Population Length: 20| Best DNA: 'οργην αλεξανδρος ουδις οργην'
Generation 9 | Average Generation Fitness: 0.002857530100546662 | Best Fitness: 0.003261915774695184 | Population Length: 20| Best DNA: 'οργην αλεξανδρος ουδις οργην'
Generation 10 | Average Generation Fitness: 0.0031618450052487133 | Best Fitness: 0.011553953909546342 | Population Length: 20| Best DNA: 'ηρως αλεξανδρος ουδις ηρως'
Generation 11 | Average Generation Fitness: 0.002563431428438645 | Best Fitness: 0.003261915774695184 | Population Length: 20| Best DNA: 'οργην αλεξανδρος ουδις οργην'
Generation 12 | Average Generation Fitness: 0.0025266690944251427 | Best Fitness: 0.0025266690944251422 | Population Length: 20| Best DNA: 'οργην αλεξανδρος ουδις οργην'
Generation 13 | Average Generation Fitness: 0.0025266690944251427 | Best Fitness: 0.0025266690944251422 | Population Length: 20| Best DNA: 'οργην αλεξανδρος ουδις οργην'
Generation 14 | Average Generation Fitness: 0.0026673450450642607 | Best Fitness: 0.005340188107207497 | Population Length: 20| Best DNA: 'αυρηλιου αλεξανδρος ουδις αυρηλιου'
Generation 15 | Average Generation Fitness: 0.0025266690944251427 | Best Fitness: 0.0025266690944251422 | Population Length: 20| Best DNA: 'οργην αλεξανδρος ουδις οργην'
Generation 16 | Average Generation Fitness: 0.0025919638189305936 | Best Fitness: 0.003832563584534162 | Population Length: 20| Best DNA: 'βοισκου αλεξανδρος ουδις βοισκου'
Generation 17 | Average Generation Fitness: 0.0025266690944251427 | Best Fitness: 0.0025266690944251422 | Population Length: 20| Best DNA: 'οργην αλεξανδρος ουδις οργην'
Generation 18 | Average Generation Fitness: 0.0025266690944251427 | Best Fitness: 0.0025266690944251422 | Population Length: 20| Best DNA: 'οργην αλεξανδρος ουδις οργην'
Generation 19 | Average Generation Fitness: 0.0025266690944251427 | Best Fitness: 0.0025266690944251422 | Population Length: 20| Best DNA: 'οργην αλεξανδρος ουδις οργην'
Generation 20 | Average Generation Fitness: 0.0025266690944251427 | Best Fitness: 0.0025266690944251422 | Population Length: 20| Best DNA: 'οργην αλεξανδρος ουδις οργην'
Generation 21 | Average Generation Fitness: 0.0025266690944251427 | Best Fitness: 0.0025266690944251422 | Population Length: 20| Best DNA: 'οργην αλεξανδρος ουδις οργην'
Generation 22 | Average Generation Fitness: 0.0025266690944251427 | Best Fitness: 0.0025266690944251422 | Population Length: 20| Best DNA: 'οργην αλεξανδρος ουδις οργην'
Generation 23 | Average Generation Fitness: 0.0025266690944251427 | Best Fitness: 0.0025266690944251422 | Population Length: 20| Best DNA: 'οργην αλεξανδρος ουδις οργην'
Generation 24 | Average Generation Fitness: 0.002563431428438645 | Best Fitness: 0.003261915774695184 | Population Length: 20| Best DNA: 'πατρος αλεξανδρος ουδις πατρος'
Generation 25 | Average Generation Fitness: 0.002563431428438645 | Best Fitness: 0.003261915774695184 | Population Length: 20| Best DNA: 'οργην αλεξανδρος ουδις οργην'
Generation 26 | Average Generation Fitness: 0.0025266690944251427 | Best Fitness: 0.0025266690944251422 | Population Length: 20| Best DNA: 'οργην αλεξανδρος ουδις οργην'
Generation 27 | Average Generation Fitness: 0.0025266690944251427 | Best Fitness: 0.0025266690944251422 | Population Length: 20| Best DNA: 'οργην αλεξανδρος ουδις οργην'
Generation 28 | Average Generation Fitness: 0.0025266690944251427 | Best Fitness: 0.0025266690944251422 | Population Length: 20| Best DNA: 'οργην αλεξανδρος ουδις οργην'
Generation 29 | Average Generation Fitness: 0.0025266690944251427 | Best Fitness: 0.0025266690944251422 | Population Length: 20| Best DNA: 'οργην αλεξανδρος ουδις οργην'
Generation 30 | Average Generation Fitness: 0.0025266690944251427 | Best Fitness: 0.0025266690944251422 | Population Length: 20| Best DNA: 'οργην αλεξανδρος ουδις οργην'
Generation 31 | Average Generation Fitness: 0.0025266690944251427 | Best Fitness: 0.0025266690944251422 | Population Length: 20| Best DNA: 'οργην αλεξανδρος ουδις οργην'
Generation 32 | Average Generation Fitness: 0.0025266690944251427 | Best Fitness: 0.0025266690944251422 | Population Length: 20| Best DNA: 'οργην αλεξανδρος ουδις οργην'
Generation 33 | Average Generation Fitness: 0.002703545375473088 | Best Fitness: 0.006064194715384044 | Population Length: 20| Best DNA: 'δια αλεξανδρος ουδις δια'
Generation 34 | Average Generation Fitness: 0.0025266690944251427 | Best Fitness: 0.0025266690944251422 | Population Length: 20| Best DNA: 'οργην αλεξανδρος ουδις οργην'
Generation 35 | Average Generation Fitness: 0.0025266690944251427 | Best Fitness: 0.0025266690944251422 | Population Length: 20| Best DNA: 'οργην αλεξανδρος ουδις οργην'
Generation 36 | Average Generation Fitness: 0.0025266690944251427 | Best Fitness: 0.0025266690944251422 | Population Length: 20| Best DNA: 'οργην αλεξανδρος ουδις οργην'
Generation 37 | Average Generation Fitness: 0.0025266690944251427 | Best Fitness: 0.0025266690944251422 | Population Length: 20| Best DNA: 'οργην αλεξανδρος ουδις οργην'
Generation 38 | Average Generation Fitness: 0.0025266690944251427 | Best Fitness: 0.0025266690944251422 | Population Length: 20| Best DNA: 'οργην αλεξανδρος ουδις οργην'
Generation 39 | Average Generation Fitness: 0.0025266690944251427 | Best Fitness: 0.0025266690944251422 | Population Length: 20| Best DNA: 'οργην αλεξανδρος ουδις οργην'
Generation 40 | Average Generation Fitness: 0.0025266690944251427 | Best Fitness: 0.0025266690944251422 | Population Length: 20| Best DNA: 'οργην αλεξανδρος ουδις οργην'
Generation 41 | Average Generation Fitness: 0.0026817691177100263 | Best Fitness: 0.005628669560122807 | Population Length: 20| Best DNA: 'ταυτ αλεξανδρος ουδις ταυτ'
Generation 42 | Average Generation Fitness: 0.0025266690944251427 | Best Fitness: 0.0025266690944251422 | Population Length: 20| Best DNA: 'οργην αλεξανδρος ουδις οργην'
Generation 43 | Average Generation Fitness: 0.0025266690944251427 | Best Fitness: 0.0025266690944251422 | Population Length: 20| Best DNA: 'οργην αλεξανδρος ουδις οργην'
Generation 44 | Average Generation Fitness: 0.0025266690944251427 | Best Fitness: 0.0025266690944251422 | Population Length: 20| Best DNA: 'οργην αλεξανδρος ουδις οργην'
Generation 45 | Average Generation Fitness: 0.0025266690944251427 | Best Fitness: 0.0025266690944251422 | Population Length: 20| Best DNA: 'οργην αλεξανδρος ουδις οργην'
Generation 46 | Average Generation Fitness: 0.0025266690944251427 | Best Fitness: 0.0025266690944251422 | Population Length: 20| Best DNA: 'οργην αλεξανδρος ουδις οργην'
Generation 47 | Average Generation Fitness: 0.0025266690944251427 | Best Fitness: 0.0025266690944251422 | Population Length: 20| Best DNA: 'οργην αλεξανδρος ουδις οργην'
Generation 48 | Average Generation Fitness: 0.0025266690944251427 | Best Fitness: 0.0025266690944251422 | Population Length: 20| Best DNA: 'οργην αλεξανδρος ουδις οργην'
Generation 49 | Average Generation Fitness: 0.0025266690944251427 | Best Fitness: 0.0025266690944251422 | Population Length: 20| Best DNA: 'οργην αλεξανδρος ουδις οργην'
Generation 50 | Average Generation Fitness: 0.0025266690944251427 | Best Fitness: 0.0025266690944251422 | Population Length: 20| Best DNA: 'οργην αλεξανδρος ουδις οργην'
------------------------------------------------
Total Generations: 50
Total Population: 20   ---   Mutation Rate: 0.01  ---  Crossover Probability: 0.1
Average Fitness: 0.0025266690944251427  ---  Best Overall Fitness: 0.011553953909546342
----------------------------------------------------------------------------------------------------------------------------------------------------
Execution: 2
Generation 1 | Average Generation Fitness: 0.004211053867592233 | Best Fitness: 0.007003215593431306 | Population Length: 20| Best DNA: 'αυς αλεξανδρος ουδις αυς'
Generation 2 | Average Generation Fitness: 0.003651716510697136 | Best Fitness: 0.004695776054546578 | Population Length: 20| Best DNA: 'υπερβερεταιου αλεξανδρος ουδις υπερβερεταιου'
Generation 3 | Average Generation Fitness: 0.0032239673065888076 | Best Fitness: 0.004382982145135378 | Population Length: 20| Best DNA: 'δημοπολις αλεξανδρος ουδις δημοπολις'
Generation 4 | Average Generation Fitness: 0.003034675134034561 | Best Fitness: 0.00415977230565619 | Population Length: 20| Best DNA: 'οφθαλμων αλεξανδρος ουδις οφθαλμων'
Generation 5 | Average Generation Fitness: 0.002747243098506156 | Best Fitness: 0.003261915774695184 | Population Length: 20| Best DNA: 'πυρων αλεξανδρος ουδις πυρων'
Generation 6 | Average Generation Fitness: 0.0026737184304791513 | Best Fitness: 0.003261915774695184 | Population Length: 20| Best DNA: 'οφθαλμων αλεξανδρος ουδις οφθαλμων'
Generation 7 | Average Generation Fitness: 0.0028071439824671157 | Best Fitness: 0.008136166855264597 | Population Length: 20| Best DNA: 'οσον αλεξανδρος ουδις οσον'
Generation 8 | Average Generation Fitness: 0.0025266690944251427 | Best Fitness: 0.0025266690944251422 | Population Length: 20| Best DNA: 'πυρων αλεξανδρος ουδις πυρων'
Generation 9 | Average Generation Fitness: 0.0025266690944251427 | Best Fitness: 0.0025266690944251422 | Population Length: 20| Best DNA: 'πυρων αλεξανδρος ουδις πυρων'
Generation 10 | Average Generation Fitness: 0.0025266690944251427 | Best Fitness: 0.0025266690944251422 | Population Length: 20| Best DNA: 'πυρων αλεξανδρος ουδις πυρων'
Generation 11 | Average Generation Fitness: 0.0025266690944251427 | Best Fitness: 0.0025266690944251422 | Population Length: 20| Best DNA: 'πυρων αλεξανδρος ουδις πυρων'
Generation 12 | Average Generation Fitness: 0.0025266690944251427 | Best Fitness: 0.0025266690944251422 | Population Length: 20| Best DNA: 'πυρων αλεξανδρος ουδις πυρων'
Generation 13 | Average Generation Fitness: 0.0026158238794774307 | Best Fitness: 0.004309764795470904 | Population Length: 20| Best DNA: 'αγορασαντας αλεξανδρος ουδις αγορασαντας'
Generation 14 | Average Generation Fitness: 0.0025266690944251427 | Best Fitness: 0.0025266690944251422 | Population Length: 20| Best DNA: 'πυρων αλεξανδρος ουδις πυρων'
Generation 15 | Average Generation Fitness: 0.0025266690944251427 | Best Fitness: 0.0025266690944251422 | Population Length: 20| Best DNA: 'πυρων αλεξανδρος ουδις πυρων'
Generation 16 | Average Generation Fitness: 0.0025266690944251427 | Best Fitness: 0.0025266690944251422 | Population Length: 20| Best DNA: 'πυρων αλεξανδρος ουδις πυρων'
Generation 17 | Average Generation Fitness: 0.0025266690944251427 | Best Fitness: 0.0025266690944251422 | Population Length: 20| Best DNA: 'πυρων αλεξανδρος ουδις πυρων'
Generation 18 | Average Generation Fitness: 0.0025266690944251427 | Best Fitness: 0.0025266690944251422 | Population Length: 20| Best DNA: 'πυρων αλεξανδρος ουδις πυρων'
Generation 19 | Average Generation Fitness: 0.0025266690944251427 | Best Fitness: 0.0025266690944251422 | Population Length: 20| Best DNA: 'πυρων αλεξανδρος ουδις πυρων'
Generation 20 | Average Generation Fitness: 0.0025266690944251427 | Best Fitness: 0.0025266690944251422 | Population Length: 20| Best DNA: 'πυρων αλεξανδρος ουδις πυρων'
Generation 21 | Average Generation Fitness: 0.0027921310911991756 | Best Fitness: 0.007835909029905806 | Population Length: 20| Best DNA: 'συνιδων αλεξανδρος ουδις συνιδων'
Generation 22 | Average Generation Fitness: 0.0025266690944251427 | Best Fitness: 0.0025266690944251422 | Population Length: 20| Best DNA: 'πυρων αλεξανδρος ουδις πυρων'
Generation 23 | Average Generation Fitness: 0.0025266690944251427 | Best Fitness: 0.0025266690944251422 | Population Length: 20| Best DNA: 'πυρων αλεξανδρος ουδις πυρων'
Generation 24 | Average Generation Fitness: 0.0025266690944251427 | Best Fitness: 0.0025266690944251422 | Population Length: 20| Best DNA: 'πυρων αλεξανδρος ουδις πυρων'
Generation 25 | Average Generation Fitness: 0.0025266690944251427 | Best Fitness: 0.0025266690944251422 | Population Length: 20| Best DNA: 'πυρων αλεξανδρος ουδις πυρων'
Generation 26 | Average Generation Fitness: 0.0025266690944251427 | Best Fitness: 0.0025266690944251422 | Population Length: 20| Best DNA: 'πυρων αλεξανδρος ουδις πυρων'
Generation 27 | Average Generation Fitness: 0.0025266690944251427 | Best Fitness: 0.0025266690944251422 | Population Length: 20| Best DNA: 'πυρων αλεξανδρος ουδις πυρων'
Generation 28 | Average Generation Fitness: 0.0025266690944251427 | Best Fitness: 0.0025266690944251422 | Population Length: 20| Best DNA: 'πυρων αλεξανδρος ουδις πυρων'
Generation 29 | Average Generation Fitness: 0.0026574103315072975 | Best Fitness: 0.005141493836068237 | Population Length: 20| Best DNA: 'υιω αλεξανδρος ουδις υιω'
Generation 30 | Average Generation Fitness: 0.0026574103315072975 | Best Fitness: 0.005141493836068237 | Population Length: 20| Best DNA: 'υιω αλεξανδρος ουδις υιω'
Generation 31 | Average Generation Fitness: 0.0025266690944251427 | Best Fitness: 0.0025266690944251422 | Population Length: 20| Best DNA: 'πυρων αλεξανδρος ουδις πυρων'
Generation 32 | Average Generation Fitness: 0.0025266690944251427 | Best Fitness: 0.0025266690944251422 | Population Length: 20| Best DNA: 'πυρων αλεξανδρος ουδις πυρων'
Generation 33 | Average Generation Fitness: 0.0025266690944251427 | Best Fitness: 0.0025266690944251422 | Population Length: 20| Best DNA: 'πυρων αλεξανδρος ουδις πυρων'
Generation 34 | Average Generation Fitness: 0.0025966867150136446 | Best Fitness: 0.003927021506195175 | Population Length: 20| Best DNA: 'ορθως αλεξανδρος ουδις ορθως'
Generation 35 | Average Generation Fitness: 0.002563431428438645 | Best Fitness: 0.003261915774695184 | Population Length: 20| Best DNA: 'ορθως αλεξανδρος ουδις ορθως'
Generation 36 | Average Generation Fitness: 0.002563431428438645 | Best Fitness: 0.003261915774695184 | Population Length: 20| Best DNA: 'πυρων αλεξανδρος ουδις πυρων'
Generation 37 | Average Generation Fitness: 0.0026022226470462898 | Best Fitness: 0.004037740146848083 | Population Length: 20| Best DNA: 'πεντε αλεξανδρος ουδις πεντε'
Generation 38 | Average Generation Fitness: 0.0025266690944251427 | Best Fitness: 0.0025266690944251422 | Population Length: 20| Best DNA: 'πυρων αλεξανδρος ουδις πυρων'
Generation 39 | Average Generation Fitness: 0.002761873675046443 | Best Fitness: 0.007230760706851137 | Population Length: 20| Best DNA: 'αμα αλεξανδρος ουδις αμα'
Generation 40 | Average Generation Fitness: 0.0025266690944251427 | Best Fitness: 0.0025266690944251422 | Population Length: 20| Best DNA: 'πυρων αλεξανδρος ουδις πυρων'
Generation 41 | Average Generation Fitness: 0.0025266690944251427 | Best Fitness: 0.0025266690944251422 | Population Length: 20| Best DNA: 'πυρων αλεξανδρος ουδις πυρων'
Generation 42 | Average Generation Fitness: 0.0025266690944251427 | Best Fitness: 0.0025266690944251422 | Population Length: 20| Best DNA: 'πυρων αλεξανδρος ουδις πυρων'
Generation 43 | Average Generation Fitness: 0.0025266690944251427 | Best Fitness: 0.0025266690944251422 | Population Length: 20| Best DNA: 'πυρων αλεξανδρος ουδις πυρων'
Generation 44 | Average Generation Fitness: 0.0028377163150184364 | Best Fitness: 0.008747613506291003 | Population Length: 20| Best DNA: 'πουρθαιου αλεξανδρος ουδις πουρθαιου'
Generation 45 | Average Generation Fitness: 0.0025266690944251427 | Best Fitness: 0.0025266690944251422 | Population Length: 20| Best DNA: 'πυρων αλεξανδρος ουδις πυρων'
Generation 46 | Average Generation Fitness: 0.0025266690944251427 | Best Fitness: 0.0025266690944251422 | Population Length: 20| Best DNA: 'πυρων αλεξανδρος ουδις πυρων'
Generation 47 | Average Generation Fitness: 0.0025266690944251427 | Best Fitness: 0.0025266690944251422 | Population Length: 20| Best DNA: 'πυρων αλεξανδρος ουδις πυρων'
Generation 48 | Average Generation Fitness: 0.0027951289616214422 | Best Fitness: 0.007895866438351128 | Population Length: 20| Best DNA: 'διι αλεξανδρος ουδις διι'
Generation 49 | Average Generation Fitness: 0.0025266690944251427 | Best Fitness: 0.0025266690944251422 | Population Length: 20| Best DNA: 'πυρων αλεξανδρος ουδις πυρων'
Generation 50 | Average Generation Fitness: 0.0025266690944251427 | Best Fitness: 0.0025266690944251422 | Population Length: 20| Best DNA: 'πυρων αλεξανδρος ουδις πυρων'
------------------------------------------------
Total Generations: 50
Total Population: 20   ---   Mutation Rate: 0.01  ---  Crossover Probability: 0.1
Average Fitness: 0.0025266690944251427  ---  Best Overall Fitness: 0.008747613506291003
----------------------------------------------------------------------------------------------------------------------------------------------------
Execution: 3
Generation 01 | Average Generation Fitness: 0.005786366046935405 | Best Fitness: 0.013499889521665604 | Population Length: 20| Best DNA: 'το αλεξανδρος ουδις το'
Generation 02 | Average Generation Fitness: 0.005400542827645617 | Best Fitness: 0.011876772034405368 | Population Length: 20| Best DNA: 'το αλεξανδρος ουδις το'
Generation 03 | Average Generation Fitness: 0.004555740183206555 | Best Fitness: 0.006907019658325958 | Population Length: 20| Best DNA: 'φαρνοξαρθος αλεξανδρος ουδις φαρνοξαρθος'
Generation 04 | Average Generation Fitness: 0.003991056385708387 | Best Fitness: 0.005486991807475553 | Population Length: 20| Best DNA: 'μετ αλεξανδρος ουδις μετ'
Generation 05 | Average Generation Fitness: 0.003656678630481963 | Best Fitness: 0.004439142786699832 | Population Length: 20| Best DNA: 'παν αλεξανδρος ουδις παν'
Generation 06 | Average Generation Fitness: 0.003338509960131177 | Best Fitness: 0.004257392195841504 | Population Length: 20| Best DNA: 'χρηματα αλεξανδρος ουδις χρηματα'
Generation 07 | Average Generation Fitness: 0.003006679543978056 | Best Fitness: 0.004037740146848083 | Population Length: 20| Best DNA: 'παν αλεξανδρος ουδις παν'
Generation 08 | Average Generation Fitness: 0.0027765300383719447 | Best Fitness: 0.003481567823688605 | Population Length: 20| Best DNA: 'χρηματα αλεξανδρος ουδις χρηματα'
Generation 09 | Average Generation Fitness: 0.0026075154974185945 | Best Fitness: 0.0033351331243596572 | Population Length: 20| Best DNA: 'πολλα αλεξανδρος ουδις πολλα'
Generation 10 | Average Generation Fitness: 0.0025266690944251427 | Best Fitness: 0.0025266690944251422 | Population Length: 20| Best DNA: 'παν αλεξανδρος ουδις παν'
Generation 11 | Average Generation Fitness: 0.0028951365316057286 | Best Fitness: 0.009896017838036855 | Population Length: 20| Best DNA: 'ετει αλεξανδρος ουδις ετει'
Generation 12 | Average Generation Fitness: 0.002729365963779491 | Best Fitness: 0.006580606481512108 | Population Length: 20| Best DNA: 'παν αλεξανδρος ουδις παν'
Generation 13 | Average Generation Fitness: 0.0025266690944251427 | Best Fitness: 0.0025266690944251422 | Population Length: 20| Best DNA: 'παν αλεξανδρος ουδις παν'
Generation 14 | Average Generation Fitness: 0.0025266690944251427 | Best Fitness: 0.0025266690944251422 | Population Length: 20| Best DNA: 'παν αλεξανδρος ουδις παν'
Generation 15 | Average Generation Fitness: 0.0025266690944251427 | Best Fitness: 0.0025266690944251422 | Population Length: 20| Best DNA: 'παν αλεξανδρος ουδις παν'
Generation 16 | Average Generation Fitness: 0.002711273707843173 | Best Fitness: 0.006218761362785747 | Population Length: 20| Best DNA: 'νομισας αλεξανδρος ουδις νομισας'
Generation 17 | Average Generation Fitness: 0.0025266690944251427 | Best Fitness: 0.0025266690944251422 | Population Length: 20| Best DNA: 'παν αλεξανδρος ουδις παν'
Generation 18 | Average Generation Fitness: 0.0025266690944251427 | Best Fitness: 0.0025266690944251422 | Population Length: 20| Best DNA: 'παν αλεξανδρος ουδις παν'
Generation 19 | Average Generation Fitness: 0.0025266690944251427 | Best Fitness: 0.0025266690944251422 | Population Length: 20| Best DNA: 'παν αλεξανδρος ουδις παν'
Generation 20 | Average Generation Fitness: 0.0025266690944251427 | Best Fitness: 0.0025266690944251422 | Population Length: 20| Best DNA: 'παν αλεξανδρος ουδις παν'
Generation 21 | Average Generation Fitness: 0.0025266690944251427 | Best Fitness: 0.0025266690944251422 | Population Length: 20| Best DNA: 'παν αλεξανδρος ουδις παν'
Generation 22 | Average Generation Fitness: 0.0025266690944251427 | Best Fitness: 0.0025266690944251422 | Population Length: 20| Best DNA: 'παν αλεξανδρος ουδις παν'
Generation 23 | Average Generation Fitness: 0.0025758671899430074 | Best Fitness: 0.003510631004782436 | Population Length: 20| Best DNA: 'επαγγελλοντωγ αλεξανδρος ουδις επαγγελλοντωγ'
Generation 24 | Average Generation Fitness: 0.0026892680910282104 | Best Fitness: 0.005778649026486499 | Population Length: 20| Best DNA: 'αυτοι αλεξανδρος ουδις αυτοι'
Generation 25 | Average Generation Fitness: 0.0025266690944251427 | Best Fitness: 0.0025266690944251422 | Population Length: 20| Best DNA: 'παν αλεξανδρος ουδις παν'
Generation 26 | Average Generation Fitness: 0.0025266690944251427 | Best Fitness: 0.0025266690944251422 | Population Length: 20| Best DNA: 'παν αλεξανδρος ουδις παν'
Generation 27 | Average Generation Fitness: 0.0025266690944251427 | Best Fitness: 0.0025266690944251422 | Population Length: 20| Best DNA: 'παν αλεξανδρος ουδις παν'
Generation 28 | Average Generation Fitness: 0.0025266690944251427 | Best Fitness: 0.0025266690944251422 | Population Length: 20| Best DNA: 'παν αλεξανδρος ουδις παν'
Generation 29 | Average Generation Fitness: 0.002653491270786322 | Best Fitness: 0.005063112621648727 | Population Length: 20| Best DNA: 'δημοκωντα αλεξανδρος ουδις δημοκωντα'
Generation 30 | Average Generation Fitness: 0.0025266690944251427 | Best Fitness: 0.0025266690944251422 | Population Length: 20| Best DNA: 'παν αλεξανδρος ουδις παν'
Generation 31 | Average Generation Fitness: 0.0025266690944251427 | Best Fitness: 0.0025266690944251422 | Population Length: 20| Best DNA: 'παν αλεξανδρος ουδις παν'
Generation 32 | Average Generation Fitness: 0.0025266690944251427 | Best Fitness: 0.0025266690944251422 | Population Length: 20| Best DNA: 'παν αλεξανδρος ουδις παν'
Generation 33 | Average Generation Fitness: 0.0025266690944251427 | Best Fitness: 0.0025266690944251422 | Population Length: 20| Best DNA: 'παν αλεξανδρος ουδις παν'
Generation 34 | Average Generation Fitness: 0.0025266690944251427 | Best Fitness: 0.0025266690944251422 | Population Length: 20| Best DNA: 'παν αλεξανδρος ουδις παν'
Generation 35 | Average Generation Fitness: 0.0025266690944251427 | Best Fitness: 0.0025266690944251422 | Population Length: 20| Best DNA: 'παν αλεξανδρος ουδις παν'
Generation 36 | Average Generation Fitness: 0.0025266690944251427 | Best Fitness: 0.0025266690944251422 | Population Length: 20| Best DNA: 'παν αλεξανδρος ουδις παν'
Generation 37 | Average Generation Fitness: 0.0026222927790388777 | Best Fitness: 0.004439142786699832 | Population Length: 20| Best DNA: 'πατρι αλεξανδρος ουδις πατρι'
Generation 38 | Average Generation Fitness: 0.0026222927790388777 | Best Fitness: 0.004439142786699832 | Population Length: 20| Best DNA: 'παν αλεξανδρος ουδις παν'
Generation 39 | Average Generation Fitness: 0.0025266690944251427 | Best Fitness: 0.0025266690944251422 | Population Length: 20| Best DNA: 'παν αλεξανδρος ουδις παν'
Generation 40 | Average Generation Fitness: 0.0025266690944251427 | Best Fitness: 0.0025266690944251422 | Population Length: 20| Best DNA: 'παν αλεξανδρος ουδις παν'
Generation 41 | Average Generation Fitness: 0.0025266690944251427 | Best Fitness: 0.0025266690944251422 | Population Length: 20| Best DNA: 'παν αλεξανδρος ουδις παν'
Generation 42 | Average Generation Fitness: 0.0025266690944251427 | Best Fitness: 0.0025266690944251422 | Population Length: 20| Best DNA: 'παν αλεξανδρος ουδις παν'
Generation 43 | Average Generation Fitness: 0.0025266690944251427 | Best Fitness: 0.0025266690944251422 | Population Length: 20| Best DNA: 'παν αλεξανδρος ουδις παν'
Generation 44 | Average Generation Fitness: 0.0025266690944251427 | Best Fitness: 0.0025266690944251422 | Population Length: 20| Best DNA: 'παν αλεξανδρος ουδις παν'
Generation 45 | Average Generation Fitness: 0.0025266690944251427 | Best Fitness: 0.0025266690944251422 | Population Length: 20| Best DNA: 'παν αλεξανδρος ουδις παν'
Generation 46 | Average Generation Fitness: 0.0025266690944251427 | Best Fitness: 0.0025266690944251422 | Population Length: 20| Best DNA: 'παν αλεξανδρος ουδις παν'
Generation 47 | Average Generation Fitness: 0.0025266690944251427 | Best Fitness: 0.0025266690944251422 | Population Length: 20| Best DNA: 'παν αλεξανδρος ουδις παν'
Generation 48 | Average Generation Fitness: 0.0025266690944251427 | Best Fitness: 0.0025266690944251422 | Population Length: 20| Best DNA: 'παν αλεξανδρος ουδις παν'
Generation 49 | Average Generation Fitness: 0.0025266690944251427 | Best Fitness: 0.0025266690944251422 | Population Length: 20| Best DNA: 'παν αλεξανδρος ουδις παν'
Generation 50 | Average Generation Fitness: 0.0025266690944251427 | Best Fitness: 0.0025266690944251422 | Population Length: 20| Best DNA: 'παν αλεξανδρος ουδις παν'
Generation 51 | Average Generation Fitness: 0.0025758671899430074 | Best Fitness: 0.003510631004782436 | Population Length: 20| Best DNA: 'ιουλιανος αλεξανδρος ουδις ιουλιανος'
------------------------------------------------
Total Generations: 51
Total Population: 20   ---   Mutation Rate: 0.01  ---  Crossover Probability: 0.1
Average Fitness: 0.0025758671899430074  ---  Best Overall Fitness: 0.013499889521665604
----------------------------------------------------------------------------------------------------------------------------------------------------
Execution: 4
Generation 1 | Average Generation Fitness: 0.004352011969484889 | Best Fitness: 0.0071532763945061865 | Population Length: 20| Best DNA: 'κοσσας αλεξανδρος ουδις κοσσας'
Generation 2 | Average Generation Fitness: 0.0035973072906048563 | Best Fitness: 0.004746932485391368 | Population Length: 20| Best DNA: 'οτι αλεξανδρος ουδις οτι'
Generation 3 | Average Generation Fitness: 0.0033101432875391307 | Best Fitness: 0.003971108113238468 | Population Length: 20| Best DNA: 'ενδοξως αλεξανδρος ουδις ενδοξως'
Generation 4 | Average Generation Fitness: 0.0032449637900627904 | Best Fitness: 0.003510631004782436 | Population Length: 20| Best DNA: 'καλλιστρατου αλεξανδρος ουδις καλλιστρατου'
Generation 5 | Average Generation Fitness: 0.0031154113891407624 | Best Fitness: 0.003510631004782436 | Population Length: 20| Best DNA: 'τελωνων αλεξανδρος ουδις τελωνων'
Generation 6 | Average Generation Fitness: 0.0030045794366006704 | Best Fitness: 0.003261915774695184 | Population Length: 20| Best DNA: 'τελωνων αλεξανδρος ουδις τελωνων'
Generation 7 | Average Generation Fitness: 0.002857530100546662 | Best Fitness: 0.003261915774695184 | Population Length: 20| Best DNA: 'τελωνων αλεξανδρος ουδις τελωνων'
Generation 8 | Average Generation Fitness: 0.002975737814794737 | Best Fitness: 0.0041555766991165834 | Population Length: 20| Best DNA: 'σταλαι αλεξανδρος ουδις σταλαι'
Generation 9 | Average Generation Fitness: 0.0028575301005466618 | Best Fitness: 0.003261915774695184 | Population Length: 20| Best DNA: 'τελωνων αλεξανδρος ουδις τελωνων'
Generation 10 | Average Generation Fitness: 0.003115778767228184 | Best Fitness: 0.004750655706975406 | Population Length: 20| Best DNA: 'απολλωνιου αλεξανδρος ουδις απολλωνιου'
Generation 11 | Average Generation Fitness: 0.002857530100546662 | Best Fitness: 0.003261915774695184 | Population Length: 20| Best DNA: 'προκειμενων αλεξανδρος ουδις προκειμενων'
Generation 12 | Average Generation Fitness: 0.0029678171025871686 | Best Fitness: 0.003261915774695184 | Population Length: 20| Best DNA: 'προκειμενων αλεξανδρος ουδις προκειμενων'
Generation 13 | Average Generation Fitness: 0.0027104807644926536 | Best Fitness: 0.003261915774695184 | Population Length: 20| Best DNA: 'τελωνων αλεξανδρος ουδις τελωνων'
Generation 14 | Average Generation Fitness: 0.0026369560964656495 | Best Fitness: 0.003261915774695184 | Population Length: 20| Best DNA: 'τελωνων αλεξανδρος ουδις τελωνων'
Generation 15 | Average Generation Fitness: 0.002563431428438645 | Best Fitness: 0.003261915774695184 | Population Length: 20| Best DNA: 'τελωνων αλεξανδρος ουδις τελωνων'
Generation 16 | Average Generation Fitness: 0.002644704149267604 | Best Fitness: 0.0039034082809170623 | Population Length: 20| Best DNA: 'ευνωνα αλεξανδρος ουδις ευνωνα'
Generation 17 | Average Generation Fitness: 0.002737993288051965 | Best Fitness: 0.00601790628669154 | Population Length: 20| Best DNA: 'θεοδοσιης αλεξανδρος ουδις θεοδοσιης'
Generation 18 | Average Generation Fitness: 0.0025266690944251427 | Best Fitness: 0.0025266690944251422 | Population Length: 20| Best DNA: 'τελωνων αλεξανδρος ουδις τελωνων'
Generation 19 | Average Generation Fitness: 0.0025266690944251427 | Best Fitness: 0.0025266690944251422 | Population Length: 20| Best DNA: 'τελωνων αλεξανδρος ουδις τελωνων'
Generation 20 | Average Generation Fitness: 0.0025266690944251427 | Best Fitness: 0.0025266690944251422 | Population Length: 20| Best DNA: 'τελωνων αλεξανδρος ουδις τελωνων'
Generation 21 | Average Generation Fitness: 0.0025266690944251427 | Best Fitness: 0.0025266690944251422 | Population Length: 20| Best DNA: 'τελωνων αλεξανδρος ουδις τελωνων'
Generation 22 | Average Generation Fitness: 0.002745563697924833 | Best Fitness: 0.006904561164418934 | Population Length: 20| Best DNA: 'παμφιλου αλεξανδρος ουδις παμφιλου'
Generation 23 | Average Generation Fitness: 0.0026162196205524253 | Best Fitness: 0.004317679616970787 | Population Length: 20| Best DNA: 'στεγασαντες αλεξανδρος ουδις στεγασαντες'
Generation 24 | Average Generation Fitness: 0.0025266690944251427 | Best Fitness: 0.0025266690944251422 | Population Length: 20| Best DNA: 'τελωνων αλεξανδρος ουδις τελωνων'
Generation 25 | Average Generation Fitness: 0.0025266690944251427 | Best Fitness: 0.0025266690944251422 | Population Length: 20| Best DNA: 'τελωνων αλεξανδρος ουδις τελωνων'
Generation 26 | Average Generation Fitness: 0.0025266690944251427 | Best Fitness: 0.0025266690944251422 | Population Length: 20| Best DNA: 'τελωνων αλεξανδρος ουδις τελωνων'
Generation 27 | Average Generation Fitness: 0.0025266690944251427 | Best Fitness: 0.0025266690944251422 | Population Length: 20| Best DNA: 'τελωνων αλεξανδρος ουδις τελωνων'
Generation 28 | Average Generation Fitness: 0.0026252191055055937 | Best Fitness: 0.004497669316034154 | Population Length: 20| Best DNA: 'νασωνος αλεξανδρος ουδις νασωνος'
Generation 29 | Average Generation Fitness: 0.0025266690944251427 | Best Fitness: 0.0025266690944251422 | Population Length: 20| Best DNA: 'τελωνων αλεξανδρος ουδις τελωνων'
Generation 30 | Average Generation Fitness: 0.0025266690944251427 | Best Fitness: 0.0025266690944251422 | Population Length: 20| Best DNA: 'τελωνων αλεξανδρος ουδις τελωνων'
Generation 31 | Average Generation Fitness: 0.0025266690944251427 | Best Fitness: 0.0025266690944251422 | Population Length: 20| Best DNA: 'τελωνων αλεξανδρος ουδις τελωνων'
Generation 32 | Average Generation Fitness: 0.0027511198196120555 | Best Fitness: 0.007015683598163398 | Population Length: 20| Best DNA: 'τι αλεξανδρος ουδις τι'
Generation 33 | Average Generation Fitness: 0.0025266690944251427 | Best Fitness: 0.0025266690944251422 | Population Length: 20| Best DNA: 'τελωνων αλεξανδρος ουδις τελωνων'
Generation 34 | Average Generation Fitness: 0.002637884659526785 | Best Fitness: 0.00475098039645798 | Population Length: 20| Best DNA: 'ημελημενον αλεξανδρος ουδις ημελημενον'
Generation 35 | Average Generation Fitness: 0.0025266690944251427 | Best Fitness: 0.0025266690944251422 | Population Length: 20| Best DNA: 'τελωνων αλεξανδρος ουδις τελωνων'
Generation 36 | Average Generation Fitness: 0.0025266690944251427 | Best Fitness: 0.0025266690944251422 | Population Length: 20| Best DNA: 'τελωνων αλεξανδρος ουδις τελωνων'
Generation 37 | Average Generation Fitness: 0.0025266690944251427 | Best Fitness: 0.0025266690944251422 | Population Length: 20| Best DNA: 'τελωνων αλεξανδρος ουδις τελωνων'
Generation 38 | Average Generation Fitness: 0.0025266690944251427 | Best Fitness: 0.0025266690944251422 | Population Length: 20| Best DNA: 'τελωνων αλεξανδρος ουδις τελωνων'
Generation 39 | Average Generation Fitness: 0.0025266690944251427 | Best Fitness: 0.0025266690944251422 | Population Length: 20| Best DNA: 'τελωνων αλεξανδρος ουδις τελωνων'
Generation 40 | Average Generation Fitness: 0.0025266690944251427 | Best Fitness: 0.0025266690944251422 | Population Length: 20| Best DNA: 'τελωνων αλεξανδρος ουδις τελωνων'
Generation 41 | Average Generation Fitness: 0.0025266690944251427 | Best Fitness: 0.0025266690944251422 | Population Length: 20| Best DNA: 'τελωνων αλεξανδρος ουδις τελωνων'
Generation 42 | Average Generation Fitness: 0.002563431428438645 | Best Fitness: 0.003261915774695184 | Population Length: 20| Best DNA: 'σιτοβολον αλεξανδρος ουδις σιτοβολον'
Generation 43 | Average Generation Fitness: 0.002563431428438645 | Best Fitness: 0.003261915774695184 | Population Length: 20| Best DNA: 'γεγενημενου αλεξανδρος ουδις γεγενημενου'
Generation 44 | Average Generation Fitness: 0.0025266690944251427 | Best Fitness: 0.0025266690944251422 | Population Length: 20| Best DNA: 'τελωνων αλεξανδρος ουδις τελωνων'
Generation 45 | Average Generation Fitness: 0.0027618736750464425 | Best Fitness: 0.007230760706851136 | Population Length: 20| Best DNA: 'μεγιστας αλεξανδρος ουδις μεγιστας'
Generation 46 | Average Generation Fitness: 0.0028627852596821326 | Best Fitness: 0.007230760706851136 | Population Length: 20| Best DNA: 'δακ αλεξανδρος ουδις δακ'
Generation 47 | Average Generation Fitness: 0.0025266690944251427 | Best Fitness: 0.0025266690944251422 | Population Length: 20| Best DNA: 'τελωνων αλεξανδρος ουδις τελωνων'
Generation 48 | Average Generation Fitness: 0.0025266690944251427 | Best Fitness: 0.0025266690944251422 | Population Length: 20| Best DNA: 'τελωνων αλεξανδρος ουδις τελωνων'
Generation 49 | Average Generation Fitness: 0.0026421497940912644 | Best Fitness: 0.004836283087747575 | Population Length: 20| Best DNA: 'αγυαιου αλεξανδρος ουδις αγυαιου'
Generation 50 | Average Generation Fitness: 0.0025670922959218686 | Best Fitness: 0.0033351331243596572 | Population Length: 20| Best DNA: 'τελωνων αλεξανδρος ουδις τελωνων'
------------------------------------------------
Total Generations: 50
Total Population: 20   ---   Mutation Rate: 0.01  ---  Crossover Probability: 0.1
Average Fitness: 0.0025670922959218686  ---  Best Overall Fitness: 0.007230760706851136
----------------------------------------------------------------------------------------------------------------------------------------------------
Execution: 5
Generation 1 | Average Generation Fitness: 0.003621608645094496 | Best Fitness: 0.004747680419663412 | Population Length: 20| Best DNA: 'ηρομαστωρα αλεξανδρος ουδις ηρομαστωρα'
Generation 2 | Average Generation Fitness: 0.003572762880647896 | Best Fitness: 0.004719926876058565 | Population Length: 20| Best DNA: 'α αλεξανδρος ουδις α'
Generation 3 | Average Generation Fitness: 0.0034049379946018573 | Best Fitness: 0.004691006699502183 | Population Length: 20| Best DNA: 'μα αλεξανδρος ουδις μα'
Generation 4 | Average Generation Fitness: 0.0032241265994624986 | Best Fitness: 0.0039034082809170623 | Population Length: 20| Best DNA: 'σκυθας αλεξανδρος ουδις σκυθας'
Generation 5 | Average Generation Fitness: 0.0032204657319792754 | Best Fitness: 0.0039034082809170623 | Population Length: 20| Best DNA: 'παραθεσθαι αλεξανδρος ουδις παραθεσθαι'
Generation 6 | Average Generation Fitness: 0.0032251534406816836 | Best Fitness: 0.003261915774695184 | Population Length: 20| Best DNA: 'ημ αλεξανδρος ουδις ημ'
Generation 7 | Average Generation Fitness: 0.003151628772654679 | Best Fitness: 0.003261915774695184 | Population Length: 20| Best DNA: 'διαλυσας αλεξανδρος ουδις διαλυσας'
Generation 8 | Average Generation Fitness: 0.003078104104627675 | Best Fitness: 0.003261915774695184 | Population Length: 20| Best DNA: 'ημ αλεξανδρος ουδις ημ'
Generation 9 | Average Generation Fitness: 0.003078104104627675 | Best Fitness: 0.003261915774695184 | Population Length: 20| Best DNA: 'σκυθας αλεξανδρος ουδις σκυθας'
Generation 10 | Average Generation Fitness: 0.003021905379729312 | Best Fitness: 0.005078927997808097 | Population Length: 20| Best DNA: 'παρα αλεξανδρος ουδις παρα'
Generation 11 | Average Generation Fitness: 0.003078104104627675 | Best Fitness: 0.003261915774695184 | Population Length: 20| Best DNA: 'σκυθας αλεξανδρος ουδις σκυθας'
Generation 12 | Average Generation Fitness: 0.0030045794366006704 | Best Fitness: 0.003261915774695184 | Population Length: 20| Best DNA: 'σκυθας αλεξανδρος ουδις σκυθας'
Generation 13 | Average Generation Fitness: 0.002747243098506156 | Best Fitness: 0.003261915774695184 | Population Length: 20| Best DNA: 'παραθεσθαι αλεξανδρος ουδις παραθεσθαι'
Generation 14 | Average Generation Fitness: 0.0027644605523497244 | Best Fitness: 0.005076758212106644 | Population Length: 20| Best DNA: 'εσεσθαι αλεξανδρος ουδις εσεσθαι'
Generation 15 | Average Generation Fitness: 0.002563431428438645 | Best Fitness: 0.003261915774695184 | Population Length: 20| Best DNA: 'σκυθας αλεξανδρος ουδις σκυθας'
Generation 16 | Average Generation Fitness: 0.0025266690944251427 | Best Fitness: 0.0025266690944251422 | Population Length: 20| Best DNA: 'σκυθας αλεξανδρος ουδις σκυθας'
Generation 17 | Average Generation Fitness: 0.0025266690944251427 | Best Fitness: 0.0025266690944251422 | Population Length: 20| Best DNA: 'σκυθας αλεξανδρος ουδις σκυθας'
Generation 18 | Average Generation Fitness: 0.0025266690944251427 | Best Fitness: 0.0025266690944251422 | Population Length: 20| Best DNA: 'σκυθας αλεξανδρος ουδις σκυθας'
Generation 19 | Average Generation Fitness: 0.0025266690944251427 | Best Fitness: 0.0025266690944251422 | Population Length: 20| Best DNA: 'σκυθας αλεξανδρος ουδις σκυθας'
Generation 20 | Average Generation Fitness: 0.0025266690944251427 | Best Fitness: 0.0025266690944251422 | Population Length: 20| Best DNA: 'σκυθας αλεξανδρος ουδις σκυθας'
Generation 21 | Average Generation Fitness: 0.0025266690944251427 | Best Fitness: 0.0025266690944251422 | Population Length: 20| Best DNA: 'σκυθας αλεξανδρος ουδις σκυθας'
Generation 22 | Average Generation Fitness: 0.0025266690944251427 | Best Fitness: 0.0025266690944251422 | Population Length: 20| Best DNA: 'σκυθας αλεξανδρος ουδις σκυθας'
Generation 23 | Average Generation Fitness: 0.0025266690944251427 | Best Fitness: 0.0025266690944251422 | Population Length: 20| Best DNA: 'σκυθας αλεξανδρος ουδις σκυθας'
Generation 24 | Average Generation Fitness: 0.0025266690944251427 | Best Fitness: 0.0025266690944251422 | Population Length: 20| Best DNA: 'σκυθας αλεξανδρος ουδις σκυθας'
Generation 25 | Average Generation Fitness: 0.0025266690944251427 | Best Fitness: 0.0025266690944251422 | Population Length: 20| Best DNA: 'σκυθας αλεξανδρος ουδις σκυθας'
Generation 26 | Average Generation Fitness: 0.0025266690944251427 | Best Fitness: 0.0025266690944251422 | Population Length: 20| Best DNA: 'σκυθας αλεξανδρος ουδις σκυθας'
Generation 27 | Average Generation Fitness: 0.0025266690944251427 | Best Fitness: 0.0025266690944251422 | Population Length: 20| Best DNA: 'σκυθας αλεξανδρος ουδις σκυθας'
Generation 28 | Average Generation Fitness: 0.0025266690944251427 | Best Fitness: 0.0025266690944251422 | Population Length: 20| Best DNA: 'σκυθας αλεξανδρος ουδις σκυθας'
Generation 29 | Average Generation Fitness: 0.0025266690944251427 | Best Fitness: 0.0025266690944251422 | Population Length: 20| Best DNA: 'σκυθας αλεξανδρος ουδις σκυθας'
Generation 30 | Average Generation Fitness: 0.0025266690944251427 | Best Fitness: 0.0025266690944251422 | Population Length: 20| Best DNA: 'σκυθας αλεξανδρος ουδις σκυθας'
Generation 31 | Average Generation Fitness: 0.002563431428438645 | Best Fitness: 0.003261915774695184 | Population Length: 20| Best DNA: 'διαπτωμασι αλεξανδρος ουδις διαπτωμασι'
Generation 32 | Average Generation Fitness: 0.0025266690944251427 | Best Fitness: 0.0025266690944251422 | Population Length: 20| Best DNA: 'σκυθας αλεξανδρος ουδις σκυθας'
Generation 33 | Average Generation Fitness: 0.0025266690944251427 | Best Fitness: 0.0025266690944251422 | Population Length: 20| Best DNA: 'σκυθας αλεξανδρος ουδις σκυθας'
Generation 34 | Average Generation Fitness: 0.0025266690944251427 | Best Fitness: 0.0025266690944251422 | Population Length: 20| Best DNA: 'σκυθας αλεξανδρος ουδις σκυθας'
Generation 35 | Average Generation Fitness: 0.0025266690944251427 | Best Fitness: 0.0025266690944251422 | Population Length: 20| Best DNA: 'σκυθας αλεξανδρος ουδις σκυθας'
Generation 36 | Average Generation Fitness: 0.0025266690944251427 | Best Fitness: 0.0025266690944251422 | Population Length: 20| Best DNA: 'σκυθας αλεξανδρος ουδις σκυθας'
Generation 37 | Average Generation Fitness: 0.0025266690944251427 | Best Fitness: 0.0025266690944251422 | Population Length: 20| Best DNA: 'σκυθας αλεξανδρος ουδις σκυθας'
Generation 38 | Average Generation Fitness: 0.0028771784503971386 | Best Fitness: 0.006245184882633025 | Population Length: 20| Best DNA: 'ιουλιανος αλεξανδρος ουδις ιουλιανος'
Generation 39 | Average Generation Fitness: 0.0026875917935035207 | Best Fitness: 0.005745123075992702 | Population Length: 20| Best DNA: 'σκυθας αλεξανδρος ουδις σκυθας'
Generation 40 | Average Generation Fitness: 0.0025266690944251427 | Best Fitness: 0.0025266690944251422 | Population Length: 20| Best DNA: 'σκυθας αλεξανδρος ουδις σκυθας'
Generation 41 | Average Generation Fitness: 0.0025266690944251427 | Best Fitness: 0.0025266690944251422 | Population Length: 20| Best DNA: 'σκυθας αλεξανδρος ουδις σκυθας'
Generation 42 | Average Generation Fitness: 0.0025266690944251427 | Best Fitness: 0.0025266690944251422 | Population Length: 20| Best DNA: 'σκυθας αλεξανδρος ουδις σκυθας'
Generation 43 | Average Generation Fitness: 0.0025266690944251427 | Best Fitness: 0.0025266690944251422 | Population Length: 20| Best DNA: 'σκυθας αλεξανδρος ουδις σκυθας'
Generation 44 | Average Generation Fitness: 0.0025266690944251427 | Best Fitness: 0.0025266690944251422 | Population Length: 20| Best DNA: 'σκυθας αλεξανδρος ουδις σκυθας'
Generation 45 | Average Generation Fitness: 0.0025266690944251427 | Best Fitness: 0.0025266690944251422 | Population Length: 20| Best DNA: 'σκυθας αλεξανδρος ουδις σκυθας'
Generation 46 | Average Generation Fitness: 0.0025266690944251427 | Best Fitness: 0.0025266690944251422 | Population Length: 20| Best DNA: 'σκυθας αλεξανδρος ουδις σκυθας'
Generation 47 | Average Generation Fitness: 0.0025266690944251427 | Best Fitness: 0.0025266690944251422 | Population Length: 20| Best DNA: 'σκυθας αλεξανδρος ουδις σκυθας'
Generation 48 | Average Generation Fitness: 0.0025266690944251427 | Best Fitness: 0.0025266690944251422 | Population Length: 20| Best DNA: 'σκυθας αλεξανδρος ουδις σκυθας'
Generation 49 | Average Generation Fitness: 0.0025266690944251427 | Best Fitness: 0.0025266690944251422 | Population Length: 20| Best DNA: 'σκυθας αλεξανδρος ουδις σκυθας'
Generation 50 | Average Generation Fitness: 0.0025266690944251427 | Best Fitness: 0.0025266690944251422 | Population Length: 20| Best DNA: 'σκυθας αλεξανδρος ουδις σκυθας'
------------------------------------------------
Total Generations: 50
Total Population: 20   ---   Mutation Rate: 0.01  ---  Crossover Probability: 0.1
Average Fitness: 0.0025266690944251427  ---  Best Overall Fitness: 0.006245184882633025
----------------------------------------------------------------------------------------------------------------------------------------------------
Execution: 6
Generation 1 | Average Generation Fitness: 0.005085706480040615 | Best Fitness: 0.009345821182775051 | Population Length: 20| Best DNA: 'θυγατηρ αλεξανδρος ουδις θυγατηρ'
Generation 2 | Average Generation Fitness: 0.004421741089016613 | Best Fitness: 0.0073422082337560625 | Population Length: 20| Best DNA: 'θεοδοτο αλεξανδρος ουδις θεοδοτο'
Generation 3 | Average Generation Fitness: 0.0041330010256505 | Best Fitness: 0.0065958034081370475 | Population Length: 20| Best DNA: 'αιο αλεξανδρος ουδις αιο'
Generation 4 | Average Generation Fitness: 0.0036092932374126715 | Best Fitness: 0.004636500970897482 | Population Length: 20| Best DNA: 'αθαναιος αλεξανδρος ουδις αθαναιος'
Generation 5 | Average Generation Fitness: 0.0033839948113708767 | Best Fitness: 0.004152123511004315 | Population Length: 20| Best DNA: 'χωδονακου αλεξανδρος ουδις χωδονακου'
Generation 6 | Average Generation Fitness: 0.003499185018882872 | Best Fitness: 0.008716557341250458 | Population Length: 20| Best DNA: 'ρησκουποριδι αλεξανδρος ουδις ρησκουποριδι'
Generation 7 | Average Generation Fitness: 0.0031700869301155184 | Best Fitness: 0.003927021506195175 | Population Length: 20| Best DNA: 'διαλυσαμενων αλεξανδρος ουδις διαλυσαμενων'
Generation 8 | Average Generation Fitness: 0.0031552896401379022 | Best Fitness: 0.0033351331243596572 | Population Length: 20| Best DNA: 'εχοντας αλεξανδρος ουδις εχοντας'
Generation 9 | Average Generation Fitness: 0.0032202543443421 | Best Fitness: 0.006104920568983688 | Population Length: 20| Best DNA: 'μερη αλεξανδρος ουδις μερη'
Generation 10 | Average Generation Fitness: 0.003183492010328598 | Best Fitness: 0.006104920568983688 | Population Length: 20| Best DNA: 'θεοδοτο αλεξανδρος ουδις θεοδοτο'
Generation 11 | Average Generation Fitness: 0.003114866438641177 | Best Fitness: 0.003261915774695184 | Population Length: 20| Best DNA: 'ετη αλεξανδρος ουδις ετη'
Generation 12 | Average Generation Fitness: 0.003076001330872694 | Best Fitness: 0.006160847020675735 | Population Length: 20| Best DNA: 'αουαινονι αλεξανδρος ουδις αουαινονι'
Generation 13 | Average Generation Fitness: 0.0028942924345601645 | Best Fitness: 0.003261915774695184 | Population Length: 20| Best DNA: 'επεσκευασε αλεξανδρος ουδις επεσκευασε'
Generation 14 | Average Generation Fitness: 0.0027840054325196577 | Best Fitness: 0.003261915774695184 | Population Length: 20| Best DNA: 'ισχυρας αλεξανδρος ουδις ισχυρας'
Generation 15 | Average Generation Fitness: 0.002600193762452147 | Best Fitness: 0.003261915774695184 | Population Length: 20| Best DNA: 'επεσκευασε αλεξανδρος ουδις επεσκευασε'
Generation 16 | Average Generation Fitness: 0.0025266690944251427 | Best Fitness: 0.0025266690944251422 | Population Length: 20| Best DNA: 'ισχυρας αλεξανδρος ουδις ισχυρας'
Generation 17 | Average Generation Fitness: 0.0025266690944251427 | Best Fitness: 0.0025266690944251422 | Population Length: 20| Best DNA: 'ισχυρας αλεξανδρος ουδις ισχυρας'
Generation 18 | Average Generation Fitness: 0.0025266690944251427 | Best Fitness: 0.0025266690944251422 | Population Length: 20| Best DNA: 'ισχυρας αλεξανδρος ουδις ισχυρας'
Generation 19 | Average Generation Fitness: 0.0025266690944251427 | Best Fitness: 0.0025266690944251422 | Population Length: 20| Best DNA: 'ισχυρας αλεξανδρος ουδις ισχυρας'
Generation 20 | Average Generation Fitness: 0.0025266690944251427 | Best Fitness: 0.0025266690944251422 | Population Length: 20| Best DNA: 'ισχυρας αλεξανδρος ουδις ισχυρας'
Generation 21 | Average Generation Fitness: 0.0025266690944251427 | Best Fitness: 0.0025266690944251422 | Population Length: 20| Best DNA: 'ισχυρας αλεξανδρος ουδις ισχυρας'
Generation 22 | Average Generation Fitness: 0.0025266690944251427 | Best Fitness: 0.0025266690944251422 | Population Length: 20| Best DNA: 'ισχυρας αλεξανδρος ουδις ισχυρας'
Generation 23 | Average Generation Fitness: 0.0025266690944251427 | Best Fitness: 0.0025266690944251422 | Population Length: 20| Best DNA: 'ισχυρας αλεξανδρος ουδις ισχυρας'
Generation 24 | Average Generation Fitness: 0.0025266690944251427 | Best Fitness: 0.0025266690944251422 | Population Length: 20| Best DNA: 'ισχυρας αλεξανδρος ουδις ισχυρας'
Generation 25 | Average Generation Fitness: 0.0025266690944251427 | Best Fitness: 0.0025266690944251422 | Population Length: 20| Best DNA: 'ισχυρας αλεξανδρος ουδις ισχυρας'
Generation 26 | Average Generation Fitness: 0.0025266690944251427 | Best Fitness: 0.0025266690944251422 | Population Length: 20| Best DNA: 'ισχυρας αλεξανδρος ουδις ισχυρας'
Generation 27 | Average Generation Fitness: 0.0025266690944251427 | Best Fitness: 0.0025266690944251422 | Population Length: 20| Best DNA: 'ισχυρας αλεξανδρος ουδις ισχυρας'
Generation 28 | Average Generation Fitness: 0.0025266690944251427 | Best Fitness: 0.0025266690944251422 | Population Length: 20| Best DNA: 'ισχυρας αλεξανδρος ουδις ισχυρας'
Generation 29 | Average Generation Fitness: 0.0025266690944251427 | Best Fitness: 0.0025266690944251422 | Population Length: 20| Best DNA: 'ισχυρας αλεξανδρος ουδις ισχυρας'
Generation 30 | Average Generation Fitness: 0.002693482788412782 | Best Fitness: 0.005862942974177927 | Population Length: 20| Best DNA: 'ον αλεξανδρος ουδις ον'
Generation 31 | Average Generation Fitness: 0.0025266690944251427 | Best Fitness: 0.0025266690944251422 | Population Length: 20| Best DNA: 'ισχυρας αλεξανδρος ουδις ισχυρας'
Generation 32 | Average Generation Fitness: 0.0025266690944251427 | Best Fitness: 0.0025266690944251422 | Population Length: 20| Best DNA: 'ισχυρας αλεξανδρος ουδις ισχυρας'
Generation 33 | Average Generation Fitness: 0.0025266690944251427 | Best Fitness: 0.0025266690944251422 | Population Length: 20| Best DNA: 'ισχυρας αλεξανδρος ουδις ισχυρας'
Generation 34 | Average Generation Fitness: 0.0025266690944251427 | Best Fitness: 0.0025266690944251422 | Population Length: 20| Best DNA: 'ισχυρας αλεξανδρος ουδις ισχυρας'
Generation 35 | Average Generation Fitness: 0.0025266690944251427 | Best Fitness: 0.0025266690944251422 | Population Length: 20| Best DNA: 'ισχυρας αλεξανδρος ουδις ισχυρας'
Generation 36 | Average Generation Fitness: 0.0025266690944251427 | Best Fitness: 0.0025266690944251422 | Population Length: 20| Best DNA: 'ισχυρας αλεξανδρος ουδις ισχυρας'
Generation 37 | Average Generation Fitness: 0.0025266690944251427 | Best Fitness: 0.0025266690944251422 | Population Length: 20| Best DNA: 'ισχυρας αλεξανδρος ουδις ισχυρας'
Generation 38 | Average Generation Fitness: 0.0025266690944251427 | Best Fitness: 0.0025266690944251422 | Population Length: 20| Best DNA: 'ισχυρας αλεξανδρος ουδις ισχυρας'
Generation 39 | Average Generation Fitness: 0.0028312237624638042 | Best Fitness: 0.008617762455198375 | Population Length: 20| Best DNA: 'νεοκλης αλεξανδρος ουδις νεοκλης'
Generation 40 | Average Generation Fitness: 0.0025266690944251427 | Best Fitness: 0.0025266690944251422 | Population Length: 20| Best DNA: 'ισχυρας αλεξανδρος ουδις ισχυρας'
Generation 41 | Average Generation Fitness: 0.0027129034031195174 | Best Fitness: 0.006251355268312635 | Population Length: 20| Best DNA: 'ενιαυτον αλεξανδρος ουδις ενιαυτον'
Generation 42 | Average Generation Fitness: 0.0025266690944251427 | Best Fitness: 0.0025266690944251422 | Population Length: 20| Best DNA: 'ισχυρας αλεξανδρος ουδις ισχυρας'
Generation 43 | Average Generation Fitness: 0.002611326806870172 | Best Fitness: 0.004219823343325721 | Population Length: 20| Best DNA: 'ενδοξως αλεξανδρος ουδις ενδοξως'
Generation 44 | Average Generation Fitness: 0.0025758671899430074 | Best Fitness: 0.003510631004782436 | Population Length: 20| Best DNA: 'ισχυρας αλεξανδρος ουδις ισχυρας'
Generation 45 | Average Generation Fitness: 0.0025266690944251427 | Best Fitness: 0.0025266690944251422 | Population Length: 20| Best DNA: 'ισχυρας αλεξανδρος ουδις ισχυρας'
Generation 46 | Average Generation Fitness: 0.0025266690944251427 | Best Fitness: 0.0025266690944251422 | Population Length: 20| Best DNA: 'ισχυρας αλεξανδρος ουδις ισχυρας'
Generation 47 | Average Generation Fitness: 0.0025266690944251427 | Best Fitness: 0.0025266690944251422 | Population Length: 20| Best DNA: 'ισχυρας αλεξανδρος ουδις ισχυρας'
Generation 48 | Average Generation Fitness: 0.0025266690944251427 | Best Fitness: 0.0025266690944251422 | Population Length: 20| Best DNA: 'ισχυρας αλεξανδρος ουδις ισχυρας'
Generation 49 | Average Generation Fitness: 0.0025266690944251427 | Best Fitness: 0.0025266690944251422 | Population Length: 20| Best DNA: 'ισχυρας αλεξανδρος ουδις ισχυρας'
Generation 50 | Average Generation Fitness: 0.0025266690944251427 | Best Fitness: 0.0025266690944251422 | Population Length: 20| Best DNA: 'ισχυρας αλεξανδρος ουδις ισχυρας'
------------------------------------------------
Total Generations: 50
Total Population: 20   ---   Mutation Rate: 0.01  ---  Crossover Probability: 0.1
Average Fitness: 0.0025266690944251427  ---  Best Overall Fitness: 0.009345821182775051
----------------------------------------------------------------------------------------------------------------------------------------------------
Execution: 7
Generation 1 | Average Generation Fitness: 0.00485985717871478 | Best Fitness: 0.008773491576005423 | Population Length: 20| Best DNA: 'ιερω αλεξανδρος ουδις ιερω'
Generation 2 | Average Generation Fitness: 0.004204508692835526 | Best Fitness: 0.007779871034310255 | Population Length: 20| Best DNA: 'τιτος αλεξανδρος ουδις τιτος'
Generation 3 | Average Generation Fitness: 0.0033930760219577304 | Best Fitness: 0.005366446470505934 | Population Length: 20| Best DNA: 'βασιλισσα αλεξανδρος ουδις βασιλισσα'
Generation 4 | Average Generation Fitness: 0.0031772548450372446 | Best Fitness: 0.0034083504740241312 | Population Length: 20| Best DNA: 'ηροδωρου αλεξανδρος ουδις ηροδωρου'
Generation 5 | Average Generation Fitness: 0.0031589505076211263 | Best Fitness: 0.0034083504740241312 | Population Length: 20| Best DNA: 'ενιαυτον αλεξανδρος ουδις ενιαυτον'
Generation 6 | Average Generation Fitness: 0.003151628772654679 | Best Fitness: 0.003261915774695184 | Population Length: 20| Best DNA: 'υπεμεινε αλεξανδρος ουδις υπεμεινε'
Generation 7 | Average Generation Fitness: 0.002894292434560164 | Best Fitness: 0.003261915774695184 | Population Length: 20| Best DNA: 'ποτηρια αλεξανδρος ουδις ποτηρια'
Generation 8 | Average Generation Fitness: 0.002967817102587168 | Best Fitness: 0.003261915774695184 | Population Length: 20| Best DNA: 'μελλουσαις αλεξανδρος ουδις μελλουσαις'
Generation 9 | Average Generation Fitness: 0.002857530100546662 | Best Fitness: 0.003261915774695184 | Population Length: 20| Best DNA: 'μελλουσαις αλεξανδρος ουδις μελλουσαις'
Generation 10 | Average Generation Fitness: 0.0028694412660574685 | Best Fitness: 0.0049706324454514015 | Population Length: 20| Best DNA: 'προς αλεξανδρος ουδις προς'
Generation 11 | Average Generation Fitness: 0.002636956096465649 | Best Fitness: 0.003261915774695184 | Population Length: 20| Best DNA: 'μελλουσαις αλεξανδρος ουδις μελλουσαις'
Generation 12 | Average Generation Fitness: 0.0025266690944251427 | Best Fitness: 0.0025266690944251422 | Population Length: 20| Best DNA: 'υπεμεινε αλεξανδρος ουδις υπεμεινε'
Generation 13 | Average Generation Fitness: 0.0025266690944251427 | Best Fitness: 0.0025266690944251422 | Population Length: 20| Best DNA: 'υπεμεινε αλεξανδρος ουδις υπεμεινε'
Generation 14 | Average Generation Fitness: 0.0025266690944251427 | Best Fitness: 0.0025266690944251422 | Population Length: 20| Best DNA: 'υπεμεινε αλεξανδρος ουδις υπεμεινε'
Generation 15 | Average Generation Fitness: 0.0025266690944251427 | Best Fitness: 0.0025266690944251422 | Population Length: 20| Best DNA: 'υπεμεινε αλεξανδρος ουδις υπεμεινε'
Generation 16 | Average Generation Fitness: 0.0025266690944251427 | Best Fitness: 0.0025266690944251422 | Population Length: 20| Best DNA: 'υπεμεινε αλεξανδρος ουδις υπεμεινε'
Generation 17 | Average Generation Fitness: 0.0025266690944251427 | Best Fitness: 0.0025266690944251422 | Population Length: 20| Best DNA: 'υπεμεινε αλεξανδρος ουδις υπεμεινε'
Generation 18 | Average Generation Fitness: 0.0025266690944251427 | Best Fitness: 0.0025266690944251422 | Population Length: 20| Best DNA: 'υπεμεινε αλεξανδρος ουδις υπεμεινε'
Generation 19 | Average Generation Fitness: 0.002563431428438645 | Best Fitness: 0.003261915774695184 | Population Length: 20| Best DNA: 'ηβουλοντο αλεξανδρος ουδις ηβουλοντο'
Generation 20 | Average Generation Fitness: 0.002563431428438645 | Best Fitness: 0.003261915774695184 | Population Length: 20| Best DNA: 'εκλησιας αλεξανδρος ουδις εκλησιας'
Generation 21 | Average Generation Fitness: 0.0025266690944251427 | Best Fitness: 0.0025266690944251422 | Population Length: 20| Best DNA: 'υπεμεινε αλεξανδρος ουδις υπεμεινε'
Generation 22 | Average Generation Fitness: 0.0027939483003575367 | Best Fitness: 0.007872253213073015 | Population Length: 20| Best DNA: 'αρ αλεξανδρος ουδις αρ'
Generation 23 | Average Generation Fitness: 0.0027618736750464425 | Best Fitness: 0.007230760706851137 | Population Length: 20| Best DNA: 'υπεμεινε αλεξανδρος ουδις υπεμεινε'
Generation 24 | Average Generation Fitness: 0.0025266690944251427 | Best Fitness: 0.0025266690944251422 | Population Length: 20| Best DNA: 'υπεμεινε αλεξανδρος ουδις υπεμεινε'
Generation 25 | Average Generation Fitness: 0.0025266690944251427 | Best Fitness: 0.0025266690944251422 | Population Length: 20| Best DNA: 'υπεμεινε αλεξανδρος ουδις υπεμεινε'
Generation 26 | Average Generation Fitness: 0.0025266690944251427 | Best Fitness: 0.0025266690944251422 | Population Length: 20| Best DNA: 'υπεμεινε αλεξανδρος ουδις υπεμεινε'
Generation 27 | Average Generation Fitness: 0.0028691884606168393 | Best Fitness: 0.00937705641825907 | Population Length: 20| Best DNA: 'εν αλεξανδρος ουδις εν'
Generation 28 | Average Generation Fitness: 0.0028691884606168393 | Best Fitness: 0.00937705641825907 | Population Length: 20| Best DNA: 'εν αλεξανδρος ουδις εν'
Generation 29 | Average Generation Fitness: 0.0028433190552810145 | Best Fitness: 0.007230760706851137 | Population Length: 20| Best DNA: 'μυρον αλεξανδρος ουδις μυρον'
Generation 30 | Average Generation Fitness: 0.002563431428438645 | Best Fitness: 0.003261915774695184 | Population Length: 20| Best DNA: 'ολιγος αλεξανδρος ουδις ολιγος'
Generation 31 | Average Generation Fitness: 0.0025266690944251427 | Best Fitness: 0.0025266690944251422 | Population Length: 20| Best DNA: 'υπεμεινε αλεξανδρος ουδις υπεμεινε'
Generation 32 | Average Generation Fitness: 0.0026671990677423086 | Best Fitness: 0.005337268560768457 | Population Length: 20| Best DNA: 'λειμειη αλεξανδρος ουδις λειμειη'
Generation 33 | Average Generation Fitness: 0.0025266690944251427 | Best Fitness: 0.0025266690944251422 | Population Length: 20| Best DNA: 'υπεμεινε αλεξανδρος ουδις υπεμεινε'
Generation 34 | Average Generation Fitness: 0.0025266690944251427 | Best Fitness: 0.0025266690944251422 | Population Length: 20| Best DNA: 'υπεμεινε αλεξανδρος ουδις υπεμεινε'
Generation 35 | Average Generation Fitness: 0.0025266690944251427 | Best Fitness: 0.0025266690944251422 | Population Length: 20| Best DNA: 'υπεμεινε αλεξανδρος ουδις υπεμεινε'
Generation 36 | Average Generation Fitness: 0.0025266690944251427 | Best Fitness: 0.0025266690944251422 | Population Length: 20| Best DNA: 'υπεμεινε αλεξανδρος ουδις υπεμεινε'
Generation 37 | Average Generation Fitness: 0.0025266690944251427 | Best Fitness: 0.0025266690944251422 | Population Length: 20| Best DNA: 'υπεμεινε αλεξανδρος ουδις υπεμεινε'
Generation 38 | Average Generation Fitness: 0.0025266690944251427 | Best Fitness: 0.0025266690944251422 | Population Length: 20| Best DNA: 'υπεμεινε αλεξανδρος ουδις υπεμεινε'
Generation 39 | Average Generation Fitness: 0.0025266690944251427 | Best Fitness: 0.0025266690944251422 | Population Length: 20| Best DNA: 'υπεμεινε αλεξανδρος ουδις υπεμεινε'
Generation 40 | Average Generation Fitness: 0.0026568779490179694 | Best Fitness: 0.005130846186281672 | Population Length: 20| Best DNA: 'οφειλομενων αλεξανδρος ουδις οφειλομενων'
Generation 41 | Average Generation Fitness: 0.0025266690944251427 | Best Fitness: 0.0025266690944251422 | Population Length: 20| Best DNA: 'υπεμεινε αλεξανδρος ουδις υπεμεινε'
Generation 42 | Average Generation Fitness: 0.0025266690944251427 | Best Fitness: 0.0025266690944251422 | Population Length: 20| Best DNA: 'υπεμεινε αλεξανδρος ουδις υπεμεινε'
Generation 43 | Average Generation Fitness: 0.002738385176981371 | Best Fitness: 0.006760990745549697 | Population Length: 20| Best DNA: 'αλωτον αλεξανδρος ουδις αλωτον'
Generation 44 | Average Generation Fitness: 0.0025266690944251427 | Best Fitness: 0.0025266690944251422 | Population Length: 20| Best DNA: 'υπεμεινε αλεξανδρος ουδις υπεμεινε'
Generation 45 | Average Generation Fitness: 0.0025266690944251427 | Best Fitness: 0.0025266690944251422 | Population Length: 20| Best DNA: 'υπεμεινε αλεξανδρος ουδις υπεμεινε'
Generation 46 | Average Generation Fitness: 0.00265501083916007 | Best Fitness: 0.005093503989123685 | Population Length: 20| Best DNA: 'διονυσιοδωρος αλεξανδρος ουδις διονυσιοδωρος'
Generation 47 | Average Generation Fitness: 0.0025266690944251427 | Best Fitness: 0.0025266690944251422 | Population Length: 20| Best DNA: 'υπεμεινε αλεξανδρος ουδις υπεμεινε'
Generation 48 | Average Generation Fitness: 0.002732826675845901 | Best Fitness: 0.006649820722840303 | Population Length: 20| Best DNA: 'θεονεικου αλεξανδρος ουδις θεονεικου'
Generation 49 | Average Generation Fitness: 0.0025266690944251427 | Best Fitness: 0.0025266690944251422 | Population Length: 20| Best DNA: 'υπεμεινε αλεξανδρος ουδις υπεμεινε'
Generation 50 | Average Generation Fitness: 0.0025266690944251427 | Best Fitness: 0.0025266690944251422 | Population Length: 20| Best DNA: 'υπεμεινε αλεξανδρος ουδις υπεμεινε'
------------------------------------------------
Total Generations: 50
Total Population: 20   ---   Mutation Rate: 0.01  ---  Crossover Probability: 0.1
Average Fitness: 0.0025266690944251427  ---  Best Overall Fitness: 0.00937705641825907
----------------------------------------------------------------------------------------------------------------------------------------------------
Execution: 8
Generation 1 | Average Generation Fitness: 0.0045457757391939215 | Best Fitness: 0.007857731750792778 | Population Length: 20| Best DNA: 'ζ αλεξανδρος ουδις ζ'
Generation 2 | Average Generation Fitness: 0.003817315002420571 | Best Fitness: 0.004828405784963433 | Population Length: 20| Best DNA: 'ηρεα αλεξανδρος ουδις ηρεα'
Generation 3 | Average Generation Fitness: 0.0037173849090180655 | Best Fitness: 0.004695776054546578 | Population Length: 20| Best DNA: 'ξενου αλεξανδρος ουδις ξενου'
Generation 4 | Average Generation Fitness: 0.0033550242724043446 | Best Fitness: 0.004309764795470904 | Population Length: 20| Best DNA: 'λεοντισκος αλεξανδρος ουδις λεοντισκος'
Generation 5 | Average Generation Fitness: 0.0030413417706141727 | Best Fitness: 0.003261915774695184 | Population Length: 20| Best DNA: 'πλεισταρχου αλεξανδρος ουδις πλεισταρχου'
Generation 6 | Average Generation Fitness: 0.002967817102587168 | Best Fitness: 0.003261915774695184 | Population Length: 20| Best DNA: 'πλεισταρχου αλεξανδρος ουδις πλεισταρχου'
Generation 7 | Average Generation Fitness: 0.002967817102587168 | Best Fitness: 0.003261915774695184 | Population Length: 20| Best DNA: 'πλεισταρχου αλεξανδρος ουδις πλεισταρχου'
Generation 8 | Average Generation Fitness: 0.0028575301005466626 | Best Fitness: 0.003261915774695184 | Population Length: 20| Best DNA: 'απεδοτο αλεξανδρος ουδις απεδοτο'
Generation 9 | Average Generation Fitness: 0.002747243098506156 | Best Fitness: 0.003261915774695184 | Population Length: 20| Best DNA: 'γεγενημενου αλεξανδρος ουδις γεγενημενου'
Generation 10 | Average Generation Fitness: 0.002600193762452147 | Best Fitness: 0.003261915774695184 | Population Length: 20| Best DNA: 'πλεισταρχου αλεξανδρος ουδις πλεισταρχου'
Generation 11 | Average Generation Fitness: 0.0028436960674036735 | Best Fitness: 0.007396715193455675 | Population Length: 20| Best DNA: 'τιτος αλεξανδρος ουδις τιτος'
Generation 12 | Average Generation Fitness: 0.002563431428438645 | Best Fitness: 0.003261915774695184 | Population Length: 20| Best DNA: 'απεδοτο αλεξανδρος ουδις απεδοτο'
Generation 13 | Average Generation Fitness: 0.002954918326658835 | Best Fitness: 0.011091653739098978 | Population Length: 20| Best DNA: 'τον αλεξανδρος ουδις τον'
Generation 14 | Average Generation Fitness: 0.0025266690944251427 | Best Fitness: 0.0025266690944251422 | Population Length: 20| Best DNA: 'πλεισταρχου αλεξανδρος ουδις πλεισταρχου'
Generation 15 | Average Generation Fitness: 0.0025266690944251427 | Best Fitness: 0.0025266690944251422 | Population Length: 20| Best DNA: 'πλεισταρχου αλεξανδρος ουδις πλεισταρχου'
Generation 16 | Average Generation Fitness: 0.0025266690944251427 | Best Fitness: 0.0025266690944251422 | Population Length: 20| Best DNA: 'πλεισταρχου αλεξανδρος ουδις πλεισταρχου'
Generation 17 | Average Generation Fitness: 0.0025266690944251427 | Best Fitness: 0.0025266690944251422 | Population Length: 20| Best DNA: 'πλεισταρχου αλεξανδρος ουδις πλεισταρχου'
Generation 18 | Average Generation Fitness: 0.0025266690944251427 | Best Fitness: 0.0025266690944251422 | Population Length: 20| Best DNA: 'πλεισταρχου αλεξανδρος ουδις πλεισταρχου'
Generation 19 | Average Generation Fitness: 0.002632146331940809 | Best Fitness: 0.00463621384473846 | Population Length: 20| Best DNA: 'εμποροις αλεξανδρος ουδις εμποροις'
Generation 20 | Average Generation Fitness: 0.0025266690944251427 | Best Fitness: 0.0025266690944251422 | Population Length: 20| Best DNA: 'πλεισταρχου αλεξανδρος ουδις πλεισταρχου'
Generation 21 | Average Generation Fitness: 0.0025266690944251427 | Best Fitness: 0.0025266690944251422 | Population Length: 20| Best DNA: 'πλεισταρχου αλεξανδρος ουδις πλεισταρχου'
Generation 22 | Average Generation Fitness: 0.0025266690944251427 | Best Fitness: 0.0025266690944251422 | Population Length: 20| Best DNA: 'πλεισταρχου αλεξανδρος ουδις πλεισταρχου'
Generation 23 | Average Generation Fitness: 0.0025266690944251427 | Best Fitness: 0.0025266690944251422 | Population Length: 20| Best DNA: 'πλεισταρχου αλεξανδρος ουδις πλεισταρχου'
Generation 24 | Average Generation Fitness: 0.0025266690944251427 | Best Fitness: 0.0025266690944251422 | Population Length: 20| Best DNA: 'πλεισταρχου αλεξανδρος ουδις πλεισταρχου'
Generation 25 | Average Generation Fitness: 0.0025266690944251427 | Best Fitness: 0.0025266690944251422 | Population Length: 20| Best DNA: 'πλεισταρχου αλεξανδρος ουδις πλεισταρχου'
Generation 26 | Average Generation Fitness: 0.002738138660355265 | Best Fitness: 0.006756060413027588 | Population Length: 20| Best DNA: 'ντι αλεξανδρος ουδις ντι'
Generation 27 | Average Generation Fitness: 0.0026384889266080408 | Best Fitness: 0.004763065738083102 | Population Length: 20| Best DNA: 'θευδοσιης αλεξανδρος ουδις θευδοσιης'
Generation 28 | Average Generation Fitness: 0.0025266690944251427 | Best Fitness: 0.0025266690944251422 | Population Length: 20| Best DNA: 'πλεισταρχου αλεξανδρος ουδις πλεισταρχου'
Generation 29 | Average Generation Fitness: 0.0025266690944251427 | Best Fitness: 0.0025266690944251422 | Population Length: 20| Best DNA: 'πλεισταρχου αλεξανδρος ουδις πλεισταρχου'
Generation 30 | Average Generation Fitness: 0.0025266690944251427 | Best Fitness: 0.0025266690944251422 | Population Length: 20| Best DNA: 'πλεισταρχου αλεξανδρος ουδις πλεισταρχου'
Generation 31 | Average Generation Fitness: 0.0025266690944251427 | Best Fitness: 0.0025266690944251422 | Population Length: 20| Best DNA: 'πλεισταρχου αλεξανδρος ουδις πλεισταρχου'
Generation 32 | Average Generation Fitness: 0.0025266690944251427 | Best Fitness: 0.0025266690944251422 | Population Length: 20| Best DNA: 'πλεισταρχου αλεξανδρος ουδις πλεισταρχου'
Generation 33 | Average Generation Fitness: 0.0025266690944251427 | Best Fitness: 0.0025266690944251422 | Population Length: 20| Best DNA: 'πλεισταρχου αλεξανδρος ουδις πλεισταρχου'
Generation 34 | Average Generation Fitness: 0.0025266690944251427 | Best Fitness: 0.0025266690944251422 | Population Length: 20| Best DNA: 'πλεισταρχου αλεξανδρος ουδις πλεισταρχου'
Generation 35 | Average Generation Fitness: 0.0025266690944251427 | Best Fitness: 0.0025266690944251422 | Population Length: 20| Best DNA: 'πλεισταρχου αλεξανδρος ουδις πλεισταρχου'
Generation 36 | Average Generation Fitness: 0.002720748169196952 | Best Fitness: 0.006408250589861315 | Population Length: 20| Best DNA: 'μη αλεξανδρος ουδις μη'
Generation 37 | Average Generation Fitness: 0.002720748169196952 | Best Fitness: 0.006408250589861315 | Population Length: 20| Best DNA: 'μη αλεξανδρος ουδις μη'
Generation 38 | Average Generation Fitness: 0.0025266690944251427 | Best Fitness: 0.0025266690944251422 | Population Length: 20| Best DNA: 'πλεισταρχου αλεξανδρος ουδις πλεισταρχου'
Generation 39 | Average Generation Fitness: 0.0025266690944251427 | Best Fitness: 0.0025266690944251422 | Population Length: 20| Best DNA: 'πλεισταρχου αλεξανδρος ουδις πλεισταρχου'
Generation 40 | Average Generation Fitness: 0.0025266690944251427 | Best Fitness: 0.0025266690944251422 | Population Length: 20| Best DNA: 'πλεισταρχου αλεξανδρος ουδις πλεισταρχου'
Generation 41 | Average Generation Fitness: 0.0025266690944251427 | Best Fitness: 0.0025266690944251422 | Population Length: 20| Best DNA: 'πλεισταρχου αλεξανδρος ουδις πλεισταρχου'
Generation 42 | Average Generation Fitness: 0.0025266690944251427 | Best Fitness: 0.0025266690944251422 | Population Length: 20| Best DNA: 'πλεισταρχου αλεξανδρος ουδις πλεισταρχου'
Generation 43 | Average Generation Fitness: 0.0025266690944251427 | Best Fitness: 0.0025266690944251422 | Population Length: 20| Best DNA: 'πλεισταρχου αλεξανδρος ουδις πλεισταρχου'
Generation 44 | Average Generation Fitness: 0.002563431428438645 | Best Fitness: 0.003261915774695184 | Population Length: 20| Best DNA: 'σαυδαρατας αλεξανδρος ουδις σαυδαρατας'
Generation 45 | Average Generation Fitness: 0.0025266690944251427 | Best Fitness: 0.0025266690944251422 | Population Length: 20| Best DNA: 'πλεισταρχου αλεξανδρος ουδις πλεισταρχου'
Generation 46 | Average Generation Fitness: 0.0025266690944251427 | Best Fitness: 0.0025266690944251422 | Population Length: 20| Best DNA: 'πλεισταρχου αλεξανδρος ουδις πλεισταρχου'
Generation 47 | Average Generation Fitness: 0.0025266690944251427 | Best Fitness: 0.0025266690944251422 | Population Length: 20| Best DNA: 'πλεισταρχου αλεξανδρος ουδις πλεισταρχου'
Generation 48 | Average Generation Fitness: 0.0025266690944251427 | Best Fitness: 0.0025266690944251422 | Population Length: 20| Best DNA: 'πλεισταρχου αλεξανδρος ουδις πλεισταρχου'
Generation 49 | Average Generation Fitness: 0.0026306423635947015 | Best Fitness: 0.004606134477816314 | Population Length: 20| Best DNA: 'ιδιω αλεξανδρος ουδις ιδιω'
Generation 50 | Average Generation Fitness: 0.0025266690944251427 | Best Fitness: 0.0025266690944251422 | Population Length: 20| Best DNA: 'πλεισταρχου αλεξανδρος ουδις πλεισταρχου'
------------------------------------------------
Total Generations: 50
Total Population: 20   ---   Mutation Rate: 0.01  ---  Crossover Probability: 0.1
Average Fitness: 0.0025266690944251427  ---  Best Overall Fitness: 0.011091653739098978
----------------------------------------------------------------------------------------------------------------------------------------------------
Execution: 9
Generation 1 | Average Generation Fitness: 0.0042247587515451285 | Best Fitness: 0.005585472703270491 | Population Length: 20| Best DNA: 'ωκος αλεξανδρος ουδις ωκος'
Generation 2 | Average Generation Fitness: 0.0038120493748744705 | Best Fitness: 0.00519814323740522 | Population Length: 20| Best DNA: 'ουλπιου αλεξανδρος ουδις ουλπιου'
Generation 3 | Average Generation Fitness: 0.0034730089141931817 | Best Fitness: 0.004687769154727758 | Population Length: 20| Best DNA: 'αυτα αλεξανδρος ουδις αυτα'
Generation 4 | Average Generation Fitness: 0.0033413144527447204 | Best Fitness: 0.0050768065457897135 | Population Length: 20| Best DNA: 'εποιησατο αλεξανδρος ουδις εποιησατο'
Generation 5 | Average Generation Fitness: 0.003274896486699134 | Best Fitness: 0.003510631004782436 | Population Length: 20| Best DNA: 'ποσιος αλεξανδρος ουδις ποσιος'
Generation 6 | Average Generation Fitness: 0.003151628772654679 | Best Fitness: 0.003261915774695184 | Population Length: 20| Best DNA: 'μιξελληνας αλεξανδρος ουδις μιξελληνας'
Generation 7 | Average Generation Fitness: 0.003114866438641177 | Best Fitness: 0.003261915774695184 | Population Length: 20| Best DNA: 'αποφερων αλεξανδρος ουδις αποφερων'
Generation 8 | Average Generation Fitness: 0.0029678171025871686 | Best Fitness: 0.003261915774695184 | Population Length: 20| Best DNA: 'ποσιος αλεξανδρος ουδις ποσιος'
Generation 9 | Average Generation Fitness: 0.0028575301005466618 | Best Fitness: 0.003261915774695184 | Population Length: 20| Best DNA: 'μιξελληνας αλεξανδρος ουδις μιξελληνας'
Generation 10 | Average Generation Fitness: 0.0027472430985061554 | Best Fitness: 0.003261915774695184 | Population Length: 20| Best DNA: 'σω αλεξανδρος ουδις σω'
Generation 11 | Average Generation Fitness: 0.002563431428438645 | Best Fitness: 0.003261915774695184 | Population Length: 20| Best DNA: 'απαντησαντων αλεξανδρος ουδις απαντησαντων'
Generation 12 | Average Generation Fitness: 0.0025266690944251427 | Best Fitness: 0.0025266690944251422 | Population Length: 20| Best DNA: 'απαντησαντων αλεξανδρος ουδις απαντησαντων'
Generation 13 | Average Generation Fitness: 0.0025266690944251427 | Best Fitness: 0.0025266690944251422 | Population Length: 20| Best DNA: 'απαντησαντων αλεξανδρος ουδις απαντησαντων'
Generation 14 | Average Generation Fitness: 0.0025266690944251427 | Best Fitness: 0.0025266690944251422 | Population Length: 20| Best DNA: 'απαντησαντων αλεξανδρος ουδις απαντησαντων'
Generation 15 | Average Generation Fitness: 0.0025266690944251427 | Best Fitness: 0.0025266690944251422 | Population Length: 20| Best DNA: 'απαντησαντων αλεξανδρος ουδις απαντησαντων'
Generation 16 | Average Generation Fitness: 0.0025266690944251427 | Best Fitness: 0.0025266690944251422 | Population Length: 20| Best DNA: 'απαντησαντων αλεξανδρος ουδις απαντησαντων'
Generation 17 | Average Generation Fitness: 0.0025266690944251427 | Best Fitness: 0.0025266690944251422 | Population Length: 20| Best DNA: 'απαντησαντων αλεξανδρος ουδις απαντησαντων'
Generation 18 | Average Generation Fitness: 0.0025266690944251427 | Best Fitness: 0.0025266690944251422 | Population Length: 20| Best DNA: 'απαντησαντων αλεξανδρος ουδις απαντησαντων'
Generation 19 | Average Generation Fitness: 0.0025266690944251427 | Best Fitness: 0.0025266690944251422 | Population Length: 20| Best DNA: 'απαντησαντων αλεξανδρος ουδις απαντησαντων'
Generation 20 | Average Generation Fitness: 0.0025266690944251427 | Best Fitness: 0.0025266690944251422 | Population Length: 20| Best DNA: 'απαντησαντων αλεξανδρος ουδις απαντησαντων'
Generation 21 | Average Generation Fitness: 0.0025266690944251427 | Best Fitness: 0.0025266690944251422 | Population Length: 20| Best DNA: 'απαντησαντων αλεξανδρος ουδις απαντησαντων'
Generation 22 | Average Generation Fitness: 0.0025266690944251427 | Best Fitness: 0.0025266690944251422 | Population Length: 20| Best DNA: 'απαντησαντων αλεξανδρος ουδις απαντησαντων'
Generation 23 | Average Generation Fitness: 0.0026718771979994406 | Best Fitness: 0.005430831165911098 | Population Length: 20| Best DNA: 'ποσειδωνιος αλεξανδρος ουδις ποσειδωνιος'
Generation 24 | Average Generation Fitness: 0.0025266690944251427 | Best Fitness: 0.0025266690944251422 | Population Length: 20| Best DNA: 'απαντησαντων αλεξανδρος ουδις απαντησαντων'
Generation 25 | Average Generation Fitness: 0.0025266690944251427 | Best Fitness: 0.0025266690944251422 | Population Length: 20| Best DNA: 'απαντησαντων αλεξανδρος ουδις απαντησαντων'
Generation 26 | Average Generation Fitness: 0.002720200899800914 | Best Fitness: 0.006397305201940569 | Population Length: 20| Best DNA: 'περιιδειν αλεξανδρος ουδις περιιδειν'
Generation 27 | Average Generation Fitness: 0.0025266690944251427 | Best Fitness: 0.0025266690944251422 | Population Length: 20| Best DNA: 'απαντησαντων αλεξανδρος ουδις απαντησαντων'
Generation 28 | Average Generation Fitness: 0.0025266690944251427 | Best Fitness: 0.0025266690944251422 | Population Length: 20| Best DNA: 'απαντησαντων αλεξανδρος ουδις απαντησαντων'
Generation 29 | Average Generation Fitness: 0.0025266690944251427 | Best Fitness: 0.0025266690944251422 | Population Length: 20| Best DNA: 'απαντησαντων αλεξανδρος ουδις απαντησαντων'
Generation 30 | Average Generation Fitness: 0.0025266690944251427 | Best Fitness: 0.0025266690944251422 | Population Length: 20| Best DNA: 'απαντησαντων αλεξανδρος ουδις απαντησαντων'
Generation 31 | Average Generation Fitness: 0.0025266690944251427 | Best Fitness: 0.0025266690944251422 | Population Length: 20| Best DNA: 'απαντησαντων αλεξανδρος ουδις απαντησαντων'
Generation 32 | Average Generation Fitness: 0.0025266690944251427 | Best Fitness: 0.0025266690944251422 | Population Length: 20| Best DNA: 'απαντησαντων αλεξανδρος ουδις απαντησαντων'
Generation 33 | Average Generation Fitness: 0.0025266690944251427 | Best Fitness: 0.0025266690944251422 | Population Length: 20| Best DNA: 'απαντησαντων αλεξανδρος ουδις απαντησαντων'
Generation 34 | Average Generation Fitness: 0.0025266690944251427 | Best Fitness: 0.0025266690944251422 | Population Length: 20| Best DNA: 'απαντησαντων αλεξανδρος ουδις απαντησαντων'
Generation 35 | Average Generation Fitness: 0.0026942296693153625 | Best Fitness: 0.0058778805922295365 | Population Length: 20| Best DNA: 'δημος αλεξανδρος ουδις δημος'
Generation 36 | Average Generation Fitness: 0.0025266690944251427 | Best Fitness: 0.0025266690944251422 | Population Length: 20| Best DNA: 'απαντησαντων αλεξανδρος ουδις απαντησαντων'
Generation 37 | Average Generation Fitness: 0.0025266690944251427 | Best Fitness: 0.0025266690944251422 | Population Length: 20| Best DNA: 'απαντησαντων αλεξανδρος ουδις απαντησαντων'
Generation 38 | Average Generation Fitness: 0.0025266690944251427 | Best Fitness: 0.0025266690944251422 | Population Length: 20| Best DNA: 'απαντησαντων αλεξανδρος ουδις απαντησαντων'
Generation 39 | Average Generation Fitness: 0.0025266690944251427 | Best Fitness: 0.0025266690944251422 | Population Length: 20| Best DNA: 'απαντησαντων αλεξανδρος ουδις απαντησαντων'
Generation 40 | Average Generation Fitness: 0.0025266690944251427 | Best Fitness: 0.0025266690944251422 | Population Length: 20| Best DNA: 'απαντησαντων αλεξανδρος ουδις απαντησαντων'
Generation 41 | Average Generation Fitness: 0.0025266690944251427 | Best Fitness: 0.0025266690944251422 | Population Length: 20| Best DNA: 'απαντησαντων αλεξανδρος ουδις απαντησαντων'
Generation 42 | Average Generation Fitness: 0.0025266690944251427 | Best Fitness: 0.0025266690944251422 | Population Length: 20| Best DNA: 'απαντησαντων αλεξανδρος ουδις απαντησαντων'
Generation 43 | Average Generation Fitness: 0.0025266690944251427 | Best Fitness: 0.0025266690944251422 | Population Length: 20| Best DNA: 'απαντησαντων αλεξανδρος ουδις απαντησαντων'
Generation 44 | Average Generation Fitness: 0.002645653626286353 | Best Fitness: 0.004906359731649351 | Population Length: 20| Best DNA: 'χερσονησιτηι αλεξανδρος ουδις χερσονησιτηι'
Generation 45 | Average Generation Fitness: 0.0025266690944251427 | Best Fitness: 0.0025266690944251422 | Population Length: 20| Best DNA: 'απαντησαντων αλεξανδρος ουδις απαντησαντων'
Generation 46 | Average Generation Fitness: 0.0025266690944251427 | Best Fitness: 0.0025266690944251422 | Population Length: 20| Best DNA: 'απαντησαντων αλεξανδρος ουδις απαντησαντων'
Generation 47 | Average Generation Fitness: 0.0025266690944251427 | Best Fitness: 0.0025266690944251422 | Population Length: 20| Best DNA: 'απαντησαντων αλεξανδρος ουδις απαντησαντων'
Generation 48 | Average Generation Fitness: 0.002609122476518007 | Best Fitness: 0.004175736736282428 | Population Length: 20| Best DNA: 'αρχιτεκτονων αλεξανδρος ουδις αρχιτεκτονων'
Generation 49 | Average Generation Fitness: 0.0025758671899430074 | Best Fitness: 0.003510631004782436 | Population Length: 20| Best DNA: 'απαντησαντων αλεξανδρος ουδις απαντησαντων'
Generation 50 | Average Generation Fitness: 0.0025266690944251427 | Best Fitness: 0.0025266690944251422 | Population Length: 20| Best DNA: 'απαντησαντων αλεξανδρος ουδις απαντησαντων'
------------------------------------------------
Total Generations: 50
Total Population: 20   ---   Mutation Rate: 0.01  ---  Crossover Probability: 0.1
Average Fitness: 0.0025266690944251427  ---  Best Overall Fitness: 0.006397305201940569
------------------------------------------------