----------------------------------------------------------------------------------------------------
Execution: 0
Generation 1 | Average Generation Fitness: 0.005346511823718555 | Best Fitness: 0.008177889124428973 | Population Length: 20| Best DNA: 'χηδοσβιου αλεξανδρος ουδις χηδοσβιου'
Generation 2 | Average Generation Fitness: 0.004165661928433174 | Best Fitness: 0.006295583304571556 | Population Length: 20| Best DNA: 'στορης αλεξανδρος ουδις στορης'
Generation 3 | Average Generation Fitness: 0.004142760348504605 | Best Fitness: 0.006524368759367621 | Population Length: 20| Best DNA: 'θεοδοσιης αλεξανδρος ουδις θεοδοσιης'
Generation 4 | Average Generation Fitness: 0.0036602436321335205 | Best Fitness: 0.005308713948148256 | Population Length: 20| Best DNA: 'θεοδοσιης αλεξανδρος ουδις θεοδοσιης'
Generation 5 | Average Generation Fitness: 0.0031938127732955386 | Best Fitness: 0.003927021506195175 | Population Length: 20| Best DNA: 'επανω αλεξανδρος ουδις επανω'
Generation 6 | Average Generation Fitness: 0.003078104104627675 | Best Fitness: 0.003261915774695184 | Population Length: 20| Best DNA: 'αναζευξιν αλεξανδρος ουδις αναζευξιν'
Generation 7 | Average Generation Fitness: 0.00282076776653316 | Best Fitness: 0.003261915774695184 | Population Length: 20| Best DNA: 'αναζευξιν αλεξανδρος ουδις αναζευξιν'
Generation 8 | Average Generation Fitness: 0.0029678171025871686 | Best Fitness: 0.003261915774695184 | Population Length: 20| Best DNA: 'αναζευξιν αλεξανδρος ουδις αναζευξιν'
Generation 9 | Average Generation Fitness: 0.002971477970070392 | Best Fitness: 0.0033351331243596572 | Population Length: 20| Best DNA: 'προδηλου αλεξανδρος ουδις προδηλου'
Generation 10 | Average Generation Fitness: 0.0029310547685736663 | Best Fitness: 0.003261915774695184 | Population Length: 20| Best DNA: 'αναζευξιν αλεξανδρος ουδις αναζευξιν'
Generation 11 | Average Generation Fitness: 0.00274708943932489 | Best Fitness: 0.00399408927133992 | Population Length: 20| Best DNA: 'ουκ αλεξανδρος ουδις ουκ'
Generation 12 | Average Generation Fitness: 0.002563431428438645 | Best Fitness: 0.003261915774695184 | Population Length: 20| Best DNA: 'επανω αλεξανδρος ουδις επανω'
Generation 13 | Average Generation Fitness: 0.0025266690944251427 | Best Fitness: 0.0025266690944251422 | Population Length: 20| Best DNA: 'αναζευξιν αλεξανδρος ουδις αναζευξιν'
Generation 14 | Average Generation Fitness: 0.0025266690944251427 | Best Fitness: 0.0025266690944251422 | Population Length: 20| Best DNA: 'αναζευξιν αλεξανδρος ουδις αναζευξιν'
Generation 15 | Average Generation Fitness: 0.002864141193492248 | Best Fitness: 0.006570885357147384 | Population Length: 20| Best DNA: 'σαδαλου αλεξανδρος ουδις σαδαλου'
Generation 16 | Average Generation Fitness: 0.0025266690944251427 | Best Fitness: 0.0025266690944251422 | Population Length: 20| Best DNA: 'αναζευξιν αλεξανδρος ουδις αναζευξιν'
Generation 17 | Average Generation Fitness: 0.0025266690944251427 | Best Fitness: 0.0025266690944251422 | Population Length: 20| Best DNA: 'αναζευξιν αλεξανδρος ουδις αναζευξιν'
Generation 18 | Average Generation Fitness: 0.0025266690944251427 | Best Fitness: 0.0025266690944251422 | Population Length: 20| Best DNA: 'αναζευξιν αλεξανδρος ουδις αναζευξιν'
Generation 19 | Average Generation Fitness: 0.0025266690944251427 | Best Fitness: 0.0025266690944251422 | Population Length: 20| Best DNA: 'αναζευξιν αλεξανδρος ουδις αναζευξιν'
Generation 20 | Average Generation Fitness: 0.0025266690944251427 | Best Fitness: 0.0025266690944251422 | Population Length: 20| Best DNA: 'αναζευξιν αλεξανδρος ουδις αναζευξιν'
Generation 21 | Average Generation Fitness: 0.002563431428438645 | Best Fitness: 0.003261915774695184 | Population Length: 20| Best DNA: 'διακεισθαι αλεξανδρος ουδις διακεισθαι'
Generation 22 | Average Generation Fitness: 0.0027203940365268875 | Best Fitness: 0.006401167936460032 | Population Length: 20| Best DNA: 'διογενους αλεξανδρος ουδις διογενους'
Generation 23 | Average Generation Fitness: 0.0025266690944251427 | Best Fitness: 0.0025266690944251422 | Population Length: 20| Best DNA: 'αναζευξιν αλεξανδρος ουδις αναζευξιν'
Generation 24 | Average Generation Fitness: 0.0025266690944251427 | Best Fitness: 0.0025266690944251422 | Population Length: 20| Best DNA: 'αναζευξιν αλεξανδρος ουδις αναζευξιν'
Generation 25 | Average Generation Fitness: 0.0025266690944251427 | Best Fitness: 0.0025266690944251422 | Population Length: 20| Best DNA: 'αναζευξιν αλεξανδρος ουδις αναζευξιν'
Generation 26 | Average Generation Fitness: 0.0025266690944251427 | Best Fitness: 0.0025266690944251422 | Population Length: 20| Best DNA: 'αναζευξιν αλεξανδρος ουδις αναζευξιν'
Generation 27 | Average Generation Fitness: 0.0025266690944251427 | Best Fitness: 0.0025266690944251422 | Population Length: 20| Best DNA: 'αναζευξιν αλεξανδρος ουδις αναζευξιν'
Generation 28 | Average Generation Fitness: 0.0025266690944251427 | Best Fitness: 0.0025266690944251422 | Population Length: 20| Best DNA: 'αναζευξιν αλεξανδρος ουδις αναζευξιν'
Generation 29 | Average Generation Fitness: 0.002757738743004257 | Best Fitness: 0.007148062066007425 | Population Length: 20| Best DNA: 'νομοφυλακες αλεξανδρος ουδις νομοφυλακες'
Generation 30 | Average Generation Fitness: 0.0026079418152541015 | Best Fitness: 0.004152123511004315 | Population Length: 20| Best DNA: 'απελλας αλεξανδρος ουδις απελλας'
Generation 31 | Average Generation Fitness: 0.002635124442431215 | Best Fitness: 0.004695776054546578 | Population Length: 20| Best DNA: 'αρχης αλεξανδρος ουδις αρχης'
Generation 32 | Average Generation Fitness: 0.002563431428438645 | Best Fitness: 0.003261915774695184 | Population Length: 20| Best DNA: 'αρχης αλεξανδρος ουδις αρχης'
Generation 33 | Average Generation Fitness: 0.002563431428438645 | Best Fitness: 0.003261915774695184 | Population Length: 20| Best DNA: 'αρχης αλεξανδρος ουδις αρχης'
Generation 34 | Average Generation Fitness: 0.0025919638189305936 | Best Fitness: 0.003832563584534162 | Population Length: 20| Best DNA: 'ασυντελεστου αλεξανδρος ουδις ασυντελεστου'
Generation 35 | Average Generation Fitness: 0.0025266690944251427 | Best Fitness: 0.0025266690944251422 | Population Length: 20| Best DNA: 'αναζευξιν αλεξανδρος ουδις αναζευξιν'
Generation 36 | Average Generation Fitness: 0.0025266690944251427 | Best Fitness: 0.0025266690944251422 | Population Length: 20| Best DNA: 'αναζευξιν αλεξανδρος ουδις αναζευξιν'
Generation 37 | Average Generation Fitness: 0.0025266690944251427 | Best Fitness: 0.0025266690944251422 | Population Length: 20| Best DNA: 'αναζευξιν αλεξανδρος ουδις αναζευξιν'
Generation 38 | Average Generation Fitness: 0.0025266690944251427 | Best Fitness: 0.0025266690944251422 | Population Length: 20| Best DNA: 'αναζευξιν αλεξανδρος ουδις αναζευξιν'
Generation 39 | Average Generation Fitness: 0.0025266690944251427 | Best Fitness: 0.0025266690944251422 | Population Length: 20| Best DNA: 'αναζευξιν αλεξανδρος ουδις αναζευξιν'
Generation 40 | Average Generation Fitness: 0.0026149798587797994 | Best Fitness: 0.0042928843815182695 | Population Length: 20| Best DNA: 'τι αλεξανδρος ουδις τι'
Generation 41 | Average Generation Fitness: 0.002563431428438645 | Best Fitness: 0.003261915774695184 | Population Length: 20| Best DNA: 'επιθυμειν αλεξανδρος ουδις επιθυμειν'
Generation 42 | Average Generation Fitness: 0.0025266690944251427 | Best Fitness: 0.0025266690944251422 | Population Length: 20| Best DNA: 'αναζευξιν αλεξανδρος ουδις αναζευξιν'
Generation 43 | Average Generation Fitness: 0.0025266690944251427 | Best Fitness: 0.0025266690944251422 | Population Length: 20| Best DNA: 'αναζευξιν αλεξανδρος ουδις αναζευξιν'
Generation 44 | Average Generation Fitness: 0.0025266690944251427 | Best Fitness: 0.0025266690944251422 | Population Length: 20| Best DNA: 'αναζευξιν αλεξανδρος ουδις αναζευξιν'
Generation 45 | Average Generation Fitness: 0.0025266690944251427 | Best Fitness: 0.0025266690944251422 | Population Length: 20| Best DNA: 'αναζευξιν αλεξανδρος ουδις αναζευξιν'
Generation 46 | Average Generation Fitness: 0.0025266690944251427 | Best Fitness: 0.0025266690944251422 | Population Length: 20| Best DNA: 'αναζευξιν αλεξανδρος ουδις αναζευξιν'
Generation 47 | Average Generation Fitness: 0.0025266690944251427 | Best Fitness: 0.0025266690944251422 | Population Length: 20| Best DNA: 'αναζευξιν αλεξανδρος ουδις αναζευξιν'
Generation 48 | Average Generation Fitness: 0.0025266690944251427 | Best Fitness: 0.0025266690944251422 | Population Length: 20| Best DNA: 'αναζευξιν αλεξανδρος ουδις αναζευξιν'
Generation 49 | Average Generation Fitness: 0.0025266690944251427 | Best Fitness: 0.0025266690944251422 | Population Length: 20| Best DNA: 'αναζευξιν αλεξανδρος ουδις αναζευξιν'
Generation 50 | Average Generation Fitness: 0.0025266690944251427 | Best Fitness: 0.0025266690944251422 | Population Length: 20| Best DNA: 'αναζευξιν αλεξανδρος ουδις αναζευξιν'
------------------------------------------------
Total Generations: 50
Total Population: 20   ---   Mutation Rate: 0.01  ---  Crossover Probability: 0.9
Average Fitness: 0.0025266690944251427  ---  Best Overall Fitness: 0.008177889124428973
----------------------------------------------------------------------------------------------------------------------------------------------------
Execution: 1
Generation 1 | Average Generation Fitness: 0.004496059176996909 | Best Fitness: 0.007093455567531912 | Population Length: 20| Best DNA: 'εκομισατο αλεξανδρος ουδις εκομισατο'
Generation 2 | Average Generation Fitness: 0.003930075050260408 | Best Fitness: 0.005264889917272948 | Population Length: 20| Best DNA: 'δημωι αλεξανδρος ουδις δημωι'
Generation 3 | Average Generation Fitness: 0.003383640875809106 | Best Fitness: 0.004271907803919459 | Population Length: 20| Best DNA: 'πασαν αλεξανδρος ουδις πασαν'
Generation 4 | Average Generation Fitness: 0.003202539410856413 | Best Fitness: 0.003628002523017552 | Population Length: 20| Best DNA: 'χρυσων αλεξανδρος ουδις χρυσων'
Generation 5 | Average Generation Fitness: 0.003205458143446374 | Best Fitness: 0.003481567823688605 | Population Length: 20| Best DNA: 'χρυσων αλεξανδρος ουδις χρυσων'
Generation 6 | Average Generation Fitness: 0.00326203099549984 | Best Fitness: 0.004587221607520298 | Population Length: 20| Best DNA: 'δημου αλεξανδρος ουδις δημου'
Generation 7 | Average Generation Fitness: 0.00317034615288124 | Best Fitness: 0.003481567823688605 | Population Length: 20| Best DNA: 'τοτ αλεξανδρος ουδις τοτ'
Generation 8 | Average Generation Fitness: 0.003016335262447271 | Best Fitness: 0.0034083504740241312 | Population Length: 20| Best DNA: 'τοτ αλεξανδρος ουδις τοτ'
Generation 9 | Average Generation Fitness: 0.003355572587858942 | Best Fitness: 0.006904561164418934 | Population Length: 20| Best DNA: 'λυσασθαι αλεξανδρος ουδις λυσασθαι'
Generation 10 | Average Generation Fitness: 0.003041188111432907 | Best Fitness: 0.0034083504740241312 | Population Length: 20| Best DNA: 'υπαρχοντων αλεξανδρος ουδις υπαρχοντων'
Generation 11 | Average Generation Fitness: 0.0028354112364660546 | Best Fitness: 0.0034083504740241312 | Population Length: 20| Best DNA: 'τοτ αλεξανδρος ουδις τοτ'
Generation 12 | Average Generation Fitness: 0.0027913271674861054 | Best Fitness: 0.0034083504740241312 | Population Length: 20| Best DNA: 'τοτ αλεξανδρος ουδις τοτ'
Generation 13 | Average Generation Fitness: 0.002563431428438645 | Best Fitness: 0.003261915774695184 | Population Length: 20| Best DNA: 'κονωνος αλεξανδρος ουδις κονωνος'
Generation 14 | Average Generation Fitness: 0.0025266690944251427 | Best Fitness: 0.0025266690944251422 | Population Length: 20| Best DNA: 'τοτ αλεξανδρος ουδις τοτ'
Generation 15 | Average Generation Fitness: 0.002586849792392679 | Best Fitness: 0.003730283053775857 | Population Length: 20| Best DNA: 'ουδενα αλεξανδρος ουδις ουδενα'
Generation 16 | Average Generation Fitness: 0.0025266690944251427 | Best Fitness: 0.0025266690944251422 | Population Length: 20| Best DNA: 'τοτ αλεξανδρος ουδις τοτ'
Generation 17 | Average Generation Fitness: 0.0025266690944251427 | Best Fitness: 0.0025266690944251422 | Population Length: 20| Best DNA: 'τοτ αλεξανδρος ουδις τοτ'
Generation 18 | Average Generation Fitness: 0.0025266690944251427 | Best Fitness: 0.0025266690944251422 | Population Length: 20| Best DNA: 'τοτ αλεξανδρος ουδις τοτ'
Generation 19 | Average Generation Fitness: 0.0025266690944251427 | Best Fitness: 0.0025266690944251422 | Population Length: 20| Best DNA: 'τοτ αλεξανδρος ουδις τοτ'
Generation 20 | Average Generation Fitness: 0.0025266690944251427 | Best Fitness: 0.0025266690944251422 | Population Length: 20| Best DNA: 'τοτ αλεξανδρος ουδις τοτ'
Generation 21 | Average Generation Fitness: 0.0025266690944251427 | Best Fitness: 0.0025266690944251422 | Population Length: 20| Best DNA: 'τοτ αλεξανδρος ουδις τοτ'
Generation 22 | Average Generation Fitness: 0.0025266690944251427 | Best Fitness: 0.0025266690944251422 | Population Length: 20| Best DNA: 'τοτ αλεξανδρος ουδις τοτ'
Generation 23 | Average Generation Fitness: 0.0025266690944251427 | Best Fitness: 0.0025266690944251422 | Population Length: 20| Best DNA: 'τοτ αλεξανδρος ουδις τοτ'
Generation 24 | Average Generation Fitness: 0.0025266690944251427 | Best Fitness: 0.0025266690944251422 | Population Length: 20| Best DNA: 'τοτ αλεξανδρος ουδις τοτ'
Generation 25 | Average Generation Fitness: 0.0025266690944251427 | Best Fitness: 0.0025266690944251422 | Population Length: 20| Best DNA: 'τοτ αλεξανδρος ουδις τοτ'
Generation 26 | Average Generation Fitness: 0.002563431428438645 | Best Fitness: 0.003261915774695184 | Population Length: 20| Best DNA: 'αληθειας αλεξανδρος ουδις αληθειας'
Generation 27 | Average Generation Fitness: 0.0025266690944251427 | Best Fitness: 0.0025266690944251422 | Population Length: 20| Best DNA: 'τοτ αλεξανδρος ουδις τοτ'
Generation 28 | Average Generation Fitness: 0.0025266690944251427 | Best Fitness: 0.0025266690944251422 | Population Length: 20| Best DNA: 'τοτ αλεξανδρος ουδις τοτ'
Generation 29 | Average Generation Fitness: 0.0025266690944251427 | Best Fitness: 0.0025266690944251422 | Population Length: 20| Best DNA: 'τοτ αλεξανδρος ουδις τοτ'
Generation 30 | Average Generation Fitness: 0.0025266690944251427 | Best Fitness: 0.0025266690944251422 | Population Length: 20| Best DNA: 'τοτ αλεξανδρος ουδις τοτ'
Generation 31 | Average Generation Fitness: 0.0025266690944251427 | Best Fitness: 0.0025266690944251422 | Population Length: 20| Best DNA: 'τοτ αλεξανδρος ουδις τοτ'
Generation 32 | Average Generation Fitness: 0.0025266690944251427 | Best Fitness: 0.0025266690944251422 | Population Length: 20| Best DNA: 'τοτ αλεξανδρος ουδις τοτ'
Generation 33 | Average Generation Fitness: 0.0025266690944251427 | Best Fitness: 0.0025266690944251422 | Population Length: 20| Best DNA: 'τοτ αλεξανδρος ουδις τοτ'
Generation 34 | Average Generation Fitness: 0.0025266690944251427 | Best Fitness: 0.0025266690944251422 | Population Length: 20| Best DNA: 'τοτ αλεξανδρος ουδις τοτ'
Generation 35 | Average Generation Fitness: 0.0025266690944251427 | Best Fitness: 0.0025266690944251422 | Population Length: 20| Best DNA: 'τοτ αλεξανδρος ουδις τοτ'
Generation 36 | Average Generation Fitness: 0.0025266690944251427 | Best Fitness: 0.0025266690944251422 | Population Length: 20| Best DNA: 'τοτ αλεξανδρος ουδις τοτ'
Generation 37 | Average Generation Fitness: 0.0025266690944251427 | Best Fitness: 0.0025266690944251422 | Population Length: 20| Best DNA: 'τοτ αλεξανδρος ουδις τοτ'
Generation 38 | Average Generation Fitness: 0.0025266690944251427 | Best Fitness: 0.0025266690944251422 | Population Length: 20| Best DNA: 'τοτ αλεξανδρος ουδις τοτ'
Generation 39 | Average Generation Fitness: 0.0025266690944251427 | Best Fitness: 0.0025266690944251422 | Population Length: 20| Best DNA: 'τοτ αλεξανδρος ουδις τοτ'
Generation 40 | Average Generation Fitness: 0.0025266690944251427 | Best Fitness: 0.0025266690944251422 | Population Length: 20| Best DNA: 'τοτ αλεξανδρος ουδις τοτ'
Generation 41 | Average Generation Fitness: 0.0025266690944251427 | Best Fitness: 0.0025266690944251422 | Population Length: 20| Best DNA: 'τοτ αλεξανδρος ουδις τοτ'
Generation 42 | Average Generation Fitness: 0.0026524599115778083 | Best Fitness: 0.005042485437478454 | Population Length: 20| Best DNA: 'κοινης αλεξανδρος ουδις κοινης'
Generation 43 | Average Generation Fitness: 0.0025266690944251427 | Best Fitness: 0.0025266690944251422 | Population Length: 20| Best DNA: 'τοτ αλεξανδρος ουδις τοτ'
Generation 44 | Average Generation Fitness: 0.0025266690944251427 | Best Fitness: 0.0025266690944251422 | Population Length: 20| Best DNA: 'τοτ αλεξανδρος ουδις τοτ'
Generation 45 | Average Generation Fitness: 0.0025266690944251427 | Best Fitness: 0.0025266690944251422 | Population Length: 20| Best DNA: 'τοτ αλεξανδρος ουδις τοτ'
Generation 46 | Average Generation Fitness: 0.0025266690944251427 | Best Fitness: 0.0025266690944251422 | Population Length: 20| Best DNA: 'τοτ αλεξανδρος ουδις τοτ'
Generation 47 | Average Generation Fitness: 0.0025266690944251427 | Best Fitness: 0.0025266690944251422 | Population Length: 20| Best DNA: 'τοτ αλεξανδρος ουδις τοτ'
Generation 48 | Average Generation Fitness: 0.00283895078619025 | Best Fitness: 0.008772302929727282 | Population Length: 20| Best DNA: 'θεοφιλος αλεξανδρος ουδις θεοφιλος'
Generation 49 | Average Generation Fitness: 0.0025266690944251427 | Best Fitness: 0.0025266690944251422 | Population Length: 20| Best DNA: 'τοτ αλεξανδρος ουδις τοτ'
Generation 50 | Average Generation Fitness: 0.0025266690944251427 | Best Fitness: 0.0025266690944251422 | Population Length: 20| Best DNA: 'τοτ αλεξανδρος ουδις τοτ'
------------------------------------------------
Total Generations: 50
Total Population: 20   ---   Mutation Rate: 0.01  ---  Crossover Probability: 0.9
Average Fitness: 0.0025266690944251427  ---  Best Overall Fitness: 0.008772302929727282
----------------------------------------------------------------------------------------------------------------------------------------------------
Execution: 2
Generation 1 | Average Generation Fitness: 0.005046801151143687 | Best Fitness: 0.00789797088792252 | Population Length: 20| Best DNA: 'σπαρτοκου αλεξανδρος ουδις σπαρτοκου'
Generation 2 | Average Generation Fitness: 0.003981914856850736 | Best Fitness: 0.006476279222661049 | Population Length: 20| Best DNA: 'ζαλσιν αλεξανδρος ουδις ζαλσιν'
Generation 3 | Average Generation Fitness: 0.003492585449395403 | Best Fitness: 0.005063112621648727 | Population Length: 20| Best DNA: 'φρυγιαι αλεξανδρος ουδις φρυγιαι'
Generation 4 | Average Generation Fitness: 0.0032066954440842996 | Best Fitness: 0.0033351331243596572 | Population Length: 20| Best DNA: 'ελασσονωγ αλεξανδρος ουδις ελασσονωγ'
Generation 5 | Average Generation Fitness: 0.003243457778097802 | Best Fitness: 0.0033351331243596572 | Population Length: 20| Best DNA: 'ελασσονωγ αλεξανδρος ουδις ελασσονωγ'
Generation 6 | Average Generation Fitness: 0.003333752365767553 | Best Fitness: 0.00837488099749275 | Population Length: 20| Best DNA: 'ιερεος αλεξανδρος ουδις ιερεος'
Generation 7 | Average Generation Fitness: 0.0030413417706141727 | Best Fitness: 0.003261915774695184 | Population Length: 20| Best DNA: 'δυνασθαι αλεξανδρος ουδις δυνασθαι'
Generation 8 | Average Generation Fitness: 0.003151628772654679 | Best Fitness: 0.003261915774695184 | Population Length: 20| Best DNA: 'σωσιας αλεξανδρος ουδις σωσιας'
Generation 9 | Average Generation Fitness: 0.0029678171025871686 | Best Fitness: 0.003261915774695184 | Population Length: 20| Best DNA: 'λογου αλεξανδρος ουδις λογου'
Generation 10 | Average Generation Fitness: 0.0030413417706141727 | Best Fitness: 0.003261915774695184 | Population Length: 20| Best DNA: 'σωσιας αλεξανδρος ουδις σωσιας'
Generation 11 | Average Generation Fitness: 0.002747243098506156 | Best Fitness: 0.003261915774695184 | Population Length: 20| Best DNA: 'λογου αλεξανδρος ουδις λογου'
Generation 12 | Average Generation Fitness: 0.0030219885750969793 | Best Fitness: 0.00802157862624162 | Population Length: 20| Best DNA: 'ξαιορσαζης αλεξανδρος ουδις ξαιορσαζης'
Generation 13 | Average Generation Fitness: 0.0026369560964656495 | Best Fitness: 0.003261915774695184 | Population Length: 20| Best DNA: 'λογου αλεξανδρος ουδις λογου'
Generation 14 | Average Generation Fitness: 0.0025266690944251427 | Best Fitness: 0.0025266690944251422 | Population Length: 20| Best DNA: 'σωσιας αλεξανδρος ουδις σωσιας'
Generation 15 | Average Generation Fitness: 0.0025266690944251427 | Best Fitness: 0.0025266690944251422 | Population Length: 20| Best DNA: 'σωσιας αλεξανδρος ουδις σωσιας'
Generation 16 | Average Generation Fitness: 0.0025707531634050922 | Best Fitness: 0.0034083504740241312 | Population Length: 20| Best DNA: 'παροδου αλεξανδρος ουδις παροδου'
Generation 17 | Average Generation Fitness: 0.002828810849719956 | Best Fitness: 0.006489028458034011 | Population Length: 20| Best DNA: 'οαισακτεσ αλεξανδρος ουδις οαισακτεσ'
Generation 18 | Average Generation Fitness: 0.0025266690944251427 | Best Fitness: 0.0025266690944251422 | Population Length: 20| Best DNA: 'σωσιας αλεξανδρος ουδις σωσιας'
Generation 19 | Average Generation Fitness: 0.0025266690944251427 | Best Fitness: 0.0025266690944251422 | Population Length: 20| Best DNA: 'σωσιας αλεξανδρος ουδις σωσιας'
Generation 20 | Average Generation Fitness: 0.0025758671899430074 | Best Fitness: 0.003510631004782436 | Population Length: 20| Best DNA: 'τελωναις αλεξανδρος ουδις τελωναις'
Generation 21 | Average Generation Fitness: 0.0025266690944251427 | Best Fitness: 0.0025266690944251422 | Population Length: 20| Best DNA: 'σωσιας αλεξανδρος ουδις σωσιας'
Generation 22 | Average Generation Fitness: 0.0025266690944251427 | Best Fitness: 0.0025266690944251422 | Population Length: 20| Best DNA: 'σωσιας αλεξανδρος ουδις σωσιας'
Generation 23 | Average Generation Fitness: 0.0025266690944251427 | Best Fitness: 0.0025266690944251422 | Population Length: 20| Best DNA: 'σωσιας αλεξανδρος ουδις σωσιας'
Generation 24 | Average Generation Fitness: 0.0025266690944251427 | Best Fitness: 0.0025266690944251422 | Population Length: 20| Best DNA: 'σωσιας αλεξανδρος ουδις σωσιας'
Generation 25 | Average Generation Fitness: 0.0025266690944251427 | Best Fitness: 0.0025266690944251422 | Population Length: 20| Best DNA: 'σωσιας αλεξανδρος ουδις σωσιας'
Generation 26 | Average Generation Fitness: 0.0025266690944251427 | Best Fitness: 0.0025266690944251422 | Population Length: 20| Best DNA: 'σωσιας αλεξανδρος ουδις σωσιας'
Generation 27 | Average Generation Fitness: 0.0025266690944251427 | Best Fitness: 0.0025266690944251422 | Population Length: 20| Best DNA: 'σωσιας αλεξανδρος ουδις σωσιας'
Generation 28 | Average Generation Fitness: 0.0025266690944251427 | Best Fitness: 0.0025266690944251422 | Population Length: 20| Best DNA: 'σωσιας αλεξανδρος ουδις σωσιας'
Generation 29 | Average Generation Fitness: 0.0025266690944251427 | Best Fitness: 0.0025266690944251422 | Population Length: 20| Best DNA: 'σωσιας αλεξανδρος ουδις σωσιας'
Generation 30 | Average Generation Fitness: 0.0025266690944251427 | Best Fitness: 0.0025266690944251422 | Population Length: 20| Best DNA: 'σωσιας αλεξανδρος ουδις σωσιας'
Generation 31 | Average Generation Fitness: 0.0025266690944251427 | Best Fitness: 0.0025266690944251422 | Population Length: 20| Best DNA: 'σωσιας αλεξανδρος ουδις σωσιας'
Generation 32 | Average Generation Fitness: 0.0025266690944251427 | Best Fitness: 0.0025266690944251422 | Population Length: 20| Best DNA: 'σωσιας αλεξανδρος ουδις σωσιας'
Generation 33 | Average Generation Fitness: 0.0025266690944251427 | Best Fitness: 0.0025266690944251422 | Population Length: 20| Best DNA: 'σωσιας αλεξανδρος ουδις σωσιας'
Generation 34 | Average Generation Fitness: 0.0025266690944251427 | Best Fitness: 0.0025266690944251422 | Population Length: 20| Best DNA: 'σωσιας αλεξανδρος ουδις σωσιας'
Generation 35 | Average Generation Fitness: 0.0025266690944251427 | Best Fitness: 0.0025266690944251422 | Population Length: 20| Best DNA: 'σωσιας αλεξανδρος ουδις σωσιας'
Generation 36 | Average Generation Fitness: 0.0025266690944251427 | Best Fitness: 0.0025266690944251422 | Population Length: 20| Best DNA: 'σωσιας αλεξανδρος ουδις σωσιας'
Generation 37 | Average Generation Fitness: 0.002689001466892328 | Best Fitness: 0.005773316543768851 | Population Length: 20| Best DNA: 'περσεφονηι αλεξανδρος ουδις περσεφονηι'
Generation 38 | Average Generation Fitness: 0.002574414030888316 | Best Fitness: 0.003481567823688605 | Population Length: 20| Best DNA: 'σωσιας αλεξανδρος ουδις σωσιας'
Generation 39 | Average Generation Fitness: 0.0025266690944251427 | Best Fitness: 0.0025266690944251422 | Population Length: 20| Best DNA: 'σωσιας αλεξανδρος ουδις σωσιας'
Generation 40 | Average Generation Fitness: 0.0026022226470462898 | Best Fitness: 0.004037740146848083 | Population Length: 20| Best DNA: 'ευθυς αλεξανδρος ουδις ευθυς'
Generation 41 | Average Generation Fitness: 0.0025266690944251427 | Best Fitness: 0.0025266690944251422 | Population Length: 20| Best DNA: 'σωσιας αλεξανδρος ουδις σωσιας'
Generation 42 | Average Generation Fitness: 0.0025266690944251427 | Best Fitness: 0.0025266690944251422 | Population Length: 20| Best DNA: 'σωσιας αλεξανδρος ουδις σωσιας'
Generation 43 | Average Generation Fitness: 0.0025266690944251427 | Best Fitness: 0.0025266690944251422 | Population Length: 20| Best DNA: 'σωσιας αλεξανδρος ουδις σωσιας'
Generation 44 | Average Generation Fitness: 0.0025707531634050922 | Best Fitness: 0.0034083504740241312 | Population Length: 20| Best DNA: 'ταυτην αλεξανδρος ουδις ταυτην'
Generation 45 | Average Generation Fitness: 0.0025266690944251427 | Best Fitness: 0.0025266690944251422 | Population Length: 20| Best DNA: 'σωσιας αλεξανδρος ουδις σωσιας'
Generation 46 | Average Generation Fitness: 0.0025266690944251427 | Best Fitness: 0.0025266690944251422 | Population Length: 20| Best DNA: 'σωσιας αλεξανδρος ουδις σωσιας'
Generation 47 | Average Generation Fitness: 0.0025266690944251427 | Best Fitness: 0.0025266690944251422 | Population Length: 20| Best DNA: 'σωσιας αλεξανδρος ουδις σωσιας'
Generation 48 | Average Generation Fitness: 0.0027618736750464425 | Best Fitness: 0.007230760706851137 | Population Length: 20| Best DNA: 'συνεχως αλεξανδρος ουδις συνεχως'
Generation 49 | Average Generation Fitness: 0.0025266690944251427 | Best Fitness: 0.0025266690944251422 | Population Length: 20| Best DNA: 'σωσιας αλεξανδρος ουδις σωσιας'
Generation 50 | Average Generation Fitness: 0.002646808773753883 | Best Fitness: 0.004929462680999948 | Population Length: 20| Best DNA: 'μηνιου αλεξανδρος ουδις μηνιου'
------------------------------------------------
Total Generations: 50
Total Population: 20   ---   Mutation Rate: 0.01  ---  Crossover Probability: 0.9
Average Fitness: 0.002646808773753883  ---  Best Overall Fitness: 0.00837488099749275
----------------------------------------------------------------------------------------------------------------------------------------------------
Execution: 3
Generation 1 | Average Generation Fitness: 0.0037156227440067703 | Best Fitness: 0.007917588729609218 | Population Length: 20| Best DNA: 'εργωνας αλεξανδρος ουδις εργωνας'
Generation 2 | Average Generation Fitness: 0.0032811468238233958 | Best Fitness: 0.0039053420424708 | Population Length: 20| Best DNA: 'ς αλεξανδρος ουδις ς'
Generation 3 | Average Generation Fitness: 0.0032928280781815956 | Best Fitness: 0.003883235028048705 | Population Length: 20| Best DNA: 'αιρεθεις αλεξανδρος ουδις αιρεθεις'
Generation 4 | Average Generation Fitness: 0.0034809162410136033 | Best Fitness: 0.009441367912854192 | Population Length: 20| Best DNA: 'εις αλεξανδρος ουδις εις'
Generation 5 | Average Generation Fitness: 0.0034409784035451126 | Best Fitness: 0.008094009663240405 | Population Length: 20| Best DNA: 'εις αλεξανδρος ουδις εις'
Generation 6 | Average Generation Fitness: 0.0033260676054942297 | Best Fitness: 0.006677475081821723 | Population Length: 20| Best DNA: 'ωμ αλεξανδρος ουδις ωμ'
Generation 7 | Average Generation Fitness: 0.003078104104627675 | Best Fitness: 0.003261915774695184 | Population Length: 20| Best DNA: 'αλλο αλεξανδρος ουδις αλλο'
Generation 8 | Average Generation Fitness: 0.003151628772654679 | Best Fitness: 0.003261915774695184 | Population Length: 20| Best DNA: 'αμφοτερους αλεξανδρος ουδις αμφοτερους'
Generation 9 | Average Generation Fitness: 0.003114866438641177 | Best Fitness: 0.003261915774695184 | Population Length: 20| Best DNA: 'αμφοτερους αλεξανδρος ουδις αμφοτερους'
Generation 10 | Average Generation Fitness: 0.0030413417706141727 | Best Fitness: 0.003261915774695184 | Population Length: 20| Best DNA: 'φορμιωνος αλεξανδρος ουδις φορμιωνος'
Generation 11 | Average Generation Fitness: 0.0030413417706141727 | Best Fitness: 0.003261915774695184 | Population Length: 20| Best DNA: 'αριθμησιν αλεξανδρος ουδις αριθμησιν'
Generation 12 | Average Generation Fitness: 0.0031468103502000516 | Best Fitness: 0.005786016884677248 | Population Length: 20| Best DNA: 'υπερ αλεξανδρος ουδις υπερ'
Generation 13 | Average Generation Fitness: 0.002857530100546662 | Best Fitness: 0.003261915774695184 | Population Length: 20| Best DNA: 'αλλο αλεξανδρος ουδις αλλο'
Generation 14 | Average Generation Fitness: 0.002743428571841667 | Best Fitness: 0.003920871921675447 | Population Length: 20| Best DNA: 'αυτομολων αλεξανδρος ουδις αυτομολων'
Generation 15 | Average Generation Fitness: 0.0025266690944251427 | Best Fitness: 0.0025266690944251422 | Population Length: 20| Best DNA: 'αλλο αλεξανδρος ουδις αλλο'
Generation 16 | Average Generation Fitness: 0.0025266690944251427 | Best Fitness: 0.0025266690944251422 | Population Length: 20| Best DNA: 'αλλο αλεξανδρος ουδις αλλο'
Generation 17 | Average Generation Fitness: 0.0025266690944251427 | Best Fitness: 0.0025266690944251422 | Population Length: 20| Best DNA: 'αλλο αλεξανδρος ουδις αλλο'
Generation 18 | Average Generation Fitness: 0.0025266690944251427 | Best Fitness: 0.0025266690944251422 | Population Length: 20| Best DNA: 'αλλο αλεξανδρος ουδις αλλο'
Generation 19 | Average Generation Fitness: 0.0025266690944251427 | Best Fitness: 0.0025266690944251422 | Population Length: 20| Best DNA: 'αλλο αλεξανδρος ουδις αλλο'
Generation 20 | Average Generation Fitness: 0.0025266690944251427 | Best Fitness: 0.0025266690944251422 | Population Length: 20| Best DNA: 'αλλο αλεξανδρος ουδις αλλο'
Generation 21 | Average Generation Fitness: 0.0025758671899430074 | Best Fitness: 0.003510631004782436 | Population Length: 20| Best DNA: 'μητροδωρου αλεξανδρος ουδις μητροδωρου'
Generation 22 | Average Generation Fitness: 0.0025266690944251427 | Best Fitness: 0.0025266690944251422 | Population Length: 20| Best DNA: 'αλλο αλεξανδρος ουδις αλλο'
Generation 23 | Average Generation Fitness: 0.0025266690944251427 | Best Fitness: 0.0025266690944251422 | Population Length: 20| Best DNA: 'αλλο αλεξανδρος ουδις αλλο'
Generation 24 | Average Generation Fitness: 0.0025266690944251427 | Best Fitness: 0.0025266690944251422 | Population Length: 20| Best DNA: 'αλλο αλεξανδρος ουδις αλλο'
Generation 25 | Average Generation Fitness: 0.0025266690944251427 | Best Fitness: 0.0025266690944251422 | Population Length: 20| Best DNA: 'αλλο αλεξανδρος ουδις αλλο'
Generation 26 | Average Generation Fitness: 0.0027762399982036866 | Best Fitness: 0.007518087169996011 | Population Length: 20| Best DNA: 'ελεης αλεξανδρος ουδις ελεης'
Generation 27 | Average Generation Fitness: 0.0025266690944251427 | Best Fitness: 0.0025266690944251422 | Population Length: 20| Best DNA: 'αλλο αλεξανδρος ουδις αλλο'
Generation 28 | Average Generation Fitness: 0.0025266690944251427 | Best Fitness: 0.0025266690944251422 | Population Length: 20| Best DNA: 'αλλο αλεξανδρος ουδις αλλο'
Generation 29 | Average Generation Fitness: 0.0030240576962809497 | Best Fitness: 0.012474441131541277 | Population Length: 20| Best DNA: 'την αλεξανδρος ουδις την'
Generation 30 | Average Generation Fitness: 0.0025266690944251427 | Best Fitness: 0.0025266690944251422 | Population Length: 20| Best DNA: 'αλλο αλεξανδρος ουδις αλλο'
Generation 31 | Average Generation Fitness: 0.0025266690944251427 | Best Fitness: 0.0025266690944251422 | Population Length: 20| Best DNA: 'αλλο αλεξανδρος ουδις αλλο'
Generation 32 | Average Generation Fitness: 0.0025266690944251427 | Best Fitness: 0.0025266690944251422 | Population Length: 20| Best DNA: 'αλλο αλεξανδρος ουδις αλλο'
Generation 33 | Average Generation Fitness: 0.0025670922959218686 | Best Fitness: 0.0033351331243596572 | Population Length: 20| Best DNA: 'κομιδην αλεξανδρος ουδις κομιδην'
Generation 34 | Average Generation Fitness: 0.0025266690944251427 | Best Fitness: 0.0025266690944251422 | Population Length: 20| Best DNA: 'αλλο αλεξανδρος ουδις αλλο'
Generation 35 | Average Generation Fitness: 0.0025266690944251427 | Best Fitness: 0.0025266690944251422 | Population Length: 20| Best DNA: 'αλλο αλεξανδρος ουδις αλλο'
Generation 36 | Average Generation Fitness: 0.0025266690944251427 | Best Fitness: 0.0025266690944251422 | Population Length: 20| Best DNA: 'αλλο αλεξανδρος ουδις αλλο'
Generation 37 | Average Generation Fitness: 0.0025266690944251427 | Best Fitness: 0.0025266690944251422 | Population Length: 20| Best DNA: 'αλλο αλεξανδρος ουδις αλλο'
Generation 38 | Average Generation Fitness: 0.0025266690944251427 | Best Fitness: 0.0025266690944251422 | Population Length: 20| Best DNA: 'αλλο αλεξανδρος ουδις αλλο'
Generation 39 | Average Generation Fitness: 0.0025266690944251427 | Best Fitness: 0.0025266690944251422 | Population Length: 20| Best DNA: 'αλλο αλεξανδρος ουδις αλλο'
Generation 40 | Average Generation Fitness: 0.0025266690944251427 | Best Fitness: 0.0025266690944251422 | Population Length: 20| Best DNA: 'αλλο αλεξανδρος ουδις αλλο'
Generation 41 | Average Generation Fitness: 0.0025266690944251427 | Best Fitness: 0.0025266690944251422 | Population Length: 20| Best DNA: 'αλλο αλεξανδρος ουδις αλλο'
Generation 42 | Average Generation Fitness: 0.0025266690944251427 | Best Fitness: 0.0025266690944251422 | Population Length: 20| Best DNA: 'αλλο αλεξανδρος ουδις αλλο'
Generation 43 | Average Generation Fitness: 0.0025266690944251427 | Best Fitness: 0.0025266690944251422 | Population Length: 20| Best DNA: 'αλλο αλεξανδρος ουδις αλλο'
Generation 44 | Average Generation Fitness: 0.0025266690944251427 | Best Fitness: 0.0025266690944251422 | Population Length: 20| Best DNA: 'αλλο αλεξανδρος ουδις αλλο'
Generation 45 | Average Generation Fitness: 0.0026686579632291827 | Best Fitness: 0.005366446470505934 | Population Length: 20| Best DNA: 'καγκυτον αλεξανδρος ουδις καγκυτον'
Generation 46 | Average Generation Fitness: 0.0026686579632291827 | Best Fitness: 0.005366446470505934 | Population Length: 20| Best DNA: 'αλλο αλεξανδρος ουδις αλλο'
Generation 47 | Average Generation Fitness: 0.0027363418178554732 | Best Fitness: 0.006720123563031751 | Population Length: 20| Best DNA: 'δωρον αλεξανδρος ουδις δωρον'
Generation 48 | Average Generation Fitness: 0.002729020082889026 | Best Fitness: 0.006573688863702803 | Population Length: 20| Best DNA: 'δωρον αλεξανδρος ουδις δωρον'
Generation 49 | Average Generation Fitness: 0.002563431428438645 | Best Fitness: 0.003261915774695184 | Population Length: 20| Best DNA: 'αυτωμ αλεξανδρος ουδις αυτωμ'
Generation 50 | Average Generation Fitness: 0.0025266690944251427 | Best Fitness: 0.0025266690944251422 | Population Length: 20| Best DNA: 'αλλο αλεξανδρος ουδις αλλο'
------------------------------------------------
Total Generations: 50
Total Population: 20   ---   Mutation Rate: 0.01  ---  Crossover Probability: 0.9
Average Fitness: 0.0025266690944251427  ---  Best Overall Fitness: 0.012474441131541277
----------------------------------------------------------------------------------------------------------------------------------------------------
Execution: 4
Generation 1 | Average Generation Fitness: 0.004558851930013233 | Best Fitness: 0.00891827293947392 | Population Length: 20| Best DNA: 'ευταξιαν αλεξανδρος ουδις ευταξιαν'
Generation 2 | Average Generation Fitness: 0.003925288686769616 | Best Fitness: 0.007230760706851137 | Population Length: 20| Best DNA: 'προδηλου αλεξανδρος ουδις προδηλου'
Generation 3 | Average Generation Fitness: 0.003644599036511002 | Best Fitness: 0.007230760706851137 | Population Length: 20| Best DNA: 'χιη αλεξανδρος ουδις χιη'
Generation 4 | Average Generation Fitness: 0.003421082817590458 | Best Fitness: 0.004317679616970787 | Population Length: 20| Best DNA: 'ιδιου αλεξανδρος ουδις ιδιου'
Generation 5 | Average Generation Fitness: 0.0032606130576088473 | Best Fitness: 0.003971108113238468 | Population Length: 20| Best DNA: 'ελαττους αλεξανδρος ουδις ελαττους'
Generation 6 | Average Generation Fitness: 0.003151628772654679 | Best Fitness: 0.003261915774695184 | Population Length: 20| Best DNA: 'αθροων αλεξανδρος ουδις αθροων'
Generation 7 | Average Generation Fitness: 0.0031957128416346286 | Best Fitness: 0.0034083504740241312 | Population Length: 20| Best DNA: 'ημ αλεξανδρος ουδις ημ'
Generation 8 | Average Generation Fitness: 0.002857530100546662 | Best Fitness: 0.003261915774695184 | Population Length: 20| Best DNA: 'ελαττους αλεξανδρος ουδις ελαττους'
Generation 9 | Average Generation Fitness: 0.0029678171025871686 | Best Fitness: 0.003261915774695184 | Population Length: 20| Best DNA: 'ιδιου αλεξανδρος ουδις ιδιου'
Generation 10 | Average Generation Fitness: 0.002857530100546662 | Best Fitness: 0.003261915774695184 | Population Length: 20| Best DNA: 'καιρωι αλεξανδρος ουδις καιρωι'
Generation 11 | Average Generation Fitness: 0.00274661898554732 | Best Fitness: 0.004719926876058565 | Population Length: 20| Best DNA: 'η αλεξανδρος ουδις η'
Generation 12 | Average Generation Fitness: 0.0025266690944251427 | Best Fitness: 0.0025266690944251422 | Population Length: 20| Best DNA: 'ελαττους αλεξανδρος ουδις ελαττους'
Generation 13 | Average Generation Fitness: 0.0025266690944251427 | Best Fitness: 0.0025266690944251422 | Population Length: 20| Best DNA: 'ελαττους αλεξανδρος ουδις ελαττους'
Generation 14 | Average Generation Fitness: 0.0025266690944251427 | Best Fitness: 0.0025266690944251422 | Population Length: 20| Best DNA: 'ελαττους αλεξανδρος ουδις ελαττους'
Generation 15 | Average Generation Fitness: 0.002628499820765536 | Best Fitness: 0.004563283621233009 | Population Length: 20| Best DNA: 'αυτωμ αλεξανδρος ουδις αυτωμ'
Generation 16 | Average Generation Fitness: 0.0025266690944251427 | Best Fitness: 0.0025266690944251422 | Population Length: 20| Best DNA: 'ελαττους αλεξανδρος ουδις ελαττους'
Generation 17 | Average Generation Fitness: 0.0025266690944251427 | Best Fitness: 0.0025266690944251422 | Population Length: 20| Best DNA: 'ελαττους αλεξανδρος ουδις ελαττους'
Generation 18 | Average Generation Fitness: 0.0025266690944251427 | Best Fitness: 0.0025266690944251422 | Population Length: 20| Best DNA: 'ελαττους αλεξανδρος ουδις ελαττους'
Generation 19 | Average Generation Fitness: 0.0025266690944251427 | Best Fitness: 0.0025266690944251422 | Population Length: 20| Best DNA: 'ελαττους αλεξανδρος ουδις ελαττους'
Generation 20 | Average Generation Fitness: 0.002713661645877772 | Best Fitness: 0.006266520123477725 | Population Length: 20| Best DNA: 'παρελθων αλεξανδρος ουδις παρελθων'
Generation 21 | Average Generation Fitness: 0.0025266690944251427 | Best Fitness: 0.0025266690944251422 | Population Length: 20| Best DNA: 'ελαττους αλεξανδρος ουδις ελαττους'
Generation 22 | Average Generation Fitness: 0.0025266690944251427 | Best Fitness: 0.0025266690944251422 | Population Length: 20| Best DNA: 'ελαττους αλεξανδρος ουδις ελαττους'
Generation 23 | Average Generation Fitness: 0.0025266690944251427 | Best Fitness: 0.0025266690944251422 | Population Length: 20| Best DNA: 'ελαττους αλεξανδρος ουδις ελαττους'
Generation 24 | Average Generation Fitness: 0.002711273707843173 | Best Fitness: 0.006218761362785747 | Population Length: 20| Best DNA: 'ραδαμψων αλεξανδρος ουδις ραδαμψων'
Generation 25 | Average Generation Fitness: 0.0027951289616214422 | Best Fitness: 0.007895866438351128 | Population Length: 20| Best DNA: 'ατωτεω αλεξανδρος ουδις ατωτεω'
Generation 26 | Average Generation Fitness: 0.0025966867150136446 | Best Fitness: 0.003927021506195175 | Population Length: 20| Best DNA: 'ελαττους αλεξανδρος ουδις ελαττους'
Generation 27 | Average Generation Fitness: 0.0025266690944251427 | Best Fitness: 0.0025266690944251422 | Population Length: 20| Best DNA: 'ελαττους αλεξανδρος ουδις ελαττους'
Generation 28 | Average Generation Fitness: 0.0025266690944251427 | Best Fitness: 0.0025266690944251422 | Population Length: 20| Best DNA: 'ελαττους αλεξανδρος ουδις ελαττους'
Generation 29 | Average Generation Fitness: 0.0025266690944251427 | Best Fitness: 0.0025266690944251422 | Population Length: 20| Best DNA: 'ελαττους αλεξανδρος ουδις ελαττους'
Generation 30 | Average Generation Fitness: 0.0025266690944251427 | Best Fitness: 0.0025266690944251422 | Population Length: 20| Best DNA: 'ελαττους αλεξανδρος ουδις ελαττους'
Generation 31 | Average Generation Fitness: 0.0025266690944251427 | Best Fitness: 0.0025266690944251422 | Population Length: 20| Best DNA: 'ελαττους αλεξανδρος ουδις ελαττους'
Generation 32 | Average Generation Fitness: 0.0025266690944251427 | Best Fitness: 0.0025266690944251422 | Population Length: 20| Best DNA: 'ελαττους αλεξανδρος ουδις ελαττους'
Generation 33 | Average Generation Fitness: 0.0025266690944251427 | Best Fitness: 0.0025266690944251422 | Population Length: 20| Best DNA: 'ελαττους αλεξανδρος ουδις ελαττους'
Generation 34 | Average Generation Fitness: 0.0025266690944251427 | Best Fitness: 0.0025266690944251422 | Population Length: 20| Best DNA: 'ελαττους αλεξανδρος ουδις ελαττους'
Generation 35 | Average Generation Fitness: 0.0025266690944251427 | Best Fitness: 0.0025266690944251422 | Population Length: 20| Best DNA: 'ελαττους αλεξανδρος ουδις ελαττους'
Generation 36 | Average Generation Fitness: 0.0025266690944251427 | Best Fitness: 0.0025266690944251422 | Population Length: 20| Best DNA: 'ελαττους αλεξανδρος ουδις ελαττους'
Generation 37 | Average Generation Fitness: 0.0025266690944251427 | Best Fitness: 0.0025266690944251422 | Population Length: 20| Best DNA: 'ελαττους αλεξανδρος ουδις ελαττους'
Generation 38 | Average Generation Fitness: 0.0029042159111889766 | Best Fitness: 0.010077605429701817 | Population Length: 20| Best DNA: 'ο αλεξανδρος ουδις ο'
Generation 39 | Average Generation Fitness: 0.0025266690944251427 | Best Fitness: 0.0025266690944251422 | Population Length: 20| Best DNA: 'ελαττους αλεξανδρος ουδις ελαττους'
Generation 40 | Average Generation Fitness: 0.0025266690944251427 | Best Fitness: 0.0025266690944251422 | Population Length: 20| Best DNA: 'ελαττους αλεξανδρος ουδις ελαττους'
Generation 41 | Average Generation Fitness: 0.0025266690944251427 | Best Fitness: 0.0025266690944251422 | Population Length: 20| Best DNA: 'ελαττους αλεξανδρος ουδις ελαττους'
Generation 42 | Average Generation Fitness: 0.0025266690944251427 | Best Fitness: 0.0025266690944251422 | Population Length: 20| Best DNA: 'ελαττους αλεξανδρος ουδις ελαττους'
Generation 43 | Average Generation Fitness: 0.0025266690944251427 | Best Fitness: 0.0025266690944251422 | Population Length: 20| Best DNA: 'ελαττους αλεξανδρος ουδις ελαττους'
Generation 44 | Average Generation Fitness: 0.0025266690944251427 | Best Fitness: 0.0025266690944251422 | Population Length: 20| Best DNA: 'ελαττους αλεξανδρος ουδις ελαττους'
Generation 45 | Average Generation Fitness: 0.0025266690944251427 | Best Fitness: 0.0025266690944251422 | Population Length: 20| Best DNA: 'ελαττους αλεξανδρος ουδις ελαττους'
Generation 46 | Average Generation Fitness: 0.0025266690944251427 | Best Fitness: 0.0025266690944251422 | Population Length: 20| Best DNA: 'ελαττους αλεξανδρος ουδις ελαττους'
Generation 47 | Average Generation Fitness: 0.0025266690944251427 | Best Fitness: 0.0025266690944251422 | Population Length: 20| Best DNA: 'ελαττους αλεξανδρος ουδις ελαττους'
Generation 48 | Average Generation Fitness: 0.0025266690944251427 | Best Fitness: 0.0025266690944251422 | Population Length: 20| Best DNA: 'ελαττους αλεξανδρος ουδις ελαττους'
Generation 49 | Average Generation Fitness: 0.0025266690944251427 | Best Fitness: 0.0025266690944251422 | Population Length: 20| Best DNA: 'ελαττους αλεξανδρος ουδις ελαττους'
Generation 50 | Average Generation Fitness: 0.0025266690944251427 | Best Fitness: 0.0025266690944251422 | Population Length: 20| Best DNA: 'ελαττους αλεξανδρος ουδις ελαττους'
------------------------------------------------
Total Generations: 50
Total Population: 20   ---   Mutation Rate: 0.01  ---  Crossover Probability: 0.9
Average Fitness: 0.0025266690944251427  ---  Best Overall Fitness: 0.010077605429701817
----------------------------------------------------------------------------------------------------------------------------------------------------
Execution: 5
Generation 1 | Average Generation Fitness: 0.004727915726251063 | Best Fitness: 0.012322767349287925 | Population Length: 20| Best DNA: 'το αλεξανδρος ουδις το'
Generation 2 | Average Generation Fitness: 0.003943775373426375 | Best Fitness: 0.005380094401970752 | Population Length: 20| Best DNA: 'υψιστω αλεξανδρος ουδις υψιστω'
Generation 3 | Average Generation Fitness: 0.0033756939900387918 | Best Fitness: 0.0039034082809170623 | Population Length: 20| Best DNA: 'ελασσονωγ αλεξανδρος ουδις ελασσονωγ'
Generation 4 | Average Generation Fitness: 0.00328317621497561 | Best Fitness: 0.0038035004034403306 | Population Length: 20| Best DNA: 'φιλομουσος αλεξανδρος ουδις φιλομουσος'
Generation 5 | Average Generation Fitness: 0.00332103460492635 | Best Fitness: 0.003554785173353079 | Population Length: 20| Best DNA: 'πρωτογενης αλεξανδρος ουδις πρωτογενης'
Generation 6 | Average Generation Fitness: 0.003141945670078434 | Best Fitness: 0.003554785173353079 | Population Length: 20| Best DNA: 'γενομενην αλεξανδρος ουδις γενομενην'
Generation 7 | Average Generation Fitness: 0.003114866438641177 | Best Fitness: 0.003261915774695184 | Population Length: 20| Best DNA: 'ελασσονωγ αλεξανδρος ουδις ελασσονωγ'
Generation 8 | Average Generation Fitness: 0.0034788359953817046 | Best Fitness: 0.011276553589775773 | Population Length: 20| Best DNA: 'νομοφυλακες αλεξανδρος ουδις νομοφυλακες'
Generation 9 | Average Generation Fitness: 0.002967817102587168 | Best Fitness: 0.003261915774695184 | Population Length: 20| Best DNA: 'διακειμενων αλεξανδρος ουδις διακειμενων'
Generation 10 | Average Generation Fitness: 0.0029310547685736667 | Best Fitness: 0.003261915774695184 | Population Length: 20| Best DNA: 'μεγ αλεξανδρος ουδις μεγ'
Generation 11 | Average Generation Fitness: 0.0028575301005466618 | Best Fitness: 0.003261915774695184 | Population Length: 20| Best DNA: 'ελασσονωγ αλεξανδρος ουδις ελασσονωγ'
Generation 12 | Average Generation Fitness: 0.00282076776653316 | Best Fitness: 0.003261915774695184 | Population Length: 20| Best DNA: 'διακειμενων αλεξανδρος ουδις διακειμενων'
Generation 13 | Average Generation Fitness: 0.00282076776653316 | Best Fitness: 0.003261915774695184 | Population Length: 20| Best DNA: 'γενομενην αλεξανδρος ουδις γενομενην'
Generation 14 | Average Generation Fitness: 0.0027104807644926536 | Best Fitness: 0.003261915774695184 | Population Length: 20| Best DNA: 'διακειμενων αλεξανδρος ουδις διακειμενων'
Generation 15 | Average Generation Fitness: 0.0026369560964656495 | Best Fitness: 0.003261915774695184 | Population Length: 20| Best DNA: 'γενομενην αλεξανδρος ουδις γενομενην'
Generation 16 | Average Generation Fitness: 0.0025266690944251427 | Best Fitness: 0.0025266690944251422 | Population Length: 20| Best DNA: 'διακειμενων αλεξανδρος ουδις διακειμενων'
Generation 17 | Average Generation Fitness: 0.0025266690944251427 | Best Fitness: 0.0025266690944251422 | Population Length: 20| Best DNA: 'διακειμενων αλεξανδρος ουδις διακειμενων'
Generation 18 | Average Generation Fitness: 0.0025266690944251427 | Best Fitness: 0.0025266690944251422 | Population Length: 20| Best DNA: 'διακειμενων αλεξανδρος ουδις διακειμενων'
Generation 19 | Average Generation Fitness: 0.0025266690944251427 | Best Fitness: 0.0025266690944251422 | Population Length: 20| Best DNA: 'διακειμενων αλεξανδρος ουδις διακειμενων'
Generation 20 | Average Generation Fitness: 0.0025266690944251427 | Best Fitness: 0.0025266690944251422 | Population Length: 20| Best DNA: 'διακειμενων αλεξανδρος ουδις διακειμενων'
Generation 21 | Average Generation Fitness: 0.0025266690944251427 | Best Fitness: 0.0025266690944251422 | Population Length: 20| Best DNA: 'διακειμενων αλεξανδρος ουδις διακειμενων'
Generation 22 | Average Generation Fitness: 0.0025266690944251427 | Best Fitness: 0.0025266690944251422 | Population Length: 20| Best DNA: 'διακειμενων αλεξανδρος ουδις διακειμενων'
Generation 23 | Average Generation Fitness: 0.0025266690944251427 | Best Fitness: 0.0025266690944251422 | Population Length: 20| Best DNA: 'διακειμενων αλεξανδρος ουδις διακειμενων'
Generation 24 | Average Generation Fitness: 0.0025266690944251427 | Best Fitness: 0.0025266690944251422 | Population Length: 20| Best DNA: 'διακειμενων αλεξανδρος ουδις διακειμενων'
Generation 25 | Average Generation Fitness: 0.0025266690944251427 | Best Fitness: 0.0025266690944251422 | Population Length: 20| Best DNA: 'διακειμενων αλεξανδρος ουδις διακειμενων'
Generation 26 | Average Generation Fitness: 0.0025266690944251427 | Best Fitness: 0.0025266690944251422 | Population Length: 20| Best DNA: 'διακειμενων αλεξανδρος ουδις διακειμενων'
Generation 27 | Average Generation Fitness: 0.002881237649125229 | Best Fitness: 0.009618040188426864 | Population Length: 20| Best DNA: 'αρχων αλεξανδρος ουδις αρχων'
Generation 28 | Average Generation Fitness: 0.0025266690944251427 | Best Fitness: 0.0025266690944251422 | Population Length: 20| Best DNA: 'διακειμενων αλεξανδρος ουδις διακειμενων'
Generation 29 | Average Generation Fitness: 0.0025266690944251427 | Best Fitness: 0.0025266690944251422 | Population Length: 20| Best DNA: 'διακειμενων αλεξανδρος ουδις διακειμενων'
Generation 30 | Average Generation Fitness: 0.00272844793008881 | Best Fitness: 0.006562245807698485 | Population Length: 20| Best DNA: 'ουδενος αλεξανδρος ουδις ουδενος'
Generation 31 | Average Generation Fitness: 0.0025266690944251427 | Best Fitness: 0.0025266690944251422 | Population Length: 20| Best DNA: 'διακειμενων αλεξανδρος ουδις διακειμενων'
Generation 32 | Average Generation Fitness: 0.0025266690944251427 | Best Fitness: 0.0025266690944251422 | Population Length: 20| Best DNA: 'διακειμενων αλεξανδρος ουδις διακειμενων'
Generation 33 | Average Generation Fitness: 0.0025266690944251427 | Best Fitness: 0.0025266690944251422 | Population Length: 20| Best DNA: 'διακειμενων αλεξανδρος ουδις διακειμενων'
Generation 34 | Average Generation Fitness: 0.0025266690944251427 | Best Fitness: 0.0025266690944251422 | Population Length: 20| Best DNA: 'διακειμενων αλεξανδρος ουδις διακειμενων'
Generation 35 | Average Generation Fitness: 0.0025266690944251427 | Best Fitness: 0.0025266690944251422 | Population Length: 20| Best DNA: 'διακειμενων αλεξανδρος ουδις διακειμενων'
Generation 36 | Average Generation Fitness: 0.0027436763477225656 | Best Fitness: 0.006866814160373602 | Population Length: 20| Best DNA: 'γλωσσας αλεξανδρος ουδις γλωσσας'
Generation 37 | Average Generation Fitness: 0.0025266690944251427 | Best Fitness: 0.0025266690944251422 | Population Length: 20| Best DNA: 'διακειμενων αλεξανδρος ουδις διακειμενων'
Generation 38 | Average Generation Fitness: 0.0025266690944251427 | Best Fitness: 0.0025266690944251422 | Population Length: 20| Best DNA: 'διακειμενων αλεξανδρος ουδις διακειμενων'
Generation 39 | Average Generation Fitness: 0.0025266690944251427 | Best Fitness: 0.0025266690944251422 | Population Length: 20| Best DNA: 'διακειμενων αλεξανδρος ουδις διακειμενων'
Generation 40 | Average Generation Fitness: 0.0025266690944251427 | Best Fitness: 0.0025266690944251422 | Population Length: 20| Best DNA: 'διακειμενων αλεξανδρος ουδις διακειμενων'
Generation 41 | Average Generation Fitness: 0.0028110615475629925 | Best Fitness: 0.008214518157182125 | Population Length: 20| Best DNA: 'νι αλεξανδρος ουδις νι'
Generation 42 | Average Generation Fitness: 0.0025266690944251427 | Best Fitness: 0.0025266690944251422 | Population Length: 20| Best DNA: 'διακειμενων αλεξανδρος ουδις διακειμενων'
Generation 43 | Average Generation Fitness: 0.0025266690944251427 | Best Fitness: 0.0025266690944251422 | Population Length: 20| Best DNA: 'διακειμενων αλεξανδρος ουδις διακειμενων'
Generation 44 | Average Generation Fitness: 0.0025266690944251427 | Best Fitness: 0.0025266690944251422 | Population Length: 20| Best DNA: 'διακειμενων αλεξανδρος ουδις διακειμενων'
Generation 45 | Average Generation Fitness: 0.0026686579632291827 | Best Fitness: 0.005366446470505934 | Population Length: 20| Best DNA: 'ποιουμενος αλεξανδρος ουδις ποιουμενος'
Generation 46 | Average Generation Fitness: 0.0025266690944251427 | Best Fitness: 0.0025266690944251422 | Population Length: 20| Best DNA: 'διακειμενων αλεξανδρος ουδις διακειμενων'
Generation 47 | Average Generation Fitness: 0.0025266690944251427 | Best Fitness: 0.0025266690944251422 | Population Length: 20| Best DNA: 'διακειμενων αλεξανδρος ουδις διακειμενων'
Generation 48 | Average Generation Fitness: 0.0025266690944251427 | Best Fitness: 0.0025266690944251422 | Population Length: 20| Best DNA: 'διακειμενων αλεξανδρος ουδις διακειμενων'
Generation 49 | Average Generation Fitness: 0.0025266690944251427 | Best Fitness: 0.0025266690944251422 | Population Length: 20| Best DNA: 'διακειμενων αλεξανδρος ουδις διακειμενων'
Generation 50 | Average Generation Fitness: 0.0026377196606870565 | Best Fitness: 0.004747680419663412 | Population Length: 20| Best DNA: 'ωσπερ αλεξανδρος ουδις ωσπερ'
Generation 51 | Average Generation Fitness: 0.002563431428438645 | Best Fitness: 0.003261915774695184 | Population Length: 20| Best DNA: 'διακειμενων αλεξανδρος ουδις διακειμενων'
------------------------------------------------
Total Generations: 51
Total Population: 20   ---   Mutation Rate: 0.01  ---  Crossover Probability: 0.9
Average Fitness: 0.002563431428438645  ---  Best Overall Fitness: 0.012322767349287925
----------------------------------------------------------------------------------------------------------------------------------------------------
Execution: 6
Generation 1 | Average Generation Fitness: 0.003970110110130916 | Best Fitness: 0.006987524774626825 | Population Length: 20| Best DNA: 'δημητριον αλεξανδρος ουδις δημητριον'
Generation 2 | Average Generation Fitness: 0.0036286091796499166 | Best Fitness: 0.0042412540001493595 | Population Length: 20| Best DNA: 'μελλουσαις αλεξανδρος ουδις μελλουσαις'
Generation 3 | Average Generation Fitness: 0.0031889896290696177 | Best Fitness: 0.0039034082809170623 | Population Length: 20| Best DNA: 'ωτον αλεξανδρος ουδις ωτον'
Generation 4 | Average Generation Fitness: 0.0030450026380973963 | Best Fitness: 0.0033351331243596572 | Population Length: 20| Best DNA: 'μελλουσαις αλεξανδρος ουδις μελλουσαις'
Generation 5 | Average Generation Fitness: 0.002855298101521286 | Best Fitness: 0.004687769154727758 | Population Length: 20| Best DNA: 'φιλοπατριν αλεξανδρος ουδις φιλοπατριν'
Generation 6 | Average Generation Fitness: 0.002563431428438645 | Best Fitness: 0.003261915774695184 | Population Length: 20| Best DNA: 'πλοια αλεξανδρος ουδις πλοια'
Generation 7 | Average Generation Fitness: 0.002563431428438645 | Best Fitness: 0.003261915774695184 | Population Length: 20| Best DNA: 'δυνασθαι αλεξανδρος ουδις δυνασθαι'
Generation 8 | Average Generation Fitness: 0.002600193762452147 | Best Fitness: 0.003261915774695184 | Population Length: 20| Best DNA: 'μελλουσαις αλεξανδρος ουδις μελλουσαις'
Generation 9 | Average Generation Fitness: 0.002563431428438645 | Best Fitness: 0.003261915774695184 | Population Length: 20| Best DNA: 'δυνασθαι αλεξανδρος ουδις δυνασθαι'
Generation 10 | Average Generation Fitness: 0.0025266690944251427 | Best Fitness: 0.0025266690944251422 | Population Length: 20| Best DNA: 'μελλουσαις αλεξανδρος ουδις μελλουσαις'
Generation 11 | Average Generation Fitness: 0.0025266690944251427 | Best Fitness: 0.0025266690944251422 | Population Length: 20| Best DNA: 'μελλουσαις αλεξανδρος ουδις μελλουσαις'
Generation 12 | Average Generation Fitness: 0.002897314557454307 | Best Fitness: 0.009939578355008414 | Population Length: 20| Best DNA: 'πλοια αλεξανδρος ουδις πλοια'
Generation 13 | Average Generation Fitness: 0.0026058835145295134 | Best Fitness: 0.004110957496512557 | Population Length: 20| Best DNA: 'ανατεθηναι αλεξανδρος ουδις ανατεθηναι'
Generation 14 | Average Generation Fitness: 0.0025266690944251427 | Best Fitness: 0.0025266690944251422 | Population Length: 20| Best DNA: 'μελλουσαις αλεξανδρος ουδις μελλουσαις'
Generation 15 | Average Generation Fitness: 0.0025266690944251427 | Best Fitness: 0.0025266690944251422 | Population Length: 20| Best DNA: 'μελλουσαις αλεξανδρος ουδις μελλουσαις'
Generation 16 | Average Generation Fitness: 0.0025266690944251427 | Best Fitness: 0.0025266690944251422 | Population Length: 20| Best DNA: 'μελλουσαις αλεξανδρος ουδις μελλουσαις'
Generation 17 | Average Generation Fitness: 0.0025266690944251427 | Best Fitness: 0.0025266690944251422 | Population Length: 20| Best DNA: 'μελλουσαις αλεξανδρος ουδις μελλουσαις'
Generation 18 | Average Generation Fitness: 0.0025266690944251427 | Best Fitness: 0.0025266690944251422 | Population Length: 20| Best DNA: 'μελλουσαις αλεξανδρος ουδις μελλουσαις'
Generation 19 | Average Generation Fitness: 0.0025266690944251427 | Best Fitness: 0.0025266690944251422 | Population Length: 20| Best DNA: 'μελλουσαις αλεξανδρος ουδις μελλουσαις'
Generation 20 | Average Generation Fitness: 0.0026670764873077393 | Best Fitness: 0.005334816952077076 | Population Length: 20| Best DNA: 'εαυτων αλεξανδρος ουδις εαυτων'
Generation 21 | Average Generation Fitness: 0.0030426281032467127 | Best Fitness: 0.007230760706851136 | Population Length: 20| Best DNA: 'τελουσης αλεξανδρος ουδις τελουσης'
Generation 22 | Average Generation Fitness: 0.0025266690944251427 | Best Fitness: 0.0025266690944251422 | Population Length: 20| Best DNA: 'μελλουσαις αλεξανδρος ουδις μελλουσαις'
Generation 23 | Average Generation Fitness: 0.0025266690944251427 | Best Fitness: 0.0025266690944251422 | Population Length: 20| Best DNA: 'μελλουσαις αλεξανδρος ουδις μελλουσαις'
Generation 24 | Average Generation Fitness: 0.0025266690944251427 | Best Fitness: 0.0025266690944251422 | Population Length: 20| Best DNA: 'μελλουσαις αλεξανδρος ουδις μελλουσαις'
Generation 25 | Average Generation Fitness: 0.0025266690944251427 | Best Fitness: 0.0025266690944251422 | Population Length: 20| Best DNA: 'μελλουσαις αλεξανδρος ουδις μελλουσαις'
Generation 26 | Average Generation Fitness: 0.0025266690944251427 | Best Fitness: 0.0025266690944251422 | Population Length: 20| Best DNA: 'μελλουσαις αλεξανδρος ουδις μελλουσαις'
Generation 27 | Average Generation Fitness: 0.0025266690944251427 | Best Fitness: 0.0025266690944251422 | Population Length: 20| Best DNA: 'μελλουσαις αλεξανδρος ουδις μελλουσαις'
Generation 28 | Average Generation Fitness: 0.0025266690944251427 | Best Fitness: 0.0025266690944251422 | Population Length: 20| Best DNA: 'μελλουσαις αλεξανδρος ουδις μελλουσαις'
Generation 29 | Average Generation Fitness: 0.0025266690944251427 | Best Fitness: 0.0025266690944251422 | Population Length: 20| Best DNA: 'μελλουσαις αλεξανδρος ουδις μελλουσαις'
Generation 30 | Average Generation Fitness: 0.0025266690944251427 | Best Fitness: 0.0025266690944251422 | Population Length: 20| Best DNA: 'μελλουσαις αλεξανδρος ουδις μελλουσαις'
Generation 31 | Average Generation Fitness: 0.0025266690944251427 | Best Fitness: 0.0025266690944251422 | Population Length: 20| Best DNA: 'μελλουσαις αλεξανδρος ουδις μελλουσαις'
Generation 32 | Average Generation Fitness: 0.0025266690944251427 | Best Fitness: 0.0025266690944251422 | Population Length: 20| Best DNA: 'μελλουσαις αλεξανδρος ουδις μελλουσαις'
Generation 33 | Average Generation Fitness: 0.0025266690944251427 | Best Fitness: 0.0025266690944251422 | Population Length: 20| Best DNA: 'μελλουσαις αλεξανδρος ουδις μελλουσαις'
Generation 34 | Average Generation Fitness: 0.0025266690944251427 | Best Fitness: 0.0025266690944251422 | Population Length: 20| Best DNA: 'μελλουσαις αλεξανδρος ουδις μελλουσαις'
Generation 35 | Average Generation Fitness: 0.0025266690944251427 | Best Fitness: 0.0025266690944251422 | Population Length: 20| Best DNA: 'μελλουσαις αλεξανδρος ουδις μελλουσαις'
Generation 36 | Average Generation Fitness: 0.0025266690944251427 | Best Fitness: 0.0025266690944251422 | Population Length: 20| Best DNA: 'μελλουσαις αλεξανδρος ουδις μελλουσαις'
Generation 37 | Average Generation Fitness: 0.0025266690944251427 | Best Fitness: 0.0025266690944251422 | Population Length: 20| Best DNA: 'μελλουσαις αλεξανδρος ουδις μελλουσαις'
Generation 38 | Average Generation Fitness: 0.0025266690944251427 | Best Fitness: 0.0025266690944251422 | Population Length: 20| Best DNA: 'μελλουσαις αλεξανδρος ουδις μελλουσαις'
Generation 39 | Average Generation Fitness: 0.0025266690944251427 | Best Fitness: 0.0025266690944251422 | Population Length: 20| Best DNA: 'μελλουσαις αλεξανδρος ουδις μελλουσαις'
Generation 40 | Average Generation Fitness: 0.0025266690944251427 | Best Fitness: 0.0025266690944251422 | Population Length: 20| Best DNA: 'μελλουσαις αλεξανδρος ουδις μελλουσαις'
Generation 41 | Average Generation Fitness: 0.0025266690944251427 | Best Fitness: 0.0025266690944251422 | Population Length: 20| Best DNA: 'μελλουσαις αλεξανδρος ουδις μελλουσαις'
Generation 42 | Average Generation Fitness: 0.0025266690944251427 | Best Fitness: 0.0025266690944251422 | Population Length: 20| Best DNA: 'μελλουσαις αλεξανδρος ουδις μελλουσαις'
Generation 43 | Average Generation Fitness: 0.0027092425356362937 | Best Fitness: 0.006178137918648161 | Population Length: 20| Best DNA: 'κοινων αλεξανδρος ουδις κοινων'
Generation 44 | Average Generation Fitness: 0.0025266690944251427 | Best Fitness: 0.0025266690944251422 | Population Length: 20| Best DNA: 'μελλουσαις αλεξανδρος ουδις μελλουσαις'
Generation 45 | Average Generation Fitness: 0.0025266690944251427 | Best Fitness: 0.0025266690944251422 | Population Length: 20| Best DNA: 'μελλουσαις αλεξανδρος ουδις μελλουσαις'
Generation 46 | Average Generation Fitness: 0.0025266690944251427 | Best Fitness: 0.0025266690944251422 | Population Length: 20| Best DNA: 'μελλουσαις αλεξανδρος ουδις μελλουσαις'
Generation 47 | Average Generation Fitness: 0.0025266690944251427 | Best Fitness: 0.0025266690944251422 | Population Length: 20| Best DNA: 'μελλουσαις αλεξανδρος ουδις μελλουσαις'
Generation 48 | Average Generation Fitness: 0.0025266690944251427 | Best Fitness: 0.0025266690944251422 | Population Length: 20| Best DNA: 'μελλουσαις αλεξανδρος ουδις μελλουσαις'
Generation 49 | Average Generation Fitness: 0.0028172664794321135 | Best Fitness: 0.00833861679456455 | Population Length: 20| Best DNA: 'ξανδανθιεθδ αλεξανδρος ουδις ξανδανθιεθδ'
Generation 50 | Average Generation Fitness: 0.0025266690944251427 | Best Fitness: 0.0025266690944251422 | Population Length: 20| Best DNA: 'μελλουσαις αλεξανδρος ουδις μελλουσαις'
------------------------------------------------
Total Generations: 50
Total Population: 20   ---   Mutation Rate: 0.01  ---  Crossover Probability: 0.9
Average Fitness: 0.0025266690944251427  ---  Best Overall Fitness: 0.009939578355008414
----------------------------------------------------------------------------------------------------------------------------------------------------
Execution: 7
Generation 1 | Average Generation Fitness: 0.00447636970298885 | Best Fitness: 0.007247110544823488 | Population Length: 20| Best DNA: 'αγαθηι αλεξανδρος ουδις αγαθηι'
Generation 2 | Average Generation Fitness: 0.003967345577503825 | Best Fitness: 0.005625032053177267 | Population Length: 20| Best DNA: 'υγιαινοντος αλεξανδρος ουδις υγιαινοντος'
Generation 3 | Average Generation Fitness: 0.003687954822679576 | Best Fitness: 0.005800529933600046 | Population Length: 20| Best DNA: 'μαρκος αλεξανδρος ουδις μαρκος'
Generation 4 | Average Generation Fitness: 0.003491663451011552 | Best Fitness: 0.0039034082809170623 | Population Length: 20| Best DNA: 'τιμας αλεξανδρος ουδις τιμας'
Generation 5 | Average Generation Fitness: 0.0032874972073432566 | Best Fitness: 0.004563283621233009 | Population Length: 20| Best DNA: 'οφα αλεξανδρος ουδις οφα'
Generation 6 | Average Generation Fitness: 0.003387585614671116 | Best Fitness: 0.006338134557686368 | Population Length: 20| Best DNA: 'λυνγιον αλεξανδρος ουδις λυνγιον'
Generation 7 | Average Generation Fitness: 0.0030535463478733793 | Best Fitness: 0.0042412540001493595 | Population Length: 20| Best DNA: 'μεγαλην αλεξανδρος ουδις μεγαλην'
Generation 8 | Average Generation Fitness: 0.002975138837553616 | Best Fitness: 0.0034083504740241312 | Population Length: 20| Best DNA: 'πεντακοσιων αλεξανδρος ουδις πεντακοσιων'
Generation 9 | Average Generation Fitness: 0.0029310547685736663 | Best Fitness: 0.003261915774695184 | Population Length: 20| Best DNA: 'σχοινιαιαν αλεξανδρος ουδις σχοινιαιαν'
Generation 10 | Average Generation Fitness: 0.002784005432519658 | Best Fitness: 0.003261915774695184 | Population Length: 20| Best DNA: 'ωνης αλεξανδρος ουδις ωνης'
Generation 11 | Average Generation Fitness: 0.0026369560964656495 | Best Fitness: 0.003261915774695184 | Population Length: 20| Best DNA: 'ωνης αλεξανδρος ουδις ωνης'
Generation 12 | Average Generation Fitness: 0.002563431428438645 | Best Fitness: 0.003261915774695184 | Population Length: 20| Best DNA: 'ωνης αλεξανδρος ουδις ωνης'
Generation 13 | Average Generation Fitness: 0.0025266690944251427 | Best Fitness: 0.0025266690944251422 | Population Length: 20| Best DNA: 'ωνης αλεξανδρος ουδις ωνης'
Generation 14 | Average Generation Fitness: 0.002665105481051374 | Best Fitness: 0.0052953968269497656 | Population Length: 20| Best DNA: 'λειτουργιαν αλεξανδρος ουδις λειτουργιαν'
Generation 15 | Average Generation Fitness: 0.0025266690944251427 | Best Fitness: 0.0025266690944251422 | Population Length: 20| Best DNA: 'ωνης αλεξανδρος ουδις ωνης'
Generation 16 | Average Generation Fitness: 0.0025266690944251427 | Best Fitness: 0.0025266690944251422 | Population Length: 20| Best DNA: 'ωνης αλεξανδρος ουδις ωνης'
Generation 17 | Average Generation Fitness: 0.0025266690944251427 | Best Fitness: 0.0025266690944251422 | Population Length: 20| Best DNA: 'ωνης αλεξανδρος ουδις ωνης'
Generation 18 | Average Generation Fitness: 0.0025266690944251427 | Best Fitness: 0.0025266690944251422 | Population Length: 20| Best DNA: 'ωνης αλεξανδρος ουδις ωνης'
Generation 19 | Average Generation Fitness: 0.002826839408492977 | Best Fitness: 0.008530075375781822 | Population Length: 20| Best DNA: 'στορης αλεξανδρος ουδις στορης'
Generation 20 | Average Generation Fitness: 0.0025266690944251427 | Best Fitness: 0.0025266690944251422 | Population Length: 20| Best DNA: 'ωνης αλεξανδρος ουδις ωνης'
Generation 21 | Average Generation Fitness: 0.0025266690944251427 | Best Fitness: 0.0025266690944251422 | Population Length: 20| Best DNA: 'ωνης αλεξανδρος ουδις ωνης'
Generation 22 | Average Generation Fitness: 0.0025266690944251427 | Best Fitness: 0.0025266690944251422 | Population Length: 20| Best DNA: 'ωνης αλεξανδρος ουδις ωνης'
Generation 23 | Average Generation Fitness: 0.0025266690944251427 | Best Fitness: 0.0025266690944251422 | Population Length: 20| Best DNA: 'ωνης αλεξανδρος ουδις ωνης'
Generation 24 | Average Generation Fitness: 0.0025266690944251427 | Best Fitness: 0.0025266690944251422 | Population Length: 20| Best DNA: 'ωνης αλεξανδρος ουδις ωνης'
Generation 25 | Average Generation Fitness: 0.0025266690944251427 | Best Fitness: 0.0025266690944251422 | Population Length: 20| Best DNA: 'ωνης αλεξανδρος ουδις ωνης'
Generation 26 | Average Generation Fitness: 0.0025266690944251427 | Best Fitness: 0.0025266690944251422 | Population Length: 20| Best DNA: 'ωνης αλεξανδρος ουδις ωνης'
Generation 27 | Average Generation Fitness: 0.002612398339711354 | Best Fitness: 0.0042412540001493595 | Population Length: 20| Best DNA: 'χερσονησιτηι αλεξανδρος ουδις χερσονησιτηι'
Generation 28 | Average Generation Fitness: 0.002563431428438645 | Best Fitness: 0.003261915774695184 | Population Length: 20| Best DNA: 'ωνης αλεξανδρος ουδις ωνης'
Generation 29 | Average Generation Fitness: 0.0025266690944251427 | Best Fitness: 0.0025266690944251422 | Population Length: 20| Best DNA: 'ωνης αλεξανδρος ουδις ωνης'
Generation 30 | Average Generation Fitness: 0.0025266690944251427 | Best Fitness: 0.0025266690944251422 | Population Length: 20| Best DNA: 'ωνης αλεξανδρος ουδις ωνης'
Generation 31 | Average Generation Fitness: 0.0025266690944251427 | Best Fitness: 0.0025266690944251422 | Population Length: 20| Best DNA: 'ωνης αλεξανδρος ουδις ωνης'
Generation 32 | Average Generation Fitness: 0.0025266690944251427 | Best Fitness: 0.0025266690944251422 | Population Length: 20| Best DNA: 'ωνης αλεξανδρος ουδις ωνης'
Generation 33 | Average Generation Fitness: 0.0027954824194963215 | Best Fitness: 0.007902935595848716 | Population Length: 20| Best DNA: 'ευρυδαμου αλεξανδρος ουδις ευρυδαμου'
Generation 34 | Average Generation Fitness: 0.0025758671899430074 | Best Fitness: 0.003510631004782436 | Population Length: 20| Best DNA: 'ωνης αλεξανδρος ουδις ωνης'
Generation 35 | Average Generation Fitness: 0.0025266690944251427 | Best Fitness: 0.0025266690944251422 | Population Length: 20| Best DNA: 'ωνης αλεξανδρος ουδις ωνης'
Generation 36 | Average Generation Fitness: 0.0025266690944251427 | Best Fitness: 0.0025266690944251422 | Population Length: 20| Best DNA: 'ωνης αλεξανδρος ουδις ωνης'
Generation 37 | Average Generation Fitness: 0.0025266690944251427 | Best Fitness: 0.0025266690944251422 | Population Length: 20| Best DNA: 'ωνης αλεξανδρος ουδις ωνης'
Generation 38 | Average Generation Fitness: 0.0027529299053209305 | Best Fitness: 0.007051885312340897 | Population Length: 20| Best DNA: 'ανατεθηναι αλεξανδρος ουδις ανατεθηναι'
Generation 39 | Average Generation Fitness: 0.0025266690944251427 | Best Fitness: 0.0025266690944251422 | Population Length: 20| Best DNA: 'ωνης αλεξανδρος ουδις ωνης'
Generation 40 | Average Generation Fitness: 0.002780111110342253 | Best Fitness: 0.006218770226275421 | Population Length: 20| Best DNA: 'περσεφονηι αλεξανδρος ουδις περσεφονηι'
Generation 41 | Average Generation Fitness: 0.002595506053749739 | Best Fitness: 0.0039034082809170623 | Population Length: 20| Best DNA: 'ωνης αλεξανδρος ουδις ωνης'
Generation 42 | Average Generation Fitness: 0.0025266690944251427 | Best Fitness: 0.0025266690944251422 | Population Length: 20| Best DNA: 'ωνης αλεξανδρος ουδις ωνης'
Generation 43 | Average Generation Fitness: 0.0025266690944251427 | Best Fitness: 0.0025266690944251422 | Population Length: 20| Best DNA: 'ωνης αλεξανδρος ουδις ωνης'
Generation 44 | Average Generation Fitness: 0.0025266690944251427 | Best Fitness: 0.0025266690944251422 | Population Length: 20| Best DNA: 'ωνης αλεξανδρος ουδις ωνης'
Generation 45 | Average Generation Fitness: 0.0025266690944251427 | Best Fitness: 0.0025266690944251422 | Population Length: 20| Best DNA: 'ωνης αλεξανδρος ουδις ωνης'
Generation 46 | Average Generation Fitness: 0.0025266690944251427 | Best Fitness: 0.0025266690944251422 | Population Length: 20| Best DNA: 'ωνης αλεξανδρος ουδις ωνης'
Generation 47 | Average Generation Fitness: 0.0025266690944251427 | Best Fitness: 0.0025266690944251422 | Population Length: 20| Best DNA: 'ωνης αλεξανδρος ουδις ωνης'
Generation 48 | Average Generation Fitness: 0.0025266690944251427 | Best Fitness: 0.0025266690944251422 | Population Length: 20| Best DNA: 'ωνης αλεξανδρος ουδις ωνης'
Generation 49 | Average Generation Fitness: 0.0025707531634050927 | Best Fitness: 0.0034083504740241312 | Population Length: 20| Best DNA: 'ταυτην αλεξανδρος ουδις ταυτην'
Generation 50 | Average Generation Fitness: 0.0025266690944251427 | Best Fitness: 0.0025266690944251422 | Population Length: 20| Best DNA: 'ωνης αλεξανδρος ουδις ωνης'
------------------------------------------------
Total Generations: 50
Total Population: 20   ---   Mutation Rate: 0.01  ---  Crossover Probability: 0.9
Average Fitness: 0.0025266690944251427  ---  Best Overall Fitness: 0.008530075375781822
----------------------------------------------------------------------------------------------------------------------------------------------------
Execution: 8
Generation 1 | Average Generation Fitness: 0.004162105490521232 | Best Fitness: 0.006353635799070941 | Population Length: 20| Best DNA: 'αγαθ αλεξανδρος ουδις αγαθ'
Generation 2 | Average Generation Fitness: 0.004254369963545623 | Best Fitness: 0.010089344415966343 | Population Length: 20| Best DNA: 'οσδιο αλεξανδρος ουδις οσδιο'
Generation 3 | Average Generation Fitness: 0.0037985970833511983 | Best Fitness: 0.004763065738083102 | Population Length: 20| Best DNA: 'επανω αλεξανδρος ουδις επανω'
Generation 4 | Average Generation Fitness: 0.003394410662137269 | Best Fitness: 0.004209954744957141 | Population Length: 20| Best DNA: 'απολλωνιδου αλεξανδρος ουδις απολλωνιδου'
Generation 5 | Average Generation Fitness: 0.003352123137402957 | Best Fitness: 0.0039053420424708 | Population Length: 20| Best DNA: 'υπαρχειν αλεξανδρος ουδις υπαρχειν'
Generation 6 | Average Generation Fitness: 0.003221555632978446 | Best Fitness: 0.0039034082809170623 | Population Length: 20| Best DNA: 'ευνωνα αλεξανδρος ουδις ευνωνα'
Generation 7 | Average Generation Fitness: 0.0030662132936228976 | Best Fitness: 0.003510631004782436 | Population Length: 20| Best DNA: 'πυθοδοτος αλεξανδρος ουδις πυθοδοτος'
Generation 8 | Average Generation Fitness: 0.002940418318091129 | Best Fitness: 0.005654926805854567 | Population Length: 20| Best DNA: 'ποτηρια αλεξανδρος ουδις ποτηρια'
Generation 9 | Average Generation Fitness: 0.00282076776653316 | Best Fitness: 0.003261915774695184 | Population Length: 20| Best DNA: 'επανω αλεξανδρος ουδις επανω'
Generation 10 | Average Generation Fitness: 0.0027104807644926536 | Best Fitness: 0.003261915774695184 | Population Length: 20| Best DNA: 'προκειμενων αλεξανδρος ουδις προκειμενων'
Generation 11 | Average Generation Fitness: 0.002910262632799602 | Best Fitness: 0.008728046501374237 | Population Length: 20| Best DNA: 'σαυροματου αλεξανδρος ουδις σαυροματου'
Generation 12 | Average Generation Fitness: 0.0025966867150136446 | Best Fitness: 0.003927021506195175 | Population Length: 20| Best DNA: 'προκειμενων αλεξανδρος ουδις προκειμενων'
Generation 13 | Average Generation Fitness: 0.0025266690944251427 | Best Fitness: 0.0025266690944251422 | Population Length: 20| Best DNA: 'προκειμενων αλεξανδρος ουδις προκειμενων'
Generation 14 | Average Generation Fitness: 0.0025266690944251427 | Best Fitness: 0.0025266690944251422 | Population Length: 20| Best DNA: 'προκειμενων αλεξανδρος ουδις προκειμενων'
Generation 15 | Average Generation Fitness: 0.0025266690944251427 | Best Fitness: 0.0025266690944251422 | Population Length: 20| Best DNA: 'προκειμενων αλεξανδρος ουδις προκειμενων'
Generation 16 | Average Generation Fitness: 0.0025266690944251427 | Best Fitness: 0.0025266690944251422 | Population Length: 20| Best DNA: 'προκειμενων αλεξανδρος ουδις προκειμενων'
Generation 17 | Average Generation Fitness: 0.002563431428438645 | Best Fitness: 0.003261915774695184 | Population Length: 20| Best DNA: 'λογου αλεξανδρος ουδις λογου'
Generation 18 | Average Generation Fitness: 0.0025266690944251427 | Best Fitness: 0.0025266690944251422 | Population Length: 20| Best DNA: 'προκειμενων αλεξανδρος ουδις προκειμενων'
Generation 19 | Average Generation Fitness: 0.002714576838083074 | Best Fitness: 0.006284823967583762 | Population Length: 20| Best DNA: 'πατηρ αλεξανδρος ουδις πατηρ'
Generation 20 | Average Generation Fitness: 0.0025266690944251427 | Best Fitness: 0.0025266690944251422 | Population Length: 20| Best DNA: 'προκειμενων αλεξανδρος ουδις προκειμενων'
Generation 21 | Average Generation Fitness: 0.0026240384442416877 | Best Fitness: 0.004474056090756041 | Population Length: 20| Best DNA: 'σαυνασον αλεξανδρος ουδις σαυνασον'
Generation 22 | Average Generation Fitness: 0.0025266690944251427 | Best Fitness: 0.0025266690944251422 | Population Length: 20| Best DNA: 'προκειμενων αλεξανδρος ουδις προκειμενων'
Generation 23 | Average Generation Fitness: 0.0025266690944251427 | Best Fitness: 0.0025266690944251422 | Population Length: 20| Best DNA: 'προκειμενων αλεξανδρος ουδις προκειμενων'
Generation 24 | Average Generation Fitness: 0.0025266690944251427 | Best Fitness: 0.0025266690944251422 | Population Length: 20| Best DNA: 'προκειμενων αλεξανδρος ουδις προκειμενων'
Generation 25 | Average Generation Fitness: 0.0025266690944251427 | Best Fitness: 0.0025266690944251422 | Population Length: 20| Best DNA: 'προκειμενων αλεξανδρος ουδις προκειμενων'
Generation 26 | Average Generation Fitness: 0.0025266690944251427 | Best Fitness: 0.0025266690944251422 | Population Length: 20| Best DNA: 'προκειμενων αλεξανδρος ουδις προκειμενων'
Generation 27 | Average Generation Fitness: 0.0025266690944251427 | Best Fitness: 0.0025266690944251422 | Population Length: 20| Best DNA: 'προκειμενων αλεξανδρος ουδις προκειμενων'
Generation 28 | Average Generation Fitness: 0.0025266690944251427 | Best Fitness: 0.0025266690944251422 | Population Length: 20| Best DNA: 'προκειμενων αλεξανδρος ουδις προκειμενων'
Generation 29 | Average Generation Fitness: 0.0025266690944251427 | Best Fitness: 0.0025266690944251422 | Population Length: 20| Best DNA: 'προκειμενων αλεξανδρος ουδις προκειμενων'
Generation 30 | Average Generation Fitness: 0.0025266690944251427 | Best Fitness: 0.0025266690944251422 | Population Length: 20| Best DNA: 'προκειμενων αλεξανδρος ουδις προκειμενων'
Generation 31 | Average Generation Fitness: 0.0025266690944251427 | Best Fitness: 0.0025266690944251422 | Population Length: 20| Best DNA: 'προκειμενων αλεξανδρος ουδις προκειμενων'
Generation 32 | Average Generation Fitness: 0.0025266690944251427 | Best Fitness: 0.0025266690944251422 | Population Length: 20| Best DNA: 'προκειμενων αλεξανδρος ουδις προκειμενων'
Generation 33 | Average Generation Fitness: 0.002567092295921869 | Best Fitness: 0.0033351331243596572 | Population Length: 20| Best DNA: 'τετρακοσιους αλεξανδρος ουδις τετρακοσιους'
Generation 34 | Average Generation Fitness: 0.0025670922959218686 | Best Fitness: 0.0033351331243596572 | Population Length: 20| Best DNA: 'τετρακοσιους αλεξανδρος ουδις τετρακοσιους'
Generation 35 | Average Generation Fitness: 0.0025266690944251427 | Best Fitness: 0.0025266690944251422 | Population Length: 20| Best DNA: 'προκειμενων αλεξανδρος ουδις προκειμενων'
Generation 36 | Average Generation Fitness: 0.0025266690944251427 | Best Fitness: 0.0025266690944251422 | Population Length: 20| Best DNA: 'προκειμενων αλεξανδρος ουδις προκειμενων'
Generation 37 | Average Generation Fitness: 0.0025266690944251427 | Best Fitness: 0.0025266690944251422 | Population Length: 20| Best DNA: 'προκειμενων αλεξανδρος ουδις προκειμενων'
Generation 38 | Average Generation Fitness: 0.0025266690944251427 | Best Fitness: 0.0025266690944251422 | Population Length: 20| Best DNA: 'προκειμενων αλεξανδρος ουδις προκειμενων'
Generation 39 | Average Generation Fitness: 0.0025266690944251427 | Best Fitness: 0.0025266690944251422 | Population Length: 20| Best DNA: 'προκειμενων αλεξανδρος ουδις προκειμενων'
Generation 40 | Average Generation Fitness: 0.0025266690944251427 | Best Fitness: 0.0025266690944251422 | Population Length: 20| Best DNA: 'προκειμενων αλεξανδρος ουδις προκειμενων'
Generation 41 | Average Generation Fitness: 0.0026501668533873606 | Best Fitness: 0.004996624273669495 | Population Length: 20| Best DNA: 'αλεξανδρος αλεξανδρος ουδις αλεξανδρος'
Generation 42 | Average Generation Fitness: 0.0025266690944251427 | Best Fitness: 0.0025266690944251422 | Population Length: 20| Best DNA: 'προκειμενων αλεξανδρος ουδις προκειμενων'
Generation 43 | Average Generation Fitness: 0.0025266690944251427 | Best Fitness: 0.0025266690944251422 | Population Length: 20| Best DNA: 'προκειμενων αλεξανδρος ουδις προκειμενων'
Generation 44 | Average Generation Fitness: 0.0026445443202195865 | Best Fitness: 0.004884173610314023 | Population Length: 20| Best DNA: 'ακροπολιος αλεξανδρος ουδις ακροπολιος'
Generation 45 | Average Generation Fitness: 0.0026779263748795256 | Best Fitness: 0.0055518147035127936 | Population Length: 20| Best DNA: 'παντικαπαιων αλεξανδρος ουδις παντικαπαιων'
Generation 46 | Average Generation Fitness: 0.0025266690944251427 | Best Fitness: 0.0025266690944251422 | Population Length: 20| Best DNA: 'προκειμενων αλεξανδρος ουδις προκειμενων'
Generation 47 | Average Generation Fitness: 0.0025266690944251427 | Best Fitness: 0.0025266690944251422 | Population Length: 20| Best DNA: 'προκειμενων αλεξανδρος ουδις προκειμενων'
Generation 48 | Average Generation Fitness: 0.0025266690944251427 | Best Fitness: 0.0025266690944251422 | Population Length: 20| Best DNA: 'προκειμενων αλεξανδρος ουδις προκειμενων'
Generation 49 | Average Generation Fitness: 0.0025266690944251427 | Best Fitness: 0.0025266690944251422 | Population Length: 20| Best DNA: 'προκειμενων αλεξανδρος ουδις προκειμενων'
Generation 50 | Average Generation Fitness: 0.0026269020570771134 | Best Fitness: 0.00453132834746456 | Population Length: 20| Best DNA: 'τηγ αλεξανδρος ουδις τηγ'
------------------------------------------------
Total Generations: 50
Total Population: 20   ---   Mutation Rate: 0.01  ---  Crossover Probability: 0.9
Average Fitness: 0.0026269020570771134  ---  Best Overall Fitness: 0.010089344415966343
----------------------------------------------------------------------------------------------------------------------------------------------------
Execution: 9
Generation 1 | Average Generation Fitness: 0.004356594509595521 | Best Fitness: 0.006731047855205381 | Population Length: 20| Best DNA: 'ετει αλεξανδρος ουδις ετει'
Generation 2 | Average Generation Fitness: 0.003741755521402104 | Best Fitness: 0.0062680099412345 | Population Length: 20| Best DNA: 'υιω αλεξανδρος ουδις υιω'
Generation 3 | Average Generation Fitness: 0.003387828142957291 | Best Fitness: 0.004358429606625277 | Population Length: 20| Best DNA: 'ωνας αλεξανδρος ουδις ωνας'
Generation 4 | Average Generation Fitness: 0.003164278940795405 | Best Fitness: 0.004250165817779754 | Population Length: 20| Best DNA: 'χρονον αλεξανδρος ουδις χρονον'
Generation 5 | Average Generation Fitness: 0.0029678171025871686 | Best Fitness: 0.003261915774695184 | Population Length: 20| Best DNA: 'πραγματων αλεξανδρος ουδις πραγματων'
Generation 6 | Average Generation Fitness: 0.0028942924345601645 | Best Fitness: 0.003261915774695184 | Population Length: 20| Best DNA: 'καιπερ αλεξανδρος ουδις καιπερ'
Generation 7 | Average Generation Fitness: 0.002747243098506156 | Best Fitness: 0.003261915774695184 | Population Length: 20| Best DNA: 'συνεχως αλεξανδρος ουδις συνεχως'
Generation 8 | Average Generation Fitness: 0.0026737184304791517 | Best Fitness: 0.003261915774695184 | Population Length: 20| Best DNA: 'καιπερ αλεξανδρος ουδις καιπερ'
Generation 9 | Average Generation Fitness: 0.002563431428438645 | Best Fitness: 0.003261915774695184 | Population Length: 20| Best DNA: 'καιπερ αλεξανδρος ουδις καιπερ'
Generation 10 | Average Generation Fitness: 0.002563431428438645 | Best Fitness: 0.003261915774695184 | Population Length: 20| Best DNA: 'συνεχως αλεξανδρος ουδις συνεχως'
Generation 11 | Average Generation Fitness: 0.0025266690944251427 | Best Fitness: 0.0025266690944251422 | Population Length: 20| Best DNA: 'συνεχως αλεξανδρος ουδις συνεχως'
Generation 12 | Average Generation Fitness: 0.00270558166815307 | Best Fitness: 0.006104920568983688 | Population Length: 20| Best DNA: 'αυτωμ αλεξανδρος ουδις αυτωμ'
Generation 13 | Average Generation Fitness: 0.002563431428438645 | Best Fitness: 0.003261915774695184 | Population Length: 20| Best DNA: 'αυτωμ αλεξανδρος ουδις αυτωμ'
Generation 14 | Average Generation Fitness: 0.002744372886760715 | Best Fitness: 0.006880744941136587 | Population Length: 20| Best DNA: 'αγαθ αλεξανδρος ουδις αγαθ'
Generation 15 | Average Generation Fitness: 0.0025266690944251427 | Best Fitness: 0.0025266690944251422 | Population Length: 20| Best DNA: 'συνεχως αλεξανδρος ουδις συνεχως'
Generation 16 | Average Generation Fitness: 0.0026520960083087058 | Best Fitness: 0.0050352073720964 | Population Length: 20| Best DNA: 'λογους αλεξανδρος ουδις λογους'
Generation 17 | Average Generation Fitness: 0.0028674790375557094 | Best Fitness: 0.009342867957036476 | Population Length: 20| Best DNA: 'αθηνοδωρος αλεξανδρος ουδις αθηνοδωρος'
Generation 18 | Average Generation Fitness: 0.0025266690944251427 | Best Fitness: 0.0025266690944251422 | Population Length: 20| Best DNA: 'συνεχως αλεξανδρος ουδις συνεχως'
Generation 19 | Average Generation Fitness: 0.0025266690944251427 | Best Fitness: 0.0025266690944251422 | Population Length: 20| Best DNA: 'συνεχως αλεξανδρος ουδις συνεχως'
Generation 20 | Average Generation Fitness: 0.0025266690944251427 | Best Fitness: 0.0025266690944251422 | Population Length: 20| Best DNA: 'συνεχως αλεξανδρος ουδις συνεχως'
Generation 21 | Average Generation Fitness: 0.0025266690944251427 | Best Fitness: 0.0025266690944251422 | Population Length: 20| Best DNA: 'συνεχως αλεξανδρος ουδις συνεχως'
Generation 22 | Average Generation Fitness: 0.0025266690944251427 | Best Fitness: 0.0025266690944251422 | Population Length: 20| Best DNA: 'συνεχως αλεξανδρος ουδις συνεχως'
Generation 23 | Average Generation Fitness: 0.0025266690944251427 | Best Fitness: 0.0025266690944251422 | Population Length: 20| Best DNA: 'συνεχως αλεξανδρος ουδις συνεχως'
Generation 24 | Average Generation Fitness: 0.0025266690944251427 | Best Fitness: 0.0025266690944251422 | Population Length: 20| Best DNA: 'συνεχως αλεξανδρος ουδις συνεχως'
Generation 25 | Average Generation Fitness: 0.0025266690944251427 | Best Fitness: 0.0025266690944251422 | Population Length: 20| Best DNA: 'συνεχως αλεξανδρος ουδις συνεχως'
Generation 26 | Average Generation Fitness: 0.002733335393302971 | Best Fitness: 0.006659995071981709 | Population Length: 20| Best DNA: 'ετων αλεξανδρος ουδις ετων'
Generation 27 | Average Generation Fitness: 0.0026722402676347913 | Best Fitness: 0.004037740146848083 | Population Length: 20| Best DNA: 'χρυσω αλεξανδρος ουδις χρυσω'
Generation 28 | Average Generation Fitness: 0.0025266690944251427 | Best Fitness: 0.0025266690944251422 | Population Length: 20| Best DNA: 'συνεχως αλεξανδρος ουδις συνεχως'
Generation 29 | Average Generation Fitness: 0.002923291322756501 | Best Fitness: 0.010459113661052297 | Population Length: 20| Best DNA: 'το αλεξανδρος ουδις το'
Generation 30 | Average Generation Fitness: 0.0025266690944251427 | Best Fitness: 0.0025266690944251422 | Population Length: 20| Best DNA: 'συνεχως αλεξανδρος ουδις συνεχως'
Generation 31 | Average Generation Fitness: 0.0025266690944251427 | Best Fitness: 0.0025266690944251422 | Population Length: 20| Best DNA: 'συνεχως αλεξανδρος ουδις συνεχως'
Generation 32 | Average Generation Fitness: 0.0026885369738911444 | Best Fitness: 0.005764026683745171 | Population Length: 20| Best DNA: 'θιασωται αλεξανδρος ουδις θιασωται'
Generation 33 | Average Generation Fitness: 0.002563431428438645 | Best Fitness: 0.003261915774695184 | Population Length: 20| Best DNA: 'αλλα αλεξανδρος ουδις αλλα'
Generation 34 | Average Generation Fitness: 0.0025266690944251427 | Best Fitness: 0.0025266690944251422 | Population Length: 20| Best DNA: 'συνεχως αλεξανδρος ουδις συνεχως'
Generation 35 | Average Generation Fitness: 0.0025266690944251427 | Best Fitness: 0.0025266690944251422 | Population Length: 20| Best DNA: 'συνεχως αλεξανδρος ουδις συνεχως'
Generation 36 | Average Generation Fitness: 0.0025266690944251427 | Best Fitness: 0.0025266690944251422 | Population Length: 20| Best DNA: 'συνεχως αλεξανδρος ουδις συνεχως'
Generation 37 | Average Generation Fitness: 0.0025266690944251427 | Best Fitness: 0.0025266690944251422 | Population Length: 20| Best DNA: 'συνεχως αλεξανδρος ουδις συνεχως'
Generation 38 | Average Generation Fitness: 0.0025266690944251427 | Best Fitness: 0.0025266690944251422 | Population Length: 20| Best DNA: 'συνεχως αλεξανδρος ουδις συνεχως'
Generation 39 | Average Generation Fitness: 0.0025266690944251427 | Best Fitness: 0.0025266690944251422 | Population Length: 20| Best DNA: 'συνεχως αλεξανδρος ουδις συνεχως'
Generation 40 | Average Generation Fitness: 0.0025266690944251427 | Best Fitness: 0.0025266690944251422 | Population Length: 20| Best DNA: 'συνεχως αλεξανδρος ουδις συνεχως'
Generation 41 | Average Generation Fitness: 0.0025266690944251427 | Best Fitness: 0.0025266690944251422 | Population Length: 20| Best DNA: 'συνεχως αλεξανδρος ουδις συνεχως'
Generation 42 | Average Generation Fitness: 0.0025707531634050922 | Best Fitness: 0.0034083504740241312 | Population Length: 20| Best DNA: 'τετρακοσιους αλεξανδρος ουδις τετρακοσιους'
Generation 43 | Average Generation Fitness: 0.0025670922959218686 | Best Fitness: 0.0033351331243596572 | Population Length: 20| Best DNA: 'παραυτικα αλεξανδρος ουδις παραυτικα'
Generation 44 | Average Generation Fitness: 0.0025266690944251427 | Best Fitness: 0.0025266690944251422 | Population Length: 20| Best DNA: 'συνεχως αλεξανδρος ουδις συνεχως'
Generation 45 | Average Generation Fitness: 0.0025266690944251427 | Best Fitness: 0.0025266690944251422 | Population Length: 20| Best DNA: 'συνεχως αλεξανδρος ουδις συνεχως'
Generation 46 | Average Generation Fitness: 0.0025266690944251427 | Best Fitness: 0.0025266690944251422 | Population Length: 20| Best DNA: 'συνεχως αλεξανδρος ουδις συνεχως'
Generation 47 | Average Generation Fitness: 0.0025266690944251427 | Best Fitness: 0.0025266690944251422 | Population Length: 20| Best DNA: 'συνεχως αλεξανδρος ουδις συνεχως'
Generation 48 | Average Generation Fitness: 0.0025266690944251427 | Best Fitness: 0.0025266690944251422 | Population Length: 20| Best DNA: 'συνεχως αλεξανδρος ουδις συνεχως'
Generation 49 | Average Generation Fitness: 0.0025266690944251427 | Best Fitness: 0.0025266690944251422 | Population Length: 20| Best DNA: 'συνεχως αλεξανδρος ουδις συνεχως'
Generation 50 | Average Generation Fitness: 0.0025266690944251427 | Best Fitness: 0.0025266690944251422 | Population Length: 20| Best DNA: 'συνεχως αλεξανδρος ουδις συνεχως'
------------------------------------------------
Total Generations: 50
Total Population: 20   ---   Mutation Rate: 0.01  ---  Crossover Probability: 0.9
Average Fitness: 0.0025266690944251427  ---  Best Overall Fitness: 0.010459113661052297
------------------------------------------------