----------------------------------------------------------------------------------------------------
Execution: 0
Generation 1 | Average Generation Fitness: 0.004354137019042338 | Best Fitness: 0.009747565958707438 | Population Length: 200| Best DNA: 'πινυτος αλεξανδρος ουδις πινυτος'
Generation 2 | Average Generation Fitness: 0.0036849318582667413 | Best Fitness: 0.0071532763945061865 | Population Length: 200| Best DNA: 'πινυτος αλεξανδρος ουδις πινυτος'
Generation 3 | Average Generation Fitness: 0.0033345292503079464 | Best Fitness: 0.004439142786699832 | Population Length: 200| Best DNA: 'αοτου αλεξανδρος ουδις αοτου'
Generation 4 | Average Generation Fitness: 0.0032638413505209126 | Best Fitness: 0.004439142786699832 | Population Length: 200| Best DNA: 'αοτου αλεξανδρος ουδις αοτου'
Generation 5 | Average Generation Fitness: 0.003232505907484378 | Best Fitness: 0.003261915774695184 | Population Length: 200| Best DNA: 'ετη αλεξανδρος ουδις ετη'
Generation 6 | Average Generation Fitness: 0.0032398583742870783 | Best Fitness: 0.003261915774695184 | Population Length: 200| Best DNA: 'τριτον αλεξανδρος ουδις τριτον'
Generation 7 | Average Generation Fitness: 0.003228829674083028 | Best Fitness: 0.003261915774695184 | Population Length: 200| Best DNA: 'πολεμιοις αλεξανδρος ουδις πολεμιοις'
Generation 8 | Average Generation Fitness: 0.0032178009738789777 | Best Fitness: 0.003261915774695184 | Population Length: 200| Best DNA: 'εθεραπευθησαν αλεξανδρος ουδις εθεραπευθησαν'
Generation 9 | Average Generation Fitness: 0.003221477207280328 | Best Fitness: 0.003261915774695184 | Population Length: 200| Best DNA: 'εικαδι αλεξανδρος ουδις εικαδι'
Generation 10 | Average Generation Fitness: 0.003228829674083028 | Best Fitness: 0.003261915774695184 | Population Length: 200| Best DNA: 'παραγενομενων αλεξανδρος ουδις παραγενομενων'
Generation 11 | Average Generation Fitness: 0.0032435346076884293 | Best Fitness: 0.003261915774695184 | Population Length: 200| Best DNA: 'παροδου αλεξανδρος ουδις παροδου'
Generation 12 | Average Generation Fitness: 0.003221477207280327 | Best Fitness: 0.003261915774695184 | Population Length: 200| Best DNA: 'πραττων αλεξανδρος ουδις πραττων'
Generation 13 | Average Generation Fitness: 0.003210448507076277 | Best Fitness: 0.003261915774695184 | Population Length: 200| Best DNA: 'παραγενομενων αλεξανδρος ουδις παραγενομενων'
Generation 14 | Average Generation Fitness: 0.003217800973878977 | Best Fitness: 0.003261915774695184 | Population Length: 200| Best DNA: 'χρυσου αλεξανδρος ουδις χρυσου'
Generation 15 | Average Generation Fitness: 0.0032178009738789777 | Best Fitness: 0.003261915774695184 | Population Length: 200| Best DNA: 'οικουντας αλεξανδρος ουδις οικουντας'
Generation 16 | Average Generation Fitness: 0.0031957435734708754 | Best Fitness: 0.003261915774695184 | Population Length: 200| Best DNA: 'ξενου αλεξανδρος ουδις ξενου'
Generation 17 | Average Generation Fitness: 0.003206772273674926 | Best Fitness: 0.003261915774695184 | Population Length: 200| Best DNA: 'αυτους αλεξανδρος ουδις αυτους'
Generation 18 | Average Generation Fitness: 0.0032067722736749266 | Best Fitness: 0.003261915774695184 | Population Length: 200| Best DNA: 'χρυσου αλεξανδρος ουδις χρυσου'
Generation 19 | Average Generation Fitness: 0.0031626574728587237 | Best Fitness: 0.003261915774695184 | Population Length: 200| Best DNA: 'μεδιμνον αλεξανδρος ουδις μεδιμνον'
Generation 20 | Average Generation Fitness: 0.003162657472858724 | Best Fitness: 0.003261915774695184 | Population Length: 200| Best DNA: 'ξενου αλεξανδρος ουδις ξενου'
Generation 21 | Average Generation Fitness: 0.0031442763058519723 | Best Fitness: 0.003261915774695184 | Population Length: 200| Best DNA: 'χρυσου αλεξανδρος ουδις χρυσου'
Generation 22 | Average Generation Fitness: 0.0031406000724506227 | Best Fitness: 0.003261915774695184 | Population Length: 200| Best DNA: 'ξενου αλεξανδρος ουδις ξενου'
Generation 23 | Average Generation Fitness: 0.0030817803380290194 | Best Fitness: 0.003261915774695184 | Population Length: 200| Best DNA: 'χρυσου αλεξανδρος ουδις χρυσου'
Generation 24 | Average Generation Fitness: 0.002989874502995262 | Best Fitness: 0.003261915774695184 | Population Length: 200| Best DNA: 'χρυσου αλεξανδρος ουδις χρυσου'
Generation 25 | Average Generation Fitness: 0.00292370230177096 | Best Fitness: 0.003261915774695184 | Population Length: 200| Best DNA: 'αυτους αλεξανδρος ουδις αυτους'
Generation 26 | Average Generation Fitness: 0.0027987103661250502 | Best Fitness: 0.003261915774695184 | Population Length: 200| Best DNA: 'αυτους αλεξανδρος ουδις αυτους'
Generation 27 | Average Generation Fitness: 0.0026994520642885933 | Best Fitness: 0.003261915774695184 | Population Length: 200| Best DNA: 'αυτους αλεξανδρος ουδις αυτους'
Generation 28 | Average Generation Fitness: 0.002545050261431881 | Best Fitness: 0.003261915774695184 | Population Length: 200| Best DNA: 'πολεμιοις αλεξανδρος ουδις πολεμιοις'
Generation 29 | Average Generation Fitness: 0.0025266690944251297 | Best Fitness: 0.0025266690944251422 | Population Length: 200| Best DNA: 'αυτους αλεξανδρος ουδις αυτους'
Generation 30 | Average Generation Fitness: 0.0025266690944251297 | Best Fitness: 0.0025266690944251422 | Population Length: 200| Best DNA: 'αυτους αλεξανδρος ουδις αυτους'
Generation 31 | Average Generation Fitness: 0.0025266690944251297 | Best Fitness: 0.0025266690944251422 | Population Length: 200| Best DNA: 'αυτους αλεξανδρος ουδις αυτους'
Generation 32 | Average Generation Fitness: 0.0025266690944251297 | Best Fitness: 0.0025266690944251422 | Population Length: 200| Best DNA: 'αυτους αλεξανδρος ουδις αυτους'
Generation 33 | Average Generation Fitness: 0.0025266690944251297 | Best Fitness: 0.0025266690944251422 | Population Length: 200| Best DNA: 'αυτους αλεξανδρος ουδις αυτους'
Generation 34 | Average Generation Fitness: 0.0025266690944251297 | Best Fitness: 0.0025266690944251422 | Population Length: 200| Best DNA: 'αυτους αλεξανδρος ουδις αυτους'
Generation 35 | Average Generation Fitness: 0.0025266690944251297 | Best Fitness: 0.0025266690944251422 | Population Length: 200| Best DNA: 'αυτους αλεξανδρος ουδις αυτους'
Generation 36 | Average Generation Fitness: 0.0025266690944251297 | Best Fitness: 0.0025266690944251422 | Population Length: 200| Best DNA: 'αυτους αλεξανδρος ουδις αυτους'
Generation 37 | Average Generation Fitness: 0.0025266690944251297 | Best Fitness: 0.0025266690944251422 | Population Length: 200| Best DNA: 'αυτους αλεξανδρος ουδις αυτους'
Generation 38 | Average Generation Fitness: 0.0025266690944251297 | Best Fitness: 0.0025266690944251422 | Population Length: 200| Best DNA: 'αυτους αλεξανδρος ουδις αυτους'
Generation 39 | Average Generation Fitness: 0.0025266690944251297 | Best Fitness: 0.0025266690944251422 | Population Length: 200| Best DNA: 'αυτους αλεξανδρος ουδις αυτους'
Generation 40 | Average Generation Fitness: 0.0025266690944251297 | Best Fitness: 0.0025266690944251422 | Population Length: 200| Best DNA: 'αυτους αλεξανδρος ουδις αυτους'
Generation 41 | Average Generation Fitness: 0.0025266690944251297 | Best Fitness: 0.0025266690944251422 | Population Length: 200| Best DNA: 'αυτους αλεξανδρος ουδις αυτους'
Generation 42 | Average Generation Fitness: 0.0025266690944251297 | Best Fitness: 0.0025266690944251422 | Population Length: 200| Best DNA: 'αυτους αλεξανδρος ουδις αυτους'
Generation 43 | Average Generation Fitness: 0.0025266690944251297 | Best Fitness: 0.0025266690944251422 | Population Length: 200| Best DNA: 'αυτους αλεξανδρος ουδις αυτους'
Generation 44 | Average Generation Fitness: 0.0025266690944251297 | Best Fitness: 0.0025266690944251422 | Population Length: 200| Best DNA: 'αυτους αλεξανδρος ουδις αυτους'
Generation 45 | Average Generation Fitness: 0.0025266690944251297 | Best Fitness: 0.0025266690944251422 | Population Length: 200| Best DNA: 'αυτους αλεξανδρος ουδις αυτους'
Generation 46 | Average Generation Fitness: 0.0025266690944251297 | Best Fitness: 0.0025266690944251422 | Population Length: 200| Best DNA: 'αυτους αλεξανδρος ουδις αυτους'
Generation 47 | Average Generation Fitness: 0.0025266690944251297 | Best Fitness: 0.0025266690944251422 | Population Length: 200| Best DNA: 'αυτους αλεξανδρος ουδις αυτους'
Generation 48 | Average Generation Fitness: 0.0025266690944251297 | Best Fitness: 0.0025266690944251422 | Population Length: 200| Best DNA: 'αυτους αλεξανδρος ουδις αυτους'
Generation 49 | Average Generation Fitness: 0.0025266690944251297 | Best Fitness: 0.0025266690944251422 | Population Length: 200| Best DNA: 'αυτους αλεξανδρος ουδις αυτους'
Generation 50 | Average Generation Fitness: 0.0025266690944251297 | Best Fitness: 0.0025266690944251422 | Population Length: 200| Best DNA: 'αυτους αλεξανδρος ουδις αυτους'
------------------------------------------------
Total Generations: 50
Total Population: 200   ---   Mutation Rate: 0.0  ---  Crossover Probability: 0.6
Average Fitness: 0.0025266690944251297  ---  Best Overall Fitness: 0.009747565958707438
----------------------------------------------------------------------------------------------------------------------------------------------------
Execution: 1
Generation 1 | Average Generation Fitness: 0.00445214594856843 | Best Fitness: 0.010552380001625764 | Population Length: 200| Best DNA: 'γα αλεξανδρος ουδις γα'
Generation 2 | Average Generation Fitness: 0.0038265514325214293 | Best Fitness: 0.006104920568983688 | Population Length: 200| Best DNA: 'ζητησαντος αλεξανδρος ουδις ζητησαντος'
Generation 3 | Average Generation Fitness: 0.0034560984574954173 | Best Fitness: 0.0051047185658517355 | Population Length: 200| Best DNA: 'χοφαρνου αλεξανδρος ουδις χοφαρνου'
Generation 4 | Average Generation Fitness: 0.003293475371942509 | Best Fitness: 0.005396171512553644 | Population Length: 200| Best DNA: 'τ αλεξανδρος ουδις τ'
Generation 5 | Average Generation Fitness: 0.0032541042219163523 | Best Fitness: 0.003927021506195175 | Population Length: 200| Best DNA: 'νεοπολου αλεξανδρος ουδις νεοπολου'
Generation 6 | Average Generation Fitness: 0.003251253161239452 | Best Fitness: 0.0033351331243596572 | Population Length: 200| Best DNA: 'ζητησαντος αλεξανδρος ουδις ζητησαντος'
Generation 7 | Average Generation Fitness: 0.003228829674083028 | Best Fitness: 0.003261915774695184 | Population Length: 200| Best DNA: 'διαλυσαι αλεξανδρος ουδις διαλυσαι'
Generation 8 | Average Generation Fitness: 0.003250887074491129 | Best Fitness: 0.003261915774695184 | Population Length: 200| Best DNA: 'παρεσκεασμενων αλεξανδρος ουδις παρεσκεασμενων'
Generation 9 | Average Generation Fitness: 0.003228829674083028 | Best Fitness: 0.003261915774695184 | Population Length: 200| Best DNA: 'ολιγους αλεξανδρος ουδις ολιγους'
Generation 10 | Average Generation Fitness: 0.0032141247404776268 | Best Fitness: 0.003261915774695184 | Population Length: 200| Best DNA: 'επαγγελλοντων αλεξανδρος ουδις επαγγελλοντων'
Generation 11 | Average Generation Fitness: 0.0032435346076884284 | Best Fitness: 0.003261915774695184 | Population Length: 200| Best DNA: 'απελυσε αλεξανδρος ουδις απελυσε'
Generation 12 | Average Generation Fitness: 0.003225153440681678 | Best Fitness: 0.003261915774695184 | Population Length: 200| Best DNA: 'απελυσε αλεξανδρος ουδις απελυσε'
Generation 13 | Average Generation Fitness: 0.003221477207280327 | Best Fitness: 0.003261915774695184 | Population Length: 200| Best DNA: 'δαπανην αλεξανδρος ουδις δαπανην'
Generation 14 | Average Generation Fitness: 0.0032141247404776268 | Best Fitness: 0.003261915774695184 | Population Length: 200| Best DNA: 'εως αλεξανδρος ουδις εως'
Generation 15 | Average Generation Fitness: 0.0031957435734708754 | Best Fitness: 0.003261915774695184 | Population Length: 200| Best DNA: 'σχοινιαιας αλεξανδρος ουδις σχοινιαιας'
Generation 16 | Average Generation Fitness: 0.003203096040273577 | Best Fitness: 0.003261915774695184 | Population Length: 200| Best DNA: 'παρεσκεασμενων αλεξανδρος ουδις παρεσκεασμενων'
Generation 17 | Average Generation Fitness: 0.0031883911066681756 | Best Fitness: 0.003261915774695184 | Population Length: 200| Best DNA: 'κηρυκα αλεξανδρος ουδις κηρυκα'
Generation 18 | Average Generation Fitness: 0.003155305006056022 | Best Fitness: 0.003261915774695184 | Population Length: 200| Best DNA: 'ωνης αλεξανδρος ουδις ωνης'
Generation 19 | Average Generation Fitness: 0.0031185426720425195 | Best Fitness: 0.003261915774695184 | Population Length: 200| Best DNA: 'σχοινιαιας αλεξανδρος ουδις σχοινιαιας'
Generation 20 | Average Generation Fitness: 0.003089132804831719 | Best Fitness: 0.003261915774695184 | Population Length: 200| Best DNA: 'αμα αλεξανδρος ουδις αμα'
Generation 21 | Average Generation Fitness: 0.0030707516378249665 | Best Fitness: 0.003261915774695184 | Population Length: 200| Best DNA: 'κηρυκα αλεξανδρος ουδις κηρυκα'
Generation 22 | Average Generation Fitness: 0.003011931903403365 | Best Fitness: 0.003261915774695184 | Population Length: 200| Best DNA: 'παρεσκεασμενων αλεξανδρος ουδις παρεσκεασμενων'
Generation 23 | Average Generation Fitness: 0.002894292434560157 | Best Fitness: 0.003261915774695184 | Population Length: 200| Best DNA: 'σχοινιαιας αλεξανδρος ουδις σχοινιαιας'
Generation 24 | Average Generation Fitness: 0.0027582717987101966 | Best Fitness: 0.003261915774695184 | Population Length: 200| Best DNA: 'σχοινιαιας αλεξανδρος ουδις σχοινιαιας'
Generation 25 | Average Generation Fitness: 0.002607546229254836 | Best Fitness: 0.003261915774695184 | Population Length: 200| Best DNA: 'παρεσκεασμενων αλεξανδρος ουδις παρεσκεασμενων'
Generation 26 | Average Generation Fitness: 0.002552402728234581 | Best Fitness: 0.003261915774695184 | Population Length: 200| Best DNA: 'παρεσκεασμενων αλεξανδρος ουδις παρεσκεασμενων'
Generation 27 | Average Generation Fitness: 0.0025266690944251297 | Best Fitness: 0.0025266690944251422 | Population Length: 200| Best DNA: 'παρεσκεασμενων αλεξανδρος ουδις παρεσκεασμενων'
Generation 28 | Average Generation Fitness: 0.0025266690944251297 | Best Fitness: 0.0025266690944251422 | Population Length: 200| Best DNA: 'παρεσκεασμενων αλεξανδρος ουδις παρεσκεασμενων'
Generation 29 | Average Generation Fitness: 0.0025266690944251297 | Best Fitness: 0.0025266690944251422 | Population Length: 200| Best DNA: 'παρεσκεασμενων αλεξανδρος ουδις παρεσκεασμενων'
Generation 30 | Average Generation Fitness: 0.0025266690944251297 | Best Fitness: 0.0025266690944251422 | Population Length: 200| Best DNA: 'παρεσκεασμενων αλεξανδρος ουδις παρεσκεασμενων'
Generation 31 | Average Generation Fitness: 0.0025266690944251297 | Best Fitness: 0.0025266690944251422 | Population Length: 200| Best DNA: 'παρεσκεασμενων αλεξανδρος ουδις παρεσκεασμενων'
Generation 32 | Average Generation Fitness: 0.0025266690944251297 | Best Fitness: 0.0025266690944251422 | Population Length: 200| Best DNA: 'παρεσκεασμενων αλεξανδρος ουδις παρεσκεασμενων'
Generation 33 | Average Generation Fitness: 0.0025266690944251297 | Best Fitness: 0.0025266690944251422 | Population Length: 200| Best DNA: 'παρεσκεασμενων αλεξανδρος ουδις παρεσκεασμενων'
Generation 34 | Average Generation Fitness: 0.0025266690944251297 | Best Fitness: 0.0025266690944251422 | Population Length: 200| Best DNA: 'παρεσκεασμενων αλεξανδρος ουδις παρεσκεασμενων'
Generation 35 | Average Generation Fitness: 0.0025266690944251297 | Best Fitness: 0.0025266690944251422 | Population Length: 200| Best DNA: 'παρεσκεασμενων αλεξανδρος ουδις παρεσκεασμενων'
Generation 36 | Average Generation Fitness: 0.0025266690944251297 | Best Fitness: 0.0025266690944251422 | Population Length: 200| Best DNA: 'παρεσκεασμενων αλεξανδρος ουδις παρεσκεασμενων'
Generation 37 | Average Generation Fitness: 0.0025266690944251297 | Best Fitness: 0.0025266690944251422 | Population Length: 200| Best DNA: 'παρεσκεασμενων αλεξανδρος ουδις παρεσκεασμενων'
Generation 38 | Average Generation Fitness: 0.0025266690944251297 | Best Fitness: 0.0025266690944251422 | Population Length: 200| Best DNA: 'παρεσκεασμενων αλεξανδρος ουδις παρεσκεασμενων'
Generation 39 | Average Generation Fitness: 0.0025266690944251297 | Best Fitness: 0.0025266690944251422 | Population Length: 200| Best DNA: 'παρεσκεασμενων αλεξανδρος ουδις παρεσκεασμενων'
Generation 40 | Average Generation Fitness: 0.0025266690944251297 | Best Fitness: 0.0025266690944251422 | Population Length: 200| Best DNA: 'παρεσκεασμενων αλεξανδρος ουδις παρεσκεασμενων'
Generation 41 | Average Generation Fitness: 0.0025266690944251297 | Best Fitness: 0.0025266690944251422 | Population Length: 200| Best DNA: 'παρεσκεασμενων αλεξανδρος ουδις παρεσκεασμενων'
Generation 42 | Average Generation Fitness: 0.0025266690944251297 | Best Fitness: 0.0025266690944251422 | Population Length: 200| Best DNA: 'παρεσκεασμενων αλεξανδρος ουδις παρεσκεασμενων'
Generation 43 | Average Generation Fitness: 0.0025266690944251297 | Best Fitness: 0.0025266690944251422 | Population Length: 200| Best DNA: 'παρεσκεασμενων αλεξανδρος ουδις παρεσκεασμενων'
Generation 44 | Average Generation Fitness: 0.0025266690944251297 | Best Fitness: 0.0025266690944251422 | Population Length: 200| Best DNA: 'παρεσκεασμενων αλεξανδρος ουδις παρεσκεασμενων'
Generation 45 | Average Generation Fitness: 0.0025266690944251297 | Best Fitness: 0.0025266690944251422 | Population Length: 200| Best DNA: 'παρεσκεασμενων αλεξανδρος ουδις παρεσκεασμενων'
Generation 46 | Average Generation Fitness: 0.0025266690944251297 | Best Fitness: 0.0025266690944251422 | Population Length: 200| Best DNA: 'παρεσκεασμενων αλεξανδρος ουδις παρεσκεασμενων'
Generation 47 | Average Generation Fitness: 0.0025266690944251297 | Best Fitness: 0.0025266690944251422 | Population Length: 200| Best DNA: 'παρεσκεασμενων αλεξανδρος ουδις παρεσκεασμενων'
Generation 48 | Average Generation Fitness: 0.0025266690944251297 | Best Fitness: 0.0025266690944251422 | Population Length: 200| Best DNA: 'παρεσκεασμενων αλεξανδρος ουδις παρεσκεασμενων'
Generation 49 | Average Generation Fitness: 0.0025266690944251297 | Best Fitness: 0.0025266690944251422 | Population Length: 200| Best DNA: 'παρεσκεασμενων αλεξανδρος ουδις παρεσκεασμενων'
Generation 50 | Average Generation Fitness: 0.0025266690944251297 | Best Fitness: 0.0025266690944251422 | Population Length: 200| Best DNA: 'παρεσκεασμενων αλεξανδρος ουδις παρεσκεασμενων'
Generation 51 | Average Generation Fitness: 0.0025266690944251297 | Best Fitness: 0.0025266690944251422 | Population Length: 200| Best DNA: 'παρεσκεασμενων αλεξανδρος ουδις παρεσκεασμενων'
------------------------------------------------
Total Generations: 51
Total Population: 200   ---   Mutation Rate: 0.0  ---  Crossover Probability: 0.6
Average Fitness: 0.0025266690944251297  ---  Best Overall Fitness: 0.010552380001625764
----------------------------------------------------------------------------------------------------------------------------------------------------
Execution: 2
Generation 1 | Average Generation Fitness: 0.004379706190237488 | Best Fitness: 0.007964027889291084 | Population Length: 200| Best DNA: 'ρησκουποριδος αλεξανδρος ουδις ρησκουποριδος'
Generation 2 | Average Generation Fitness: 0.0038654042086989538 | Best Fitness: 0.006491149665151893 | Population Length: 200| Best DNA: 'ρησκουποριδος αλεξανδρος ουδις ρησκουποριδος'
Generation 3 | Average Generation Fitness: 0.003556262472536766 | Best Fitness: 0.0058650833714382015 | Population Length: 200| Best DNA: 'πανταλεων αλεξανδρος ουδις πανταλεων'
Generation 4 | Average Generation Fitness: 0.0033447497215678113 | Best Fitness: 0.005025058647850499 | Population Length: 200| Best DNA: 'πανηιον αλεξανδρος ουδις πανηιον'
Generation 5 | Average Generation Fitness: 0.00324975808240991 | Best Fitness: 0.003481567823688605 | Population Length: 200| Best DNA: 'ουδενα αλεξανδρος ουδις ουδενα'
Generation 6 | Average Generation Fitness: 0.003221477207280328 | Best Fitness: 0.003261915774695184 | Population Length: 200| Best DNA: 'συντελεσασθαι αλεξανδρος ουδις συντελεσασθαι'
Generation 7 | Average Generation Fitness: 0.0032288296740830284 | Best Fitness: 0.003261915774695184 | Population Length: 200| Best DNA: 'συντελεσασθαι αλεξανδρος ουδις συντελεσασθαι'
Generation 8 | Average Generation Fitness: 0.003236182140885728 | Best Fitness: 0.003261915774695184 | Population Length: 200| Best DNA: 'εννεα αλεξανδρος ουδις εννεα'
Generation 9 | Average Generation Fitness: 0.003236182140885728 | Best Fitness: 0.003261915774695184 | Population Length: 200| Best DNA: 'κοινης αλεξανδρος ουδις κοινης'
Generation 10 | Average Generation Fitness: 0.003225153440681678 | Best Fitness: 0.003261915774695184 | Population Length: 200| Best DNA: 'προσοδους αλεξανδρος ουδις προσοδους'
Generation 11 | Average Generation Fitness: 0.003225153440681678 | Best Fitness: 0.003261915774695184 | Population Length: 200| Best DNA: 'πραξαμενος αλεξανδρος ουδις πραξαμενος'
Generation 12 | Average Generation Fitness: 0.003217800973878977 | Best Fitness: 0.003261915774695184 | Population Length: 200| Best DNA: 'αποφερων αλεξανδρος ουδις αποφερων'
Generation 13 | Average Generation Fitness: 0.0032178009738789777 | Best Fitness: 0.003261915774695184 | Population Length: 200| Best DNA: 'σαιων αλεξανδρος ουδις σαιων'
Generation 14 | Average Generation Fitness: 0.0032288296740830284 | Best Fitness: 0.003261915774695184 | Population Length: 200| Best DNA: 'συντελεσασθαι αλεξανδρος ουδις συντελεσασθαι'
Generation 15 | Average Generation Fitness: 0.0032141247404776263 | Best Fitness: 0.003261915774695184 | Population Length: 200| Best DNA: 'απασαν αλεξανδρος ουδις απασαν'
Generation 16 | Average Generation Fitness: 0.003177362406464124 | Best Fitness: 0.003261915774695184 | Population Length: 200| Best DNA: 'συνελθουσης αλεξανδρος ουδις συνελθουσης'
Generation 17 | Average Generation Fitness: 0.003188391106668175 | Best Fitness: 0.003261915774695184 | Population Length: 200| Best DNA: 'προσοδους αλεξανδρος ουδις προσοδους'
Generation 18 | Average Generation Fitness: 0.003170009939661424 | Best Fitness: 0.003261915774695184 | Population Length: 200| Best DNA: 'συντελεσασθαι αλεξανδρος ουδις συντελεσασθαι'
Generation 19 | Average Generation Fitness: 0.0031553050060560235 | Best Fitness: 0.003261915774695184 | Population Length: 200| Best DNA: 'υπαρχουσι αλεξανδρος ουδις υπαρχουσι'
Generation 20 | Average Generation Fitness: 0.003136923839049272 | Best Fitness: 0.003261915774695184 | Population Length: 200| Best DNA: 'προσοδους αλεξανδρος ουδις προσοδους'
Generation 21 | Average Generation Fitness: 0.003107513971838471 | Best Fitness: 0.003261915774695184 | Population Length: 200| Best DNA: 'κοινης αλεξανδρος ουδις κοινης'
Generation 22 | Average Generation Fitness: 0.0030413417706141666 | Best Fitness: 0.003261915774695184 | Population Length: 200| Best DNA: 'πολεμιοις αλεξανδρος ουδις πολεμιοις'
Generation 23 | Average Generation Fitness: 0.003041341770614166 | Best Fitness: 0.003261915774695184 | Population Length: 200| Best DNA: 'παρωρειαν αλεξανδρος ουδις παρωρειαν'
Generation 24 | Average Generation Fitness: 0.003022960603607414 | Best Fitness: 0.003261915774695184 | Population Length: 200| Best DNA: 'κοινης αλεξανδρος ουδις κοινης'
Generation 25 | Average Generation Fitness: 0.002927378535172309 | Best Fitness: 0.003261915774695184 | Population Length: 200| Best DNA: 'προσοδους αλεξανδρος ουδις προσοδους'
Generation 26 | Average Generation Fitness: 0.0029494359355804107 | Best Fitness: 0.003261915774695184 | Population Length: 200| Best DNA: 'θισαματας αλεξανδρος ουδις θισαματας'
Generation 27 | Average Generation Fitness: 0.002927378535172309 | Best Fitness: 0.003261915774695184 | Population Length: 200| Best DNA: 'υπαρχουσι αλεξανδρος ουδις υπαρχουσι'
Generation 28 | Average Generation Fitness: 0.0028685588007507047 | Best Fitness: 0.003261915774695184 | Population Length: 200| Best DNA: 'κοινης αλεξανδρος ουδις κοινης'
Generation 29 | Average Generation Fitness: 0.0029200260683696078 | Best Fitness: 0.003261915774695184 | Population Length: 200| Best DNA: 'κοινης αλεξανδρος ουδις κοινης'
Generation 30 | Average Generation Fitness: 0.0028612063339480036 | Best Fitness: 0.003261915774695184 | Population Length: 200| Best DNA: 'συντελεσασθαι αλεξανδρος ουδις συντελεσασθαι'
Generation 31 | Average Generation Fitness: 0.002769300498914247 | Best Fitness: 0.003261915774695184 | Population Length: 200| Best DNA: 'συντελεσασθαι αλεξανδρος ουδις συντελεσασθαι'
Generation 32 | Average Generation Fitness: 0.0027178332312953433 | Best Fitness: 0.003261915774695184 | Population Length: 200| Best DNA: 'κοινης αλεξανδρος ουδις κοινης'
Generation 33 | Average Generation Fitness: 0.002589165062248084 | Best Fitness: 0.003261915774695184 | Population Length: 200| Best DNA: 'συντελεσασθαι αλεξανδρος ουδις συντελεσασθαι'
Generation 34 | Average Generation Fitness: 0.00253402156122783 | Best Fitness: 0.003261915774695184 | Population Length: 200| Best DNA: 'συντελεσασθαι αλεξανδρος ουδις συντελεσασθαι'
Generation 35 | Average Generation Fitness: 0.0025266690944251297 | Best Fitness: 0.0025266690944251422 | Population Length: 200| Best DNA: 'συντελεσασθαι αλεξανδρος ουδις συντελεσασθαι'
Generation 36 | Average Generation Fitness: 0.0025266690944251297 | Best Fitness: 0.0025266690944251422 | Population Length: 200| Best DNA: 'συντελεσασθαι αλεξανδρος ουδις συντελεσασθαι'
Generation 37 | Average Generation Fitness: 0.0025266690944251297 | Best Fitness: 0.0025266690944251422 | Population Length: 200| Best DNA: 'συντελεσασθαι αλεξανδρος ουδις συντελεσασθαι'
Generation 38 | Average Generation Fitness: 0.0025266690944251297 | Best Fitness: 0.0025266690944251422 | Population Length: 200| Best DNA: 'συντελεσασθαι αλεξανδρος ουδις συντελεσασθαι'
Generation 39 | Average Generation Fitness: 0.0025266690944251297 | Best Fitness: 0.0025266690944251422 | Population Length: 200| Best DNA: 'συντελεσασθαι αλεξανδρος ουδις συντελεσασθαι'
Generation 40 | Average Generation Fitness: 0.0025266690944251297 | Best Fitness: 0.0025266690944251422 | Population Length: 200| Best DNA: 'συντελεσασθαι αλεξανδρος ουδις συντελεσασθαι'
Generation 41 | Average Generation Fitness: 0.0025266690944251297 | Best Fitness: 0.0025266690944251422 | Population Length: 200| Best DNA: 'συντελεσασθαι αλεξανδρος ουδις συντελεσασθαι'
Generation 42 | Average Generation Fitness: 0.0025266690944251297 | Best Fitness: 0.0025266690944251422 | Population Length: 200| Best DNA: 'συντελεσασθαι αλεξανδρος ουδις συντελεσασθαι'
Generation 43 | Average Generation Fitness: 0.0025266690944251297 | Best Fitness: 0.0025266690944251422 | Population Length: 200| Best DNA: 'συντελεσασθαι αλεξανδρος ουδις συντελεσασθαι'
Generation 44 | Average Generation Fitness: 0.0025266690944251297 | Best Fitness: 0.0025266690944251422 | Population Length: 200| Best DNA: 'συντελεσασθαι αλεξανδρος ουδις συντελεσασθαι'
Generation 45 | Average Generation Fitness: 0.0025266690944251297 | Best Fitness: 0.0025266690944251422 | Population Length: 200| Best DNA: 'συντελεσασθαι αλεξανδρος ουδις συντελεσασθαι'
Generation 46 | Average Generation Fitness: 0.0025266690944251297 | Best Fitness: 0.0025266690944251422 | Population Length: 200| Best DNA: 'συντελεσασθαι αλεξανδρος ουδις συντελεσασθαι'
Generation 47 | Average Generation Fitness: 0.0025266690944251297 | Best Fitness: 0.0025266690944251422 | Population Length: 200| Best DNA: 'συντελεσασθαι αλεξανδρος ουδις συντελεσασθαι'
Generation 48 | Average Generation Fitness: 0.0025266690944251297 | Best Fitness: 0.0025266690944251422 | Population Length: 200| Best DNA: 'συντελεσασθαι αλεξανδρος ουδις συντελεσασθαι'
Generation 49 | Average Generation Fitness: 0.0025266690944251297 | Best Fitness: 0.0025266690944251422 | Population Length: 200| Best DNA: 'συντελεσασθαι αλεξανδρος ουδις συντελεσασθαι'
Generation 50 | Average Generation Fitness: 0.0025266690944251297 | Best Fitness: 0.0025266690944251422 | Population Length: 200| Best DNA: 'συντελεσασθαι αλεξανδρος ουδις συντελεσασθαι'
------------------------------------------------
Total Generations: 50
Total Population: 200   ---   Mutation Rate: 0.0  ---  Crossover Probability: 0.6
Average Fitness: 0.0025266690944251297  ---  Best Overall Fitness: 0.007964027889291084
----------------------------------------------------------------------------------------------------------------------------------------------------
Execution: 3
Generation 1 | Average Generation Fitness: 0.0044001644456108215 | Best Fitness: 0.010634272728985874 | Population Length: 200| Best DNA: 'τον αλεξανδρος ουδις τον'
Generation 2 | Average Generation Fitness: 0.003706396733082473 | Best Fitness: 0.006724461301446879 | Population Length: 200| Best DNA: 'πυρραλιωνος αλεξανδρος ουδις πυρραλιωνος'
Generation 3 | Average Generation Fitness: 0.003366425428071989 | Best Fitness: 0.005745123075992702 | Population Length: 200| Best DNA: 'ωγης αλεξανδρος ουδις ωγης'
Generation 4 | Average Generation Fitness: 0.003265513087188317 | Best Fitness: 0.0039034082809170623 | Population Length: 200| Best DNA: 'χανσαβογαζον αλεξανδρος ουδις χανσαβογαζον'
Generation 5 | Average Generation Fitness: 0.003244998954681718 | Best Fitness: 0.003481567823688605 | Population Length: 200| Best DNA: 'ουσαν αλεξανδρος ουδις ουσαν'
Generation 6 | Average Generation Fitness: 0.0032508870744911295 | Best Fitness: 0.003261915774695184 | Population Length: 200| Best DNA: 'μεγαλας αλεξανδρος ουδις μεγαλας'
Generation 7 | Average Generation Fitness: 0.003221477207280327 | Best Fitness: 0.003261915774695184 | Population Length: 200| Best DNA: 'τελουσης αλεξανδρος ουδις τελουσης'
Generation 8 | Average Generation Fitness: 0.003239858374287079 | Best Fitness: 0.003261915774695184 | Population Length: 200| Best DNA: 'διαλυσας αλεξανδρος ουδις διαλυσας'
Generation 9 | Average Generation Fitness: 0.0032178009738789777 | Best Fitness: 0.003261915774695184 | Population Length: 200| Best DNA: 'προνοησαι αλεξανδρος ουδις προνοησαι'
Generation 10 | Average Generation Fitness: 0.003232505907484378 | Best Fitness: 0.003261915774695184 | Population Length: 200| Best DNA: 'ελαττονωμ αλεξανδρος ουδις ελαττονωμ'
Generation 11 | Average Generation Fitness: 0.0032398583742870783 | Best Fitness: 0.003261915774695184 | Population Length: 200| Best DNA: 'σχοινιαιαν αλεξανδρος ουδις σχοινιαιαν'
Generation 12 | Average Generation Fitness: 0.0031994198068722264 | Best Fitness: 0.003261915774695184 | Population Length: 200| Best DNA: 'ελαττονωμ αλεξανδρος ουδις ελαττονωμ'
Generation 13 | Average Generation Fitness: 0.0031994198068722255 | Best Fitness: 0.003261915774695184 | Population Length: 200| Best DNA: 'ελαττονωμ αλεξανδρος ουδις ελαττονωμ'
Generation 14 | Average Generation Fitness: 0.0032141247404776268 | Best Fitness: 0.003261915774695184 | Population Length: 200| Best DNA: 'κοινης αλεξανδρος ουδις κοινης'
Generation 15 | Average Generation Fitness: 0.003206772273674926 | Best Fitness: 0.003261915774695184 | Population Length: 200| Best DNA: 'παλιν αλεξανδρος ουδις παλιν'
Generation 16 | Average Generation Fitness: 0.0032067722736749266 | Best Fitness: 0.003261915774695184 | Population Length: 200| Best DNA: 'σχοινιαιαν αλεξανδρος ουδις σχοινιαιαν'
Generation 17 | Average Generation Fitness: 0.003184714873266825 | Best Fitness: 0.003261915774695184 | Population Length: 200| Best DNA: 'εχειν αλεξανδρος ουδις εχειν'
Generation 18 | Average Generation Fitness: 0.0031626574728587232 | Best Fitness: 0.003261915774695184 | Population Length: 200| Best DNA: 'τηγ αλεξανδρος ουδις τηγ'
Generation 19 | Average Generation Fitness: 0.0031626574728587232 | Best Fitness: 0.003261915774695184 | Population Length: 200| Best DNA: 'ελαττονωμ αλεξανδρος ουδις ελαττονωμ'
Generation 20 | Average Generation Fitness: 0.003100161505035769 | Best Fitness: 0.003261915774695184 | Population Length: 200| Best DNA: 'προ αλεξανδρος ουδις προ'
Generation 21 | Average Generation Fitness: 0.003048694237416868 | Best Fitness: 0.003261915774695184 | Population Length: 200| Best DNA: 'γαλατας αλεξανδρος ουδις γαλατας'
Generation 22 | Average Generation Fitness: 0.0029200260683696073 | Best Fitness: 0.003261915774695184 | Population Length: 200| Best DNA: 'ελαττονωμ αλεξανδρος ουδις ελαττονωμ'
Generation 23 | Average Generation Fitness: 0.002846501400342602 | Best Fitness: 0.003261915774695184 | Population Length: 200| Best DNA: 'γαλατας αλεξανδρος ουδις γαλατας'
Generation 24 | Average Generation Fitness: 0.002681070897281838 | Best Fitness: 0.003261915774695184 | Population Length: 200| Best DNA: 'τεθραυσμενος αλεξανδρος ουδις τεθραυσμενος'
Generation 25 | Average Generation Fitness: 0.0025524027282345816 | Best Fitness: 0.003261915774695184 | Population Length: 200| Best DNA: 'ελαττονωμ αλεξανδρος ουδις ελαττονωμ'
Generation 26 | Average Generation Fitness: 0.0025266690944251297 | Best Fitness: 0.0025266690944251422 | Population Length: 200| Best DNA: 'ελαττονωμ αλεξανδρος ουδις ελαττονωμ'
Generation 27 | Average Generation Fitness: 0.0025266690944251297 | Best Fitness: 0.0025266690944251422 | Population Length: 200| Best DNA: 'ελαττονωμ αλεξανδρος ουδις ελαττονωμ'
Generation 28 | Average Generation Fitness: 0.0025266690944251297 | Best Fitness: 0.0025266690944251422 | Population Length: 200| Best DNA: 'ελαττονωμ αλεξανδρος ουδις ελαττονωμ'
Generation 29 | Average Generation Fitness: 0.0025266690944251297 | Best Fitness: 0.0025266690944251422 | Population Length: 200| Best DNA: 'ελαττονωμ αλεξανδρος ουδις ελαττονωμ'
Generation 30 | Average Generation Fitness: 0.0025266690944251297 | Best Fitness: 0.0025266690944251422 | Population Length: 200| Best DNA: 'ελαττονωμ αλεξανδρος ουδις ελαττονωμ'
Generation 31 | Average Generation Fitness: 0.0025266690944251297 | Best Fitness: 0.0025266690944251422 | Population Length: 200| Best DNA: 'ελαττονωμ αλεξανδρος ουδις ελαττονωμ'
Generation 32 | Average Generation Fitness: 0.0025266690944251297 | Best Fitness: 0.0025266690944251422 | Population Length: 200| Best DNA: 'ελαττονωμ αλεξανδρος ουδις ελαττονωμ'
Generation 33 | Average Generation Fitness: 0.0025266690944251297 | Best Fitness: 0.0025266690944251422 | Population Length: 200| Best DNA: 'ελαττονωμ αλεξανδρος ουδις ελαττονωμ'
Generation 34 | Average Generation Fitness: 0.0025266690944251297 | Best Fitness: 0.0025266690944251422 | Population Length: 200| Best DNA: 'ελαττονωμ αλεξανδρος ουδις ελαττονωμ'
Generation 35 | Average Generation Fitness: 0.0025266690944251297 | Best Fitness: 0.0025266690944251422 | Population Length: 200| Best DNA: 'ελαττονωμ αλεξανδρος ουδις ελαττονωμ'
Generation 36 | Average Generation Fitness: 0.0025266690944251297 | Best Fitness: 0.0025266690944251422 | Population Length: 200| Best DNA: 'ελαττονωμ αλεξανδρος ουδις ελαττονωμ'
Generation 37 | Average Generation Fitness: 0.0025266690944251297 | Best Fitness: 0.0025266690944251422 | Population Length: 200| Best DNA: 'ελαττονωμ αλεξανδρος ουδις ελαττονωμ'
Generation 38 | Average Generation Fitness: 0.0025266690944251297 | Best Fitness: 0.0025266690944251422 | Population Length: 200| Best DNA: 'ελαττονωμ αλεξανδρος ουδις ελαττονωμ'
Generation 39 | Average Generation Fitness: 0.0025266690944251297 | Best Fitness: 0.0025266690944251422 | Population Length: 200| Best DNA: 'ελαττονωμ αλεξανδρος ουδις ελαττονωμ'
Generation 40 | Average Generation Fitness: 0.0025266690944251297 | Best Fitness: 0.0025266690944251422 | Population Length: 200| Best DNA: 'ελαττονωμ αλεξανδρος ουδις ελαττονωμ'
Generation 41 | Average Generation Fitness: 0.0025266690944251297 | Best Fitness: 0.0025266690944251422 | Population Length: 200| Best DNA: 'ελαττονωμ αλεξανδρος ουδις ελαττονωμ'
Generation 42 | Average Generation Fitness: 0.0025266690944251297 | Best Fitness: 0.0025266690944251422 | Population Length: 200| Best DNA: 'ελαττονωμ αλεξανδρος ουδις ελαττονωμ'
Generation 43 | Average Generation Fitness: 0.0025266690944251297 | Best Fitness: 0.0025266690944251422 | Population Length: 200| Best DNA: 'ελαττονωμ αλεξανδρος ουδις ελαττονωμ'
Generation 44 | Average Generation Fitness: 0.0025266690944251297 | Best Fitness: 0.0025266690944251422 | Population Length: 200| Best DNA: 'ελαττονωμ αλεξανδρος ουδις ελαττονωμ'
Generation 45 | Average Generation Fitness: 0.0025266690944251297 | Best Fitness: 0.0025266690944251422 | Population Length: 200| Best DNA: 'ελαττονωμ αλεξανδρος ουδις ελαττονωμ'
Generation 46 | Average Generation Fitness: 0.0025266690944251297 | Best Fitness: 0.0025266690944251422 | Population Length: 200| Best DNA: 'ελαττονωμ αλεξανδρος ουδις ελαττονωμ'
Generation 47 | Average Generation Fitness: 0.0025266690944251297 | Best Fitness: 0.0025266690944251422 | Population Length: 200| Best DNA: 'ελαττονωμ αλεξανδρος ουδις ελαττονωμ'
Generation 48 | Average Generation Fitness: 0.0025266690944251297 | Best Fitness: 0.0025266690944251422 | Population Length: 200| Best DNA: 'ελαττονωμ αλεξανδρος ουδις ελαττονωμ'
Generation 49 | Average Generation Fitness: 0.0025266690944251297 | Best Fitness: 0.0025266690944251422 | Population Length: 200| Best DNA: 'ελαττονωμ αλεξανδρος ουδις ελαττονωμ'
Generation 50 | Average Generation Fitness: 0.0025266690944251297 | Best Fitness: 0.0025266690944251422 | Population Length: 200| Best DNA: 'ελαττονωμ αλεξανδρος ουδις ελαττονωμ'
Generation 51 | Average Generation Fitness: 0.0025266690944251297 | Best Fitness: 0.0025266690944251422 | Population Length: 200| Best DNA: 'ελαττονωμ αλεξανδρος ουδις ελαττονωμ'
------------------------------------------------
Total Generations: 51
Total Population: 200   ---   Mutation Rate: 0.0  ---  Crossover Probability: 0.6
Average Fitness: 0.0025266690944251297  ---  Best Overall Fitness: 0.010634272728985874
----------------------------------------------------------------------------------------------------------------------------------------------------
Execution: 4
Generation 01 | Average Generation Fitness: 0.004526858898539556, | Best Fitness: 0.011605973944213952 | Population Length: 200| Best DNA: 'χηματα αλεξανδρος ουδις χηματα'
Generation 02 | Average Generation Fitness: 0.00375956162682813, | Best Fitness: 0.006746851335821231 | Population Length: 200| Best DNA: 'αφροδιτης αλεξανδρος ουδις αφροδιτης'
Generation 03 | Average Generation Fitness: 0.0033817347495907757, | Best Fitness: 0.005486991807475553 | Population Length: 200| Best DNA: 'αλλους αλεξανδρος ουδις αλλους'
Generation 04 | Average Generation Fitness: 0.003262266173804084, | Best Fitness: 0.003971108113238468 | Population Length: 200| Best DNA: 'αναπραθεισης αλεξανδρος ουδις αναπραθεισης'
Generation 05 | Average Generation Fitness: 0.003233604167729345, | Best Fitness: 0.003481567823688605 | Population Length: 200| Best DNA: 'χρηματα αλεξανδρος ουδις χρηματα'
Generation 06 | Average Generation Fitness: 0.003225153440681678, | Best Fitness: 0.003261915774695184 | Population Length: 200| Best DNA: 'αναπραθεισης αλεξανδρος ουδις αναπραθεισης'
Generation 07 | Average Generation Fitness: 0.003232505907484378, | Best Fitness: 0.003261915774695184 | Population Length: 200| Best DNA: 'λεγων αλεξανδρος ουδις λεγων'
Generation 08 | Average Generation Fitness: 0.0032398583742870783, | Best Fitness: 0.003261915774695184 | Population Length: 200| Best DNA: 'πολεμωι αλεξανδρος ουδις πολεμωι'
Generation 09 | Average Generation Fitness: 0.003236182140885728, | Best Fitness: 0.003261915774695184 | Population Length: 200| Best DNA: 'χωραν αλεξανδρος ουδις χωραν'
Generation 10 | Average Generation Fitness: 0.0032251534406816775, | Best Fitness: 0.003261915774695184 | Population Length: 200| Best DNA: 'διαλυσαμενων αλεξανδρος ουδις διαλυσαμενων'
Generation 11 | Average Generation Fitness: 0.0032141247404776268, | Best Fitness: 0.003261915774695184 | Population Length: 200| Best DNA: 'τριτον αλεξανδρος ουδις τριτον'
Generation 12 | Average Generation Fitness: 0.0032104485070762767, | Best Fitness: 0.003261915774695184 | Population Length: 200| Best DNA: 'επιδαυριου αλεξανδρος ουδις επιδαυριου'
Generation 13 | Average Generation Fitness: 0.0032104485070762767, | Best Fitness: 0.003261915774695184 | Population Length: 200| Best DNA: 'ικανον αλεξανδρος ουδις ικανον'
Generation 14 | Average Generation Fitness: 0.003166333706260075, | Best Fitness: 0.003261915774695184 | Population Length: 200| Best DNA: 'τριτον αλεξανδρος ουδις τριτον'
Generation 15 | Average Generation Fitness: 0.003158981239457373, | Best Fitness: 0.003261915774695184 | Population Length: 200| Best DNA: 'παρεσκευασθη αλεξανδρος ουδις παρεσκευασθη'
Generation 16 | Average Generation Fitness: 0.0031369238390492726, | Best Fitness: 0.003261915774695184 | Population Length: 200| Best DNA: 'τριτον αλεξανδρος ουδις τριτον'
Generation 17 | Average Generation Fitness: 0.0030413417706141666, | Best Fitness: 0.003261915774695184 | Population Length: 200| Best DNA: 'τειχοδομιαν αλεξανδρος ουδις τειχοδομιαν'
Generation 18 | Average Generation Fitness: 0.003004579436600663, | Best Fitness: 0.003261915774695184 | Population Length: 200| Best DNA: 'τριτον αλεξανδρος ουδις τριτον'
Generation 19 | Average Generation Fitness: 0.0029200260683696073, | Best Fitness: 0.003261915774695184 | Population Length: 200| Best DNA: 'τριτον αλεξανδρος ουδις τριτον'
Generation 20 | Average Generation Fitness: 0.0027288619314993945, | Best Fitness: 0.003261915774695184 | Population Length: 200| Best DNA: 'παρεσκευασθη αλεξανδρος ουδις παρεσκευασθη'
Generation 21 | Average Generation Fitness: 0.002622251162860237, | Best Fitness: 0.003261915774695184 | Population Length: 200| Best DNA: 'παρεσκευασθη αλεξανδρος ουδις παρεσκευασθη'
Generation 22 | Average Generation Fitness: 0.002548726494833231, | Best Fitness: 0.003261915774695184 | Population Length: 200| Best DNA: 'ικανον αλεξανδρος ουδις ικανον'
Generation 23 | Average Generation Fitness: 0.0025487264948332315, | Best Fitness: 0.003261915774695184 | Population Length: 200| Best DNA: 'τριτον αλεξανδρος ουδις τριτον'
Generation 24 | Average Generation Fitness: 0.0025266690944251297, | Best Fitness: 0.0025266690944251422 | Population Length: 200| Best DNA: 'τριτον αλεξανδρος ουδις τριτον'
Generation 25 | Average Generation Fitness: 0.0025266690944251297, | Best Fitness: 0.0025266690944251422 | Population Length: 200| Best DNA: 'τριτον αλεξανδρος ουδις τριτον'
Generation 26 | Average Generation Fitness: 0.0025266690944251297, | Best Fitness: 0.0025266690944251422 | Population Length: 200| Best DNA: 'τριτον αλεξανδρος ουδις τριτον'
Generation 27 | Average Generation Fitness: 0.0025266690944251297, | Best Fitness: 0.0025266690944251422 | Population Length: 200| Best DNA: 'τριτον αλεξανδρος ουδις τριτον'
Generation 28 | Average Generation Fitness: 0.0025266690944251297, | Best Fitness: 0.0025266690944251422 | Population Length: 200| Best DNA: 'τριτον αλεξανδρος ουδις τριτον'
Generation 29 | Average Generation Fitness: 0.0025266690944251297, | Best Fitness: 0.0025266690944251422 | Population Length: 200| Best DNA: 'τριτον αλεξανδρος ουδις τριτον'
Generation 30 | Average Generation Fitness: 0.0025266690944251297, | Best Fitness: 0.0025266690944251422 | Population Length: 200| Best DNA: 'τριτον αλεξανδρος ουδις τριτον'
Generation 31 | Average Generation Fitness: 0.0025266690944251297, | Best Fitness: 0.0025266690944251422 | Population Length: 200| Best DNA: 'τριτον αλεξανδρος ουδις τριτον'
Generation 32 | Average Generation Fitness: 0.0025266690944251297, | Best Fitness: 0.0025266690944251422 | Population Length: 200| Best DNA: 'τριτον αλεξανδρος ουδις τριτον'
Generation 33 | Average Generation Fitness: 0.0025266690944251297, | Best Fitness: 0.0025266690944251422 | Population Length: 200| Best DNA: 'τριτον αλεξανδρος ουδις τριτον'
Generation 34 | Average Generation Fitness: 0.0025266690944251297, | Best Fitness: 0.0025266690944251422 | Population Length: 200| Best DNA: 'τριτον αλεξανδρος ουδις τριτον'
Generation 35 | Average Generation Fitness: 0.0025266690944251297, | Best Fitness: 0.0025266690944251422 | Population Length: 200| Best DNA: 'τριτον αλεξανδρος ουδις τριτον'
Generation 36 | Average Generation Fitness: 0.0025266690944251297, | Best Fitness: 0.0025266690944251422 | Population Length: 200| Best DNA: 'τριτον αλεξανδρος ουδις τριτον'
Generation 37 | Average Generation Fitness: 0.0025266690944251297, | Best Fitness: 0.0025266690944251422 | Population Length: 200| Best DNA: 'τριτον αλεξανδρος ουδις τριτον'
Generation 38 | Average Generation Fitness: 0.0025266690944251297, | Best Fitness: 0.0025266690944251422 | Population Length: 200| Best DNA: 'τριτον αλεξανδρος ουδις τριτον'
Generation 39 | Average Generation Fitness: 0.0025266690944251297, | Best Fitness: 0.0025266690944251422 | Population Length: 200| Best DNA: 'τριτον αλεξανδρος ουδις τριτον'
Generation 40 | Average Generation Fitness: 0.0025266690944251297, | Best Fitness: 0.0025266690944251422 | Population Length: 200| Best DNA: 'τριτον αλεξανδρος ουδις τριτον'
Generation 41 | Average Generation Fitness: 0.0025266690944251297, | Best Fitness: 0.0025266690944251422 | Population Length: 200| Best DNA: 'τριτον αλεξανδρος ουδις τριτον'
Generation 42 | Average Generation Fitness: 0.0025266690944251297, | Best Fitness: 0.0025266690944251422 | Population Length: 200| Best DNA: 'τριτον αλεξανδρος ουδις τριτον'
Generation 43 | Average Generation Fitness: 0.0025266690944251297, | Best Fitness: 0.0025266690944251422 | Population Length: 200| Best DNA: 'τριτον αλεξανδρος ουδις τριτον'
Generation 44 | Average Generation Fitness: 0.0025266690944251297, | Best Fitness: 0.0025266690944251422 | Population Length: 200| Best DNA: 'τριτον αλεξανδρος ουδις τριτον'
Generation 45 | Average Generation Fitness: 0.0025266690944251297, | Best Fitness: 0.0025266690944251422 | Population Length: 200| Best DNA: 'τριτον αλεξανδρος ουδις τριτον'
Generation 46 | Average Generation Fitness: 0.0025266690944251297, | Best Fitness: 0.0025266690944251422 | Population Length: 200| Best DNA: 'τριτον αλεξανδρος ουδις τριτον'
Generation 47 | Average Generation Fitness: 0.0025266690944251297, | Best Fitness: 0.0025266690944251422 | Population Length: 200| Best DNA: 'τριτον αλεξανδρος ουδις τριτον'
Generation 48 | Average Generation Fitness: 0.0025266690944251297, | Best Fitness: 0.0025266690944251422 | Population Length: 200| Best DNA: 'τριτον αλεξανδρος ουδις τριτον'
Generation 49 | Average Generation Fitness: 0.0025266690944251297, | Best Fitness: 0.0025266690944251422 | Population Length: 200| Best DNA: 'τριτον αλεξανδρος ουδις τριτον'
Generation 50 | Average Generation Fitness: 0.0025266690944251297, | Best Fitness: 0.0025266690944251422 | Population Length: 200| Best DNA: 'τριτον αλεξανδρος ουδις τριτον'
Generation 51 | Average Generation Fitness: 0.0025266690944251297, | Best Fitness: 0.0025266690944251422 | Population Length: 200| Best DNA: 'τριτον αλεξανδρος ουδις τριτον'
------------------------------------------------
Total Generations: 51
Total Population: 200   ---   Mutation Rate: 0.0  ---  Crossover Probability: 0.6
Average Fitness: 0.0025266690944251297  ---  Best Overall Fitness: 0.011605973944213952
----------------------------------------------------------------------------------------------------------------------------------------------------
Execution: 5
Generation 1 | Average Generation Fitness: 0.004314834084623241 | Best Fitness: 0.00956237804178685 | Population Length: 200| Best DNA: 'θυγατηρ αλεξανδρος ουδις θυγατηρ'
Generation 2 | Average Generation Fitness: 0.003696198659161068 | Best Fitness: 0.006514086152103725 | Population Length: 200| Best DNA: 'βασιλεων αλεξανδρος ουδις βασιλεων'
Generation 3 | Average Generation Fitness: 0.0034569319339737116 | Best Fitness: 0.004636500970897482 | Population Length: 200| Best DNA: 'πολλα αλεξανδρος ουδις πολλα'
Generation 4 | Average Generation Fitness: 0.0032922446741844346 | Best Fitness: 0.004044325462902942 | Population Length: 200| Best DNA: 'πολλα αλεξανδρος ουδις πολλα'
Generation 5 | Average Generation Fitness: 0.00323141604453499 | Best Fitness: 0.003510631004782436 | Population Length: 200| Best DNA: 'πατρι αλεξανδρος ουδις πατρι'
Generation 6 | Average Generation Fitness: 0.0032299279343279952 | Best Fitness: 0.0033351331243596572 | Population Length: 200| Best DNA: 'δειν αλεξανδρος ουδις δειν'
Generation 7 | Average Generation Fitness: 0.003228829674083028 | Best Fitness: 0.003261915774695184 | Population Length: 200| Best DNA: 'πλειστον αλεξανδρος ουδις πλειστον'
Generation 8 | Average Generation Fitness: 0.0032104485070762767 | Best Fitness: 0.003261915774695184 | Population Length: 200| Best DNA: 'τελωνων αλεξανδρος ουδις τελωνων'
Generation 9 | Average Generation Fitness: 0.003228829674083028 | Best Fitness: 0.003261915774695184 | Population Length: 200| Best DNA: 'σιτοβολον αλεξανδρος ουδις σιτοβολον'
Generation 10 | Average Generation Fitness: 0.0031957435734708763 | Best Fitness: 0.003261915774695184 | Population Length: 200| Best DNA: 'μεταρ αλεξανδρος ουδις μεταρ'
Generation 11 | Average Generation Fitness: 0.003192067340069525 | Best Fitness: 0.003261915774695184 | Population Length: 200| Best DNA: 'χρειαν αλεξανδρος ουδις χρειαν'
Generation 12 | Average Generation Fitness: 0.003166333706260074 | Best Fitness: 0.003261915774695184 | Population Length: 200| Best DNA: 'παραθεσθαι αλεξανδρος ουδις παραθεσθαι'
Generation 13 | Average Generation Fitness: 0.0031001615050357694 | Best Fitness: 0.003261915774695184 | Population Length: 200| Best DNA: 'οντας αλεξανδρος ουδις οντας'
Generation 14 | Average Generation Fitness: 0.0030119319034033628 | Best Fitness: 0.003261915774695184 | Population Length: 200| Best DNA: 'επιφερομενον αλεξανδρος ουδις επιφερομενον'
Generation 15 | Average Generation Fitness: 0.0029053211347642074 | Best Fitness: 0.003261915774695184 | Population Length: 200| Best DNA: 'παραθεσθαι αλεξανδρος ουδις παραθεσθαι'
Generation 16 | Average Generation Fitness: 0.002776652965716949 | Best Fitness: 0.003261915774695184 | Population Length: 200| Best DNA: 'εκτεα αλεξανδρος ουδις εκτεα'
Generation 17 | Average Generation Fitness: 0.0026075462292548353 | Best Fitness: 0.003261915774695184 | Population Length: 200| Best DNA: 'ελαττους αλεξανδρος ουδις ελαττους'
Generation 18 | Average Generation Fitness: 0.00253769779462918 | Best Fitness: 0.003261915774695184 | Population Length: 200| Best DNA: 'ελαττους αλεξανδρος ουδις ελαττους'
Generation 19 | Average Generation Fitness: 0.0025266690944251297 | Best Fitness: 0.0025266690944251422 | Population Length: 200| Best DNA: 'παραθεσθαι αλεξανδρος ουδις παραθεσθαι'
Generation 20 | Average Generation Fitness: 0.0025266690944251297 | Best Fitness: 0.0025266690944251422 | Population Length: 200| Best DNA: 'παραθεσθαι αλεξανδρος ουδις παραθεσθαι'
Generation 21 | Average Generation Fitness: 0.0025266690944251297 | Best Fitness: 0.0025266690944251422 | Population Length: 200| Best DNA: 'παραθεσθαι αλεξανδρος ουδις παραθεσθαι'
Generation 22 | Average Generation Fitness: 0.0025266690944251297 | Best Fitness: 0.0025266690944251422 | Population Length: 200| Best DNA: 'παραθεσθαι αλεξανδρος ουδις παραθεσθαι'
Generation 23 | Average Generation Fitness: 0.0025266690944251297 | Best Fitness: 0.0025266690944251422 | Population Length: 200| Best DNA: 'παραθεσθαι αλεξανδρος ουδις παραθεσθαι'
Generation 24 | Average Generation Fitness: 0.0025266690944251297 | Best Fitness: 0.0025266690944251422 | Population Length: 200| Best DNA: 'παραθεσθαι αλεξανδρος ουδις παραθεσθαι'
Generation 25 | Average Generation Fitness: 0.0025266690944251297 | Best Fitness: 0.0025266690944251422 | Population Length: 200| Best DNA: 'παραθεσθαι αλεξανδρος ουδις παραθεσθαι'
Generation 26 | Average Generation Fitness: 0.0025266690944251297 | Best Fitness: 0.0025266690944251422 | Population Length: 200| Best DNA: 'παραθεσθαι αλεξανδρος ουδις παραθεσθαι'
Generation 27 | Average Generation Fitness: 0.0025266690944251297 | Best Fitness: 0.0025266690944251422 | Population Length: 200| Best DNA: 'παραθεσθαι αλεξανδρος ουδις παραθεσθαι'
Generation 28 | Average Generation Fitness: 0.0025266690944251297 | Best Fitness: 0.0025266690944251422 | Population Length: 200| Best DNA: 'παραθεσθαι αλεξανδρος ουδις παραθεσθαι'
Generation 29 | Average Generation Fitness: 0.0025266690944251297 | Best Fitness: 0.0025266690944251422 | Population Length: 200| Best DNA: 'παραθεσθαι αλεξανδρος ουδις παραθεσθαι'
Generation 30 | Average Generation Fitness: 0.0025266690944251297 | Best Fitness: 0.0025266690944251422 | Population Length: 200| Best DNA: 'παραθεσθαι αλεξανδρος ουδις παραθεσθαι'
Generation 31 | Average Generation Fitness: 0.0025266690944251297 | Best Fitness: 0.0025266690944251422 | Population Length: 200| Best DNA: 'παραθεσθαι αλεξανδρος ουδις παραθεσθαι'
Generation 32 | Average Generation Fitness: 0.0025266690944251297 | Best Fitness: 0.0025266690944251422 | Population Length: 200| Best DNA: 'παραθεσθαι αλεξανδρος ουδις παραθεσθαι'
Generation 33 | Average Generation Fitness: 0.0025266690944251297 | Best Fitness: 0.0025266690944251422 | Population Length: 200| Best DNA: 'παραθεσθαι αλεξανδρος ουδις παραθεσθαι'
Generation 34 | Average Generation Fitness: 0.0025266690944251297 | Best Fitness: 0.0025266690944251422 | Population Length: 200| Best DNA: 'παραθεσθαι αλεξανδρος ουδις παραθεσθαι'
Generation 35 | Average Generation Fitness: 0.0025266690944251297 | Best Fitness: 0.0025266690944251422 | Population Length: 200| Best DNA: 'παραθεσθαι αλεξανδρος ουδις παραθεσθαι'
Generation 36 | Average Generation Fitness: 0.0025266690944251297 | Best Fitness: 0.0025266690944251422 | Population Length: 200| Best DNA: 'παραθεσθαι αλεξανδρος ουδις παραθεσθαι'
Generation 37 | Average Generation Fitness: 0.0025266690944251297 | Best Fitness: 0.0025266690944251422 | Population Length: 200| Best DNA: 'παραθεσθαι αλεξανδρος ουδις παραθεσθαι'
Generation 38 | Average Generation Fitness: 0.0025266690944251297 | Best Fitness: 0.0025266690944251422 | Population Length: 200| Best DNA: 'παραθεσθαι αλεξανδρος ουδις παραθεσθαι'
Generation 39 | Average Generation Fitness: 0.0025266690944251297 | Best Fitness: 0.0025266690944251422 | Population Length: 200| Best DNA: 'παραθεσθαι αλεξανδρος ουδις παραθεσθαι'
Generation 40 | Average Generation Fitness: 0.0025266690944251297 | Best Fitness: 0.0025266690944251422 | Population Length: 200| Best DNA: 'παραθεσθαι αλεξανδρος ουδις παραθεσθαι'
Generation 41 | Average Generation Fitness: 0.0025266690944251297 | Best Fitness: 0.0025266690944251422 | Population Length: 200| Best DNA: 'παραθεσθαι αλεξανδρος ουδις παραθεσθαι'
Generation 42 | Average Generation Fitness: 0.0025266690944251297 | Best Fitness: 0.0025266690944251422 | Population Length: 200| Best DNA: 'παραθεσθαι αλεξανδρος ουδις παραθεσθαι'
Generation 43 | Average Generation Fitness: 0.0025266690944251297 | Best Fitness: 0.0025266690944251422 | Population Length: 200| Best DNA: 'παραθεσθαι αλεξανδρος ουδις παραθεσθαι'
Generation 44 | Average Generation Fitness: 0.0025266690944251297 | Best Fitness: 0.0025266690944251422 | Population Length: 200| Best DNA: 'παραθεσθαι αλεξανδρος ουδις παραθεσθαι'
Generation 45 | Average Generation Fitness: 0.0025266690944251297 | Best Fitness: 0.0025266690944251422 | Population Length: 200| Best DNA: 'παραθεσθαι αλεξανδρος ουδις παραθεσθαι'
Generation 46 | Average Generation Fitness: 0.0025266690944251297 | Best Fitness: 0.0025266690944251422 | Population Length: 200| Best DNA: 'παραθεσθαι αλεξανδρος ουδις παραθεσθαι'
Generation 47 | Average Generation Fitness: 0.0025266690944251297 | Best Fitness: 0.0025266690944251422 | Population Length: 200| Best DNA: 'παραθεσθαι αλεξανδρος ουδις παραθεσθαι'
Generation 48 | Average Generation Fitness: 0.0025266690944251297 | Best Fitness: 0.0025266690944251422 | Population Length: 200| Best DNA: 'παραθεσθαι αλεξανδρος ουδις παραθεσθαι'
Generation 49 | Average Generation Fitness: 0.0025266690944251297 | Best Fitness: 0.0025266690944251422 | Population Length: 200| Best DNA: 'παραθεσθαι αλεξανδρος ουδις παραθεσθαι'
Generation 50 | Average Generation Fitness: 0.0025266690944251297 | Best Fitness: 0.0025266690944251422 | Population Length: 200| Best DNA: 'παραθεσθαι αλεξανδρος ουδις παραθεσθαι'
------------------------------------------------
Total Generations: 50
Total Population: 200   ---   Mutation Rate: 0.0  ---  Crossover Probability: 0.6
Average Fitness: 0.0025266690944251297  ---  Best Overall Fitness: 0.00956237804178685
----------------------------------------------------------------------------------------------------------------------------------------------------
Execution: 6
Generation 1 | Average Generation Fitness: 0.004599611282534361 | Best Fitness: 0.008852313759479442 | Population Length: 200| Best DNA: 'πλοια αλεξανδρος ουδις πλοια'
Generation 2 | Average Generation Fitness: 0.004004224721065923 | Best Fitness: 0.006844502989319071 | Population Length: 200| Best DNA: 'εποιησατο αλεξανδρος ουδις εποιησατο'
Generation 3 | Average Generation Fitness: 0.003595522226290031 | Best Fitness: 0.005080635292921711 | Population Length: 200| Best DNA: 'αλλους αλεξανδρος ουδις αλλους'
Generation 4 | Average Generation Fitness: 0.0033824845486858284 | Best Fitness: 0.0046071448367125305 | Population Length: 200| Best DNA: 'απολλωνιδου αλεξανδρος ουδις απολλωνιδου'
Generation 5 | Average Generation Fitness: 0.0032504832872840067 | Best Fitness: 0.003554785173353079 | Population Length: 200| Best DNA: 'χρυσων αλεξανδρος ουδις χρυσων'
Generation 6 | Average Generation Fitness: 0.0032177856079608513 | Best Fitness: 0.0034083504740241312 | Population Length: 200| Best DNA: 'δισχιλιους αλεξανδρος ουδις δισχιλιους'
Generation 7 | Average Generation Fitness: 0.0032141247404776276 | Best Fitness: 0.003261915774695184 | Population Length: 200| Best DNA: 'αιρεθεις αλεξανδρος ουδις αιρεθεις'
Generation 8 | Average Generation Fitness: 0.0032030960402735765 | Best Fitness: 0.003261915774695184 | Population Length: 200| Best DNA: 'σιτος αλεξανδρος ουδις σιτος'
Generation 9 | Average Generation Fitness: 0.0032178009738789777 | Best Fitness: 0.003261915774695184 | Population Length: 200| Best DNA: 'ποιουμενος αλεξανδρος ουδις ποιουμενος'
Generation 10 | Average Generation Fitness: 0.003203096040273576 | Best Fitness: 0.003261915774695184 | Population Length: 200| Best DNA: 'σιτος αλεξανδρος ουδις σιτος'
Generation 11 | Average Generation Fitness: 0.003158981239457374 | Best Fitness: 0.003261915774695184 | Population Length: 200| Best DNA: 'αιρεθεις αλεξανδρος ουδις αιρεθεις'
Generation 12 | Average Generation Fitness: 0.0031406000724506227 | Best Fitness: 0.003261915774695184 | Population Length: 200| Best DNA: 'αιρεθεις αλεξανδρος ουδις αιρεθεις'
Generation 13 | Average Generation Fitness: 0.0030964852716344193 | Best Fitness: 0.003261915774695184 | Population Length: 200| Best DNA: 'πυλαις αλεξανδρος ουδις πυλαις'
Generation 14 | Average Generation Fitness: 0.0030486942374168668 | Best Fitness: 0.003261915774695184 | Population Length: 200| Best DNA: 'πυλαις αλεξανδρος ουδις πυλαις'
Generation 15 | Average Generation Fitness: 0.0029384072353763595 | Best Fitness: 0.003261915774695184 | Population Length: 200| Best DNA: 'ωρισμενοις αλεξανδρος ουδις ωρισμενοις'
Generation 16 | Average Generation Fitness: 0.0027582717987101966 | Best Fitness: 0.003261915774695184 | Population Length: 200| Best DNA: 'ωρισμενοις αλεξανδρος ουδις ωρισμενοις'
Generation 17 | Average Generation Fitness: 0.0026296036296629376 | Best Fitness: 0.003261915774695184 | Population Length: 200| Best DNA: 'ουθενα αλεξανδρος ουδις ουθενα'
Generation 18 | Average Generation Fitness: 0.00253769779462918 | Best Fitness: 0.003261915774695184 | Population Length: 200| Best DNA: 'ωρισμενοις αλεξανδρος ουδις ωρισμενοις'
Generation 19 | Average Generation Fitness: 0.0025266690944251297 | Best Fitness: 0.0025266690944251422 | Population Length: 200| Best DNA: 'ωρισμενοις αλεξανδρος ουδις ωρισμενοις'
Generation 20 | Average Generation Fitness: 0.0025266690944251297 | Best Fitness: 0.0025266690944251422 | Population Length: 200| Best DNA: 'ωρισμενοις αλεξανδρος ουδις ωρισμενοις'
Generation 21 | Average Generation Fitness: 0.0025266690944251297 | Best Fitness: 0.0025266690944251422 | Population Length: 200| Best DNA: 'ωρισμενοις αλεξανδρος ουδις ωρισμενοις'
Generation 22 | Average Generation Fitness: 0.0025266690944251297 | Best Fitness: 0.0025266690944251422 | Population Length: 200| Best DNA: 'ωρισμενοις αλεξανδρος ουδις ωρισμενοις'
Generation 23 | Average Generation Fitness: 0.0025266690944251297 | Best Fitness: 0.0025266690944251422 | Population Length: 200| Best DNA: 'ωρισμενοις αλεξανδρος ουδις ωρισμενοις'
Generation 24 | Average Generation Fitness: 0.0025266690944251297 | Best Fitness: 0.0025266690944251422 | Population Length: 200| Best DNA: 'ωρισμενοις αλεξανδρος ουδις ωρισμενοις'
Generation 25 | Average Generation Fitness: 0.0025266690944251297 | Best Fitness: 0.0025266690944251422 | Population Length: 200| Best DNA: 'ωρισμενοις αλεξανδρος ουδις ωρισμενοις'
Generation 26 | Average Generation Fitness: 0.0025266690944251297 | Best Fitness: 0.0025266690944251422 | Population Length: 200| Best DNA: 'ωρισμενοις αλεξανδρος ουδις ωρισμενοις'
Generation 27 | Average Generation Fitness: 0.0025266690944251297 | Best Fitness: 0.0025266690944251422 | Population Length: 200| Best DNA: 'ωρισμενοις αλεξανδρος ουδις ωρισμενοις'
Generation 28 | Average Generation Fitness: 0.0025266690944251297 | Best Fitness: 0.0025266690944251422 | Population Length: 200| Best DNA: 'ωρισμενοις αλεξανδρος ουδις ωρισμενοις'
Generation 29 | Average Generation Fitness: 0.0025266690944251297 | Best Fitness: 0.0025266690944251422 | Population Length: 200| Best DNA: 'ωρισμενοις αλεξανδρος ουδις ωρισμενοις'
Generation 30 | Average Generation Fitness: 0.0025266690944251297 | Best Fitness: 0.0025266690944251422 | Population Length: 200| Best DNA: 'ωρισμενοις αλεξανδρος ουδις ωρισμενοις'
Generation 31 | Average Generation Fitness: 0.0025266690944251297 | Best Fitness: 0.0025266690944251422 | Population Length: 200| Best DNA: 'ωρισμενοις αλεξανδρος ουδις ωρισμενοις'
Generation 32 | Average Generation Fitness: 0.0025266690944251297 | Best Fitness: 0.0025266690944251422 | Population Length: 200| Best DNA: 'ωρισμενοις αλεξανδρος ουδις ωρισμενοις'
Generation 33 | Average Generation Fitness: 0.0025266690944251297 | Best Fitness: 0.0025266690944251422 | Population Length: 200| Best DNA: 'ωρισμενοις αλεξανδρος ουδις ωρισμενοις'
Generation 34 | Average Generation Fitness: 0.0025266690944251297 | Best Fitness: 0.0025266690944251422 | Population Length: 200| Best DNA: 'ωρισμενοις αλεξανδρος ουδις ωρισμενοις'
Generation 35 | Average Generation Fitness: 0.0025266690944251297 | Best Fitness: 0.0025266690944251422 | Population Length: 200| Best DNA: 'ωρισμενοις αλεξανδρος ουδις ωρισμενοις'
Generation 36 | Average Generation Fitness: 0.0025266690944251297 | Best Fitness: 0.0025266690944251422 | Population Length: 200| Best DNA: 'ωρισμενοις αλεξανδρος ουδις ωρισμενοις'
Generation 37 | Average Generation Fitness: 0.0025266690944251297 | Best Fitness: 0.0025266690944251422 | Population Length: 200| Best DNA: 'ωρισμενοις αλεξανδρος ουδις ωρισμενοις'
Generation 38 | Average Generation Fitness: 0.0025266690944251297 | Best Fitness: 0.0025266690944251422 | Population Length: 200| Best DNA: 'ωρισμενοις αλεξανδρος ουδις ωρισμενοις'
Generation 39 | Average Generation Fitness: 0.0025266690944251297 | Best Fitness: 0.0025266690944251422 | Population Length: 200| Best DNA: 'ωρισμενοις αλεξανδρος ουδις ωρισμενοις'
Generation 40 | Average Generation Fitness: 0.0025266690944251297 | Best Fitness: 0.0025266690944251422 | Population Length: 200| Best DNA: 'ωρισμενοις αλεξανδρος ουδις ωρισμενοις'
Generation 41 | Average Generation Fitness: 0.0025266690944251297 | Best Fitness: 0.0025266690944251422 | Population Length: 200| Best DNA: 'ωρισμενοις αλεξανδρος ουδις ωρισμενοις'
Generation 42 | Average Generation Fitness: 0.0025266690944251297 | Best Fitness: 0.0025266690944251422 | Population Length: 200| Best DNA: 'ωρισμενοις αλεξανδρος ουδις ωρισμενοις'
Generation 43 | Average Generation Fitness: 0.0025266690944251297 | Best Fitness: 0.0025266690944251422 | Population Length: 200| Best DNA: 'ωρισμενοις αλεξανδρος ουδις ωρισμενοις'
Generation 44 | Average Generation Fitness: 0.0025266690944251297 | Best Fitness: 0.0025266690944251422 | Population Length: 200| Best DNA: 'ωρισμενοις αλεξανδρος ουδις ωρισμενοις'
Generation 45 | Average Generation Fitness: 0.0025266690944251297 | Best Fitness: 0.0025266690944251422 | Population Length: 200| Best DNA: 'ωρισμενοις αλεξανδρος ουδις ωρισμενοις'
Generation 46 | Average Generation Fitness: 0.0025266690944251297 | Best Fitness: 0.0025266690944251422 | Population Length: 200| Best DNA: 'ωρισμενοις αλεξανδρος ουδις ωρισμενοις'
Generation 47 | Average Generation Fitness: 0.0025266690944251297 | Best Fitness: 0.0025266690944251422 | Population Length: 200| Best DNA: 'ωρισμενοις αλεξανδρος ουδις ωρισμενοις'
Generation 48 | Average Generation Fitness: 0.0025266690944251297 | Best Fitness: 0.0025266690944251422 | Population Length: 200| Best DNA: 'ωρισμενοις αλεξανδρος ουδις ωρισμενοις'
Generation 49 | Average Generation Fitness: 0.0025266690944251297 | Best Fitness: 0.0025266690944251422 | Population Length: 200| Best DNA: 'ωρισμενοις αλεξανδρος ουδις ωρισμενοις'
Generation 50 | Average Generation Fitness: 0.0025266690944251297 | Best Fitness: 0.0025266690944251422 | Population Length: 200| Best DNA: 'ωρισμενοις αλεξανδρος ουδις ωρισμενοις'
------------------------------------------------
Total Generations: 50
Total Population: 200   ---   Mutation Rate: 0.0  ---  Crossover Probability: 0.6
Average Fitness: 0.0025266690944251297  ---  Best Overall Fitness: 0.008852313759479442
----------------------------------------------------------------------------------------------------------------------------------------------------
Execution: 7
Generation 1 | Average Generation Fitness: 0.004654323382814503 | Best Fitness: 0.010867278198075843 | Population Length: 200| Best DNA: 'παντικαπαιων αλεξανδρος ουδις παντικαπαιων'
Generation 2 | Average Generation Fitness: 0.003966118689016561 | Best Fitness: 0.006552894730484199 | Population Length: 200| Best DNA: 'απολλοδωρου αλεξανδρος ουδις απολλοδωρου'
Generation 3 | Average Generation Fitness: 0.0035733264790901993 | Best Fitness: 0.005251009996215983 | Population Length: 200| Best DNA: 'ευεργετης αλεξανδρος ουδις ευεργετης'
Generation 4 | Average Generation Fitness: 0.0033575781461131016 | Best Fitness: 0.004675082375707506 | Population Length: 200| Best DNA: 'γυναικαν αλεξανδρος ουδις γυναικαν'
Generation 5 | Average Generation Fitness: 0.0032604939211986774 | Best Fitness: 0.004037740146848083 | Population Length: 200| Best DNA: 'εχοντας αλεξανδρος ουδις εχοντας'
Generation 6 | Average Generation Fitness: 0.0032337494836348142 | Best Fitness: 0.003510631004782436 | Population Length: 200| Best DNA: 'γραμματευς αλεξανδρος ουδις γραμματευς'
Generation 7 | Average Generation Fitness: 0.003236182140885728 | Best Fitness: 0.003261915774695184 | Population Length: 200| Best DNA: 'παλιν αλεξανδρος ουδις παλιν'
Generation 8 | Average Generation Fitness: 0.0032178009738789777 | Best Fitness: 0.003261915774695184 | Population Length: 200| Best DNA: 'ετοιμου αλεξανδρος ουδις ετοιμου'
Generation 9 | Average Generation Fitness: 0.0032030960402735765 | Best Fitness: 0.003261915774695184 | Population Length: 200| Best DNA: 'εφθαρθαι αλεξανδρος ουδις εφθαρθαι'
Generation 10 | Average Generation Fitness: 0.003232505907484378 | Best Fitness: 0.003261915774695184 | Population Length: 200| Best DNA: 'γεγενημενου αλεξανδρος ουδις γεγενημενου'
Generation 11 | Average Generation Fitness: 0.0032104485070762767 | Best Fitness: 0.003261915774695184 | Population Length: 200| Best DNA: 'οικουντας αλεξανδρος ουδις οικουντας'
Generation 12 | Average Generation Fitness: 0.0031994198068722255 | Best Fitness: 0.003261915774695184 | Population Length: 200| Best DNA: 'ωι αλεξανδρος ουδις ωι'
Generation 13 | Average Generation Fitness: 0.003188391106668175 | Best Fitness: 0.003261915774695184 | Population Length: 200| Best DNA: 'ετοιμου αλεξανδρος ουδις ετοιμου'
Generation 14 | Average Generation Fitness: 0.003184714873266825 | Best Fitness: 0.003261915774695184 | Population Length: 200| Best DNA: 'γεγενημενου αλεξανδρος ουδις γεγενημενου'
Generation 15 | Average Generation Fitness: 0.0031663337062600738 | Best Fitness: 0.003261915774695184 | Population Length: 200| Best DNA: 'ανηνεγκεν αλεξανδρος ουδις ανηνεγκεν'
Generation 16 | Average Generation Fitness: 0.003155305006056024 | Best Fitness: 0.003261915774695184 | Population Length: 200| Best DNA: 'εφθαρθαι αλεξανδρος ουδις εφθαρθαι'
Generation 17 | Average Generation Fitness: 0.003140600072450621 | Best Fitness: 0.003261915774695184 | Population Length: 200| Best DNA: 'εστιν αλεξανδρος ουδις εστιν'
Generation 18 | Average Generation Fitness: 0.003100161505035769 | Best Fitness: 0.003261915774695184 | Population Length: 200| Best DNA: 'γεγενημενου αλεξανδρος ουδις γεγενημενου'
Generation 19 | Average Generation Fitness: 0.0030597229376209166 | Best Fitness: 0.003261915774695184 | Population Length: 200| Best DNA: 'παλιν αλεξανδρος ουδις παλιν'
Generation 20 | Average Generation Fitness: 0.002997226969797962 | Best Fitness: 0.003261915774695184 | Population Length: 200| Best DNA: 'παλιν αλεξανδρος ουδις παλιν'
Generation 21 | Average Generation Fitness: 0.002890616201158805 | Best Fitness: 0.003261915774695184 | Population Length: 200| Best DNA: 'πλειστον αλεξανδρος ουδις πλειστον'
Generation 22 | Average Generation Fitness: 0.002769300498914248 | Best Fitness: 0.003261915774695184 | Population Length: 200| Best DNA: 'πολεμιοις αλεξανδρος ουδις πολεμιοις'
Generation 23 | Average Generation Fitness: 0.002622251162860237 | Best Fitness: 0.003261915774695184 | Population Length: 200| Best DNA: 'πολεμιοις αλεξανδρος ουδις πολεμιοις'
Generation 24 | Average Generation Fitness: 0.002545050261431881 | Best Fitness: 0.003261915774695184 | Population Length: 200| Best DNA: 'πολεμιοις αλεξανδρος ουδις πολεμιοις'
Generation 25 | Average Generation Fitness: 0.0025266690944251297 | Best Fitness: 0.0025266690944251422 | Population Length: 200| Best DNA: 'πολεμιοις αλεξανδρος ουδις πολεμιοις'
Generation 26 | Average Generation Fitness: 0.0025266690944251297 | Best Fitness: 0.0025266690944251422 | Population Length: 200| Best DNA: 'πολεμιοις αλεξανδρος ουδις πολεμιοις'
Generation 27 | Average Generation Fitness: 0.0025266690944251297 | Best Fitness: 0.0025266690944251422 | Population Length: 200| Best DNA: 'πολεμιοις αλεξανδρος ουδις πολεμιοις'
Generation 28 | Average Generation Fitness: 0.0025266690944251297 | Best Fitness: 0.0025266690944251422 | Population Length: 200| Best DNA: 'πολεμιοις αλεξανδρος ουδις πολεμιοις'
Generation 29 | Average Generation Fitness: 0.0025266690944251297 | Best Fitness: 0.0025266690944251422 | Population Length: 200| Best DNA: 'πολεμιοις αλεξανδρος ουδις πολεμιοις'
Generation 30 | Average Generation Fitness: 0.0025266690944251297 | Best Fitness: 0.0025266690944251422 | Population Length: 200| Best DNA: 'πολεμιοις αλεξανδρος ουδις πολεμιοις'
Generation 31 | Average Generation Fitness: 0.0025266690944251297 | Best Fitness: 0.0025266690944251422 | Population Length: 200| Best DNA: 'πολεμιοις αλεξανδρος ουδις πολεμιοις'
Generation 32 | Average Generation Fitness: 0.0025266690944251297 | Best Fitness: 0.0025266690944251422 | Population Length: 200| Best DNA: 'πολεμιοις αλεξανδρος ουδις πολεμιοις'
Generation 33 | Average Generation Fitness: 0.0025266690944251297 | Best Fitness: 0.0025266690944251422 | Population Length: 200| Best DNA: 'πολεμιοις αλεξανδρος ουδις πολεμιοις'
Generation 34 | Average Generation Fitness: 0.0025266690944251297 | Best Fitness: 0.0025266690944251422 | Population Length: 200| Best DNA: 'πολεμιοις αλεξανδρος ουδις πολεμιοις'
Generation 35 | Average Generation Fitness: 0.0025266690944251297 | Best Fitness: 0.0025266690944251422 | Population Length: 200| Best DNA: 'πολεμιοις αλεξανδρος ουδις πολεμιοις'
Generation 36 | Average Generation Fitness: 0.0025266690944251297 | Best Fitness: 0.0025266690944251422 | Population Length: 200| Best DNA: 'πολεμιοις αλεξανδρος ουδις πολεμιοις'
Generation 37 | Average Generation Fitness: 0.0025266690944251297 | Best Fitness: 0.0025266690944251422 | Population Length: 200| Best DNA: 'πολεμιοις αλεξανδρος ουδις πολεμιοις'
Generation 38 | Average Generation Fitness: 0.0025266690944251297 | Best Fitness: 0.0025266690944251422 | Population Length: 200| Best DNA: 'πολεμιοις αλεξανδρος ουδις πολεμιοις'
Generation 39 | Average Generation Fitness: 0.0025266690944251297 | Best Fitness: 0.0025266690944251422 | Population Length: 200| Best DNA: 'πολεμιοις αλεξανδρος ουδις πολεμιοις'
Generation 40 | Average Generation Fitness: 0.0025266690944251297 | Best Fitness: 0.0025266690944251422 | Population Length: 200| Best DNA: 'πολεμιοις αλεξανδρος ουδις πολεμιοις'
Generation 41 | Average Generation Fitness: 0.0025266690944251297 | Best Fitness: 0.0025266690944251422 | Population Length: 200| Best DNA: 'πολεμιοις αλεξανδρος ουδις πολεμιοις'
Generation 42 | Average Generation Fitness: 0.0025266690944251297 | Best Fitness: 0.0025266690944251422 | Population Length: 200| Best DNA: 'πολεμιοις αλεξανδρος ουδις πολεμιοις'
Generation 43 | Average Generation Fitness: 0.0025266690944251297 | Best Fitness: 0.0025266690944251422 | Population Length: 200| Best DNA: 'πολεμιοις αλεξανδρος ουδις πολεμιοις'
Generation 44 | Average Generation Fitness: 0.0025266690944251297 | Best Fitness: 0.0025266690944251422 | Population Length: 200| Best DNA: 'πολεμιοις αλεξανδρος ουδις πολεμιοις'
Generation 45 | Average Generation Fitness: 0.0025266690944251297 | Best Fitness: 0.0025266690944251422 | Population Length: 200| Best DNA: 'πολεμιοις αλεξανδρος ουδις πολεμιοις'
Generation 46 | Average Generation Fitness: 0.0025266690944251297 | Best Fitness: 0.0025266690944251422 | Population Length: 200| Best DNA: 'πολεμιοις αλεξανδρος ουδις πολεμιοις'
Generation 47 | Average Generation Fitness: 0.0025266690944251297 | Best Fitness: 0.0025266690944251422 | Population Length: 200| Best DNA: 'πολεμιοις αλεξανδρος ουδις πολεμιοις'
Generation 48 | Average Generation Fitness: 0.0025266690944251297 | Best Fitness: 0.0025266690944251422 | Population Length: 200| Best DNA: 'πολεμιοις αλεξανδρος ουδις πολεμιοις'
Generation 49 | Average Generation Fitness: 0.0025266690944251297 | Best Fitness: 0.0025266690944251422 | Population Length: 200| Best DNA: 'πολεμιοις αλεξανδρος ουδις πολεμιοις'
Generation 50 | Average Generation Fitness: 0.0025266690944251297 | Best Fitness: 0.0025266690944251422 | Population Length: 200| Best DNA: 'πολεμιοις αλεξανδρος ουδις πολεμιοις'
Generation 51 | Average Generation Fitness: 0.0025266690944251297 | Best Fitness: 0.0025266690944251422 | Population Length: 200| Best DNA: 'πολεμιοις αλεξανδρος ουδις πολεμιοις'
------------------------------------------------
Total Generations: 51
Total Population: 200   ---   Mutation Rate: 0.0  ---  Crossover Probability: 0.6
Average Fitness: 0.0025266690944251297  ---  Best Overall Fitness: 0.010867278198075843
----------------------------------------------------------------------------------------------------------------------------------------------------
Execution: 8
Generation 1 | Average Generation Fitness: 0.00467926317687129 | Best Fitness: 0.008983548711503597 | Population Length: 200| Best DNA: 'φιλορωμαιος αλεξανδρος ουδις φιλορωμαιος'
Generation 2 | Average Generation Fitness: 0.003894705515471452 | Best Fitness: 0.006918436115286887 | Population Length: 200| Best DNA: 'τηι αλεξανδρος ουδις τηι'
Generation 3 | Average Generation Fitness: 0.0034994647259681062 | Best Fitness: 0.0058134464247702605 | Population Length: 200| Best DNA: 'τηι αλεξανδρος ουδις τηι'
Generation 4 | Average Generation Fitness: 0.0033340806248802492 | Best Fitness: 0.00453132834746456 | Population Length: 200| Best DNA: 'ας αλεξανδρος ουδις ας'
Generation 5 | Average Generation Fitness: 0.003246111477566161 | Best Fitness: 0.0042928843815182695 | Population Length: 200| Best DNA: 'ολιγους αλεξανδρος ουδις ολιγους'
Generation 6 | Average Generation Fitness: 0.003228829674083028 | Best Fitness: 0.003261915774695184 | Population Length: 200| Best DNA: 'τουτων αλεξανδρος ουδις τουτων'
Generation 7 | Average Generation Fitness: 0.0032067722736749266 | Best Fitness: 0.003261915774695184 | Population Length: 200| Best DNA: 'ουσαν αλεξανδρος ουδις ουσαν'
Generation 8 | Average Generation Fitness: 0.003221477207280328 | Best Fitness: 0.003261915774695184 | Population Length: 200| Best DNA: 'ωμ αλεξανδρος ουδις ωμ'
Generation 9 | Average Generation Fitness: 0.0031957435734708763 | Best Fitness: 0.003261915774695184 | Population Length: 200| Best DNA: 'παρασχεσθαι αλεξανδρος ουδις παρασχεσθαι'
Generation 10 | Average Generation Fitness: 0.003225153440681678 | Best Fitness: 0.003261915774695184 | Population Length: 200| Best DNA: 'τοτ αλεξανδρος ουδις τοτ'
Generation 11 | Average Generation Fitness: 0.003184714873266825 | Best Fitness: 0.003261915774695184 | Population Length: 200| Best DNA: 'ουσαν αλεξανδρος ουδις ουσαν'
Generation 12 | Average Generation Fitness: 0.0031700099396614247 | Best Fitness: 0.003261915774695184 | Population Length: 200| Best DNA: 'παρωρειαν αλεξανδρος ουδις παρωρειαν'
Generation 13 | Average Generation Fitness: 0.0031736861730627735 | Best Fitness: 0.003261915774695184 | Population Length: 200| Best DNA: 'ουσαν αλεξανδρος ουδις ουσαν'
Generation 14 | Average Generation Fitness: 0.003206772273674926 | Best Fitness: 0.003261915774695184 | Population Length: 200| Best DNA: 'παρασχεσθαι αλεξανδρος ουδις παρασχεσθαι'
Generation 15 | Average Generation Fitness: 0.003181038639865476 | Best Fitness: 0.003261915774695184 | Population Length: 200| Best DNA: 'παρασχεσθαι αλεξανδρος ουδις παρασχεσθαι'
Generation 16 | Average Generation Fitness: 0.003173686173062775 | Best Fitness: 0.003261915774695184 | Population Length: 200| Best DNA: 'ωμ αλεξανδρος ουδις ωμ'
Generation 17 | Average Generation Fitness: 0.003192067340069526 | Best Fitness: 0.003261915774695184 | Population Length: 200| Best DNA: 'παρασχεσθαι αλεξανδρος ουδις παρασχεσθαι'
Generation 18 | Average Generation Fitness: 0.0031589812394573736 | Best Fitness: 0.003261915774695184 | Population Length: 200| Best DNA: 'καθηγητορος αλεξανδρος ουδις καθηγητορος'
Generation 19 | Average Generation Fitness: 0.0031406000724506222 | Best Fitness: 0.003261915774695184 | Population Length: 200| Best DNA: 'καθηγητορος αλεξανδρος ουδις καθηγητορος'
Generation 20 | Average Generation Fitness: 0.003100161505035769 | Best Fitness: 0.003261915774695184 | Population Length: 200| Best DNA: 'πολεμωι αλεξανδρος ουδις πολεμωι'
Generation 21 | Average Generation Fitness: 0.003056046704219568 | Best Fitness: 0.003261915774695184 | Population Length: 200| Best DNA: 'τουτων αλεξανδρος ουδις τουτων'
Generation 22 | Average Generation Fitness: 0.003037665537212815 | Best Fitness: 0.003261915774695184 | Population Length: 200| Best DNA: 'ωμ αλεξανδρος ουδις ωμ'
Generation 23 | Average Generation Fitness: 0.0028942924345601562 | Best Fitness: 0.003261915774695184 | Population Length: 200| Best DNA: 'απασι αλεξανδρος ουδις απασι'
Generation 24 | Average Generation Fitness: 0.002795034132723697 | Best Fitness: 0.003261915774695184 | Population Length: 200| Best DNA: 'καθηγητορος αλεξανδρος ουδις καθηγητορος'
Generation 25 | Average Generation Fitness: 0.002636956096465638 | Best Fitness: 0.003261915774695184 | Population Length: 200| Best DNA: 'πολεμιοις αλεξανδρος ουδις πολεμιοις'
Generation 26 | Average Generation Fitness: 0.002552402728234581 | Best Fitness: 0.003261915774695184 | Population Length: 200| Best DNA: 'παρασχεσθαι αλεξανδρος ουδις παρασχεσθαι'
Generation 27 | Average Generation Fitness: 0.0025303453278264798 | Best Fitness: 0.003261915774695184 | Population Length: 200| Best DNA: 'τουτων αλεξανδρος ουδις τουτων'
Generation 28 | Average Generation Fitness: 0.0025266690944251297 | Best Fitness: 0.0025266690944251422 | Population Length: 200| Best DNA: 'παρασχεσθαι αλεξανδρος ουδις παρασχεσθαι'
Generation 29 | Average Generation Fitness: 0.0025266690944251297 | Best Fitness: 0.0025266690944251422 | Population Length: 200| Best DNA: 'παρασχεσθαι αλεξανδρος ουδις παρασχεσθαι'
Generation 30 | Average Generation Fitness: 0.0025266690944251297 | Best Fitness: 0.0025266690944251422 | Population Length: 200| Best DNA: 'παρασχεσθαι αλεξανδρος ουδις παρασχεσθαι'
Generation 31 | Average Generation Fitness: 0.0025266690944251297 | Best Fitness: 0.0025266690944251422 | Population Length: 200| Best DNA: 'παρασχεσθαι αλεξανδρος ουδις παρασχεσθαι'
Generation 32 | Average Generation Fitness: 0.0025266690944251297 | Best Fitness: 0.0025266690944251422 | Population Length: 200| Best DNA: 'παρασχεσθαι αλεξανδρος ουδις παρασχεσθαι'
Generation 33 | Average Generation Fitness: 0.0025266690944251297 | Best Fitness: 0.0025266690944251422 | Population Length: 200| Best DNA: 'παρασχεσθαι αλεξανδρος ουδις παρασχεσθαι'
Generation 34 | Average Generation Fitness: 0.0025266690944251297 | Best Fitness: 0.0025266690944251422 | Population Length: 200| Best DNA: 'παρασχεσθαι αλεξανδρος ουδις παρασχεσθαι'
Generation 35 | Average Generation Fitness: 0.0025266690944251297 | Best Fitness: 0.0025266690944251422 | Population Length: 200| Best DNA: 'παρασχεσθαι αλεξανδρος ουδις παρασχεσθαι'
Generation 36 | Average Generation Fitness: 0.0025266690944251297 | Best Fitness: 0.0025266690944251422 | Population Length: 200| Best DNA: 'παρασχεσθαι αλεξανδρος ουδις παρασχεσθαι'
Generation 37 | Average Generation Fitness: 0.0025266690944251297 | Best Fitness: 0.0025266690944251422 | Population Length: 200| Best DNA: 'παρασχεσθαι αλεξανδρος ουδις παρασχεσθαι'
Generation 38 | Average Generation Fitness: 0.0025266690944251297 | Best Fitness: 0.0025266690944251422 | Population Length: 200| Best DNA: 'παρασχεσθαι αλεξανδρος ουδις παρασχεσθαι'
Generation 39 | Average Generation Fitness: 0.0025266690944251297 | Best Fitness: 0.0025266690944251422 | Population Length: 200| Best DNA: 'παρασχεσθαι αλεξανδρος ουδις παρασχεσθαι'
Generation 40 | Average Generation Fitness: 0.0025266690944251297 | Best Fitness: 0.0025266690944251422 | Population Length: 200| Best DNA: 'παρασχεσθαι αλεξανδρος ουδις παρασχεσθαι'
Generation 41 | Average Generation Fitness: 0.0025266690944251297 | Best Fitness: 0.0025266690944251422 | Population Length: 200| Best DNA: 'παρασχεσθαι αλεξανδρος ουδις παρασχεσθαι'
Generation 42 | Average Generation Fitness: 0.0025266690944251297 | Best Fitness: 0.0025266690944251422 | Population Length: 200| Best DNA: 'παρασχεσθαι αλεξανδρος ουδις παρασχεσθαι'
Generation 43 | Average Generation Fitness: 0.0025266690944251297 | Best Fitness: 0.0025266690944251422 | Population Length: 200| Best DNA: 'παρασχεσθαι αλεξανδρος ουδις παρασχεσθαι'
Generation 44 | Average Generation Fitness: 0.0025266690944251297 | Best Fitness: 0.0025266690944251422 | Population Length: 200| Best DNA: 'παρασχεσθαι αλεξανδρος ουδις παρασχεσθαι'
Generation 45 | Average Generation Fitness: 0.0025266690944251297 | Best Fitness: 0.0025266690944251422 | Population Length: 200| Best DNA: 'παρασχεσθαι αλεξανδρος ουδις παρασχεσθαι'
Generation 46 | Average Generation Fitness: 0.0025266690944251297 | Best Fitness: 0.0025266690944251422 | Population Length: 200| Best DNA: 'παρασχεσθαι αλεξανδρος ουδις παρασχεσθαι'
Generation 47 | Average Generation Fitness: 0.0025266690944251297 | Best Fitness: 0.0025266690944251422 | Population Length: 200| Best DNA: 'παρασχεσθαι αλεξανδρος ουδις παρασχεσθαι'
Generation 48 | Average Generation Fitness: 0.0025266690944251297 | Best Fitness: 0.0025266690944251422 | Population Length: 200| Best DNA: 'παρασχεσθαι αλεξανδρος ουδις παρασχεσθαι'
Generation 49 | Average Generation Fitness: 0.0025266690944251297 | Best Fitness: 0.0025266690944251422 | Population Length: 200| Best DNA: 'παρασχεσθαι αλεξανδρος ουδις παρασχεσθαι'
Generation 50 | Average Generation Fitness: 0.0025266690944251297 | Best Fitness: 0.0025266690944251422 | Population Length: 200| Best DNA: 'παρασχεσθαι αλεξανδρος ουδις παρασχεσθαι'
------------------------------------------------
Total Generations: 50
Total Population: 200   ---   Mutation Rate: 0.0  ---  Crossover Probability: 0.6
Average Fitness: 0.0025266690944251297  ---  Best Overall Fitness: 0.008983548711503597
----------------------------------------------------------------------------------------------------------------------------------------------------
Execution: 9
Generation 1 | Average Generation Fitness: 0.004271700520967258 | Best Fitness: 0.008917922017419524 | Population Length: 200| Best DNA: 'εκπιν αλεξανδρος ουδις εκπιν'
Generation 2 | Average Generation Fitness: 0.00369295494474207 | Best Fitness: 0.006262856833318714 | Population Length: 200| Best DNA: 'περσεφονηι αλεξανδρος ουδις περσεφονηι'
Generation 3 | Average Generation Fitness: 0.0033743963431335294 | Best Fitness: 0.004675082375707506 | Population Length: 200| Best DNA: 'πρωτογενην αλεξανδρος ουδις πρωτογενην'
Generation 4 | Average Generation Fitness: 0.003277333808620957 | Best Fitness: 0.003927021506195175 | Population Length: 200| Best DNA: 'τουτωι αλεξανδρος ουδις τουτωι'
Generation 5 | Average Generation Fitness: 0.0032483091013347457 | Best Fitness: 0.0034083504740241312 | Population Length: 200| Best DNA: 'ταις αλεξανδρος ουδις ταις'
Generation 6 | Average Generation Fitness: 0.0032067722736749266 | Best Fitness: 0.003261915774695184 | Population Length: 200| Best DNA: 'εαυτον αλεξανδρος ουδις εαυτον'
Generation 7 | Average Generation Fitness: 0.003206772273674926 | Best Fitness: 0.003261915774695184 | Population Length: 200| Best DNA: 'εαυτον αλεξανδρος ουδις εαυτον'
Generation 8 | Average Generation Fitness: 0.0031994198068722264 | Best Fitness: 0.003261915774695184 | Population Length: 200| Best DNA: 'τουτωι αλεξανδρος ουδις τουτωι'
Generation 9 | Average Generation Fitness: 0.003206772273674926 | Best Fitness: 0.003261915774695184 | Population Length: 200| Best DNA: 'ιδιου αλεξανδρος ουδις ιδιου'
Generation 10 | Average Generation Fitness: 0.0032067722736749266 | Best Fitness: 0.003261915774695184 | Population Length: 200| Best DNA: 'αυτα αλεξανδρος ουδις αυτα'
Generation 11 | Average Generation Fitness: 0.0031994198068722255 | Best Fitness: 0.003261915774695184 | Population Length: 200| Best DNA: 'τειχοδομιαν αλεξανδρος ουδις τειχοδομιαν'
Generation 12 | Average Generation Fitness: 0.0031810386398654755 | Best Fitness: 0.003261915774695184 | Population Length: 200| Best DNA: 'τειχοδομιαν αλεξανδρος ουδις τειχοδομιαν'
Generation 13 | Average Generation Fitness: 0.0031626574728587237 | Best Fitness: 0.003261915774695184 | Population Length: 200| Best DNA: 'απασαν αλεξανδρος ουδις απασαν'
Generation 14 | Average Generation Fitness: 0.0031589812394573736 | Best Fitness: 0.003261915774695184 | Population Length: 200| Best DNA: 'ηξειν αλεξανδρος ουδις ηξειν'
Generation 15 | Average Generation Fitness: 0.0031479525392533216 | Best Fitness: 0.003261915774695184 | Population Length: 200| Best DNA: 'απασαν αλεξανδρος ουδις απασαν'
Generation 16 | Average Generation Fitness: 0.0031553050060560226 | Best Fitness: 0.003261915774695184 | Population Length: 200| Best DNA: 'τειχοδομιαν αλεξανδρος ουδις τειχοδομιαν'
Generation 17 | Average Generation Fitness: 0.003052370470818216 | Best Fitness: 0.003261915774695184 | Population Length: 200| Best DNA: 'εαυτον αλεξανδρος ουδις εαυτον'
Generation 18 | Average Generation Fitness: 0.0030192843702060634 | Best Fitness: 0.003261915774695184 | Population Length: 200| Best DNA: 'εαυτον αλεξανδρος ουδις εαυτον'
Generation 19 | Average Generation Fitness: 0.0029678171025871603 | Best Fitness: 0.003261915774695184 | Population Length: 200| Best DNA: 'τριτεις αλεξανδρος ουδις τριτεις'
Generation 20 | Average Generation Fitness: 0.0028906162011588066 | Best Fitness: 0.003261915774695184 | Population Length: 200| Best DNA: 'τριτεις αλεξανδρος ουδις τριτεις'
Generation 21 | Average Generation Fitness: 0.00281341529973045 | Best Fitness: 0.003261915774695184 | Population Length: 200| Best DNA: 'τειχοδομιαν αλεξανδρος ουδις τειχοδομιαν'
Generation 22 | Average Generation Fitness: 0.0026479847966696885 | Best Fitness: 0.003261915774695184 | Population Length: 200| Best DNA: 'τειχοδομιαν αλεξανδρος ουδις τειχοδομιαν'
Generation 23 | Average Generation Fitness: 0.0025524027282345816 | Best Fitness: 0.003261915774695184 | Population Length: 200| Best DNA: 'τειχοδομιαν αλεξανδρος ουδις τειχοδομιαν'
Generation 24 | Average Generation Fitness: 0.0025266690944251297 | Best Fitness: 0.0025266690944251422 | Population Length: 200| Best DNA: 'τειχοδομιαν αλεξανδρος ουδις τειχοδομιαν'
Generation 25 | Average Generation Fitness: 0.0025266690944251297 | Best Fitness: 0.0025266690944251422 | Population Length: 200| Best DNA: 'τειχοδομιαν αλεξανδρος ουδις τειχοδομιαν'
Generation 26 | Average Generation Fitness: 0.0025266690944251297 | Best Fitness: 0.0025266690944251422 | Population Length: 200| Best DNA: 'τειχοδομιαν αλεξανδρος ουδις τειχοδομιαν'
Generation 27 | Average Generation Fitness: 0.0025266690944251297 | Best Fitness: 0.0025266690944251422 | Population Length: 200| Best DNA: 'τειχοδομιαν αλεξανδρος ουδις τειχοδομιαν'
Generation 28 | Average Generation Fitness: 0.0025266690944251297 | Best Fitness: 0.0025266690944251422 | Population Length: 200| Best DNA: 'τειχοδομιαν αλεξανδρος ουδις τειχοδομιαν'
Generation 29 | Average Generation Fitness: 0.0025266690944251297 | Best Fitness: 0.0025266690944251422 | Population Length: 200| Best DNA: 'τειχοδομιαν αλεξανδρος ουδις τειχοδομιαν'
Generation 30 | Average Generation Fitness: 0.0025266690944251297 | Best Fitness: 0.0025266690944251422 | Population Length: 200| Best DNA: 'τειχοδομιαν αλεξανδρος ουδις τειχοδομιαν'
Generation 31 | Average Generation Fitness: 0.0025266690944251297 | Best Fitness: 0.0025266690944251422 | Population Length: 200| Best DNA: 'τειχοδομιαν αλεξανδρος ουδις τειχοδομιαν'
Generation 32 | Average Generation Fitness: 0.0025266690944251297 | Best Fitness: 0.0025266690944251422 | Population Length: 200| Best DNA: 'τειχοδομιαν αλεξανδρος ουδις τειχοδομιαν'
Generation 33 | Average Generation Fitness: 0.0025266690944251297 | Best Fitness: 0.0025266690944251422 | Population Length: 200| Best DNA: 'τειχοδομιαν αλεξανδρος ουδις τειχοδομιαν'
Generation 34 | Average Generation Fitness: 0.0025266690944251297 | Best Fitness: 0.0025266690944251422 | Population Length: 200| Best DNA: 'τειχοδομιαν αλεξανδρος ουδις τειχοδομιαν'
Generation 35 | Average Generation Fitness: 0.0025266690944251297 | Best Fitness: 0.0025266690944251422 | Population Length: 200| Best DNA: 'τειχοδομιαν αλεξανδρος ουδις τειχοδομιαν'
Generation 36 | Average Generation Fitness: 0.0025266690944251297 | Best Fitness: 0.0025266690944251422 | Population Length: 200| Best DNA: 'τειχοδομιαν αλεξανδρος ουδις τειχοδομιαν'
Generation 37 | Average Generation Fitness: 0.0025266690944251297 | Best Fitness: 0.0025266690944251422 | Population Length: 200| Best DNA: 'τειχοδομιαν αλεξανδρος ουδις τειχοδομιαν'
Generation 38 | Average Generation Fitness: 0.0025266690944251297 | Best Fitness: 0.0025266690944251422 | Population Length: 200| Best DNA: 'τειχοδομιαν αλεξανδρος ουδις τειχοδομιαν'
Generation 39 | Average Generation Fitness: 0.0025266690944251297 | Best Fitness: 0.0025266690944251422 | Population Length: 200| Best DNA: 'τειχοδομιαν αλεξανδρος ουδις τειχοδομιαν'
Generation 40 | Average Generation Fitness: 0.0025266690944251297 | Best Fitness: 0.0025266690944251422 | Population Length: 200| Best DNA: 'τειχοδομιαν αλεξανδρος ουδις τειχοδομιαν'
Generation 41 | Average Generation Fitness: 0.0025266690944251297 | Best Fitness: 0.0025266690944251422 | Population Length: 200| Best DNA: 'τειχοδομιαν αλεξανδρος ουδις τειχοδομιαν'
Generation 42 | Average Generation Fitness: 0.0025266690944251297 | Best Fitness: 0.0025266690944251422 | Population Length: 200| Best DNA: 'τειχοδομιαν αλεξανδρος ουδις τειχοδομιαν'
Generation 43 | Average Generation Fitness: 0.0025266690944251297 | Best Fitness: 0.0025266690944251422 | Population Length: 200| Best DNA: 'τειχοδομιαν αλεξανδρος ουδις τειχοδομιαν'
Generation 44 | Average Generation Fitness: 0.0025266690944251297 | Best Fitness: 0.0025266690944251422 | Population Length: 200| Best DNA: 'τειχοδομιαν αλεξανδρος ουδις τειχοδομιαν'
Generation 45 | Average Generation Fitness: 0.0025266690944251297 | Best Fitness: 0.0025266690944251422 | Population Length: 200| Best DNA: 'τειχοδομιαν αλεξανδρος ουδις τειχοδομιαν'
Generation 46 | Average Generation Fitness: 0.0025266690944251297 | Best Fitness: 0.0025266690944251422 | Population Length: 200| Best DNA: 'τειχοδομιαν αλεξανδρος ουδις τειχοδομιαν'
Generation 47 | Average Generation Fitness: 0.0025266690944251297 | Best Fitness: 0.0025266690944251422 | Population Length: 200| Best DNA: 'τειχοδομιαν αλεξανδρος ουδις τειχοδομιαν'
Generation 48 | Average Generation Fitness: 0.0025266690944251297 | Best Fitness: 0.0025266690944251422 | Population Length: 200| Best DNA: 'τειχοδομιαν αλεξανδρος ουδις τειχοδομιαν'
Generation 49 | Average Generation Fitness: 0.0025266690944251297 | Best Fitness: 0.0025266690944251422 | Population Length: 200| Best DNA: 'τειχοδομιαν αλεξανδρος ουδις τειχοδομιαν'
Generation 50 | Average Generation Fitness: 0.0025266690944251297 | Best Fitness: 0.0025266690944251422 | Population Length: 200| Best DNA: 'τειχοδομιαν αλεξανδρος ουδις τειχοδομιαν'
------------------------------------------------
Total Generations: 50
Total Population: 200   ---   Mutation Rate: 0.0  ---  Crossover Probability: 0.6
Average Fitness: 0.0025266690944251297  ---  Best Overall Fitness: 0.008917922017419524
------------------------------------------------